2001.10.02 12:08 B C:\Astro\public_html\alberta_learning\applets\freebodydrawer\projects\project_4_images\FBD1.jpg <-- chris /home/brian/public_html/alberta_learning/applets/freebodydrawer/projects/project_4_images FBD1.jpg
2001.10.02 12:08 B C:\Astro\public_html\alberta_learning\applets\freebodydrawer\projects\project_4_images\FBD10.jpg <-- chris /home/brian/public_html/alberta_learning/applets/freebodydrawer/projects/project_4_images FBD10.jpg
2001.10.02 12:08 B C:\Astro\public_html\alberta_learning\applets\freebodydrawer\projects\project_4_images\FBD11.jpg <-- chris /home/brian/public_html/alberta_learning/applets/freebodydrawer/projects/project_4_images FBD11.jpg
2001.10.02 12:08 B C:\Astro\public_html\alberta_learning\applets\freebodydrawer\projects\project_4_images\FBD12.jpg <-- chris /home/brian/public_html/alberta_learning/applets/freebodydrawer/projects/project_4_images FBD12.jpg
2001.10.02 12:08 B C:\Astro\public_html\alberta_learning\applets\freebodydrawer\projects\project_4_images\FBD13.jpg <-- chris /home/brian/public_html/alberta_learning/applets/freebodydrawer/projects/project_4_images FBD13.jpg
2001.10.02 12:08 B C:\Astro\public_html\alberta_learning\applets\freebodydrawer\projects\project_4_images\FBD14.jpg <-- chris /home/brian/public_html/alberta_learning/applets/freebodydrawer/projects/project_4_images FBD14.jpg
2001.10.02 12:08 B C:\Astro\public_html\alberta_learning\applets\freebodydrawer\projects\project_4_images\FBD15.jpg <-- chris /home/brian/public_html/alberta_learning/applets/freebodydrawer/projects/project_4_images FBD15.jpg
2001.10.02 12:08 B C:\Astro\public_html\alberta_learning\applets\freebodydrawer\projects\project_4_images\FBD16.jpg <-- chris /home/brian/public_html/alberta_learning/applets/freebodydrawer/projects/project_4_images FBD16.jpg
2001.10.02 12:08 B C:\Astro\public_html\alberta_learning\applets\freebodydrawer\projects\project_4_images\FBD17.jpg <-- chris /home/brian/public_html/alberta_learning/applets/freebodydrawer/projects/project_4_images FBD17.jpg
2001.10.02 12:08 B C:\Astro\public_html\alberta_learning\applets\freebodydrawer\projects\project_4_images\FBD18.jpg <-- chris /home/brian/public_html/alberta_learning/applets/freebodydrawer/projects/project_4_images FBD18.jpg
2001.10.02 12:08 B C:\Astro\public_html\alberta_learning\applets\freebodydrawer\projects\project_4_images\FBD19.jpg <-- chris /home/brian/public_html/alberta_learning/applets/freebodydrawer/projects/project_4_images FBD19.jpg
2002.10.08 10:15 B C:\alberta_learning\applets\freebodydrawer\projects\project_4_images\WS_FTP.LOG <-- chris /home/brian/old_home/public_html/alberta_learning/applets/freebodydrawer/projects/project_4_images WS_FTP.LOG
2002.10.08 10:31 B C:\alberta_learning\applets\freebodydrawer\projects\project_4_images\WS_FTP.LOG --> chris.kingsu.ab.ca /home/brian/public_html/alberta_learning/applets/freebodydrawer/projects/project_4_images WS_FTP.LOG
2002.10.08 10:52 B C:\alberta_learning\applets\freebodydrawer\projects\project_4_images\FBD1.jpg --> chris.kingsu.ab.ca /home/brian/public_html/alberta_learning/applets/freebodydrawer/projects/project_4_images FBD1.jpg
2002.10.08 10:52 B C:\alberta_learning\applets\freebodydrawer\projects\project_4_images\FBD10.jpg --> chris.kingsu.ab.ca /home/brian/public_html/alberta_learning/applets/freebodydrawer/projects/project_4_images FBD10.jpg
2002.10.08 10:52 B C:\alberta_learning\applets\freebodydrawer\projects\project_4_images\FBD11.jpg --> chris.kingsu.ab.ca /home/brian/public_html/alberta_learning/applets/freebodydrawer/projects/project_4_images FBD11.jpg
2002.10.08 10:52 B C:\alberta_learning\applets\freebodydrawer\projects\project_4_images\FBD12.jpg --> chris.kingsu.ab.ca /home/brian/public_html/alberta_learning/applets/freebodydrawer/projects/project_4_images FBD12.jpg
2002.10.08 10:52 B C:\alberta_learning\applets\freebodydrawer\projects\project_4_images\FBD13.jpg --> chris.kingsu.ab.ca /home/brian/public_html/alberta_learning/applets/freebodydrawer/projects/project_4_images FBD13.jpg
2002.10.08 10:52 B C:\alberta_learning\applets\freebodydrawer\projects\project_4_images\FBD14.jpg --> chris.kingsu.ab.ca /home/brian/public_html/alberta_learning/applets/freebodydrawer/projects/project_4_images FBD14.jpg
2002.10.08 10:52 B C:\alberta_learning\applets\freebodydrawer\projects\project_4_images\FBD15.jpg --> chris.kingsu.ab.ca /home/brian/public_html/alberta_learning/applets/freebodydrawer/projects/project_4_images FBD15.jpg
2002.10.08 10:52 B C:\alberta_learning\applets\freebodydrawer\projects\project_4_images\FBD16.jpg --> chris.kingsu.ab.ca /home/brian/public_html/alberta_learning/applets/freebodydrawer/projects/project_4_images FBD16.jpg
2002.10.08 10:52 B C:\alberta_learning\applets\freebodydrawer\projects\project_4_images\FBD17.jpg --> chris.kingsu.ab.ca /home/brian/public_html/alberta_learning/applets/freebodydrawer/projects/project_4_images FBD17.jpg
2002.10.08 10:52 B C:\alberta_learning\applets\freebodydrawer\projects\project_4_images\FBD18.jpg --> chris.kingsu.ab.ca /home/brian/public_html/alberta_learning/applets/freebodydrawer/projects/project_4_images FBD18.jpg
2002.10.08 10:52 B C:\alberta_learning\applets\freebodydrawer\projects\project_4_images\FBD19.jpg --> chris.kingsu.ab.ca /home/brian/public_html/alberta_learning/applets/freebodydrawer/projects/project_4_images FBD19.jpg
2002.10.09 16:34 B C:\matthew\applets\freebodydrawer\projects\project_4_images\WS_FTP.LOG <-- chris /home/brian/public_html/alberta_learning/applets/freebodydrawer/projects/project_4_images WS_FTP.LOG
2002.10.13 22:16 B C:\matthew\New_ALB\applets\freebodydrawer\projects\project_4_images\FBD1.jpg --> chris.kingsu.ab.ca /home/brian/public_html/New_ALB/applets/freebodydrawer/projects/project_4_images FBD1.jpg
2002.10.13 22:16 B C:\matthew\New_ALB\applets\freebodydrawer\projects\project_4_images\FBD10.jpg --> chris.kingsu.ab.ca /home/brian/public_html/New_ALB/applets/freebodydrawer/projects/project_4_images FBD10.jpg
2002.10.13 22:16 B C:\matthew\New_ALB\applets\freebodydrawer\projects\project_4_images\FBD11.jpg --> chris.kingsu.ab.ca /home/brian/public_html/New_ALB/applets/freebodydrawer/projects/project_4_images FBD11.jpg
2002.10.13 22:16 B C:\matthew\New_ALB\applets\freebodydrawer\projects\project_4_images\FBD12.jpg --> chris.kingsu.ab.ca /home/brian/public_html/New_ALB/applets/freebodydrawer/projects/project_4_images FBD12.jpg
2002.10.13 22:16 B C:\matthew\New_ALB\applets\freebodydrawer\projects\project_4_images\FBD13.jpg --> chris.kingsu.ab.ca /home/brian/public_html/New_ALB/applets/freebodydrawer/projects/project_4_images FBD13.jpg
2002.10.13 22:16 B C:\matthew\New_ALB\applets\freebodydrawer\projects\project_4_images\FBD14.jpg --> chris.kingsu.ab.ca /home/brian/public_html/New_ALB/applets/freebodydrawer/projects/project_4_images FBD14.jpg
2002.10.13 22:16 B C:\matthew\New_ALB\applets\freebodydrawer\projects\project_4_images\FBD15.jpg --> chris.kingsu.ab.ca /home/brian/public_html/New_ALB/applets/freebodydrawer/projects/project_4_images FBD15.jpg
2002.10.13 22:16 B C:\matthew\New_ALB\applets\freebodydrawer\projects\project_4_images\FBD16.jpg --> chris.kingsu.ab.ca /home/brian/public_html/New_ALB/applets/freebodydrawer/projects/project_4_images FBD16.jpg
2002.10.13 22:16 B C:\matthew\New_ALB\applets\freebodydrawer\projects\project_4_images\FBD17.jpg --> chris.kingsu.ab.ca /home/brian/public_html/New_ALB/applets/freebodydrawer/projects/project_4_images FBD17.jpg
2002.10.13 22:16 B C:\matthew\New_ALB\applets\freebodydrawer\projects\project_4_images\FBD18.jpg --> chris.kingsu.ab.ca /home/brian/public_html/New_ALB/applets/freebodydrawer/projects/project_4_images FBD18.jpg
2002.10.13 22:16 B C:\matthew\New_ALB\applets\freebodydrawer\projects\project_4_images\FBD19.jpg --> chris.kingsu.ab.ca /home/brian/public_html/New_ALB/applets/freebodydrawer/projects/project_4_images FBD19.jpg
2002.10.28 09:22 B C:\alberta_learning\new(fall2002)\applets\freebodydrawer\projects\project_4_images\WS_FTP.LOG <-- chris /home/brian/public_html/New_ALB/applets/freebodydrawer/projects/project_4_images WS_FTP.LOG
2003.01.24 08:23 B C:\Astro\public_html\phys\alberta_learning\new(fall2002)\applets\freebodydrawer\projects\project_4_images\FBD1.jpg --> ftp.kingsu.ab.ca /usr/home/brian/public_html/phys/alberta_learning/new(fall2002)/applets/freebodydrawer/projects/project_4_images FBD1.jpg
2003.01.24 08:23 B C:\Astro\public_html\phys\alberta_learning\new(fall2002)\applets\freebodydrawer\projects\project_4_images\FBD10.jpg --> ftp.kingsu.ab.ca /usr/home/brian/public_html/phys/alberta_learning/new(fall2002)/applets/freebodydrawer/projects/project_4_images FBD10.jpg
2003.01.24 08:23 B C:\Astro\public_html\phys\alberta_learning\new(fall2002)\applets\freebodydrawer\projects\project_4_images\FBD11.jpg --> ftp.kingsu.ab.ca /usr/home/brian/public_html/phys/alberta_learning/new(fall2002)/applets/freebodydrawer/projects/project_4_images FBD11.jpg
2003.01.24 08:23 B C:\Astro\public_html\phys\alberta_learning\new(fall2002)\applets\freebodydrawer\projects\project_4_images\FBD12.jpg --> ftp.kingsu.ab.ca /usr/home/brian/public_html/phys/alberta_learning/new(fall2002)/applets/freebodydrawer/projects/project_4_images FBD12.jpg
2003.01.24 08:23 B C:\Astro\public_html\phys\alberta_learning\new(fall2002)\applets\freebodydrawer\projects\project_4_images\FBD13.jpg --> ftp.kingsu.ab.ca /usr/home/brian/public_html/phys/alberta_learning/new(fall2002)/applets/freebodydrawer/projects/project_4_images FBD13.jpg
2003.01.24 08:23 B C:\Astro\public_html\phys\alberta_learning\new(fall2002)\applets\freebodydrawer\projects\project_4_images\FBD14.jpg --> ftp.kingsu.ab.ca /usr/home/brian/public_html/phys/alberta_learning/new(fall2002)/applets/freebodydrawer/projects/project_4_images FBD14.jpg
2003.01.24 08:23 B C:\Astro\public_html\phys\alberta_learning\new(fall2002)\applets\freebodydrawer\projects\project_4_images\FBD15.jpg --> ftp.kingsu.ab.ca /usr/home/brian/public_html/phys/alberta_learning/new(fall2002)/applets/freebodydrawer/projects/project_4_images FBD15.jpg
2003.01.24 08:23 B C:\Astro\public_html\phys\alberta_learning\new(fall2002)\applets\freebodydrawer\projects\project_4_images\FBD16.jpg --> ftp.kingsu.ab.ca /usr/home/brian/public_html/phys/alberta_learning/new(fall2002)/applets/freebodydrawer/projects/project_4_images FBD16.jpg
2003.01.24 08:23 B C:\Astro\public_html\phys\alberta_learning\new(fall2002)\applets\freebodydrawer\projects\project_4_images\FBD17.jpg --> ftp.kingsu.ab.ca /usr/home/brian/public_html/phys/alberta_learning/new(fall2002)/applets/freebodydrawer/projects/project_4_images FBD17.jpg
2003.01.24 08:23 B C:\Astro\public_html\phys\alberta_learning\new(fall2002)\applets\freebodydrawer\projects\project_4_images\FBD18.jpg --> ftp.kingsu.ab.ca /usr/home/brian/public_html/phys/alberta_learning/new(fall2002)/applets/freebodydrawer/projects/project_4_images FBD18.jpg
2003.01.24 08:23 B C:\Astro\public_html\phys\alberta_learning\new(fall2002)\applets\freebodydrawer\projects\project_4_images\FBD19.jpg --> ftp.kingsu.ab.ca /usr/home/brian/public_html/phys/alberta_learning/new(fall2002)/applets/freebodydrawer/projects/project_4_images FBD19.jpg
2019.04.02 01:23 B C:\kings\phys\alberta_learning\new(fall2002)\applets\freebodydrawer\projects\project_4_images\WS_FTP.LOG <-- kings /usr/home/brian/public_html/phys/alberta_learning/new(fall2002)/applets/freebodydrawer/projects/project_4_images WS_FTP.LOG
