2001.08.07 12:01 B C:\map\alberta_learning\applets\freebodydrawer\projects\project_2a_images\fbd_1.gif --> ednet.edc.gov.ab.ca /ltbmedia/map_north/alberta_learning/applets/freebodydrawer/projects/project_2a_images fbd_1.gif
2001.08.07 12:01 B C:\map\alberta_learning\applets\freebodydrawer\projects\project_2a_images\fbd_2.gif --> ednet.edc.gov.ab.ca /ltbmedia/map_north/alberta_learning/applets/freebodydrawer/projects/project_2a_images fbd_2.gif
2001.08.07 12:01 B C:\map\alberta_learning\applets\freebodydrawer\projects\project_2a_images\fbd_3.gif --> ednet.edc.gov.ab.ca /ltbmedia/map_north/alberta_learning/applets/freebodydrawer/projects/project_2a_images fbd_3.gif
2001.08.07 12:07 B C:\map\alberta_learning\applets\freebodydrawer\projects\project_2a_images\WS_FTP.LOG --> ednet.edc.gov.ab.ca /ltbmedia/map_north/alberta_learning/applets/freebodydrawer/projects/project_2a_images WS_FTP.LOG
2001.08.17 11:39 B C:\map\alberta_learning\applets\freebodydrawer\projects\project_2a_images\fbd_1.gif --> chris.kingsu.ab.ca /home/brian/public_html/alberta_learning/applets/freebodydrawer/projects/project_2a_images fbd_1.gif
2001.08.17 11:39 B C:\map\alberta_learning\applets\freebodydrawer\projects\project_2a_images\fbd_2.gif --> chris.kingsu.ab.ca /home/brian/public_html/alberta_learning/applets/freebodydrawer/projects/project_2a_images fbd_2.gif
2001.08.17 11:39 B C:\map\alberta_learning\applets\freebodydrawer\projects\project_2a_images\fbd_3.gif --> chris.kingsu.ab.ca /home/brian/public_html/alberta_learning/applets/freebodydrawer/projects/project_2a_images fbd_3.gif
2002.10.08 10:15 B C:\alberta_learning\applets\freebodydrawer\projects\project_2a_images\WS_FTP.LOG <-- chris /home/brian/old_home/public_html/alberta_learning/applets/freebodydrawer/projects/project_2a_images WS_FTP.LOG
2002.10.08 10:31 B C:\alberta_learning\applets\freebodydrawer\projects\project_2a_images\WS_FTP.LOG --> chris.kingsu.ab.ca /home/brian/public_html/alberta_learning/applets/freebodydrawer/projects/project_2a_images WS_FTP.LOG
2002.10.08 10:52 B C:\alberta_learning\applets\freebodydrawer\projects\project_2a_images\fbd_1.gif --> chris.kingsu.ab.ca /home/brian/public_html/alberta_learning/applets/freebodydrawer/projects/project_2a_images fbd_1.gif
2002.10.08 10:52 B C:\alberta_learning\applets\freebodydrawer\projects\project_2a_images\fbd_2.gif --> chris.kingsu.ab.ca /home/brian/public_html/alberta_learning/applets/freebodydrawer/projects/project_2a_images fbd_2.gif
2002.10.08 10:52 B C:\alberta_learning\applets\freebodydrawer\projects\project_2a_images\fbd_3.gif --> chris.kingsu.ab.ca /home/brian/public_html/alberta_learning/applets/freebodydrawer/projects/project_2a_images fbd_3.gif
2002.10.09 16:34 B C:\matthew\applets\freebodydrawer\projects\project_2a_images\WS_FTP.LOG <-- chris /home/brian/public_html/alberta_learning/applets/freebodydrawer/projects/project_2a_images WS_FTP.LOG
2002.10.13 22:16 B C:\matthew\New_ALB\applets\freebodydrawer\projects\project_2a_images\fbd_1.gif --> chris.kingsu.ab.ca /home/brian/public_html/New_ALB/applets/freebodydrawer/projects/project_2a_images fbd_1.gif
2002.10.13 22:16 B C:\matthew\New_ALB\applets\freebodydrawer\projects\project_2a_images\fbd_2.gif --> chris.kingsu.ab.ca /home/brian/public_html/New_ALB/applets/freebodydrawer/projects/project_2a_images fbd_2.gif
2002.10.13 22:16 B C:\matthew\New_ALB\applets\freebodydrawer\projects\project_2a_images\fbd_3.gif --> chris.kingsu.ab.ca /home/brian/public_html/New_ALB/applets/freebodydrawer/projects/project_2a_images fbd_3.gif
2002.10.28 09:22 B C:\alberta_learning\new(fall2002)\applets\freebodydrawer\projects\project_2a_images\WS_FTP.LOG <-- chris /home/brian/public_html/New_ALB/applets/freebodydrawer/projects/project_2a_images WS_FTP.LOG
2003.01.24 08:23 B C:\Astro\public_html\phys\alberta_learning\new(fall2002)\applets\freebodydrawer\projects\project_2a_images\fbd_1.gif --> ftp.kingsu.ab.ca /usr/home/brian/public_html/phys/alberta_learning/new(fall2002)/applets/freebodydrawer/projects/project_2a_images fbd_1.gif
2003.01.24 08:23 B C:\Astro\public_html\phys\alberta_learning\new(fall2002)\applets\freebodydrawer\projects\project_2a_images\fbd_2.gif --> ftp.kingsu.ab.ca /usr/home/brian/public_html/phys/alberta_learning/new(fall2002)/applets/freebodydrawer/projects/project_2a_images fbd_2.gif
2003.01.24 08:23 B C:\Astro\public_html\phys\alberta_learning\new(fall2002)\applets\freebodydrawer\projects\project_2a_images\fbd_3.gif --> ftp.kingsu.ab.ca /usr/home/brian/public_html/phys/alberta_learning/new(fall2002)/applets/freebodydrawer/projects/project_2a_images fbd_3.gif
2019.04.02 01:23 B C:\kings\phys\alberta_learning\new(fall2002)\applets\freebodydrawer\projects\project_2a_images\WS_FTP.LOG <-- kings /usr/home/brian/public_html/phys/alberta_learning/new(fall2002)/applets/freebodydrawer/projects/project_2a_images WS_FTP.LOG
