2002.10.04 11:14 B C:\matthew\New_ALB\applets\collisions2D\applethelp\lesson\eqn1.gif --> chris.kingsu.ab.ca /home/brian/public_html/New_ALB/applets/collisions2D/applethelp/lesson eqn1.gif
2002.10.04 11:14 B C:\matthew\New_ALB\applets\collisions2D\applethelp\lesson\eqn10.gif --> chris.kingsu.ab.ca /home/brian/public_html/New_ALB/applets/collisions2D/applethelp/lesson eqn10.gif
2002.10.04 11:14 B C:\matthew\New_ALB\applets\collisions2D\applethelp\lesson\eqn2.gif --> chris.kingsu.ab.ca /home/brian/public_html/New_ALB/applets/collisions2D/applethelp/lesson eqn2.gif
2002.10.04 11:14 B C:\matthew\New_ALB\applets\collisions2D\applethelp\lesson\eqn3.gif --> chris.kingsu.ab.ca /home/brian/public_html/New_ALB/applets/collisions2D/applethelp/lesson eqn3.gif
2002.10.04 11:14 B C:\matthew\New_ALB\applets\collisions2D\applethelp\lesson\eqn4.gif --> chris.kingsu.ab.ca /home/brian/public_html/New_ALB/applets/collisions2D/applethelp/lesson eqn4.gif
2002.10.04 11:14 B C:\matthew\New_ALB\applets\collisions2D\applethelp\lesson\eqn5.gif --> chris.kingsu.ab.ca /home/brian/public_html/New_ALB/applets/collisions2D/applethelp/lesson eqn5.gif
2002.10.04 11:14 B C:\matthew\New_ALB\applets\collisions2D\applethelp\lesson\eqn6.gif --> chris.kingsu.ab.ca /home/brian/public_html/New_ALB/applets/collisions2D/applethelp/lesson eqn6.gif
2002.10.04 11:14 B C:\matthew\New_ALB\applets\collisions2D\applethelp\lesson\eqn7.gif --> chris.kingsu.ab.ca /home/brian/public_html/New_ALB/applets/collisions2D/applethelp/lesson eqn7.gif
2002.10.04 11:14 B C:\matthew\New_ALB\applets\collisions2D\applethelp\lesson\eqn8.gif --> chris.kingsu.ab.ca /home/brian/public_html/New_ALB/applets/collisions2D/applethelp/lesson eqn8.gif
2002.10.04 11:14 B C:\matthew\New_ALB\applets\collisions2D\applethelp\lesson\eqn9.gif --> chris.kingsu.ab.ca /home/brian/public_html/New_ALB/applets/collisions2D/applethelp/lesson eqn9.gif
2002.10.04 11:14 B C:\matthew\New_ALB\applets\collisions2D\applethelp\lesson\fig01a.png --> chris.kingsu.ab.ca /home/brian/public_html/New_ALB/applets/collisions2D/applethelp/lesson fig01a.png
2002.10.04 11:14 B C:\matthew\New_ALB\applets\collisions2D\applethelp\lesson\fig02a.png --> chris.kingsu.ab.ca /home/brian/public_html/New_ALB/applets/collisions2D/applethelp/lesson fig02a.png
2002.10.04 11:14 B C:\matthew\New_ALB\applets\collisions2D\applethelp\lesson\lesson.html --> chris.kingsu.ab.ca /home/brian/public_html/New_ALB/applets/collisions2D/applethelp/lesson lesson.html
2002.10.04 11:14 B C:\matthew\New_ALB\applets\collisions2D\applethelp\lesson\lesson_1.html --> chris.kingsu.ab.ca /home/brian/public_html/New_ALB/applets/collisions2D/applethelp/lesson lesson_1.html
2002.10.04 11:14 B C:\matthew\New_ALB\applets\collisions2D\applethelp\lesson\v.gif --> chris.kingsu.ab.ca /home/brian/public_html/New_ALB/applets/collisions2D/applethelp/lesson v.gif
2002.10.13 22:11 B C:\matthew\New_ALB\applets\collisions2D\applethelp\lesson\eqn1.gif --> chris.kingsu.ab.ca /home/brian/public_html/New_ALB/applets/collisions2D/applethelp/lesson eqn1.gif
2002.10.13 22:11 B C:\matthew\New_ALB\applets\collisions2D\applethelp\lesson\eqn10.gif --> chris.kingsu.ab.ca /home/brian/public_html/New_ALB/applets/collisions2D/applethelp/lesson eqn10.gif
2002.10.13 22:11 B C:\matthew\New_ALB\applets\collisions2D\applethelp\lesson\eqn2.gif --> chris.kingsu.ab.ca /home/brian/public_html/New_ALB/applets/collisions2D/applethelp/lesson eqn2.gif
2002.10.13 22:11 B C:\matthew\New_ALB\applets\collisions2D\applethelp\lesson\eqn3.gif --> chris.kingsu.ab.ca /home/brian/public_html/New_ALB/applets/collisions2D/applethelp/lesson eqn3.gif
2002.10.13 22:11 B C:\matthew\New_ALB\applets\collisions2D\applethelp\lesson\eqn4.gif --> chris.kingsu.ab.ca /home/brian/public_html/New_ALB/applets/collisions2D/applethelp/lesson eqn4.gif
2002.10.13 22:11 B C:\matthew\New_ALB\applets\collisions2D\applethelp\lesson\eqn5.gif --> chris.kingsu.ab.ca /home/brian/public_html/New_ALB/applets/collisions2D/applethelp/lesson eqn5.gif
2002.10.13 22:11 B C:\matthew\New_ALB\applets\collisions2D\applethelp\lesson\eqn6.gif --> chris.kingsu.ab.ca /home/brian/public_html/New_ALB/applets/collisions2D/applethelp/lesson eqn6.gif
2002.10.13 22:11 B C:\matthew\New_ALB\applets\collisions2D\applethelp\lesson\eqn7.gif --> chris.kingsu.ab.ca /home/brian/public_html/New_ALB/applets/collisions2D/applethelp/lesson eqn7.gif
2002.10.13 22:11 B C:\matthew\New_ALB\applets\collisions2D\applethelp\lesson\eqn8.gif --> chris.kingsu.ab.ca /home/brian/public_html/New_ALB/applets/collisions2D/applethelp/lesson eqn8.gif
2002.10.13 22:11 B C:\matthew\New_ALB\applets\collisions2D\applethelp\lesson\eqn9.gif --> chris.kingsu.ab.ca /home/brian/public_html/New_ALB/applets/collisions2D/applethelp/lesson eqn9.gif
2002.10.13 22:11 B C:\matthew\New_ALB\applets\collisions2D\applethelp\lesson\fig01a.png --> chris.kingsu.ab.ca /home/brian/public_html/New_ALB/applets/collisions2D/applethelp/lesson fig01a.png
2002.10.13 22:11 B C:\matthew\New_ALB\applets\collisions2D\applethelp\lesson\fig02a.png --> chris.kingsu.ab.ca /home/brian/public_html/New_ALB/applets/collisions2D/applethelp/lesson fig02a.png
2002.10.13 22:11 B C:\matthew\New_ALB\applets\collisions2D\applethelp\lesson\lesson.html --> chris.kingsu.ab.ca /home/brian/public_html/New_ALB/applets/collisions2D/applethelp/lesson lesson.html
2002.10.13 22:11 B C:\matthew\New_ALB\applets\collisions2D\applethelp\lesson\lesson_1.html --> chris.kingsu.ab.ca /home/brian/public_html/New_ALB/applets/collisions2D/applethelp/lesson lesson_1.html
2002.10.13 22:11 B C:\matthew\New_ALB\applets\collisions2D\applethelp\lesson\v.gif --> chris.kingsu.ab.ca /home/brian/public_html/New_ALB/applets/collisions2D/applethelp/lesson v.gif
2002.10.28 09:20 B C:\alberta_learning\new(fall2002)\applets\collisions2D\applethelp\lesson\WS_FTP.LOG <-- chris /home/brian/public_html/New_ALB/applets/collisions2D/applethelp/lesson WS_FTP.LOG
2003.01.24 08:22 B C:\Astro\public_html\phys\alberta_learning\new(fall2002)\applets\collisions2D\applethelp\lesson\eqn1.gif --> ftp.kingsu.ab.ca /usr/home/brian/public_html/phys/alberta_learning/new(fall2002)/applets/collisions2D/applethelp/lesson eqn1.gif
2003.01.24 08:22 B C:\Astro\public_html\phys\alberta_learning\new(fall2002)\applets\collisions2D\applethelp\lesson\eqn10.gif --> ftp.kingsu.ab.ca /usr/home/brian/public_html/phys/alberta_learning/new(fall2002)/applets/collisions2D/applethelp/lesson eqn10.gif
2003.01.24 08:22 B C:\Astro\public_html\phys\alberta_learning\new(fall2002)\applets\collisions2D\applethelp\lesson\eqn2.gif --> ftp.kingsu.ab.ca /usr/home/brian/public_html/phys/alberta_learning/new(fall2002)/applets/collisions2D/applethelp/lesson eqn2.gif
2003.01.24 08:22 B C:\Astro\public_html\phys\alberta_learning\new(fall2002)\applets\collisions2D\applethelp\lesson\eqn3.gif --> ftp.kingsu.ab.ca /usr/home/brian/public_html/phys/alberta_learning/new(fall2002)/applets/collisions2D/applethelp/lesson eqn3.gif
2003.01.24 08:22 B C:\Astro\public_html\phys\alberta_learning\new(fall2002)\applets\collisions2D\applethelp\lesson\eqn4.gif --> ftp.kingsu.ab.ca /usr/home/brian/public_html/phys/alberta_learning/new(fall2002)/applets/collisions2D/applethelp/lesson eqn4.gif
2003.01.24 08:22 B C:\Astro\public_html\phys\alberta_learning\new(fall2002)\applets\collisions2D\applethelp\lesson\eqn5.gif --> ftp.kingsu.ab.ca /usr/home/brian/public_html/phys/alberta_learning/new(fall2002)/applets/collisions2D/applethelp/lesson eqn5.gif
2003.01.24 08:22 B C:\Astro\public_html\phys\alberta_learning\new(fall2002)\applets\collisions2D\applethelp\lesson\eqn6.gif --> ftp.kingsu.ab.ca /usr/home/brian/public_html/phys/alberta_learning/new(fall2002)/applets/collisions2D/applethelp/lesson eqn6.gif
2003.01.24 08:22 B C:\Astro\public_html\phys\alberta_learning\new(fall2002)\applets\collisions2D\applethelp\lesson\eqn7.gif --> ftp.kingsu.ab.ca /usr/home/brian/public_html/phys/alberta_learning/new(fall2002)/applets/collisions2D/applethelp/lesson eqn7.gif
2003.01.24 08:22 B C:\Astro\public_html\phys\alberta_learning\new(fall2002)\applets\collisions2D\applethelp\lesson\eqn8.gif --> ftp.kingsu.ab.ca /usr/home/brian/public_html/phys/alberta_learning/new(fall2002)/applets/collisions2D/applethelp/lesson eqn8.gif
2003.01.24 08:22 B C:\Astro\public_html\phys\alberta_learning\new(fall2002)\applets\collisions2D\applethelp\lesson\eqn9.gif --> ftp.kingsu.ab.ca /usr/home/brian/public_html/phys/alberta_learning/new(fall2002)/applets/collisions2D/applethelp/lesson eqn9.gif
2003.01.24 08:22 B C:\Astro\public_html\phys\alberta_learning\new(fall2002)\applets\collisions2D\applethelp\lesson\fig01a.png --> ftp.kingsu.ab.ca /usr/home/brian/public_html/phys/alberta_learning/new(fall2002)/applets/collisions2D/applethelp/lesson fig01a.png
2003.01.24 08:22 B C:\Astro\public_html\phys\alberta_learning\new(fall2002)\applets\collisions2D\applethelp\lesson\fig02a.png --> ftp.kingsu.ab.ca /usr/home/brian/public_html/phys/alberta_learning/new(fall2002)/applets/collisions2D/applethelp/lesson fig02a.png
2003.01.24 08:22 B C:\Astro\public_html\phys\alberta_learning\new(fall2002)\applets\collisions2D\applethelp\lesson\lesson.html --> ftp.kingsu.ab.ca /usr/home/brian/public_html/phys/alberta_learning/new(fall2002)/applets/collisions2D/applethelp/lesson lesson.html
2003.01.24 08:22 B C:\Astro\public_html\phys\alberta_learning\new(fall2002)\applets\collisions2D\applethelp\lesson\lesson_1.html --> ftp.kingsu.ab.ca /usr/home/brian/public_html/phys/alberta_learning/new(fall2002)/applets/collisions2D/applethelp/lesson lesson_1.html
2003.01.24 08:22 B C:\Astro\public_html\phys\alberta_learning\new(fall2002)\applets\collisions2D\applethelp\lesson\v.gif --> ftp.kingsu.ab.ca /usr/home/brian/public_html/phys/alberta_learning/new(fall2002)/applets/collisions2D/applethelp/lesson v.gif
2019.04.02 01:22 B C:\kings\phys\alberta_learning\new(fall2002)\applets\collisions2D\applethelp\lesson\WS_FTP.LOG <-- kings /usr/home/brian/public_html/phys/alberta_learning/new(fall2002)/applets/collisions2D/applethelp/lesson WS_FTP.LOG
