2001.10.02 12:08 B C:\Astro\public_html\alberta_learning\applets\freebodydrawer\projects\trialproject_images\FBD2.jpg <-- chris /home/brian/public_html/alberta_learning/applets/freebodydrawer/projects/trialproject_images FBD2.jpg
2001.10.02 12:08 B C:\Astro\public_html\alberta_learning\applets\freebodydrawer\projects\trialproject_images\FBD20.jpg <-- chris /home/brian/public_html/alberta_learning/applets/freebodydrawer/projects/trialproject_images FBD20.jpg
2001.10.02 12:08 B C:\Astro\public_html\alberta_learning\applets\freebodydrawer\projects\trialproject_images\FBD21.jpg <-- chris /home/brian/public_html/alberta_learning/applets/freebodydrawer/projects/trialproject_images FBD21.jpg
2001.10.02 12:08 B C:\Astro\public_html\alberta_learning\applets\freebodydrawer\projects\trialproject_images\FBD22.jpg <-- chris /home/brian/public_html/alberta_learning/applets/freebodydrawer/projects/trialproject_images FBD22.jpg
2001.10.02 12:08 B C:\Astro\public_html\alberta_learning\applets\freebodydrawer\projects\trialproject_images\FBD23.jpg <-- chris /home/brian/public_html/alberta_learning/applets/freebodydrawer/projects/trialproject_images FBD23.jpg
2001.10.02 12:08 B C:\Astro\public_html\alberta_learning\applets\freebodydrawer\projects\trialproject_images\FBD24.jpg <-- chris /home/brian/public_html/alberta_learning/applets/freebodydrawer/projects/trialproject_images FBD24.jpg
2001.10.02 12:08 B C:\Astro\public_html\alberta_learning\applets\freebodydrawer\projects\trialproject_images\FBD25.jpg <-- chris /home/brian/public_html/alberta_learning/applets/freebodydrawer/projects/trialproject_images FBD25.jpg
2001.10.02 12:08 B C:\Astro\public_html\alberta_learning\applets\freebodydrawer\projects\trialproject_images\FBD26.jpg <-- chris /home/brian/public_html/alberta_learning/applets/freebodydrawer/projects/trialproject_images FBD26.jpg
2001.10.02 12:08 B C:\Astro\public_html\alberta_learning\applets\freebodydrawer\projects\trialproject_images\FBD27.jpg <-- chris /home/brian/public_html/alberta_learning/applets/freebodydrawer/projects/trialproject_images FBD27.jpg
2001.10.02 12:08 B C:\Astro\public_html\alberta_learning\applets\freebodydrawer\projects\trialproject_images\FBD28.jpg <-- chris /home/brian/public_html/alberta_learning/applets/freebodydrawer/projects/trialproject_images FBD28.jpg
2001.10.02 12:08 B C:\Astro\public_html\alberta_learning\applets\freebodydrawer\projects\trialproject_images\FBD29.jpg <-- chris /home/brian/public_html/alberta_learning/applets/freebodydrawer/projects/trialproject_images FBD29.jpg
2001.10.02 12:08 B C:\Astro\public_html\alberta_learning\applets\freebodydrawer\projects\trialproject_images\FBD3.jpg <-- chris /home/brian/public_html/alberta_learning/applets/freebodydrawer/projects/trialproject_images FBD3.jpg
2001.10.02 12:08 B C:\Astro\public_html\alberta_learning\applets\freebodydrawer\projects\trialproject_images\FBD30.jpg <-- chris /home/brian/public_html/alberta_learning/applets/freebodydrawer/projects/trialproject_images FBD30.jpg
2002.10.08 10:15 B C:\alberta_learning\applets\freebodydrawer\projects\trialproject_images\WS_FTP.LOG <-- chris /home/brian/old_home/public_html/alberta_learning/applets/freebodydrawer/projects/trialproject_images WS_FTP.LOG
2002.10.08 10:31 B C:\alberta_learning\applets\freebodydrawer\projects\trialproject_images\WS_FTP.LOG --> chris.kingsu.ab.ca /home/brian/public_html/alberta_learning/applets/freebodydrawer/projects/trialproject_images WS_FTP.LOG
2002.10.08 10:52 B C:\alberta_learning\applets\freebodydrawer\projects\trialproject_images\FBD2.jpg --> chris.kingsu.ab.ca /home/brian/public_html/alberta_learning/applets/freebodydrawer/projects/trialproject_images FBD2.jpg
2002.10.08 10:52 B C:\alberta_learning\applets\freebodydrawer\projects\trialproject_images\FBD20.jpg --> chris.kingsu.ab.ca /home/brian/public_html/alberta_learning/applets/freebodydrawer/projects/trialproject_images FBD20.jpg
2002.10.08 10:52 B C:\alberta_learning\applets\freebodydrawer\projects\trialproject_images\FBD21.jpg --> chris.kingsu.ab.ca /home/brian/public_html/alberta_learning/applets/freebodydrawer/projects/trialproject_images FBD21.jpg
2002.10.08 10:52 B C:\alberta_learning\applets\freebodydrawer\projects\trialproject_images\FBD22.jpg --> chris.kingsu.ab.ca /home/brian/public_html/alberta_learning/applets/freebodydrawer/projects/trialproject_images FBD22.jpg
2002.10.08 10:52 B C:\alberta_learning\applets\freebodydrawer\projects\trialproject_images\FBD23.jpg --> chris.kingsu.ab.ca /home/brian/public_html/alberta_learning/applets/freebodydrawer/projects/trialproject_images FBD23.jpg
2002.10.08 10:52 B C:\alberta_learning\applets\freebodydrawer\projects\trialproject_images\FBD24.jpg --> chris.kingsu.ab.ca /home/brian/public_html/alberta_learning/applets/freebodydrawer/projects/trialproject_images FBD24.jpg
2002.10.08 10:52 B C:\alberta_learning\applets\freebodydrawer\projects\trialproject_images\FBD25.jpg --> chris.kingsu.ab.ca /home/brian/public_html/alberta_learning/applets/freebodydrawer/projects/trialproject_images FBD25.jpg
2002.10.08 10:52 B C:\alberta_learning\applets\freebodydrawer\projects\trialproject_images\FBD26.jpg --> chris.kingsu.ab.ca /home/brian/public_html/alberta_learning/applets/freebodydrawer/projects/trialproject_images FBD26.jpg
2002.10.08 10:52 B C:\alberta_learning\applets\freebodydrawer\projects\trialproject_images\FBD27.jpg --> chris.kingsu.ab.ca /home/brian/public_html/alberta_learning/applets/freebodydrawer/projects/trialproject_images FBD27.jpg
2002.10.08 10:52 B C:\alberta_learning\applets\freebodydrawer\projects\trialproject_images\FBD28.jpg --> chris.kingsu.ab.ca /home/brian/public_html/alberta_learning/applets/freebodydrawer/projects/trialproject_images FBD28.jpg
2002.10.08 10:52 B C:\alberta_learning\applets\freebodydrawer\projects\trialproject_images\FBD29.jpg --> chris.kingsu.ab.ca /home/brian/public_html/alberta_learning/applets/freebodydrawer/projects/trialproject_images FBD29.jpg
2002.10.08 10:52 B C:\alberta_learning\applets\freebodydrawer\projects\trialproject_images\FBD3.jpg --> chris.kingsu.ab.ca /home/brian/public_html/alberta_learning/applets/freebodydrawer/projects/trialproject_images FBD3.jpg
2002.10.08 10:52 B C:\alberta_learning\applets\freebodydrawer\projects\trialproject_images\FBD30.jpg --> chris.kingsu.ab.ca /home/brian/public_html/alberta_learning/applets/freebodydrawer/projects/trialproject_images FBD30.jpg
2002.10.09 16:34 B C:\matthew\applets\freebodydrawer\projects\trialproject_images\WS_FTP.LOG <-- chris /home/brian/public_html/alberta_learning/applets/freebodydrawer/projects/trialproject_images WS_FTP.LOG
2002.10.13 22:16 B C:\matthew\New_ALB\applets\freebodydrawer\projects\trialproject_images\FBD2.jpg --> chris.kingsu.ab.ca /home/brian/public_html/New_ALB/applets/freebodydrawer/projects/trialproject_images FBD2.jpg
2002.10.13 22:16 B C:\matthew\New_ALB\applets\freebodydrawer\projects\trialproject_images\FBD20.jpg --> chris.kingsu.ab.ca /home/brian/public_html/New_ALB/applets/freebodydrawer/projects/trialproject_images FBD20.jpg
2002.10.13 22:16 B C:\matthew\New_ALB\applets\freebodydrawer\projects\trialproject_images\FBD21.jpg --> chris.kingsu.ab.ca /home/brian/public_html/New_ALB/applets/freebodydrawer/projects/trialproject_images FBD21.jpg
2002.10.13 22:16 B C:\matthew\New_ALB\applets\freebodydrawer\projects\trialproject_images\FBD22.jpg --> chris.kingsu.ab.ca /home/brian/public_html/New_ALB/applets/freebodydrawer/projects/trialproject_images FBD22.jpg
2002.10.13 22:16 B C:\matthew\New_ALB\applets\freebodydrawer\projects\trialproject_images\FBD23.jpg --> chris.kingsu.ab.ca /home/brian/public_html/New_ALB/applets/freebodydrawer/projects/trialproject_images FBD23.jpg
2002.10.13 22:16 B C:\matthew\New_ALB\applets\freebodydrawer\projects\trialproject_images\FBD24.jpg --> chris.kingsu.ab.ca /home/brian/public_html/New_ALB/applets/freebodydrawer/projects/trialproject_images FBD24.jpg
2002.10.13 22:16 B C:\matthew\New_ALB\applets\freebodydrawer\projects\trialproject_images\FBD25.jpg --> chris.kingsu.ab.ca /home/brian/public_html/New_ALB/applets/freebodydrawer/projects/trialproject_images FBD25.jpg
2002.10.13 22:16 B C:\matthew\New_ALB\applets\freebodydrawer\projects\trialproject_images\FBD26.jpg --> chris.kingsu.ab.ca /home/brian/public_html/New_ALB/applets/freebodydrawer/projects/trialproject_images FBD26.jpg
2002.10.13 22:16 B C:\matthew\New_ALB\applets\freebodydrawer\projects\trialproject_images\FBD27.jpg --> chris.kingsu.ab.ca /home/brian/public_html/New_ALB/applets/freebodydrawer/projects/trialproject_images FBD27.jpg
2002.10.13 22:16 B C:\matthew\New_ALB\applets\freebodydrawer\projects\trialproject_images\FBD28.jpg --> chris.kingsu.ab.ca /home/brian/public_html/New_ALB/applets/freebodydrawer/projects/trialproject_images FBD28.jpg
2002.10.13 22:16 B C:\matthew\New_ALB\applets\freebodydrawer\projects\trialproject_images\FBD29.jpg --> chris.kingsu.ab.ca /home/brian/public_html/New_ALB/applets/freebodydrawer/projects/trialproject_images FBD29.jpg
2002.10.13 22:16 B C:\matthew\New_ALB\applets\freebodydrawer\projects\trialproject_images\FBD3.jpg --> chris.kingsu.ab.ca /home/brian/public_html/New_ALB/applets/freebodydrawer/projects/trialproject_images FBD3.jpg
2002.10.13 22:16 B C:\matthew\New_ALB\applets\freebodydrawer\projects\trialproject_images\FBD30.jpg --> chris.kingsu.ab.ca /home/brian/public_html/New_ALB/applets/freebodydrawer/projects/trialproject_images FBD30.jpg
2002.10.28 09:22 B C:\alberta_learning\new(fall2002)\applets\freebodydrawer\projects\trialproject_images\WS_FTP.LOG <-- chris /home/brian/public_html/New_ALB/applets/freebodydrawer/projects/trialproject_images WS_FTP.LOG
2003.01.24 08:23 B C:\Astro\public_html\phys\alberta_learning\new(fall2002)\applets\freebodydrawer\projects\trialproject_images\FBD2.jpg --> ftp.kingsu.ab.ca /usr/home/brian/public_html/phys/alberta_learning/new(fall2002)/applets/freebodydrawer/projects/trialproject_images FBD2.jpg
2003.01.24 08:23 B C:\Astro\public_html\phys\alberta_learning\new(fall2002)\applets\freebodydrawer\projects\trialproject_images\FBD20.jpg --> ftp.kingsu.ab.ca /usr/home/brian/public_html/phys/alberta_learning/new(fall2002)/applets/freebodydrawer/projects/trialproject_images FBD20.jpg
2003.01.24 08:23 B C:\Astro\public_html\phys\alberta_learning\new(fall2002)\applets\freebodydrawer\projects\trialproject_images\FBD21.jpg --> ftp.kingsu.ab.ca /usr/home/brian/public_html/phys/alberta_learning/new(fall2002)/applets/freebodydrawer/projects/trialproject_images FBD21.jpg
2003.01.24 08:23 B C:\Astro\public_html\phys\alberta_learning\new(fall2002)\applets\freebodydrawer\projects\trialproject_images\FBD22.jpg --> ftp.kingsu.ab.ca /usr/home/brian/public_html/phys/alberta_learning/new(fall2002)/applets/freebodydrawer/projects/trialproject_images FBD22.jpg
2003.01.24 08:23 B C:\Astro\public_html\phys\alberta_learning\new(fall2002)\applets\freebodydrawer\projects\trialproject_images\FBD23.jpg --> ftp.kingsu.ab.ca /usr/home/brian/public_html/phys/alberta_learning/new(fall2002)/applets/freebodydrawer/projects/trialproject_images FBD23.jpg
2003.01.24 08:23 B C:\Astro\public_html\phys\alberta_learning\new(fall2002)\applets\freebodydrawer\projects\trialproject_images\FBD24.jpg --> ftp.kingsu.ab.ca /usr/home/brian/public_html/phys/alberta_learning/new(fall2002)/applets/freebodydrawer/projects/trialproject_images FBD24.jpg
2003.01.24 08:23 B C:\Astro\public_html\phys\alberta_learning\new(fall2002)\applets\freebodydrawer\projects\trialproject_images\FBD25.jpg --> ftp.kingsu.ab.ca /usr/home/brian/public_html/phys/alberta_learning/new(fall2002)/applets/freebodydrawer/projects/trialproject_images FBD25.jpg
2003.01.24 08:23 B C:\Astro\public_html\phys\alberta_learning\new(fall2002)\applets\freebodydrawer\projects\trialproject_images\FBD26.jpg --> ftp.kingsu.ab.ca /usr/home/brian/public_html/phys/alberta_learning/new(fall2002)/applets/freebodydrawer/projects/trialproject_images FBD26.jpg
2003.01.24 08:23 B C:\Astro\public_html\phys\alberta_learning\new(fall2002)\applets\freebodydrawer\projects\trialproject_images\FBD27.jpg --> ftp.kingsu.ab.ca /usr/home/brian/public_html/phys/alberta_learning/new(fall2002)/applets/freebodydrawer/projects/trialproject_images FBD27.jpg
2003.01.24 08:23 B C:\Astro\public_html\phys\alberta_learning\new(fall2002)\applets\freebodydrawer\projects\trialproject_images\FBD28.jpg --> ftp.kingsu.ab.ca /usr/home/brian/public_html/phys/alberta_learning/new(fall2002)/applets/freebodydrawer/projects/trialproject_images FBD28.jpg
2003.01.24 08:23 B C:\Astro\public_html\phys\alberta_learning\new(fall2002)\applets\freebodydrawer\projects\trialproject_images\FBD29.jpg --> ftp.kingsu.ab.ca /usr/home/brian/public_html/phys/alberta_learning/new(fall2002)/applets/freebodydrawer/projects/trialproject_images FBD29.jpg
2003.01.24 08:23 B C:\Astro\public_html\phys\alberta_learning\new(fall2002)\applets\freebodydrawer\projects\trialproject_images\FBD3.jpg --> ftp.kingsu.ab.ca /usr/home/brian/public_html/phys/alberta_learning/new(fall2002)/applets/freebodydrawer/projects/trialproject_images FBD3.jpg
2003.01.24 08:23 B C:\Astro\public_html\phys\alberta_learning\new(fall2002)\applets\freebodydrawer\projects\trialproject_images\FBD30.jpg --> ftp.kingsu.ab.ca /usr/home/brian/public_html/phys/alberta_learning/new(fall2002)/applets/freebodydrawer/projects/trialproject_images FBD30.jpg
2019.04.02 01:23 B C:\kings\phys\alberta_learning\new(fall2002)\applets\freebodydrawer\projects\trialproject_images\WS_FTP.LOG <-- kings /usr/home/brian/public_html/phys/alberta_learning/new(fall2002)/applets/freebodydrawer/projects/trialproject_images WS_FTP.LOG
