2002.06.07 20:24 B C:\alberta_learning\applets\bankedroad\applethelp\lesson\bank_eq1.gif <-- chris /home/brian/public_html/alberta_learning/applets/bankedroad/applethelp/lesson bank_eq1.gif
2002.06.07 20:24 B C:\alberta_learning\applets\bankedroad\applethelp\lesson\bank_eq10.gif <-- chris /home/brian/public_html/alberta_learning/applets/bankedroad/applethelp/lesson bank_eq10.gif
2002.06.07 20:24 B C:\alberta_learning\applets\bankedroad\applethelp\lesson\bank_eq11.gif <-- chris /home/brian/public_html/alberta_learning/applets/bankedroad/applethelp/lesson bank_eq11.gif
2002.06.07 20:24 B C:\alberta_learning\applets\bankedroad\applethelp\lesson\bank_eq12.gif <-- chris /home/brian/public_html/alberta_learning/applets/bankedroad/applethelp/lesson bank_eq12.gif
2002.06.07 20:24 B C:\alberta_learning\applets\bankedroad\applethelp\lesson\bank_eq13.gif <-- chris /home/brian/public_html/alberta_learning/applets/bankedroad/applethelp/lesson bank_eq13.gif
2002.06.07 20:25 B C:\alberta_learning\applets\bankedroad\applethelp\lesson\bank_eq14.gif <-- chris /home/brian/public_html/alberta_learning/applets/bankedroad/applethelp/lesson bank_eq14.gif
2002.06.07 20:25 B C:\alberta_learning\applets\bankedroad\applethelp\lesson\bank_eq15.gif <-- chris /home/brian/public_html/alberta_learning/applets/bankedroad/applethelp/lesson bank_eq15.gif
2002.06.07 20:25 B C:\alberta_learning\applets\bankedroad\applethelp\lesson\bank_eq16.gif <-- chris /home/brian/public_html/alberta_learning/applets/bankedroad/applethelp/lesson bank_eq16.gif
2002.06.07 20:25 B C:\alberta_learning\applets\bankedroad\applethelp\lesson\bank_eq17.gif <-- chris /home/brian/public_html/alberta_learning/applets/bankedroad/applethelp/lesson bank_eq17.gif
2002.06.07 20:25 B C:\alberta_learning\applets\bankedroad\applethelp\lesson\bank_eq18.gif <-- chris /home/brian/public_html/alberta_learning/applets/bankedroad/applethelp/lesson bank_eq18.gif
2002.06.07 20:25 B C:\alberta_learning\applets\bankedroad\applethelp\lesson\bank_eq19.gif <-- chris /home/brian/public_html/alberta_learning/applets/bankedroad/applethelp/lesson bank_eq19.gif
2002.06.07 20:25 B C:\alberta_learning\applets\bankedroad\applethelp\lesson\bank_eq20.gif <-- chris /home/brian/public_html/alberta_learning/applets/bankedroad/applethelp/lesson bank_eq20.gif
2002.06.07 20:25 B C:\alberta_learning\applets\bankedroad\applethelp\lesson\bank_eq21.gif <-- chris /home/brian/public_html/alberta_learning/applets/bankedroad/applethelp/lesson bank_eq21.gif
2002.06.07 20:25 B C:\alberta_learning\applets\bankedroad\applethelp\lesson\bank_eq22.gif <-- chris /home/brian/public_html/alberta_learning/applets/bankedroad/applethelp/lesson bank_eq22.gif
2002.06.07 20:25 B C:\alberta_learning\applets\bankedroad\applethelp\lesson\bank_eq23.gif <-- chris /home/brian/public_html/alberta_learning/applets/bankedroad/applethelp/lesson bank_eq23.gif
2002.06.07 20:25 B C:\alberta_learning\applets\bankedroad\applethelp\lesson\bank_eq24.gif <-- chris /home/brian/public_html/alberta_learning/applets/bankedroad/applethelp/lesson bank_eq24.gif
2002.06.07 20:25 B C:\alberta_learning\applets\bankedroad\applethelp\lesson\bank_eq25.gif <-- chris /home/brian/public_html/alberta_learning/applets/bankedroad/applethelp/lesson bank_eq25.gif
2002.06.07 20:25 B C:\alberta_learning\applets\bankedroad\applethelp\lesson\bank_eq26.gif <-- chris /home/brian/public_html/alberta_learning/applets/bankedroad/applethelp/lesson bank_eq26.gif
2002.06.07 20:25 B C:\alberta_learning\applets\bankedroad\applethelp\lesson\bank_eq27.gif <-- chris /home/brian/public_html/alberta_learning/applets/bankedroad/applethelp/lesson bank_eq27.gif
2002.06.07 20:25 B C:\alberta_learning\applets\bankedroad\applethelp\lesson\bank_eq29.gif <-- chris /home/brian/public_html/alberta_learning/applets/bankedroad/applethelp/lesson bank_eq29.gif
2002.06.07 20:25 B C:\alberta_learning\applets\bankedroad\applethelp\lesson\bank_eq3.gif <-- chris /home/brian/public_html/alberta_learning/applets/bankedroad/applethelp/lesson bank_eq3.gif
2002.06.07 20:25 B C:\alberta_learning\applets\bankedroad\applethelp\lesson\bank_eq30.gif <-- chris /home/brian/public_html/alberta_learning/applets/bankedroad/applethelp/lesson bank_eq30.gif
2002.06.07 20:25 B C:\alberta_learning\applets\bankedroad\applethelp\lesson\bank_eq4.gif <-- chris /home/brian/public_html/alberta_learning/applets/bankedroad/applethelp/lesson bank_eq4.gif
2002.06.07 20:25 B C:\alberta_learning\applets\bankedroad\applethelp\lesson\bank_eq5.gif <-- chris /home/brian/public_html/alberta_learning/applets/bankedroad/applethelp/lesson bank_eq5.gif
2002.06.07 20:25 B C:\alberta_learning\applets\bankedroad\applethelp\lesson\bank_eq6.gif <-- chris /home/brian/public_html/alberta_learning/applets/bankedroad/applethelp/lesson bank_eq6.gif
2002.06.07 20:25 B C:\alberta_learning\applets\bankedroad\applethelp\lesson\bank_eq7.gif <-- chris /home/brian/public_html/alberta_learning/applets/bankedroad/applethelp/lesson bank_eq7.gif
2002.06.07 20:25 B C:\alberta_learning\applets\bankedroad\applethelp\lesson\bank_eq8.gif <-- chris /home/brian/public_html/alberta_learning/applets/bankedroad/applethelp/lesson bank_eq8.gif
2002.06.07 20:25 B C:\alberta_learning\applets\bankedroad\applethelp\lesson\bank_eq9.gif <-- chris /home/brian/public_html/alberta_learning/applets/bankedroad/applethelp/lesson bank_eq9.gif
2002.06.07 20:25 B C:\alberta_learning\applets\bankedroad\applethelp\lesson\banked_fs.html <-- chris /home/brian/public_html/alberta_learning/applets/bankedroad/applethelp/lesson banked_fs.html
2002.06.07 20:25 B C:\alberta_learning\applets\bankedroad\applethelp\lesson\blank1.html <-- chris /home/brian/public_html/alberta_learning/applets/bankedroad/applethelp/lesson blank1.html
2002.06.07 20:25 B C:\alberta_learning\applets\bankedroad\applethelp\lesson\blank2.html <-- chris /home/brian/public_html/alberta_learning/applets/bankedroad/applethelp/lesson blank2.html
2002.06.07 20:25 B C:\alberta_learning\applets\bankedroad\applethelp\lesson\eq.gif <-- chris /home/brian/public_html/alberta_learning/applets/bankedroad/applethelp/lesson eq.gif
2002.06.07 20:25 B C:\alberta_learning\applets\bankedroad\applethelp\lesson\fig1.jpg <-- chris /home/brian/public_html/alberta_learning/applets/bankedroad/applethelp/lesson fig1.jpg
2002.06.07 20:25 B C:\alberta_learning\applets\bankedroad\applethelp\lesson\fig1.png <-- chris /home/brian/public_html/alberta_learning/applets/bankedroad/applethelp/lesson fig1.png
2002.06.07 20:25 B C:\alberta_learning\applets\bankedroad\applethelp\lesson\lesson.html <-- chris /home/brian/public_html/alberta_learning/applets/bankedroad/applethelp/lesson lesson.html
2002.06.07 20:25 B C:\alberta_learning\applets\bankedroad\applethelp\lesson\page1.html <-- chris /home/brian/public_html/alberta_learning/applets/bankedroad/applethelp/lesson page1.html
2002.06.07 20:25 B C:\alberta_learning\applets\bankedroad\applethelp\lesson\pagechooser.html <-- chris /home/brian/public_html/alberta_learning/applets/bankedroad/applethelp/lesson pagechooser.html
2002.06.07 20:25 B C:\alberta_learning\applets\bankedroad\applethelp\lesson\pg1.html <-- chris /home/brian/public_html/alberta_learning/applets/bankedroad/applethelp/lesson pg1.html
2002.06.07 20:25 B C:\alberta_learning\applets\bankedroad\applethelp\lesson\pg10.html <-- chris /home/brian/public_html/alberta_learning/applets/bankedroad/applethelp/lesson pg10.html
2002.06.07 20:25 B C:\alberta_learning\applets\bankedroad\applethelp\lesson\pg10_1r.html <-- chris /home/brian/public_html/alberta_learning/applets/bankedroad/applethelp/lesson pg10_1r.html
2002.06.07 20:25 B C:\alberta_learning\applets\bankedroad\applethelp\lesson\pg11.html <-- chris /home/brian/public_html/alberta_learning/applets/bankedroad/applethelp/lesson pg11.html
2002.06.07 20:25 B C:\alberta_learning\applets\bankedroad\applethelp\lesson\pg11_h1.gif <-- chris /home/brian/public_html/alberta_learning/applets/bankedroad/applethelp/lesson pg11_h1.gif
2002.06.07 20:25 B C:\alberta_learning\applets\bankedroad\applethelp\lesson\pg11_h1.html <-- chris /home/brian/public_html/alberta_learning/applets/bankedroad/applethelp/lesson pg11_h1.html
2002.06.07 20:25 B C:\alberta_learning\applets\bankedroad\applethelp\lesson\pg11_h2.html <-- chris /home/brian/public_html/alberta_learning/applets/bankedroad/applethelp/lesson pg11_h2.html
2002.06.07 20:25 B C:\alberta_learning\applets\bankedroad\applethelp\lesson\pg12.html <-- chris /home/brian/public_html/alberta_learning/applets/bankedroad/applethelp/lesson pg12.html
2002.06.07 20:25 B C:\alberta_learning\applets\bankedroad\applethelp\lesson\pg2.html <-- chris /home/brian/public_html/alberta_learning/applets/bankedroad/applethelp/lesson pg2.html
2002.06.07 20:25 B C:\alberta_learning\applets\bankedroad\applethelp\lesson\pg3.html <-- chris /home/brian/public_html/alberta_learning/applets/bankedroad/applethelp/lesson pg3.html
2002.06.07 20:25 B C:\alberta_learning\applets\bankedroad\applethelp\lesson\pg3_1r.html <-- chris /home/brian/public_html/alberta_learning/applets/bankedroad/applethelp/lesson pg3_1r.html
2002.06.07 20:25 B C:\alberta_learning\applets\bankedroad\applethelp\lesson\pg3_1w.html <-- chris /home/brian/public_html/alberta_learning/applets/bankedroad/applethelp/lesson pg3_1w.html
2002.06.07 20:25 B C:\alberta_learning\applets\bankedroad\applethelp\lesson\pg3_r1.html <-- chris /home/brian/public_html/alberta_learning/applets/bankedroad/applethelp/lesson pg3_r1.html
2002.06.07 20:25 B C:\alberta_learning\applets\bankedroad\applethelp\lesson\pg3_w1.html <-- chris /home/brian/public_html/alberta_learning/applets/bankedroad/applethelp/lesson pg3_w1.html
2002.06.07 20:25 B C:\alberta_learning\applets\bankedroad\applethelp\lesson\pg4.html <-- chris /home/brian/public_html/alberta_learning/applets/bankedroad/applethelp/lesson pg4.html
2002.06.07 20:25 B C:\alberta_learning\applets\bankedroad\applethelp\lesson\pg4_1r.html <-- chris /home/brian/public_html/alberta_learning/applets/bankedroad/applethelp/lesson pg4_1r.html
2002.06.07 20:25 B C:\alberta_learning\applets\bankedroad\applethelp\lesson\pg4_1w.html <-- chris /home/brian/public_html/alberta_learning/applets/bankedroad/applethelp/lesson pg4_1w.html
2002.06.07 20:25 B C:\alberta_learning\applets\bankedroad\applethelp\lesson\pg5.html <-- chris /home/brian/public_html/alberta_learning/applets/bankedroad/applethelp/lesson pg5.html
2002.06.07 20:25 B C:\alberta_learning\applets\bankedroad\applethelp\lesson\pg5.html.LCK <-- chris /home/brian/public_html/alberta_learning/applets/bankedroad/applethelp/lesson pg5.html.LCK
2002.06.07 20:25 B C:\alberta_learning\applets\bankedroad\applethelp\lesson\pg5_1r.html <-- chris /home/brian/public_html/alberta_learning/applets/bankedroad/applethelp/lesson pg5_1r.html
2002.06.07 20:25 B C:\alberta_learning\applets\bankedroad\applethelp\lesson\pg5_1w.html <-- chris /home/brian/public_html/alberta_learning/applets/bankedroad/applethelp/lesson pg5_1w.html
2002.06.07 20:25 B C:\alberta_learning\applets\bankedroad\applethelp\lesson\pg6.html <-- chris /home/brian/public_html/alberta_learning/applets/bankedroad/applethelp/lesson pg6.html
2002.06.07 20:25 B C:\alberta_learning\applets\bankedroad\applethelp\lesson\pg6.html.LCK <-- chris /home/brian/public_html/alberta_learning/applets/bankedroad/applethelp/lesson pg6.html.LCK
2002.06.07 20:25 B C:\alberta_learning\applets\bankedroad\applethelp\lesson\pg6_1r.html <-- chris /home/brian/public_html/alberta_learning/applets/bankedroad/applethelp/lesson pg6_1r.html
2002.06.07 20:25 B C:\alberta_learning\applets\bankedroad\applethelp\lesson\pg6_1w.html <-- chris /home/brian/public_html/alberta_learning/applets/bankedroad/applethelp/lesson pg6_1w.html
2002.06.07 20:25 B C:\alberta_learning\applets\bankedroad\applethelp\lesson\pg6_2r.html <-- chris /home/brian/public_html/alberta_learning/applets/bankedroad/applethelp/lesson pg6_2r.html
2002.06.07 20:25 B C:\alberta_learning\applets\bankedroad\applethelp\lesson\pg6_2w.html <-- chris /home/brian/public_html/alberta_learning/applets/bankedroad/applethelp/lesson pg6_2w.html
2002.06.07 20:25 B C:\alberta_learning\applets\bankedroad\applethelp\lesson\pg7.html <-- chris /home/brian/public_html/alberta_learning/applets/bankedroad/applethelp/lesson pg7.html
2002.06.07 20:25 B C:\alberta_learning\applets\bankedroad\applethelp\lesson\pg7.html.LCK <-- chris /home/brian/public_html/alberta_learning/applets/bankedroad/applethelp/lesson pg7.html.LCK
2002.06.07 20:25 B C:\alberta_learning\applets\bankedroad\applethelp\lesson\pg7_1r.html <-- chris /home/brian/public_html/alberta_learning/applets/bankedroad/applethelp/lesson pg7_1r.html
2002.06.07 20:25 B C:\alberta_learning\applets\bankedroad\applethelp\lesson\pg7_1w.html <-- chris /home/brian/public_html/alberta_learning/applets/bankedroad/applethelp/lesson pg7_1w.html
2002.06.07 20:25 B C:\alberta_learning\applets\bankedroad\applethelp\lesson\pg8.html <-- chris /home/brian/public_html/alberta_learning/applets/bankedroad/applethelp/lesson pg8.html
2002.06.07 20:25 B C:\alberta_learning\applets\bankedroad\applethelp\lesson\pg9.html <-- chris /home/brian/public_html/alberta_learning/applets/bankedroad/applethelp/lesson pg9.html
2002.06.07 20:25 B C:\alberta_learning\applets\bankedroad\applethelp\lesson\pg9_1r.html <-- chris /home/brian/public_html/alberta_learning/applets/bankedroad/applethelp/lesson pg9_1r.html
2002.06.07 20:25 B C:\alberta_learning\applets\bankedroad\applethelp\lesson\pg9_1w.html <-- chris /home/brian/public_html/alberta_learning/applets/bankedroad/applethelp/lesson pg9_1w.html
2002.10.13 22:04 B C:\matthew\New_ALB\applets\bankedroad\applethelp\lesson\bank_eq1.gif --> chris.kingsu.ab.ca /home/brian/public_html/New_ALB/applets/bankedroad/applethelp/lesson bank_eq1.gif
2002.10.13 22:04 B C:\matthew\New_ALB\applets\bankedroad\applethelp\lesson\bank_eq10.gif --> chris.kingsu.ab.ca /home/brian/public_html/New_ALB/applets/bankedroad/applethelp/lesson bank_eq10.gif
2002.10.13 22:04 B C:\matthew\New_ALB\applets\bankedroad\applethelp\lesson\bank_eq11.gif --> chris.kingsu.ab.ca /home/brian/public_html/New_ALB/applets/bankedroad/applethelp/lesson bank_eq11.gif
2002.10.13 22:04 B C:\matthew\New_ALB\applets\bankedroad\applethelp\lesson\bank_eq12.gif --> chris.kingsu.ab.ca /home/brian/public_html/New_ALB/applets/bankedroad/applethelp/lesson bank_eq12.gif
2002.10.13 22:04 B C:\matthew\New_ALB\applets\bankedroad\applethelp\lesson\bank_eq13.gif --> chris.kingsu.ab.ca /home/brian/public_html/New_ALB/applets/bankedroad/applethelp/lesson bank_eq13.gif
2002.10.13 22:04 B C:\matthew\New_ALB\applets\bankedroad\applethelp\lesson\bank_eq14.gif --> chris.kingsu.ab.ca /home/brian/public_html/New_ALB/applets/bankedroad/applethelp/lesson bank_eq14.gif
2002.10.13 22:04 B C:\matthew\New_ALB\applets\bankedroad\applethelp\lesson\bank_eq15.gif --> chris.kingsu.ab.ca /home/brian/public_html/New_ALB/applets/bankedroad/applethelp/lesson bank_eq15.gif
2002.10.13 22:04 B C:\matthew\New_ALB\applets\bankedroad\applethelp\lesson\bank_eq16.gif --> chris.kingsu.ab.ca /home/brian/public_html/New_ALB/applets/bankedroad/applethelp/lesson bank_eq16.gif
2002.10.13 22:04 B C:\matthew\New_ALB\applets\bankedroad\applethelp\lesson\bank_eq17.gif --> chris.kingsu.ab.ca /home/brian/public_html/New_ALB/applets/bankedroad/applethelp/lesson bank_eq17.gif
2002.10.13 22:04 B C:\matthew\New_ALB\applets\bankedroad\applethelp\lesson\bank_eq18.gif --> chris.kingsu.ab.ca /home/brian/public_html/New_ALB/applets/bankedroad/applethelp/lesson bank_eq18.gif
2002.10.13 22:04 B C:\matthew\New_ALB\applets\bankedroad\applethelp\lesson\bank_eq19.gif --> chris.kingsu.ab.ca /home/brian/public_html/New_ALB/applets/bankedroad/applethelp/lesson bank_eq19.gif
2002.10.13 22:04 B C:\matthew\New_ALB\applets\bankedroad\applethelp\lesson\bank_eq20.gif --> chris.kingsu.ab.ca /home/brian/public_html/New_ALB/applets/bankedroad/applethelp/lesson bank_eq20.gif
2002.10.13 22:04 B C:\matthew\New_ALB\applets\bankedroad\applethelp\lesson\bank_eq21.gif --> chris.kingsu.ab.ca /home/brian/public_html/New_ALB/applets/bankedroad/applethelp/lesson bank_eq21.gif
2002.10.13 22:04 B C:\matthew\New_ALB\applets\bankedroad\applethelp\lesson\bank_eq22.gif --> chris.kingsu.ab.ca /home/brian/public_html/New_ALB/applets/bankedroad/applethelp/lesson bank_eq22.gif
2002.10.13 22:04 B C:\matthew\New_ALB\applets\bankedroad\applethelp\lesson\bank_eq23.gif --> chris.kingsu.ab.ca /home/brian/public_html/New_ALB/applets/bankedroad/applethelp/lesson bank_eq23.gif
2002.10.13 22:04 B C:\matthew\New_ALB\applets\bankedroad\applethelp\lesson\bank_eq24.gif --> chris.kingsu.ab.ca /home/brian/public_html/New_ALB/applets/bankedroad/applethelp/lesson bank_eq24.gif
2002.10.13 22:04 B C:\matthew\New_ALB\applets\bankedroad\applethelp\lesson\bank_eq25.gif --> chris.kingsu.ab.ca /home/brian/public_html/New_ALB/applets/bankedroad/applethelp/lesson bank_eq25.gif
2002.10.13 22:04 B C:\matthew\New_ALB\applets\bankedroad\applethelp\lesson\bank_eq26.gif --> chris.kingsu.ab.ca /home/brian/public_html/New_ALB/applets/bankedroad/applethelp/lesson bank_eq26.gif
2002.10.13 22:04 B C:\matthew\New_ALB\applets\bankedroad\applethelp\lesson\bank_eq27.gif --> chris.kingsu.ab.ca /home/brian/public_html/New_ALB/applets/bankedroad/applethelp/lesson bank_eq27.gif
2002.10.13 22:04 B C:\matthew\New_ALB\applets\bankedroad\applethelp\lesson\bank_eq29.gif --> chris.kingsu.ab.ca /home/brian/public_html/New_ALB/applets/bankedroad/applethelp/lesson bank_eq29.gif
2002.10.13 22:04 B C:\matthew\New_ALB\applets\bankedroad\applethelp\lesson\bank_eq3.gif --> chris.kingsu.ab.ca /home/brian/public_html/New_ALB/applets/bankedroad/applethelp/lesson bank_eq3.gif
2002.10.13 22:04 B C:\matthew\New_ALB\applets\bankedroad\applethelp\lesson\bank_eq30.gif --> chris.kingsu.ab.ca /home/brian/public_html/New_ALB/applets/bankedroad/applethelp/lesson bank_eq30.gif
2002.10.13 22:04 B C:\matthew\New_ALB\applets\bankedroad\applethelp\lesson\bank_eq4.gif --> chris.kingsu.ab.ca /home/brian/public_html/New_ALB/applets/bankedroad/applethelp/lesson bank_eq4.gif
2002.10.13 22:04 B C:\matthew\New_ALB\applets\bankedroad\applethelp\lesson\bank_eq5.gif --> chris.kingsu.ab.ca /home/brian/public_html/New_ALB/applets/bankedroad/applethelp/lesson bank_eq5.gif
2002.10.13 22:04 B C:\matthew\New_ALB\applets\bankedroad\applethelp\lesson\bank_eq6.gif --> chris.kingsu.ab.ca /home/brian/public_html/New_ALB/applets/bankedroad/applethelp/lesson bank_eq6.gif
2002.10.13 22:04 B C:\matthew\New_ALB\applets\bankedroad\applethelp\lesson\bank_eq7.gif --> chris.kingsu.ab.ca /home/brian/public_html/New_ALB/applets/bankedroad/applethelp/lesson bank_eq7.gif
2002.10.13 22:04 B C:\matthew\New_ALB\applets\bankedroad\applethelp\lesson\bank_eq8.gif --> chris.kingsu.ab.ca /home/brian/public_html/New_ALB/applets/bankedroad/applethelp/lesson bank_eq8.gif
2002.10.13 22:04 B C:\matthew\New_ALB\applets\bankedroad\applethelp\lesson\bank_eq9.gif --> chris.kingsu.ab.ca /home/brian/public_html/New_ALB/applets/bankedroad/applethelp/lesson bank_eq9.gif
2002.10.13 22:04 B C:\matthew\New_ALB\applets\bankedroad\applethelp\lesson\banked_fs.html --> chris.kingsu.ab.ca /home/brian/public_html/New_ALB/applets/bankedroad/applethelp/lesson banked_fs.html
2002.10.13 22:04 B C:\matthew\New_ALB\applets\bankedroad\applethelp\lesson\blank1.html --> chris.kingsu.ab.ca /home/brian/public_html/New_ALB/applets/bankedroad/applethelp/lesson blank1.html
2002.10.13 22:04 B C:\matthew\New_ALB\applets\bankedroad\applethelp\lesson\blank2.html --> chris.kingsu.ab.ca /home/brian/public_html/New_ALB/applets/bankedroad/applethelp/lesson blank2.html
2002.10.13 22:04 B C:\matthew\New_ALB\applets\bankedroad\applethelp\lesson\eq.gif --> chris.kingsu.ab.ca /home/brian/public_html/New_ALB/applets/bankedroad/applethelp/lesson eq.gif
2002.10.13 22:04 B C:\matthew\New_ALB\applets\bankedroad\applethelp\lesson\fig1.jpg --> chris.kingsu.ab.ca /home/brian/public_html/New_ALB/applets/bankedroad/applethelp/lesson fig1.jpg
2002.10.13 22:04 B C:\matthew\New_ALB\applets\bankedroad\applethelp\lesson\fig1.png --> chris.kingsu.ab.ca /home/brian/public_html/New_ALB/applets/bankedroad/applethelp/lesson fig1.png
2002.10.13 22:04 B C:\matthew\New_ALB\applets\bankedroad\applethelp\lesson\lesson.html --> chris.kingsu.ab.ca /home/brian/public_html/New_ALB/applets/bankedroad/applethelp/lesson lesson.html
2002.10.13 22:04 B C:\matthew\New_ALB\applets\bankedroad\applethelp\lesson\page1.html --> chris.kingsu.ab.ca /home/brian/public_html/New_ALB/applets/bankedroad/applethelp/lesson page1.html
2002.10.13 22:04 B C:\matthew\New_ALB\applets\bankedroad\applethelp\lesson\pagechooser.html --> chris.kingsu.ab.ca /home/brian/public_html/New_ALB/applets/bankedroad/applethelp/lesson pagechooser.html
2002.10.13 22:04 B C:\matthew\New_ALB\applets\bankedroad\applethelp\lesson\pg1.html --> chris.kingsu.ab.ca /home/brian/public_html/New_ALB/applets/bankedroad/applethelp/lesson pg1.html
2002.10.13 22:04 B C:\matthew\New_ALB\applets\bankedroad\applethelp\lesson\pg10.html --> chris.kingsu.ab.ca /home/brian/public_html/New_ALB/applets/bankedroad/applethelp/lesson pg10.html
2002.10.13 22:04 B C:\matthew\New_ALB\applets\bankedroad\applethelp\lesson\pg10_1r.html --> chris.kingsu.ab.ca /home/brian/public_html/New_ALB/applets/bankedroad/applethelp/lesson pg10_1r.html
2002.10.13 22:04 B C:\matthew\New_ALB\applets\bankedroad\applethelp\lesson\pg11.html --> chris.kingsu.ab.ca /home/brian/public_html/New_ALB/applets/bankedroad/applethelp/lesson pg11.html
2002.10.13 22:04 B C:\matthew\New_ALB\applets\bankedroad\applethelp\lesson\pg11_h1.gif --> chris.kingsu.ab.ca /home/brian/public_html/New_ALB/applets/bankedroad/applethelp/lesson pg11_h1.gif
2002.10.13 22:04 B C:\matthew\New_ALB\applets\bankedroad\applethelp\lesson\pg11_h1.html --> chris.kingsu.ab.ca /home/brian/public_html/New_ALB/applets/bankedroad/applethelp/lesson pg11_h1.html
2002.10.13 22:04 B C:\matthew\New_ALB\applets\bankedroad\applethelp\lesson\pg11_h2.html --> chris.kingsu.ab.ca /home/brian/public_html/New_ALB/applets/bankedroad/applethelp/lesson pg11_h2.html
2002.10.13 22:04 B C:\matthew\New_ALB\applets\bankedroad\applethelp\lesson\pg12.html --> chris.kingsu.ab.ca /home/brian/public_html/New_ALB/applets/bankedroad/applethelp/lesson pg12.html
2002.10.13 22:04 B C:\matthew\New_ALB\applets\bankedroad\applethelp\lesson\pg2.html --> chris.kingsu.ab.ca /home/brian/public_html/New_ALB/applets/bankedroad/applethelp/lesson pg2.html
2002.10.13 22:04 B C:\matthew\New_ALB\applets\bankedroad\applethelp\lesson\pg3.html --> chris.kingsu.ab.ca /home/brian/public_html/New_ALB/applets/bankedroad/applethelp/lesson pg3.html
2002.10.13 22:04 B C:\matthew\New_ALB\applets\bankedroad\applethelp\lesson\pg3_1r.html --> chris.kingsu.ab.ca /home/brian/public_html/New_ALB/applets/bankedroad/applethelp/lesson pg3_1r.html
2002.10.13 22:04 B C:\matthew\New_ALB\applets\bankedroad\applethelp\lesson\pg3_1w.html --> chris.kingsu.ab.ca /home/brian/public_html/New_ALB/applets/bankedroad/applethelp/lesson pg3_1w.html
2002.10.13 22:04 B C:\matthew\New_ALB\applets\bankedroad\applethelp\lesson\pg3_r1.html --> chris.kingsu.ab.ca /home/brian/public_html/New_ALB/applets/bankedroad/applethelp/lesson pg3_r1.html
2002.10.13 22:04 B C:\matthew\New_ALB\applets\bankedroad\applethelp\lesson\pg3_w1.html --> chris.kingsu.ab.ca /home/brian/public_html/New_ALB/applets/bankedroad/applethelp/lesson pg3_w1.html
2002.10.13 22:04 B C:\matthew\New_ALB\applets\bankedroad\applethelp\lesson\pg4.html --> chris.kingsu.ab.ca /home/brian/public_html/New_ALB/applets/bankedroad/applethelp/lesson pg4.html
2002.10.13 22:04 B C:\matthew\New_ALB\applets\bankedroad\applethelp\lesson\pg4_1r.html --> chris.kingsu.ab.ca /home/brian/public_html/New_ALB/applets/bankedroad/applethelp/lesson pg4_1r.html
2002.10.13 22:04 B C:\matthew\New_ALB\applets\bankedroad\applethelp\lesson\pg4_1w.html --> chris.kingsu.ab.ca /home/brian/public_html/New_ALB/applets/bankedroad/applethelp/lesson pg4_1w.html
2002.10.13 22:04 B C:\matthew\New_ALB\applets\bankedroad\applethelp\lesson\pg5.html --> chris.kingsu.ab.ca /home/brian/public_html/New_ALB/applets/bankedroad/applethelp/lesson pg5.html
2002.10.13 22:04 B C:\matthew\New_ALB\applets\bankedroad\applethelp\lesson\pg5.html.LCK --> chris.kingsu.ab.ca /home/brian/public_html/New_ALB/applets/bankedroad/applethelp/lesson pg5.html.LCK
2002.10.13 22:04 B C:\matthew\New_ALB\applets\bankedroad\applethelp\lesson\pg5_1r.html --> chris.kingsu.ab.ca /home/brian/public_html/New_ALB/applets/bankedroad/applethelp/lesson pg5_1r.html
2002.10.13 22:04 B C:\matthew\New_ALB\applets\bankedroad\applethelp\lesson\pg5_1w.html --> chris.kingsu.ab.ca /home/brian/public_html/New_ALB/applets/bankedroad/applethelp/lesson pg5_1w.html
2002.10.13 22:04 B C:\matthew\New_ALB\applets\bankedroad\applethelp\lesson\pg6.html --> chris.kingsu.ab.ca /home/brian/public_html/New_ALB/applets/bankedroad/applethelp/lesson pg6.html
2002.10.13 22:04 B C:\matthew\New_ALB\applets\bankedroad\applethelp\lesson\pg6.html.LCK --> chris.kingsu.ab.ca /home/brian/public_html/New_ALB/applets/bankedroad/applethelp/lesson pg6.html.LCK
2002.10.13 22:04 B C:\matthew\New_ALB\applets\bankedroad\applethelp\lesson\pg6_1r.html --> chris.kingsu.ab.ca /home/brian/public_html/New_ALB/applets/bankedroad/applethelp/lesson pg6_1r.html
2002.10.13 22:04 B C:\matthew\New_ALB\applets\bankedroad\applethelp\lesson\pg6_1w.html --> chris.kingsu.ab.ca /home/brian/public_html/New_ALB/applets/bankedroad/applethelp/lesson pg6_1w.html
2002.10.13 22:04 B C:\matthew\New_ALB\applets\bankedroad\applethelp\lesson\pg6_2r.html --> chris.kingsu.ab.ca /home/brian/public_html/New_ALB/applets/bankedroad/applethelp/lesson pg6_2r.html
2002.10.13 22:04 B C:\matthew\New_ALB\applets\bankedroad\applethelp\lesson\pg6_2w.html --> chris.kingsu.ab.ca /home/brian/public_html/New_ALB/applets/bankedroad/applethelp/lesson pg6_2w.html
2002.10.13 22:04 B C:\matthew\New_ALB\applets\bankedroad\applethelp\lesson\pg7.html --> chris.kingsu.ab.ca /home/brian/public_html/New_ALB/applets/bankedroad/applethelp/lesson pg7.html
2002.10.13 22:04 B C:\matthew\New_ALB\applets\bankedroad\applethelp\lesson\pg7.html.LCK --> chris.kingsu.ab.ca /home/brian/public_html/New_ALB/applets/bankedroad/applethelp/lesson pg7.html.LCK
2002.10.13 22:04 B C:\matthew\New_ALB\applets\bankedroad\applethelp\lesson\pg7_1r.html --> chris.kingsu.ab.ca /home/brian/public_html/New_ALB/applets/bankedroad/applethelp/lesson pg7_1r.html
2002.10.13 22:04 B C:\matthew\New_ALB\applets\bankedroad\applethelp\lesson\pg7_1w.html --> chris.kingsu.ab.ca /home/brian/public_html/New_ALB/applets/bankedroad/applethelp/lesson pg7_1w.html
2002.10.13 22:04 B C:\matthew\New_ALB\applets\bankedroad\applethelp\lesson\pg8.html --> chris.kingsu.ab.ca /home/brian/public_html/New_ALB/applets/bankedroad/applethelp/lesson pg8.html
2002.10.13 22:04 B C:\matthew\New_ALB\applets\bankedroad\applethelp\lesson\pg9.html --> chris.kingsu.ab.ca /home/brian/public_html/New_ALB/applets/bankedroad/applethelp/lesson pg9.html
2002.10.13 22:04 B C:\matthew\New_ALB\applets\bankedroad\applethelp\lesson\pg9_1r.html --> chris.kingsu.ab.ca /home/brian/public_html/New_ALB/applets/bankedroad/applethelp/lesson pg9_1r.html
2002.10.13 22:04 B C:\matthew\New_ALB\applets\bankedroad\applethelp\lesson\pg9_1w.html --> chris.kingsu.ab.ca /home/brian/public_html/New_ALB/applets/bankedroad/applethelp/lesson pg9_1w.html
2002.10.28 09:18 B C:\alberta_learning\new(fall2002)\applets\bankedroad\applethelp\lesson\WS_FTP.LOG <-- chris /home/brian/public_html/New_ALB/applets/bankedroad/applethelp/lesson WS_FTP.LOG
2003.01.24 08:21 B C:\Astro\public_html\phys\alberta_learning\new(fall2002)\applets\bankedroad\applethelp\lesson\bank_eq1.gif --> ftp.kingsu.ab.ca /usr/home/brian/public_html/phys/alberta_learning/new(fall2002)/applets/bankedroad/applethelp/lesson bank_eq1.gif
2003.01.24 08:21 B C:\Astro\public_html\phys\alberta_learning\new(fall2002)\applets\bankedroad\applethelp\lesson\bank_eq10.gif --> ftp.kingsu.ab.ca /usr/home/brian/public_html/phys/alberta_learning/new(fall2002)/applets/bankedroad/applethelp/lesson bank_eq10.gif
2003.01.24 08:21 B C:\Astro\public_html\phys\alberta_learning\new(fall2002)\applets\bankedroad\applethelp\lesson\bank_eq11.gif --> ftp.kingsu.ab.ca /usr/home/brian/public_html/phys/alberta_learning/new(fall2002)/applets/bankedroad/applethelp/lesson bank_eq11.gif
2003.01.24 08:21 B C:\Astro\public_html\phys\alberta_learning\new(fall2002)\applets\bankedroad\applethelp\lesson\bank_eq12.gif --> ftp.kingsu.ab.ca /usr/home/brian/public_html/phys/alberta_learning/new(fall2002)/applets/bankedroad/applethelp/lesson bank_eq12.gif
2003.01.24 08:21 B C:\Astro\public_html\phys\alberta_learning\new(fall2002)\applets\bankedroad\applethelp\lesson\bank_eq13.gif --> ftp.kingsu.ab.ca /usr/home/brian/public_html/phys/alberta_learning/new(fall2002)/applets/bankedroad/applethelp/lesson bank_eq13.gif
2003.01.24 08:21 B C:\Astro\public_html\phys\alberta_learning\new(fall2002)\applets\bankedroad\applethelp\lesson\bank_eq14.gif --> ftp.kingsu.ab.ca /usr/home/brian/public_html/phys/alberta_learning/new(fall2002)/applets/bankedroad/applethelp/lesson bank_eq14.gif
2003.01.24 08:21 B C:\Astro\public_html\phys\alberta_learning\new(fall2002)\applets\bankedroad\applethelp\lesson\bank_eq15.gif --> ftp.kingsu.ab.ca /usr/home/brian/public_html/phys/alberta_learning/new(fall2002)/applets/bankedroad/applethelp/lesson bank_eq15.gif
2003.01.24 08:21 B C:\Astro\public_html\phys\alberta_learning\new(fall2002)\applets\bankedroad\applethelp\lesson\bank_eq16.gif --> ftp.kingsu.ab.ca /usr/home/brian/public_html/phys/alberta_learning/new(fall2002)/applets/bankedroad/applethelp/lesson bank_eq16.gif
2003.01.24 08:21 B C:\Astro\public_html\phys\alberta_learning\new(fall2002)\applets\bankedroad\applethelp\lesson\bank_eq17.gif --> ftp.kingsu.ab.ca /usr/home/brian/public_html/phys/alberta_learning/new(fall2002)/applets/bankedroad/applethelp/lesson bank_eq17.gif
2003.01.24 08:21 B C:\Astro\public_html\phys\alberta_learning\new(fall2002)\applets\bankedroad\applethelp\lesson\bank_eq18.gif --> ftp.kingsu.ab.ca /usr/home/brian/public_html/phys/alberta_learning/new(fall2002)/applets/bankedroad/applethelp/lesson bank_eq18.gif
2003.01.24 08:21 B C:\Astro\public_html\phys\alberta_learning\new(fall2002)\applets\bankedroad\applethelp\lesson\bank_eq19.gif --> ftp.kingsu.ab.ca /usr/home/brian/public_html/phys/alberta_learning/new(fall2002)/applets/bankedroad/applethelp/lesson bank_eq19.gif
2003.01.24 08:21 B C:\Astro\public_html\phys\alberta_learning\new(fall2002)\applets\bankedroad\applethelp\lesson\bank_eq20.gif --> ftp.kingsu.ab.ca /usr/home/brian/public_html/phys/alberta_learning/new(fall2002)/applets/bankedroad/applethelp/lesson bank_eq20.gif
2003.01.24 08:21 B C:\Astro\public_html\phys\alberta_learning\new(fall2002)\applets\bankedroad\applethelp\lesson\bank_eq21.gif --> ftp.kingsu.ab.ca /usr/home/brian/public_html/phys/alberta_learning/new(fall2002)/applets/bankedroad/applethelp/lesson bank_eq21.gif
2003.01.24 08:21 B C:\Astro\public_html\phys\alberta_learning\new(fall2002)\applets\bankedroad\applethelp\lesson\bank_eq22.gif --> ftp.kingsu.ab.ca /usr/home/brian/public_html/phys/alberta_learning/new(fall2002)/applets/bankedroad/applethelp/lesson bank_eq22.gif
2003.01.24 08:21 B C:\Astro\public_html\phys\alberta_learning\new(fall2002)\applets\bankedroad\applethelp\lesson\bank_eq23.gif --> ftp.kingsu.ab.ca /usr/home/brian/public_html/phys/alberta_learning/new(fall2002)/applets/bankedroad/applethelp/lesson bank_eq23.gif
2003.01.24 08:21 B C:\Astro\public_html\phys\alberta_learning\new(fall2002)\applets\bankedroad\applethelp\lesson\bank_eq24.gif --> ftp.kingsu.ab.ca /usr/home/brian/public_html/phys/alberta_learning/new(fall2002)/applets/bankedroad/applethelp/lesson bank_eq24.gif
2003.01.24 08:21 B C:\Astro\public_html\phys\alberta_learning\new(fall2002)\applets\bankedroad\applethelp\lesson\bank_eq25.gif --> ftp.kingsu.ab.ca /usr/home/brian/public_html/phys/alberta_learning/new(fall2002)/applets/bankedroad/applethelp/lesson bank_eq25.gif
2003.01.24 08:21 B C:\Astro\public_html\phys\alberta_learning\new(fall2002)\applets\bankedroad\applethelp\lesson\bank_eq26.gif --> ftp.kingsu.ab.ca /usr/home/brian/public_html/phys/alberta_learning/new(fall2002)/applets/bankedroad/applethelp/lesson bank_eq26.gif
2003.01.24 08:21 B C:\Astro\public_html\phys\alberta_learning\new(fall2002)\applets\bankedroad\applethelp\lesson\bank_eq27.gif --> ftp.kingsu.ab.ca /usr/home/brian/public_html/phys/alberta_learning/new(fall2002)/applets/bankedroad/applethelp/lesson bank_eq27.gif
2003.01.24 08:21 B C:\Astro\public_html\phys\alberta_learning\new(fall2002)\applets\bankedroad\applethelp\lesson\bank_eq29.gif --> ftp.kingsu.ab.ca /usr/home/brian/public_html/phys/alberta_learning/new(fall2002)/applets/bankedroad/applethelp/lesson bank_eq29.gif
2003.01.24 08:21 B C:\Astro\public_html\phys\alberta_learning\new(fall2002)\applets\bankedroad\applethelp\lesson\bank_eq3.gif --> ftp.kingsu.ab.ca /usr/home/brian/public_html/phys/alberta_learning/new(fall2002)/applets/bankedroad/applethelp/lesson bank_eq3.gif
2003.01.24 08:21 B C:\Astro\public_html\phys\alberta_learning\new(fall2002)\applets\bankedroad\applethelp\lesson\bank_eq30.gif --> ftp.kingsu.ab.ca /usr/home/brian/public_html/phys/alberta_learning/new(fall2002)/applets/bankedroad/applethelp/lesson bank_eq30.gif
2003.01.24 08:21 B C:\Astro\public_html\phys\alberta_learning\new(fall2002)\applets\bankedroad\applethelp\lesson\bank_eq4.gif --> ftp.kingsu.ab.ca /usr/home/brian/public_html/phys/alberta_learning/new(fall2002)/applets/bankedroad/applethelp/lesson bank_eq4.gif
2003.01.24 08:21 B C:\Astro\public_html\phys\alberta_learning\new(fall2002)\applets\bankedroad\applethelp\lesson\bank_eq5.gif --> ftp.kingsu.ab.ca /usr/home/brian/public_html/phys/alberta_learning/new(fall2002)/applets/bankedroad/applethelp/lesson bank_eq5.gif
2003.01.24 08:21 B C:\Astro\public_html\phys\alberta_learning\new(fall2002)\applets\bankedroad\applethelp\lesson\bank_eq6.gif --> ftp.kingsu.ab.ca /usr/home/brian/public_html/phys/alberta_learning/new(fall2002)/applets/bankedroad/applethelp/lesson bank_eq6.gif
2003.01.24 08:21 B C:\Astro\public_html\phys\alberta_learning\new(fall2002)\applets\bankedroad\applethelp\lesson\bank_eq7.gif --> ftp.kingsu.ab.ca /usr/home/brian/public_html/phys/alberta_learning/new(fall2002)/applets/bankedroad/applethelp/lesson bank_eq7.gif
2003.01.24 08:21 B C:\Astro\public_html\phys\alberta_learning\new(fall2002)\applets\bankedroad\applethelp\lesson\bank_eq8.gif --> ftp.kingsu.ab.ca /usr/home/brian/public_html/phys/alberta_learning/new(fall2002)/applets/bankedroad/applethelp/lesson bank_eq8.gif
2003.01.24 08:21 B C:\Astro\public_html\phys\alberta_learning\new(fall2002)\applets\bankedroad\applethelp\lesson\bank_eq9.gif --> ftp.kingsu.ab.ca /usr/home/brian/public_html/phys/alberta_learning/new(fall2002)/applets/bankedroad/applethelp/lesson bank_eq9.gif
2003.01.24 08:21 B C:\Astro\public_html\phys\alberta_learning\new(fall2002)\applets\bankedroad\applethelp\lesson\banked_fs.html --> ftp.kingsu.ab.ca /usr/home/brian/public_html/phys/alberta_learning/new(fall2002)/applets/bankedroad/applethelp/lesson banked_fs.html
2003.01.24 08:21 B C:\Astro\public_html\phys\alberta_learning\new(fall2002)\applets\bankedroad\applethelp\lesson\blank1.html --> ftp.kingsu.ab.ca /usr/home/brian/public_html/phys/alberta_learning/new(fall2002)/applets/bankedroad/applethelp/lesson blank1.html
2003.01.24 08:21 B C:\Astro\public_html\phys\alberta_learning\new(fall2002)\applets\bankedroad\applethelp\lesson\blank2.html --> ftp.kingsu.ab.ca /usr/home/brian/public_html/phys/alberta_learning/new(fall2002)/applets/bankedroad/applethelp/lesson blank2.html
2003.01.24 08:21 B C:\Astro\public_html\phys\alberta_learning\new(fall2002)\applets\bankedroad\applethelp\lesson\eq.gif --> ftp.kingsu.ab.ca /usr/home/brian/public_html/phys/alberta_learning/new(fall2002)/applets/bankedroad/applethelp/lesson eq.gif
2003.01.24 08:21 B C:\Astro\public_html\phys\alberta_learning\new(fall2002)\applets\bankedroad\applethelp\lesson\fig1.jpg --> ftp.kingsu.ab.ca /usr/home/brian/public_html/phys/alberta_learning/new(fall2002)/applets/bankedroad/applethelp/lesson fig1.jpg
2003.01.24 08:21 B C:\Astro\public_html\phys\alberta_learning\new(fall2002)\applets\bankedroad\applethelp\lesson\fig1.png --> ftp.kingsu.ab.ca /usr/home/brian/public_html/phys/alberta_learning/new(fall2002)/applets/bankedroad/applethelp/lesson fig1.png
2003.01.24 08:21 B C:\Astro\public_html\phys\alberta_learning\new(fall2002)\applets\bankedroad\applethelp\lesson\lesson.html --> ftp.kingsu.ab.ca /usr/home/brian/public_html/phys/alberta_learning/new(fall2002)/applets/bankedroad/applethelp/lesson lesson.html
2003.01.24 08:21 B C:\Astro\public_html\phys\alberta_learning\new(fall2002)\applets\bankedroad\applethelp\lesson\page1.html --> ftp.kingsu.ab.ca /usr/home/brian/public_html/phys/alberta_learning/new(fall2002)/applets/bankedroad/applethelp/lesson page1.html
2003.01.24 08:21 B C:\Astro\public_html\phys\alberta_learning\new(fall2002)\applets\bankedroad\applethelp\lesson\pagechooser.html --> ftp.kingsu.ab.ca /usr/home/brian/public_html/phys/alberta_learning/new(fall2002)/applets/bankedroad/applethelp/lesson pagechooser.html
2003.01.24 08:21 B C:\Astro\public_html\phys\alberta_learning\new(fall2002)\applets\bankedroad\applethelp\lesson\pg1.html --> ftp.kingsu.ab.ca /usr/home/brian/public_html/phys/alberta_learning/new(fall2002)/applets/bankedroad/applethelp/lesson pg1.html
2003.01.24 08:21 B C:\Astro\public_html\phys\alberta_learning\new(fall2002)\applets\bankedroad\applethelp\lesson\pg10.html --> ftp.kingsu.ab.ca /usr/home/brian/public_html/phys/alberta_learning/new(fall2002)/applets/bankedroad/applethelp/lesson pg10.html
2003.01.24 08:21 B C:\Astro\public_html\phys\alberta_learning\new(fall2002)\applets\bankedroad\applethelp\lesson\pg10_1r.html --> ftp.kingsu.ab.ca /usr/home/brian/public_html/phys/alberta_learning/new(fall2002)/applets/bankedroad/applethelp/lesson pg10_1r.html
2003.01.24 08:21 B C:\Astro\public_html\phys\alberta_learning\new(fall2002)\applets\bankedroad\applethelp\lesson\pg11.html --> ftp.kingsu.ab.ca /usr/home/brian/public_html/phys/alberta_learning/new(fall2002)/applets/bankedroad/applethelp/lesson pg11.html
2003.01.24 08:21 B C:\Astro\public_html\phys\alberta_learning\new(fall2002)\applets\bankedroad\applethelp\lesson\pg11_h1.gif --> ftp.kingsu.ab.ca /usr/home/brian/public_html/phys/alberta_learning/new(fall2002)/applets/bankedroad/applethelp/lesson pg11_h1.gif
2003.01.24 08:21 B C:\Astro\public_html\phys\alberta_learning\new(fall2002)\applets\bankedroad\applethelp\lesson\pg11_h1.html --> ftp.kingsu.ab.ca /usr/home/brian/public_html/phys/alberta_learning/new(fall2002)/applets/bankedroad/applethelp/lesson pg11_h1.html
2003.01.24 08:21 B C:\Astro\public_html\phys\alberta_learning\new(fall2002)\applets\bankedroad\applethelp\lesson\pg11_h2.html --> ftp.kingsu.ab.ca /usr/home/brian/public_html/phys/alberta_learning/new(fall2002)/applets/bankedroad/applethelp/lesson pg11_h2.html
2003.01.24 08:21 B C:\Astro\public_html\phys\alberta_learning\new(fall2002)\applets\bankedroad\applethelp\lesson\pg12.html --> ftp.kingsu.ab.ca /usr/home/brian/public_html/phys/alberta_learning/new(fall2002)/applets/bankedroad/applethelp/lesson pg12.html
2003.01.24 08:21 B C:\Astro\public_html\phys\alberta_learning\new(fall2002)\applets\bankedroad\applethelp\lesson\pg2.html --> ftp.kingsu.ab.ca /usr/home/brian/public_html/phys/alberta_learning/new(fall2002)/applets/bankedroad/applethelp/lesson pg2.html
2003.01.24 08:21 B C:\Astro\public_html\phys\alberta_learning\new(fall2002)\applets\bankedroad\applethelp\lesson\pg3.html --> ftp.kingsu.ab.ca /usr/home/brian/public_html/phys/alberta_learning/new(fall2002)/applets/bankedroad/applethelp/lesson pg3.html
2003.01.24 08:21 B C:\Astro\public_html\phys\alberta_learning\new(fall2002)\applets\bankedroad\applethelp\lesson\pg3_1r.html --> ftp.kingsu.ab.ca /usr/home/brian/public_html/phys/alberta_learning/new(fall2002)/applets/bankedroad/applethelp/lesson pg3_1r.html
2003.01.24 08:21 B C:\Astro\public_html\phys\alberta_learning\new(fall2002)\applets\bankedroad\applethelp\lesson\pg3_1w.html --> ftp.kingsu.ab.ca /usr/home/brian/public_html/phys/alberta_learning/new(fall2002)/applets/bankedroad/applethelp/lesson pg3_1w.html
2003.01.24 08:21 B C:\Astro\public_html\phys\alberta_learning\new(fall2002)\applets\bankedroad\applethelp\lesson\pg3_r1.html --> ftp.kingsu.ab.ca /usr/home/brian/public_html/phys/alberta_learning/new(fall2002)/applets/bankedroad/applethelp/lesson pg3_r1.html
2003.01.24 08:21 B C:\Astro\public_html\phys\alberta_learning\new(fall2002)\applets\bankedroad\applethelp\lesson\pg3_w1.html --> ftp.kingsu.ab.ca /usr/home/brian/public_html/phys/alberta_learning/new(fall2002)/applets/bankedroad/applethelp/lesson pg3_w1.html
2003.01.24 08:21 B C:\Astro\public_html\phys\alberta_learning\new(fall2002)\applets\bankedroad\applethelp\lesson\pg4.html --> ftp.kingsu.ab.ca /usr/home/brian/public_html/phys/alberta_learning/new(fall2002)/applets/bankedroad/applethelp/lesson pg4.html
2003.01.24 08:21 B C:\Astro\public_html\phys\alberta_learning\new(fall2002)\applets\bankedroad\applethelp\lesson\pg4_1r.html --> ftp.kingsu.ab.ca /usr/home/brian/public_html/phys/alberta_learning/new(fall2002)/applets/bankedroad/applethelp/lesson pg4_1r.html
2003.01.24 08:21 B C:\Astro\public_html\phys\alberta_learning\new(fall2002)\applets\bankedroad\applethelp\lesson\pg4_1w.html --> ftp.kingsu.ab.ca /usr/home/brian/public_html/phys/alberta_learning/new(fall2002)/applets/bankedroad/applethelp/lesson pg4_1w.html
2003.01.24 08:21 B C:\Astro\public_html\phys\alberta_learning\new(fall2002)\applets\bankedroad\applethelp\lesson\pg5.html --> ftp.kingsu.ab.ca /usr/home/brian/public_html/phys/alberta_learning/new(fall2002)/applets/bankedroad/applethelp/lesson pg5.html
2003.01.24 08:21 B C:\Astro\public_html\phys\alberta_learning\new(fall2002)\applets\bankedroad\applethelp\lesson\pg5.html.LCK --> ftp.kingsu.ab.ca /usr/home/brian/public_html/phys/alberta_learning/new(fall2002)/applets/bankedroad/applethelp/lesson pg5.html.LCK
2003.01.24 08:21 B C:\Astro\public_html\phys\alberta_learning\new(fall2002)\applets\bankedroad\applethelp\lesson\pg5_1r.html --> ftp.kingsu.ab.ca /usr/home/brian/public_html/phys/alberta_learning/new(fall2002)/applets/bankedroad/applethelp/lesson pg5_1r.html
2003.01.24 08:21 B C:\Astro\public_html\phys\alberta_learning\new(fall2002)\applets\bankedroad\applethelp\lesson\pg5_1w.html --> ftp.kingsu.ab.ca /usr/home/brian/public_html/phys/alberta_learning/new(fall2002)/applets/bankedroad/applethelp/lesson pg5_1w.html
2003.01.24 08:21 B C:\Astro\public_html\phys\alberta_learning\new(fall2002)\applets\bankedroad\applethelp\lesson\pg6.html --> ftp.kingsu.ab.ca /usr/home/brian/public_html/phys/alberta_learning/new(fall2002)/applets/bankedroad/applethelp/lesson pg6.html
2003.01.24 08:21 B C:\Astro\public_html\phys\alberta_learning\new(fall2002)\applets\bankedroad\applethelp\lesson\pg6.html.LCK --> ftp.kingsu.ab.ca /usr/home/brian/public_html/phys/alberta_learning/new(fall2002)/applets/bankedroad/applethelp/lesson pg6.html.LCK
2003.01.24 08:21 B C:\Astro\public_html\phys\alberta_learning\new(fall2002)\applets\bankedroad\applethelp\lesson\pg6_1r.html --> ftp.kingsu.ab.ca /usr/home/brian/public_html/phys/alberta_learning/new(fall2002)/applets/bankedroad/applethelp/lesson pg6_1r.html
2003.01.24 08:21 B C:\Astro\public_html\phys\alberta_learning\new(fall2002)\applets\bankedroad\applethelp\lesson\pg6_1w.html --> ftp.kingsu.ab.ca /usr/home/brian/public_html/phys/alberta_learning/new(fall2002)/applets/bankedroad/applethelp/lesson pg6_1w.html
2003.01.24 08:21 B C:\Astro\public_html\phys\alberta_learning\new(fall2002)\applets\bankedroad\applethelp\lesson\pg6_2r.html --> ftp.kingsu.ab.ca /usr/home/brian/public_html/phys/alberta_learning/new(fall2002)/applets/bankedroad/applethelp/lesson pg6_2r.html
2003.01.24 08:21 B C:\Astro\public_html\phys\alberta_learning\new(fall2002)\applets\bankedroad\applethelp\lesson\pg6_2w.html --> ftp.kingsu.ab.ca /usr/home/brian/public_html/phys/alberta_learning/new(fall2002)/applets/bankedroad/applethelp/lesson pg6_2w.html
2003.01.24 08:21 B C:\Astro\public_html\phys\alberta_learning\new(fall2002)\applets\bankedroad\applethelp\lesson\pg7.html --> ftp.kingsu.ab.ca /usr/home/brian/public_html/phys/alberta_learning/new(fall2002)/applets/bankedroad/applethelp/lesson pg7.html
2003.01.24 08:21 B C:\Astro\public_html\phys\alberta_learning\new(fall2002)\applets\bankedroad\applethelp\lesson\pg7.html.LCK --> ftp.kingsu.ab.ca /usr/home/brian/public_html/phys/alberta_learning/new(fall2002)/applets/bankedroad/applethelp/lesson pg7.html.LCK
2003.01.24 08:21 B C:\Astro\public_html\phys\alberta_learning\new(fall2002)\applets\bankedroad\applethelp\lesson\pg7_1r.html --> ftp.kingsu.ab.ca /usr/home/brian/public_html/phys/alberta_learning/new(fall2002)/applets/bankedroad/applethelp/lesson pg7_1r.html
2003.01.24 08:21 B C:\Astro\public_html\phys\alberta_learning\new(fall2002)\applets\bankedroad\applethelp\lesson\pg7_1w.html --> ftp.kingsu.ab.ca /usr/home/brian/public_html/phys/alberta_learning/new(fall2002)/applets/bankedroad/applethelp/lesson pg7_1w.html
2003.01.24 08:21 B C:\Astro\public_html\phys\alberta_learning\new(fall2002)\applets\bankedroad\applethelp\lesson\pg8.html --> ftp.kingsu.ab.ca /usr/home/brian/public_html/phys/alberta_learning/new(fall2002)/applets/bankedroad/applethelp/lesson pg8.html
2003.01.24 08:21 B C:\Astro\public_html\phys\alberta_learning\new(fall2002)\applets\bankedroad\applethelp\lesson\pg9.html --> ftp.kingsu.ab.ca /usr/home/brian/public_html/phys/alberta_learning/new(fall2002)/applets/bankedroad/applethelp/lesson pg9.html
2003.01.24 08:21 B C:\Astro\public_html\phys\alberta_learning\new(fall2002)\applets\bankedroad\applethelp\lesson\pg9_1r.html --> ftp.kingsu.ab.ca /usr/home/brian/public_html/phys/alberta_learning/new(fall2002)/applets/bankedroad/applethelp/lesson pg9_1r.html
2003.01.24 08:21 B C:\Astro\public_html\phys\alberta_learning\new(fall2002)\applets\bankedroad\applethelp\lesson\pg9_1w.html --> ftp.kingsu.ab.ca /usr/home/brian/public_html/phys/alberta_learning/new(fall2002)/applets/bankedroad/applethelp/lesson pg9_1w.html
2019.04.02 01:21 B C:\kings\phys\alberta_learning\new(fall2002)\applets\bankedroad\applethelp\lesson\WS_FTP.LOG <-- kings /usr/home/brian/public_html/phys/alberta_learning/new(fall2002)/applets/bankedroad/applethelp/lesson WS_FTP.LOG
