2002.10.04 11:14 B C:\matthew\New_ALB\applets\collisions1D\applethelp\assumptions.html --> chris.kingsu.ab.ca /home/brian/public_html/New_ALB/applets/collisions1D/applethelp assumptions.html
2002.10.04 11:14 B C:\matthew\New_ALB\applets\collisions1D\applethelp\eqn10.gif --> chris.kingsu.ab.ca /home/brian/public_html/New_ALB/applets/collisions1D/applethelp eqn10.gif
2002.10.04 11:14 B C:\matthew\New_ALB\applets\collisions1D\applethelp\eqn11.gif --> chris.kingsu.ab.ca /home/brian/public_html/New_ALB/applets/collisions1D/applethelp eqn11.gif
2002.10.04 11:14 B C:\matthew\New_ALB\applets\collisions1D\applethelp\eqn12.gif --> chris.kingsu.ab.ca /home/brian/public_html/New_ALB/applets/collisions1D/applethelp eqn12.gif
2002.10.04 11:14 B C:\matthew\New_ALB\applets\collisions1D\applethelp\eqn13.gif --> chris.kingsu.ab.ca /home/brian/public_html/New_ALB/applets/collisions1D/applethelp eqn13.gif
2002.10.04 11:14 B C:\matthew\New_ALB\applets\collisions1D\applethelp\eqn14.gif --> chris.kingsu.ab.ca /home/brian/public_html/New_ALB/applets/collisions1D/applethelp eqn14.gif
2002.10.04 11:14 B C:\matthew\New_ALB\applets\collisions1D\applethelp\eqn15.gif --> chris.kingsu.ab.ca /home/brian/public_html/New_ALB/applets/collisions1D/applethelp eqn15.gif
2002.10.04 11:14 B C:\matthew\New_ALB\applets\collisions1D\applethelp\eqn16.gif --> chris.kingsu.ab.ca /home/brian/public_html/New_ALB/applets/collisions1D/applethelp eqn16.gif
2002.10.04 11:14 B C:\matthew\New_ALB\applets\collisions1D\applethelp\eqn17.gif --> chris.kingsu.ab.ca /home/brian/public_html/New_ALB/applets/collisions1D/applethelp eqn17.gif
2002.10.04 11:14 B C:\matthew\New_ALB\applets\collisions1D\applethelp\eqn9.gif --> chris.kingsu.ab.ca /home/brian/public_html/New_ALB/applets/collisions1D/applethelp eqn9.gif
2002.10.04 11:14 B C:\matthew\New_ALB\applets\collisions1D\applethelp\fig01a.png --> chris.kingsu.ab.ca /home/brian/public_html/New_ALB/applets/collisions1D/applethelp fig01a.png
2002.10.04 11:14 B C:\matthew\New_ALB\applets\collisions1D\applethelp\fig02a.png --> chris.kingsu.ab.ca /home/brian/public_html/New_ALB/applets/collisions1D/applethelp fig02a.png
2002.10.04 11:14 B C:\matthew\New_ALB\applets\collisions1D\applethelp\fig02b.png --> chris.kingsu.ab.ca /home/brian/public_html/New_ALB/applets/collisions1D/applethelp fig02b.png
2002.10.04 11:14 B C:\matthew\New_ALB\applets\collisions1D\applethelp\fig03a.png --> chris.kingsu.ab.ca /home/brian/public_html/New_ALB/applets/collisions1D/applethelp fig03a.png
2002.10.04 11:14 B C:\matthew\New_ALB\applets\collisions1D\applethelp\fig03b.png --> chris.kingsu.ab.ca /home/brian/public_html/New_ALB/applets/collisions1D/applethelp fig03b.png
2002.10.04 11:14 B C:\matthew\New_ALB\applets\collisions1D\applethelp\fig04a.png --> chris.kingsu.ab.ca /home/brian/public_html/New_ALB/applets/collisions1D/applethelp fig04a.png
2002.10.04 11:14 B C:\matthew\New_ALB\applets\collisions1D\applethelp\fig04b.png --> chris.kingsu.ab.ca /home/brian/public_html/New_ALB/applets/collisions1D/applethelp fig04b.png
2002.10.04 11:14 B C:\matthew\New_ALB\applets\collisions1D\applethelp\fig05a.png --> chris.kingsu.ab.ca /home/brian/public_html/New_ALB/applets/collisions1D/applethelp fig05a.png
2002.10.04 11:14 B C:\matthew\New_ALB\applets\collisions1D\applethelp\fig06a.png --> chris.kingsu.ab.ca /home/brian/public_html/New_ALB/applets/collisions1D/applethelp fig06a.png
2002.10.04 11:14 B C:\matthew\New_ALB\applets\collisions1D\applethelp\fig06b.png --> chris.kingsu.ab.ca /home/brian/public_html/New_ALB/applets/collisions1D/applethelp fig06b.png
2002.10.04 11:14 B C:\matthew\New_ALB\applets\collisions1D\applethelp\fig06c.png --> chris.kingsu.ab.ca /home/brian/public_html/New_ALB/applets/collisions1D/applethelp fig06c.png
2002.10.04 11:14 B C:\matthew\New_ALB\applets\collisions1D\applethelp\fig06d.png --> chris.kingsu.ab.ca /home/brian/public_html/New_ALB/applets/collisions1D/applethelp fig06d.png
2002.10.04 11:14 B C:\matthew\New_ALB\applets\collisions1D\applethelp\fig07a.png --> chris.kingsu.ab.ca /home/brian/public_html/New_ALB/applets/collisions1D/applethelp fig07a.png
2002.10.04 11:14 B C:\matthew\New_ALB\applets\collisions1D\applethelp\fig08a.png --> chris.kingsu.ab.ca /home/brian/public_html/New_ALB/applets/collisions1D/applethelp fig08a.png
2002.10.04 11:14 B C:\matthew\New_ALB\applets\collisions1D\applethelp\fig08b.png --> chris.kingsu.ab.ca /home/brian/public_html/New_ALB/applets/collisions1D/applethelp fig08b.png
2002.10.04 11:14 B C:\matthew\New_ALB\applets\collisions1D\applethelp\fig08c.png --> chris.kingsu.ab.ca /home/brian/public_html/New_ALB/applets/collisions1D/applethelp fig08c.png
2002.10.04 11:14 B C:\matthew\New_ALB\applets\collisions1D\applethelp\fig09a.png --> chris.kingsu.ab.ca /home/brian/public_html/New_ALB/applets/collisions1D/applethelp fig09a.png
2002.10.04 11:14 B C:\matthew\New_ALB\applets\collisions1D\applethelp\frameset.html --> chris.kingsu.ab.ca /home/brian/public_html/New_ALB/applets/collisions1D/applethelp frameset.html
2002.10.04 11:14 B C:\matthew\New_ALB\applets\collisions1D\applethelp\help.html --> chris.kingsu.ab.ca /home/brian/public_html/New_ALB/applets/collisions1D/applethelp help.html
2002.10.04 11:14 B C:\matthew\New_ALB\applets\collisions1D\applethelp\help_collisions1D.html --> chris.kingsu.ab.ca /home/brian/public_html/New_ALB/applets/collisions1D/applethelp help_collisions1D.html
2002.10.04 11:14 B C:\matthew\New_ALB\applets\collisions1D\applethelp\intro.html --> chris.kingsu.ab.ca /home/brian/public_html/New_ALB/applets/collisions1D/applethelp intro.html
2002.10.04 11:14 B C:\matthew\New_ALB\applets\collisions1D\applethelp\navPanel.html --> chris.kingsu.ab.ca /home/brian/public_html/New_ALB/applets/collisions1D/applethelp navPanel.html
2002.10.04 11:14 B C:\matthew\New_ALB\applets\collisions1D\applethelp\showme.html --> chris.kingsu.ab.ca /home/brian/public_html/New_ALB/applets/collisions1D/applethelp showme.html
2002.10.13 22:10 B C:\matthew\New_ALB\applets\collisions1D\applethelp\assumptions.html --> chris.kingsu.ab.ca /home/brian/public_html/New_ALB/applets/collisions1D/applethelp assumptions.html
2002.10.13 22:10 B C:\matthew\New_ALB\applets\collisions1D\applethelp\eqn10.gif --> chris.kingsu.ab.ca /home/brian/public_html/New_ALB/applets/collisions1D/applethelp eqn10.gif
2002.10.13 22:10 B C:\matthew\New_ALB\applets\collisions1D\applethelp\eqn11.gif --> chris.kingsu.ab.ca /home/brian/public_html/New_ALB/applets/collisions1D/applethelp eqn11.gif
2002.10.13 22:10 B C:\matthew\New_ALB\applets\collisions1D\applethelp\eqn12.gif --> chris.kingsu.ab.ca /home/brian/public_html/New_ALB/applets/collisions1D/applethelp eqn12.gif
2002.10.13 22:10 B C:\matthew\New_ALB\applets\collisions1D\applethelp\eqn13.gif --> chris.kingsu.ab.ca /home/brian/public_html/New_ALB/applets/collisions1D/applethelp eqn13.gif
2002.10.13 22:10 B C:\matthew\New_ALB\applets\collisions1D\applethelp\eqn14.gif --> chris.kingsu.ab.ca /home/brian/public_html/New_ALB/applets/collisions1D/applethelp eqn14.gif
2002.10.13 22:10 B C:\matthew\New_ALB\applets\collisions1D\applethelp\eqn15.gif --> chris.kingsu.ab.ca /home/brian/public_html/New_ALB/applets/collisions1D/applethelp eqn15.gif
2002.10.13 22:10 B C:\matthew\New_ALB\applets\collisions1D\applethelp\eqn16.gif --> chris.kingsu.ab.ca /home/brian/public_html/New_ALB/applets/collisions1D/applethelp eqn16.gif
2002.10.13 22:10 B C:\matthew\New_ALB\applets\collisions1D\applethelp\eqn17.gif --> chris.kingsu.ab.ca /home/brian/public_html/New_ALB/applets/collisions1D/applethelp eqn17.gif
2002.10.13 22:10 B C:\matthew\New_ALB\applets\collisions1D\applethelp\eqn9.gif --> chris.kingsu.ab.ca /home/brian/public_html/New_ALB/applets/collisions1D/applethelp eqn9.gif
2002.10.13 22:10 B C:\matthew\New_ALB\applets\collisions1D\applethelp\fig01a.png --> chris.kingsu.ab.ca /home/brian/public_html/New_ALB/applets/collisions1D/applethelp fig01a.png
2002.10.13 22:10 B C:\matthew\New_ALB\applets\collisions1D\applethelp\fig02a.png --> chris.kingsu.ab.ca /home/brian/public_html/New_ALB/applets/collisions1D/applethelp fig02a.png
2002.10.13 22:10 B C:\matthew\New_ALB\applets\collisions1D\applethelp\fig02b.png --> chris.kingsu.ab.ca /home/brian/public_html/New_ALB/applets/collisions1D/applethelp fig02b.png
2002.10.13 22:10 B C:\matthew\New_ALB\applets\collisions1D\applethelp\fig03a.png --> chris.kingsu.ab.ca /home/brian/public_html/New_ALB/applets/collisions1D/applethelp fig03a.png
2002.10.13 22:10 B C:\matthew\New_ALB\applets\collisions1D\applethelp\fig03b.png --> chris.kingsu.ab.ca /home/brian/public_html/New_ALB/applets/collisions1D/applethelp fig03b.png
2002.10.13 22:10 B C:\matthew\New_ALB\applets\collisions1D\applethelp\fig04a.png --> chris.kingsu.ab.ca /home/brian/public_html/New_ALB/applets/collisions1D/applethelp fig04a.png
2002.10.13 22:10 B C:\matthew\New_ALB\applets\collisions1D\applethelp\fig04b.png --> chris.kingsu.ab.ca /home/brian/public_html/New_ALB/applets/collisions1D/applethelp fig04b.png
2002.10.13 22:10 B C:\matthew\New_ALB\applets\collisions1D\applethelp\fig05a.png --> chris.kingsu.ab.ca /home/brian/public_html/New_ALB/applets/collisions1D/applethelp fig05a.png
2002.10.13 22:10 B C:\matthew\New_ALB\applets\collisions1D\applethelp\fig06a.png --> chris.kingsu.ab.ca /home/brian/public_html/New_ALB/applets/collisions1D/applethelp fig06a.png
2002.10.13 22:10 B C:\matthew\New_ALB\applets\collisions1D\applethelp\fig06b.png --> chris.kingsu.ab.ca /home/brian/public_html/New_ALB/applets/collisions1D/applethelp fig06b.png
2002.10.13 22:10 B C:\matthew\New_ALB\applets\collisions1D\applethelp\fig06c.png --> chris.kingsu.ab.ca /home/brian/public_html/New_ALB/applets/collisions1D/applethelp fig06c.png
2002.10.13 22:10 B C:\matthew\New_ALB\applets\collisions1D\applethelp\fig06d.png --> chris.kingsu.ab.ca /home/brian/public_html/New_ALB/applets/collisions1D/applethelp fig06d.png
2002.10.13 22:10 B C:\matthew\New_ALB\applets\collisions1D\applethelp\fig07a.png --> chris.kingsu.ab.ca /home/brian/public_html/New_ALB/applets/collisions1D/applethelp fig07a.png
2002.10.13 22:10 B C:\matthew\New_ALB\applets\collisions1D\applethelp\fig08a.png --> chris.kingsu.ab.ca /home/brian/public_html/New_ALB/applets/collisions1D/applethelp fig08a.png
2002.10.13 22:10 B C:\matthew\New_ALB\applets\collisions1D\applethelp\fig08b.png --> chris.kingsu.ab.ca /home/brian/public_html/New_ALB/applets/collisions1D/applethelp fig08b.png
2002.10.13 22:11 B C:\matthew\New_ALB\applets\collisions1D\applethelp\fig08c.png --> chris.kingsu.ab.ca /home/brian/public_html/New_ALB/applets/collisions1D/applethelp fig08c.png
2002.10.13 22:11 B C:\matthew\New_ALB\applets\collisions1D\applethelp\fig09a.png --> chris.kingsu.ab.ca /home/brian/public_html/New_ALB/applets/collisions1D/applethelp fig09a.png
2002.10.13 22:11 B C:\matthew\New_ALB\applets\collisions1D\applethelp\frameset.html --> chris.kingsu.ab.ca /home/brian/public_html/New_ALB/applets/collisions1D/applethelp frameset.html
2002.10.13 22:11 B C:\matthew\New_ALB\applets\collisions1D\applethelp\help.html --> chris.kingsu.ab.ca /home/brian/public_html/New_ALB/applets/collisions1D/applethelp help.html
2002.10.13 22:11 B C:\matthew\New_ALB\applets\collisions1D\applethelp\help_collisions1D.html --> chris.kingsu.ab.ca /home/brian/public_html/New_ALB/applets/collisions1D/applethelp help_collisions1D.html
2002.10.13 22:11 B C:\matthew\New_ALB\applets\collisions1D\applethelp\intro.html --> chris.kingsu.ab.ca /home/brian/public_html/New_ALB/applets/collisions1D/applethelp intro.html
2002.10.13 22:11 B C:\matthew\New_ALB\applets\collisions1D\applethelp\navPanel.html --> chris.kingsu.ab.ca /home/brian/public_html/New_ALB/applets/collisions1D/applethelp navPanel.html
2002.10.13 22:11 B C:\matthew\New_ALB\applets\collisions1D\applethelp\showme.html --> chris.kingsu.ab.ca /home/brian/public_html/New_ALB/applets/collisions1D/applethelp showme.html
2002.10.28 09:20 B C:\alberta_learning\new(fall2002)\applets\collisions1D\applethelp\WS_FTP.LOG <-- chris /home/brian/public_html/New_ALB/applets/collisions1D/applethelp WS_FTP.LOG
2003.01.24 08:22 B C:\Astro\public_html\phys\alberta_learning\new(fall2002)\applets\collisions1D\applethelp\assumptions.html --> ftp.kingsu.ab.ca /usr/home/brian/public_html/phys/alberta_learning/new(fall2002)/applets/collisions1D/applethelp assumptions.html
2003.01.24 08:22 B C:\Astro\public_html\phys\alberta_learning\new(fall2002)\applets\collisions1D\applethelp\eqn10.gif --> ftp.kingsu.ab.ca /usr/home/brian/public_html/phys/alberta_learning/new(fall2002)/applets/collisions1D/applethelp eqn10.gif
2003.01.24 08:22 B C:\Astro\public_html\phys\alberta_learning\new(fall2002)\applets\collisions1D\applethelp\eqn11.gif --> ftp.kingsu.ab.ca /usr/home/brian/public_html/phys/alberta_learning/new(fall2002)/applets/collisions1D/applethelp eqn11.gif
2003.01.24 08:22 B C:\Astro\public_html\phys\alberta_learning\new(fall2002)\applets\collisions1D\applethelp\eqn12.gif --> ftp.kingsu.ab.ca /usr/home/brian/public_html/phys/alberta_learning/new(fall2002)/applets/collisions1D/applethelp eqn12.gif
2003.01.24 08:22 B C:\Astro\public_html\phys\alberta_learning\new(fall2002)\applets\collisions1D\applethelp\eqn13.gif --> ftp.kingsu.ab.ca /usr/home/brian/public_html/phys/alberta_learning/new(fall2002)/applets/collisions1D/applethelp eqn13.gif
2003.01.24 08:22 B C:\Astro\public_html\phys\alberta_learning\new(fall2002)\applets\collisions1D\applethelp\eqn14.gif --> ftp.kingsu.ab.ca /usr/home/brian/public_html/phys/alberta_learning/new(fall2002)/applets/collisions1D/applethelp eqn14.gif
2003.01.24 08:22 B C:\Astro\public_html\phys\alberta_learning\new(fall2002)\applets\collisions1D\applethelp\eqn15.gif --> ftp.kingsu.ab.ca /usr/home/brian/public_html/phys/alberta_learning/new(fall2002)/applets/collisions1D/applethelp eqn15.gif
2003.01.24 08:22 B C:\Astro\public_html\phys\alberta_learning\new(fall2002)\applets\collisions1D\applethelp\eqn16.gif --> ftp.kingsu.ab.ca /usr/home/brian/public_html/phys/alberta_learning/new(fall2002)/applets/collisions1D/applethelp eqn16.gif
2003.01.24 08:22 B C:\Astro\public_html\phys\alberta_learning\new(fall2002)\applets\collisions1D\applethelp\eqn17.gif --> ftp.kingsu.ab.ca /usr/home/brian/public_html/phys/alberta_learning/new(fall2002)/applets/collisions1D/applethelp eqn17.gif
2003.01.24 08:22 B C:\Astro\public_html\phys\alberta_learning\new(fall2002)\applets\collisions1D\applethelp\eqn9.gif --> ftp.kingsu.ab.ca /usr/home/brian/public_html/phys/alberta_learning/new(fall2002)/applets/collisions1D/applethelp eqn9.gif
2003.01.24 08:22 B C:\Astro\public_html\phys\alberta_learning\new(fall2002)\applets\collisions1D\applethelp\fig01a.png --> ftp.kingsu.ab.ca /usr/home/brian/public_html/phys/alberta_learning/new(fall2002)/applets/collisions1D/applethelp fig01a.png
2003.01.24 08:22 B C:\Astro\public_html\phys\alberta_learning\new(fall2002)\applets\collisions1D\applethelp\fig02a.png --> ftp.kingsu.ab.ca /usr/home/brian/public_html/phys/alberta_learning/new(fall2002)/applets/collisions1D/applethelp fig02a.png
2003.01.24 08:22 B C:\Astro\public_html\phys\alberta_learning\new(fall2002)\applets\collisions1D\applethelp\fig02b.png --> ftp.kingsu.ab.ca /usr/home/brian/public_html/phys/alberta_learning/new(fall2002)/applets/collisions1D/applethelp fig02b.png
2003.01.24 08:22 B C:\Astro\public_html\phys\alberta_learning\new(fall2002)\applets\collisions1D\applethelp\fig03a.png --> ftp.kingsu.ab.ca /usr/home/brian/public_html/phys/alberta_learning/new(fall2002)/applets/collisions1D/applethelp fig03a.png
2003.01.24 08:22 B C:\Astro\public_html\phys\alberta_learning\new(fall2002)\applets\collisions1D\applethelp\fig03b.png --> ftp.kingsu.ab.ca /usr/home/brian/public_html/phys/alberta_learning/new(fall2002)/applets/collisions1D/applethelp fig03b.png
2003.01.24 08:22 B C:\Astro\public_html\phys\alberta_learning\new(fall2002)\applets\collisions1D\applethelp\fig04a.png --> ftp.kingsu.ab.ca /usr/home/brian/public_html/phys/alberta_learning/new(fall2002)/applets/collisions1D/applethelp fig04a.png
2003.01.24 08:22 B C:\Astro\public_html\phys\alberta_learning\new(fall2002)\applets\collisions1D\applethelp\fig04b.png --> ftp.kingsu.ab.ca /usr/home/brian/public_html/phys/alberta_learning/new(fall2002)/applets/collisions1D/applethelp fig04b.png
2003.01.24 08:22 B C:\Astro\public_html\phys\alberta_learning\new(fall2002)\applets\collisions1D\applethelp\fig05a.png --> ftp.kingsu.ab.ca /usr/home/brian/public_html/phys/alberta_learning/new(fall2002)/applets/collisions1D/applethelp fig05a.png
2003.01.24 08:22 B C:\Astro\public_html\phys\alberta_learning\new(fall2002)\applets\collisions1D\applethelp\fig06a.png --> ftp.kingsu.ab.ca /usr/home/brian/public_html/phys/alberta_learning/new(fall2002)/applets/collisions1D/applethelp fig06a.png
2003.01.24 08:22 B C:\Astro\public_html\phys\alberta_learning\new(fall2002)\applets\collisions1D\applethelp\fig06b.png --> ftp.kingsu.ab.ca /usr/home/brian/public_html/phys/alberta_learning/new(fall2002)/applets/collisions1D/applethelp fig06b.png
2003.01.24 08:22 B C:\Astro\public_html\phys\alberta_learning\new(fall2002)\applets\collisions1D\applethelp\fig06c.png --> ftp.kingsu.ab.ca /usr/home/brian/public_html/phys/alberta_learning/new(fall2002)/applets/collisions1D/applethelp fig06c.png
2003.01.24 08:22 B C:\Astro\public_html\phys\alberta_learning\new(fall2002)\applets\collisions1D\applethelp\fig06d.png --> ftp.kingsu.ab.ca /usr/home/brian/public_html/phys/alberta_learning/new(fall2002)/applets/collisions1D/applethelp fig06d.png
2003.01.24 08:22 B C:\Astro\public_html\phys\alberta_learning\new(fall2002)\applets\collisions1D\applethelp\fig07a.png --> ftp.kingsu.ab.ca /usr/home/brian/public_html/phys/alberta_learning/new(fall2002)/applets/collisions1D/applethelp fig07a.png
2003.01.24 08:22 B C:\Astro\public_html\phys\alberta_learning\new(fall2002)\applets\collisions1D\applethelp\fig08a.png --> ftp.kingsu.ab.ca /usr/home/brian/public_html/phys/alberta_learning/new(fall2002)/applets/collisions1D/applethelp fig08a.png
2003.01.24 08:22 B C:\Astro\public_html\phys\alberta_learning\new(fall2002)\applets\collisions1D\applethelp\fig08b.png --> ftp.kingsu.ab.ca /usr/home/brian/public_html/phys/alberta_learning/new(fall2002)/applets/collisions1D/applethelp fig08b.png
2003.01.24 08:22 B C:\Astro\public_html\phys\alberta_learning\new(fall2002)\applets\collisions1D\applethelp\fig08c.png --> ftp.kingsu.ab.ca /usr/home/brian/public_html/phys/alberta_learning/new(fall2002)/applets/collisions1D/applethelp fig08c.png
2003.01.24 08:22 B C:\Astro\public_html\phys\alberta_learning\new(fall2002)\applets\collisions1D\applethelp\fig09a.png --> ftp.kingsu.ab.ca /usr/home/brian/public_html/phys/alberta_learning/new(fall2002)/applets/collisions1D/applethelp fig09a.png
2003.01.24 08:22 B C:\Astro\public_html\phys\alberta_learning\new(fall2002)\applets\collisions1D\applethelp\frameset.html --> ftp.kingsu.ab.ca /usr/home/brian/public_html/phys/alberta_learning/new(fall2002)/applets/collisions1D/applethelp frameset.html
2003.01.24 08:22 B C:\Astro\public_html\phys\alberta_learning\new(fall2002)\applets\collisions1D\applethelp\help.html --> ftp.kingsu.ab.ca /usr/home/brian/public_html/phys/alberta_learning/new(fall2002)/applets/collisions1D/applethelp help.html
2003.01.24 08:22 B C:\Astro\public_html\phys\alberta_learning\new(fall2002)\applets\collisions1D\applethelp\help_collisions1D.html --> ftp.kingsu.ab.ca /usr/home/brian/public_html/phys/alberta_learning/new(fall2002)/applets/collisions1D/applethelp help_collisions1D.html
2003.01.24 08:22 B C:\Astro\public_html\phys\alberta_learning\new(fall2002)\applets\collisions1D\applethelp\intro.html --> ftp.kingsu.ab.ca /usr/home/brian/public_html/phys/alberta_learning/new(fall2002)/applets/collisions1D/applethelp intro.html
2003.01.24 08:22 B C:\Astro\public_html\phys\alberta_learning\new(fall2002)\applets\collisions1D\applethelp\navPanel.html --> ftp.kingsu.ab.ca /usr/home/brian/public_html/phys/alberta_learning/new(fall2002)/applets/collisions1D/applethelp navPanel.html
2003.01.24 08:22 B C:\Astro\public_html\phys\alberta_learning\new(fall2002)\applets\collisions1D\applethelp\showme.html --> ftp.kingsu.ab.ca /usr/home/brian/public_html/phys/alberta_learning/new(fall2002)/applets/collisions1D/applethelp showme.html
2019.04.02 01:22 B C:\kings\phys\alberta_learning\new(fall2002)\applets\collisions1D\applethelp\WS_FTP.LOG <-- kings /usr/home/brian/public_html/phys/alberta_learning/new(fall2002)/applets/collisions1D/applethelp WS_FTP.LOG
