2002.10.04 11:14 B C:\matthew\New_ALB\applets\collisions2D\applethelp\assumptions.html --> chris.kingsu.ab.ca /home/brian/public_html/New_ALB/applets/collisions2D/applethelp assumptions.html
2002.10.04 11:14 B C:\matthew\New_ALB\applets\collisions2D\applethelp\eqn1.gif --> chris.kingsu.ab.ca /home/brian/public_html/New_ALB/applets/collisions2D/applethelp eqn1.gif
2002.10.04 11:14 B C:\matthew\New_ALB\applets\collisions2D\applethelp\eqn2.gif --> chris.kingsu.ab.ca /home/brian/public_html/New_ALB/applets/collisions2D/applethelp eqn2.gif
2002.10.04 11:14 B C:\matthew\New_ALB\applets\collisions2D\applethelp\eqn3.gif --> chris.kingsu.ab.ca /home/brian/public_html/New_ALB/applets/collisions2D/applethelp eqn3.gif
2002.10.04 11:14 B C:\matthew\New_ALB\applets\collisions2D\applethelp\eqn4.gif --> chris.kingsu.ab.ca /home/brian/public_html/New_ALB/applets/collisions2D/applethelp eqn4.gif
2002.10.04 11:14 B C:\matthew\New_ALB\applets\collisions2D\applethelp\eqn5.gif --> chris.kingsu.ab.ca /home/brian/public_html/New_ALB/applets/collisions2D/applethelp eqn5.gif
2002.10.04 11:14 B C:\matthew\New_ALB\applets\collisions2D\applethelp\eqn6.gif --> chris.kingsu.ab.ca /home/brian/public_html/New_ALB/applets/collisions2D/applethelp eqn6.gif
2002.10.04 11:14 B C:\matthew\New_ALB\applets\collisions2D\applethelp\eqn7.gif --> chris.kingsu.ab.ca /home/brian/public_html/New_ALB/applets/collisions2D/applethelp eqn7.gif
2002.10.04 11:14 B C:\matthew\New_ALB\applets\collisions2D\applethelp\eqn8.gif --> chris.kingsu.ab.ca /home/brian/public_html/New_ALB/applets/collisions2D/applethelp eqn8.gif
2002.10.04 11:14 B C:\matthew\New_ALB\applets\collisions2D\applethelp\fig01a.png --> chris.kingsu.ab.ca /home/brian/public_html/New_ALB/applets/collisions2D/applethelp fig01a.png
2002.10.04 11:14 B C:\matthew\New_ALB\applets\collisions2D\applethelp\fig02a.png --> chris.kingsu.ab.ca /home/brian/public_html/New_ALB/applets/collisions2D/applethelp fig02a.png
2002.10.04 11:14 B C:\matthew\New_ALB\applets\collisions2D\applethelp\fig02b.png --> chris.kingsu.ab.ca /home/brian/public_html/New_ALB/applets/collisions2D/applethelp fig02b.png
2002.10.04 11:14 B C:\matthew\New_ALB\applets\collisions2D\applethelp\fig03a.png --> chris.kingsu.ab.ca /home/brian/public_html/New_ALB/applets/collisions2D/applethelp fig03a.png
2002.10.04 11:14 B C:\matthew\New_ALB\applets\collisions2D\applethelp\fig03b.png --> chris.kingsu.ab.ca /home/brian/public_html/New_ALB/applets/collisions2D/applethelp fig03b.png
2002.10.04 11:14 B C:\matthew\New_ALB\applets\collisions2D\applethelp\fig04a.png --> chris.kingsu.ab.ca /home/brian/public_html/New_ALB/applets/collisions2D/applethelp fig04a.png
2002.10.04 11:14 B C:\matthew\New_ALB\applets\collisions2D\applethelp\fig04b.png --> chris.kingsu.ab.ca /home/brian/public_html/New_ALB/applets/collisions2D/applethelp fig04b.png
2002.10.04 11:14 B C:\matthew\New_ALB\applets\collisions2D\applethelp\fig05a.png --> chris.kingsu.ab.ca /home/brian/public_html/New_ALB/applets/collisions2D/applethelp fig05a.png
2002.10.04 11:14 B C:\matthew\New_ALB\applets\collisions2D\applethelp\fig05b.png --> chris.kingsu.ab.ca /home/brian/public_html/New_ALB/applets/collisions2D/applethelp fig05b.png
2002.10.04 11:14 B C:\matthew\New_ALB\applets\collisions2D\applethelp\fig06a.png --> chris.kingsu.ab.ca /home/brian/public_html/New_ALB/applets/collisions2D/applethelp fig06a.png
2002.10.04 11:14 B C:\matthew\New_ALB\applets\collisions2D\applethelp\fig07a.png --> chris.kingsu.ab.ca /home/brian/public_html/New_ALB/applets/collisions2D/applethelp fig07a.png
2002.10.04 11:14 B C:\matthew\New_ALB\applets\collisions2D\applethelp\fig08a.png --> chris.kingsu.ab.ca /home/brian/public_html/New_ALB/applets/collisions2D/applethelp fig08a.png
2002.10.04 11:14 B C:\matthew\New_ALB\applets\collisions2D\applethelp\fig09a.png --> chris.kingsu.ab.ca /home/brian/public_html/New_ALB/applets/collisions2D/applethelp fig09a.png
2002.10.04 11:14 B C:\matthew\New_ALB\applets\collisions2D\applethelp\fig10a.png --> chris.kingsu.ab.ca /home/brian/public_html/New_ALB/applets/collisions2D/applethelp fig10a.png
2002.10.04 11:14 B C:\matthew\New_ALB\applets\collisions2D\applethelp\fig11a.png --> chris.kingsu.ab.ca /home/brian/public_html/New_ALB/applets/collisions2D/applethelp fig11a.png
2002.10.04 11:14 B C:\matthew\New_ALB\applets\collisions2D\applethelp\fig12a.png --> chris.kingsu.ab.ca /home/brian/public_html/New_ALB/applets/collisions2D/applethelp fig12a.png
2002.10.04 11:14 B C:\matthew\New_ALB\applets\collisions2D\applethelp\fig12b.png --> chris.kingsu.ab.ca /home/brian/public_html/New_ALB/applets/collisions2D/applethelp fig12b.png
2002.10.04 11:14 B C:\matthew\New_ALB\applets\collisions2D\applethelp\fig12c.png --> chris.kingsu.ab.ca /home/brian/public_html/New_ALB/applets/collisions2D/applethelp fig12c.png
2002.10.04 11:14 B C:\matthew\New_ALB\applets\collisions2D\applethelp\frameset.html --> chris.kingsu.ab.ca /home/brian/public_html/New_ALB/applets/collisions2D/applethelp frameset.html
2002.10.04 11:14 B C:\matthew\New_ALB\applets\collisions2D\applethelp\help.html --> chris.kingsu.ab.ca /home/brian/public_html/New_ALB/applets/collisions2D/applethelp help.html
2002.10.04 11:14 B C:\matthew\New_ALB\applets\collisions2D\applethelp\help_collisions2D.html --> chris.kingsu.ab.ca /home/brian/public_html/New_ALB/applets/collisions2D/applethelp help_collisions2D.html
2002.10.04 11:14 B C:\matthew\New_ALB\applets\collisions2D\applethelp\intro.html --> chris.kingsu.ab.ca /home/brian/public_html/New_ALB/applets/collisions2D/applethelp intro.html
2002.10.04 11:14 B C:\matthew\New_ALB\applets\collisions2D\applethelp\navPanel.html --> chris.kingsu.ab.ca /home/brian/public_html/New_ALB/applets/collisions2D/applethelp navPanel.html
2002.10.04 11:14 B C:\matthew\New_ALB\applets\collisions2D\applethelp\showme.html --> chris.kingsu.ab.ca /home/brian/public_html/New_ALB/applets/collisions2D/applethelp showme.html
2002.10.13 22:11 B C:\matthew\New_ALB\applets\collisions2D\applethelp\assumptions.html --> chris.kingsu.ab.ca /home/brian/public_html/New_ALB/applets/collisions2D/applethelp assumptions.html
2002.10.13 22:11 B C:\matthew\New_ALB\applets\collisions2D\applethelp\eqn1.gif --> chris.kingsu.ab.ca /home/brian/public_html/New_ALB/applets/collisions2D/applethelp eqn1.gif
2002.10.13 22:11 B C:\matthew\New_ALB\applets\collisions2D\applethelp\eqn2.gif --> chris.kingsu.ab.ca /home/brian/public_html/New_ALB/applets/collisions2D/applethelp eqn2.gif
2002.10.13 22:11 B C:\matthew\New_ALB\applets\collisions2D\applethelp\eqn3.gif --> chris.kingsu.ab.ca /home/brian/public_html/New_ALB/applets/collisions2D/applethelp eqn3.gif
2002.10.13 22:11 B C:\matthew\New_ALB\applets\collisions2D\applethelp\eqn4.gif --> chris.kingsu.ab.ca /home/brian/public_html/New_ALB/applets/collisions2D/applethelp eqn4.gif
2002.10.13 22:11 B C:\matthew\New_ALB\applets\collisions2D\applethelp\eqn5.gif --> chris.kingsu.ab.ca /home/brian/public_html/New_ALB/applets/collisions2D/applethelp eqn5.gif
2002.10.13 22:11 B C:\matthew\New_ALB\applets\collisions2D\applethelp\eqn6.gif --> chris.kingsu.ab.ca /home/brian/public_html/New_ALB/applets/collisions2D/applethelp eqn6.gif
2002.10.13 22:11 B C:\matthew\New_ALB\applets\collisions2D\applethelp\eqn7.gif --> chris.kingsu.ab.ca /home/brian/public_html/New_ALB/applets/collisions2D/applethelp eqn7.gif
2002.10.13 22:11 B C:\matthew\New_ALB\applets\collisions2D\applethelp\eqn8.gif --> chris.kingsu.ab.ca /home/brian/public_html/New_ALB/applets/collisions2D/applethelp eqn8.gif
2002.10.13 22:11 B C:\matthew\New_ALB\applets\collisions2D\applethelp\fig01a.png --> chris.kingsu.ab.ca /home/brian/public_html/New_ALB/applets/collisions2D/applethelp fig01a.png
2002.10.13 22:11 B C:\matthew\New_ALB\applets\collisions2D\applethelp\fig02a.png --> chris.kingsu.ab.ca /home/brian/public_html/New_ALB/applets/collisions2D/applethelp fig02a.png
2002.10.13 22:11 B C:\matthew\New_ALB\applets\collisions2D\applethelp\fig02b.png --> chris.kingsu.ab.ca /home/brian/public_html/New_ALB/applets/collisions2D/applethelp fig02b.png
2002.10.13 22:11 B C:\matthew\New_ALB\applets\collisions2D\applethelp\fig03a.png --> chris.kingsu.ab.ca /home/brian/public_html/New_ALB/applets/collisions2D/applethelp fig03a.png
2002.10.13 22:11 B C:\matthew\New_ALB\applets\collisions2D\applethelp\fig03b.png --> chris.kingsu.ab.ca /home/brian/public_html/New_ALB/applets/collisions2D/applethelp fig03b.png
2002.10.13 22:11 B C:\matthew\New_ALB\applets\collisions2D\applethelp\fig04a.png --> chris.kingsu.ab.ca /home/brian/public_html/New_ALB/applets/collisions2D/applethelp fig04a.png
2002.10.13 22:11 B C:\matthew\New_ALB\applets\collisions2D\applethelp\fig04b.png --> chris.kingsu.ab.ca /home/brian/public_html/New_ALB/applets/collisions2D/applethelp fig04b.png
2002.10.13 22:11 B C:\matthew\New_ALB\applets\collisions2D\applethelp\fig05a.png --> chris.kingsu.ab.ca /home/brian/public_html/New_ALB/applets/collisions2D/applethelp fig05a.png
2002.10.13 22:11 B C:\matthew\New_ALB\applets\collisions2D\applethelp\fig05b.png --> chris.kingsu.ab.ca /home/brian/public_html/New_ALB/applets/collisions2D/applethelp fig05b.png
2002.10.13 22:11 B C:\matthew\New_ALB\applets\collisions2D\applethelp\fig06a.png --> chris.kingsu.ab.ca /home/brian/public_html/New_ALB/applets/collisions2D/applethelp fig06a.png
2002.10.13 22:11 B C:\matthew\New_ALB\applets\collisions2D\applethelp\fig07a.png --> chris.kingsu.ab.ca /home/brian/public_html/New_ALB/applets/collisions2D/applethelp fig07a.png
2002.10.13 22:11 B C:\matthew\New_ALB\applets\collisions2D\applethelp\fig08a.png --> chris.kingsu.ab.ca /home/brian/public_html/New_ALB/applets/collisions2D/applethelp fig08a.png
2002.10.13 22:11 B C:\matthew\New_ALB\applets\collisions2D\applethelp\fig09a.png --> chris.kingsu.ab.ca /home/brian/public_html/New_ALB/applets/collisions2D/applethelp fig09a.png
2002.10.13 22:11 B C:\matthew\New_ALB\applets\collisions2D\applethelp\fig10a.png --> chris.kingsu.ab.ca /home/brian/public_html/New_ALB/applets/collisions2D/applethelp fig10a.png
2002.10.13 22:11 B C:\matthew\New_ALB\applets\collisions2D\applethelp\fig11a.png --> chris.kingsu.ab.ca /home/brian/public_html/New_ALB/applets/collisions2D/applethelp fig11a.png
2002.10.13 22:11 B C:\matthew\New_ALB\applets\collisions2D\applethelp\fig12a.png --> chris.kingsu.ab.ca /home/brian/public_html/New_ALB/applets/collisions2D/applethelp fig12a.png
2002.10.13 22:11 B C:\matthew\New_ALB\applets\collisions2D\applethelp\fig12b.png --> chris.kingsu.ab.ca /home/brian/public_html/New_ALB/applets/collisions2D/applethelp fig12b.png
2002.10.13 22:11 B C:\matthew\New_ALB\applets\collisions2D\applethelp\fig12c.png --> chris.kingsu.ab.ca /home/brian/public_html/New_ALB/applets/collisions2D/applethelp fig12c.png
2002.10.13 22:11 B C:\matthew\New_ALB\applets\collisions2D\applethelp\frameset.html --> chris.kingsu.ab.ca /home/brian/public_html/New_ALB/applets/collisions2D/applethelp frameset.html
2002.10.13 22:11 B C:\matthew\New_ALB\applets\collisions2D\applethelp\help.html --> chris.kingsu.ab.ca /home/brian/public_html/New_ALB/applets/collisions2D/applethelp help.html
2002.10.13 22:11 B C:\matthew\New_ALB\applets\collisions2D\applethelp\help_collisions2D.html --> chris.kingsu.ab.ca /home/brian/public_html/New_ALB/applets/collisions2D/applethelp help_collisions2D.html
2002.10.13 22:11 B C:\matthew\New_ALB\applets\collisions2D\applethelp\intro.html --> chris.kingsu.ab.ca /home/brian/public_html/New_ALB/applets/collisions2D/applethelp intro.html
2002.10.13 22:11 B C:\matthew\New_ALB\applets\collisions2D\applethelp\navPanel.html --> chris.kingsu.ab.ca /home/brian/public_html/New_ALB/applets/collisions2D/applethelp navPanel.html
2002.10.13 22:11 B C:\matthew\New_ALB\applets\collisions2D\applethelp\showme.html --> chris.kingsu.ab.ca /home/brian/public_html/New_ALB/applets/collisions2D/applethelp showme.html
2002.10.28 09:21 B C:\alberta_learning\new(fall2002)\applets\collisions2D\applethelp\WS_FTP.LOG <-- chris /home/brian/public_html/New_ALB/applets/collisions2D/applethelp WS_FTP.LOG
2003.01.24 08:22 B C:\Astro\public_html\phys\alberta_learning\new(fall2002)\applets\collisions2D\applethelp\assumptions.html --> ftp.kingsu.ab.ca /usr/home/brian/public_html/phys/alberta_learning/new(fall2002)/applets/collisions2D/applethelp assumptions.html
2003.01.24 08:22 B C:\Astro\public_html\phys\alberta_learning\new(fall2002)\applets\collisions2D\applethelp\eqn1.gif --> ftp.kingsu.ab.ca /usr/home/brian/public_html/phys/alberta_learning/new(fall2002)/applets/collisions2D/applethelp eqn1.gif
2003.01.24 08:22 B C:\Astro\public_html\phys\alberta_learning\new(fall2002)\applets\collisions2D\applethelp\eqn2.gif --> ftp.kingsu.ab.ca /usr/home/brian/public_html/phys/alberta_learning/new(fall2002)/applets/collisions2D/applethelp eqn2.gif
2003.01.24 08:22 B C:\Astro\public_html\phys\alberta_learning\new(fall2002)\applets\collisions2D\applethelp\eqn3.gif --> ftp.kingsu.ab.ca /usr/home/brian/public_html/phys/alberta_learning/new(fall2002)/applets/collisions2D/applethelp eqn3.gif
2003.01.24 08:22 B C:\Astro\public_html\phys\alberta_learning\new(fall2002)\applets\collisions2D\applethelp\eqn4.gif --> ftp.kingsu.ab.ca /usr/home/brian/public_html/phys/alberta_learning/new(fall2002)/applets/collisions2D/applethelp eqn4.gif
2003.01.24 08:22 B C:\Astro\public_html\phys\alberta_learning\new(fall2002)\applets\collisions2D\applethelp\eqn5.gif --> ftp.kingsu.ab.ca /usr/home/brian/public_html/phys/alberta_learning/new(fall2002)/applets/collisions2D/applethelp eqn5.gif
2003.01.24 08:22 B C:\Astro\public_html\phys\alberta_learning\new(fall2002)\applets\collisions2D\applethelp\eqn6.gif --> ftp.kingsu.ab.ca /usr/home/brian/public_html/phys/alberta_learning/new(fall2002)/applets/collisions2D/applethelp eqn6.gif
2003.01.24 08:22 B C:\Astro\public_html\phys\alberta_learning\new(fall2002)\applets\collisions2D\applethelp\eqn7.gif --> ftp.kingsu.ab.ca /usr/home/brian/public_html/phys/alberta_learning/new(fall2002)/applets/collisions2D/applethelp eqn7.gif
2003.01.24 08:22 B C:\Astro\public_html\phys\alberta_learning\new(fall2002)\applets\collisions2D\applethelp\eqn8.gif --> ftp.kingsu.ab.ca /usr/home/brian/public_html/phys/alberta_learning/new(fall2002)/applets/collisions2D/applethelp eqn8.gif
2003.01.24 08:22 B C:\Astro\public_html\phys\alberta_learning\new(fall2002)\applets\collisions2D\applethelp\fig01a.png --> ftp.kingsu.ab.ca /usr/home/brian/public_html/phys/alberta_learning/new(fall2002)/applets/collisions2D/applethelp fig01a.png
2003.01.24 08:22 B C:\Astro\public_html\phys\alberta_learning\new(fall2002)\applets\collisions2D\applethelp\fig02a.png --> ftp.kingsu.ab.ca /usr/home/brian/public_html/phys/alberta_learning/new(fall2002)/applets/collisions2D/applethelp fig02a.png
2003.01.24 08:22 B C:\Astro\public_html\phys\alberta_learning\new(fall2002)\applets\collisions2D\applethelp\fig02b.png --> ftp.kingsu.ab.ca /usr/home/brian/public_html/phys/alberta_learning/new(fall2002)/applets/collisions2D/applethelp fig02b.png
2003.01.24 08:22 B C:\Astro\public_html\phys\alberta_learning\new(fall2002)\applets\collisions2D\applethelp\fig03a.png --> ftp.kingsu.ab.ca /usr/home/brian/public_html/phys/alberta_learning/new(fall2002)/applets/collisions2D/applethelp fig03a.png
2003.01.24 08:22 B C:\Astro\public_html\phys\alberta_learning\new(fall2002)\applets\collisions2D\applethelp\fig03b.png --> ftp.kingsu.ab.ca /usr/home/brian/public_html/phys/alberta_learning/new(fall2002)/applets/collisions2D/applethelp fig03b.png
2003.01.24 08:22 B C:\Astro\public_html\phys\alberta_learning\new(fall2002)\applets\collisions2D\applethelp\fig04a.png --> ftp.kingsu.ab.ca /usr/home/brian/public_html/phys/alberta_learning/new(fall2002)/applets/collisions2D/applethelp fig04a.png
2003.01.24 08:22 B C:\Astro\public_html\phys\alberta_learning\new(fall2002)\applets\collisions2D\applethelp\fig04b.png --> ftp.kingsu.ab.ca /usr/home/brian/public_html/phys/alberta_learning/new(fall2002)/applets/collisions2D/applethelp fig04b.png
2003.01.24 08:22 B C:\Astro\public_html\phys\alberta_learning\new(fall2002)\applets\collisions2D\applethelp\fig05a.png --> ftp.kingsu.ab.ca /usr/home/brian/public_html/phys/alberta_learning/new(fall2002)/applets/collisions2D/applethelp fig05a.png
2003.01.24 08:22 B C:\Astro\public_html\phys\alberta_learning\new(fall2002)\applets\collisions2D\applethelp\fig05b.png --> ftp.kingsu.ab.ca /usr/home/brian/public_html/phys/alberta_learning/new(fall2002)/applets/collisions2D/applethelp fig05b.png
2003.01.24 08:22 B C:\Astro\public_html\phys\alberta_learning\new(fall2002)\applets\collisions2D\applethelp\fig06a.png --> ftp.kingsu.ab.ca /usr/home/brian/public_html/phys/alberta_learning/new(fall2002)/applets/collisions2D/applethelp fig06a.png
2003.01.24 08:22 B C:\Astro\public_html\phys\alberta_learning\new(fall2002)\applets\collisions2D\applethelp\fig07a.png --> ftp.kingsu.ab.ca /usr/home/brian/public_html/phys/alberta_learning/new(fall2002)/applets/collisions2D/applethelp fig07a.png
2003.01.24 08:22 B C:\Astro\public_html\phys\alberta_learning\new(fall2002)\applets\collisions2D\applethelp\fig08a.png --> ftp.kingsu.ab.ca /usr/home/brian/public_html/phys/alberta_learning/new(fall2002)/applets/collisions2D/applethelp fig08a.png
2003.01.24 08:22 B C:\Astro\public_html\phys\alberta_learning\new(fall2002)\applets\collisions2D\applethelp\fig09a.png --> ftp.kingsu.ab.ca /usr/home/brian/public_html/phys/alberta_learning/new(fall2002)/applets/collisions2D/applethelp fig09a.png
2003.01.24 08:22 B C:\Astro\public_html\phys\alberta_learning\new(fall2002)\applets\collisions2D\applethelp\fig10a.png --> ftp.kingsu.ab.ca /usr/home/brian/public_html/phys/alberta_learning/new(fall2002)/applets/collisions2D/applethelp fig10a.png
2003.01.24 08:22 B C:\Astro\public_html\phys\alberta_learning\new(fall2002)\applets\collisions2D\applethelp\fig11a.png --> ftp.kingsu.ab.ca /usr/home/brian/public_html/phys/alberta_learning/new(fall2002)/applets/collisions2D/applethelp fig11a.png
2003.01.24 08:22 B C:\Astro\public_html\phys\alberta_learning\new(fall2002)\applets\collisions2D\applethelp\fig12a.png --> ftp.kingsu.ab.ca /usr/home/brian/public_html/phys/alberta_learning/new(fall2002)/applets/collisions2D/applethelp fig12a.png
2003.01.24 08:22 B C:\Astro\public_html\phys\alberta_learning\new(fall2002)\applets\collisions2D\applethelp\fig12b.png --> ftp.kingsu.ab.ca /usr/home/brian/public_html/phys/alberta_learning/new(fall2002)/applets/collisions2D/applethelp fig12b.png
2003.01.24 08:22 B C:\Astro\public_html\phys\alberta_learning\new(fall2002)\applets\collisions2D\applethelp\fig12c.png --> ftp.kingsu.ab.ca /usr/home/brian/public_html/phys/alberta_learning/new(fall2002)/applets/collisions2D/applethelp fig12c.png
2003.01.24 08:22 B C:\Astro\public_html\phys\alberta_learning\new(fall2002)\applets\collisions2D\applethelp\frameset.html --> ftp.kingsu.ab.ca /usr/home/brian/public_html/phys/alberta_learning/new(fall2002)/applets/collisions2D/applethelp frameset.html
2003.01.24 08:22 B C:\Astro\public_html\phys\alberta_learning\new(fall2002)\applets\collisions2D\applethelp\help.html --> ftp.kingsu.ab.ca /usr/home/brian/public_html/phys/alberta_learning/new(fall2002)/applets/collisions2D/applethelp help.html
2003.01.24 08:22 B C:\Astro\public_html\phys\alberta_learning\new(fall2002)\applets\collisions2D\applethelp\help_collisions2D.html --> ftp.kingsu.ab.ca /usr/home/brian/public_html/phys/alberta_learning/new(fall2002)/applets/collisions2D/applethelp help_collisions2D.html
2003.01.24 08:22 B C:\Astro\public_html\phys\alberta_learning\new(fall2002)\applets\collisions2D\applethelp\intro.html --> ftp.kingsu.ab.ca /usr/home/brian/public_html/phys/alberta_learning/new(fall2002)/applets/collisions2D/applethelp intro.html
2003.01.24 08:22 B C:\Astro\public_html\phys\alberta_learning\new(fall2002)\applets\collisions2D\applethelp\navPanel.html --> ftp.kingsu.ab.ca /usr/home/brian/public_html/phys/alberta_learning/new(fall2002)/applets/collisions2D/applethelp navPanel.html
2003.01.24 08:22 B C:\Astro\public_html\phys\alberta_learning\new(fall2002)\applets\collisions2D\applethelp\showme.html --> ftp.kingsu.ab.ca /usr/home/brian/public_html/phys/alberta_learning/new(fall2002)/applets/collisions2D/applethelp showme.html
2019.04.02 01:22 B C:\kings\phys\alberta_learning\new(fall2002)\applets\collisions2D\applethelp\WS_FTP.LOG <-- kings /usr/home/brian/public_html/phys/alberta_learning/new(fall2002)/applets/collisions2D/applethelp WS_FTP.LOG
