2001.08.07 12:01 B C:\map\alberta_learning\applets\freebodydrawer\projects\project_1 --> ednet.edc.gov.ab.ca /ltbmedia/map_north/alberta_learning/applets/freebodydrawer/projects project_1
2001.08.07 12:01 B C:\map\alberta_learning\applets\freebodydrawer\projects\project_2 --> ednet.edc.gov.ab.ca /ltbmedia/map_north/alberta_learning/applets/freebodydrawer/projects project_2
2001.08.07 12:01 B C:\map\alberta_learning\applets\freebodydrawer\projects\project_2a --> ednet.edc.gov.ab.ca /ltbmedia/map_north/alberta_learning/applets/freebodydrawer/projects project_2a
2001.08.07 12:01 B C:\map\alberta_learning\applets\freebodydrawer\projects\ProjectLoader.class --> ednet.edc.gov.ab.ca /ltbmedia/map_north/alberta_learning/applets/freebodydrawer/projects ProjectLoader.class
2001.08.07 12:07 B C:\map\alberta_learning\applets\freebodydrawer\projects\WS_FTP.LOG --> ednet.edc.gov.ab.ca /ltbmedia/map_north/alberta_learning/applets/freebodydrawer/projects WS_FTP.LOG
2001.08.16 13:06 B C:\map\alberta_learning\applets\freebodydrawer\projects\FunThings --> ednet.edc.gov.ab.ca /ltbmedia/map_north/alberta_learning/applets/freebodydrawer/projects FunThings
2001.08.16 13:06 B C:\map\alberta_learning\applets\freebodydrawer\projects\ProjectLink.class --> ednet.edc.gov.ab.ca /ltbmedia/map_north/alberta_learning/applets/freebodydrawer/projects ProjectLink.class
2001.08.16 13:06 B C:\map\alberta_learning\applets\freebodydrawer\projects\WS_FTP.LOG --> ednet.edc.gov.ab.ca /ltbmedia/map_north/alberta_learning/applets/freebodydrawer/projects WS_FTP.LOG
2001.08.17 11:39 B C:\map\alberta_learning\applets\freebodydrawer\projects\FunThings --> chris.kingsu.ab.ca /home/brian/public_html/alberta_learning/applets/freebodydrawer/projects FunThings
2001.08.17 11:39 B C:\map\alberta_learning\applets\freebodydrawer\projects\project_1 --> chris.kingsu.ab.ca /home/brian/public_html/alberta_learning/applets/freebodydrawer/projects project_1
2001.08.17 11:39 B C:\map\alberta_learning\applets\freebodydrawer\projects\project_2 --> chris.kingsu.ab.ca /home/brian/public_html/alberta_learning/applets/freebodydrawer/projects project_2
2001.08.17 11:39 B C:\map\alberta_learning\applets\freebodydrawer\projects\project_2a --> chris.kingsu.ab.ca /home/brian/public_html/alberta_learning/applets/freebodydrawer/projects project_2a
2001.08.17 11:39 B C:\map\alberta_learning\applets\freebodydrawer\projects\ProjectLink.class --> chris.kingsu.ab.ca /home/brian/public_html/alberta_learning/applets/freebodydrawer/projects ProjectLink.class
2001.08.17 11:39 B C:\map\alberta_learning\applets\freebodydrawer\projects\ProjectLoader.class --> chris.kingsu.ab.ca /home/brian/public_html/alberta_learning/applets/freebodydrawer/projects ProjectLoader.class
2002.10.08 10:15 B C:\alberta_learning\applets\freebodydrawer\projects\WS_FTP.LOG <-- chris /home/brian/old_home/public_html/alberta_learning/applets/freebodydrawer/projects WS_FTP.LOG
2002.10.08 10:31 B C:\alberta_learning\applets\freebodydrawer\projects\WS_FTP.LOG --> chris.kingsu.ab.ca /home/brian/public_html/alberta_learning/applets/freebodydrawer/projects WS_FTP.LOG
2002.10.08 10:52 B C:\alberta_learning\applets\freebodydrawer\projects\FBD --> chris.kingsu.ab.ca /home/brian/public_html/alberta_learning/applets/freebodydrawer/projects FBD
2002.10.08 10:52 B C:\alberta_learning\applets\freebodydrawer\projects\fig1.jpg --> chris.kingsu.ab.ca /home/brian/public_html/alberta_learning/applets/freebodydrawer/projects fig1.jpg
2002.10.08 10:52 B C:\alberta_learning\applets\freebodydrawer\projects\fig2.jpg --> chris.kingsu.ab.ca /home/brian/public_html/alberta_learning/applets/freebodydrawer/projects fig2.jpg
2002.10.08 10:52 B C:\alberta_learning\applets\freebodydrawer\projects\fig3.jpg --> chris.kingsu.ab.ca /home/brian/public_html/alberta_learning/applets/freebodydrawer/projects fig3.jpg
2002.10.08 10:52 B C:\alberta_learning\applets\freebodydrawer\projects\fig4.jpg --> chris.kingsu.ab.ca /home/brian/public_html/alberta_learning/applets/freebodydrawer/projects fig4.jpg
2002.10.08 10:52 B C:\alberta_learning\applets\freebodydrawer\projects\FunThings --> chris.kingsu.ab.ca /home/brian/public_html/alberta_learning/applets/freebodydrawer/projects FunThings
2002.10.08 10:52 B C:\alberta_learning\applets\freebodydrawer\projects\myproject1 --> chris.kingsu.ab.ca /home/brian/public_html/alberta_learning/applets/freebodydrawer/projects myproject1
2002.10.08 10:52 B C:\alberta_learning\applets\freebodydrawer\projects\project_1 --> chris.kingsu.ab.ca /home/brian/public_html/alberta_learning/applets/freebodydrawer/projects project_1
2002.10.08 10:52 B C:\alberta_learning\applets\freebodydrawer\projects\project_2 --> chris.kingsu.ab.ca /home/brian/public_html/alberta_learning/applets/freebodydrawer/projects project_2
2002.10.08 10:52 B C:\alberta_learning\applets\freebodydrawer\projects\project_2a --> chris.kingsu.ab.ca /home/brian/public_html/alberta_learning/applets/freebodydrawer/projects project_2a
2002.10.08 10:52 B C:\alberta_learning\applets\freebodydrawer\projects\project_3 --> chris.kingsu.ab.ca /home/brian/public_html/alberta_learning/applets/freebodydrawer/projects project_3
2002.10.08 10:52 B C:\alberta_learning\applets\freebodydrawer\projects\project_4 --> chris.kingsu.ab.ca /home/brian/public_html/alberta_learning/applets/freebodydrawer/projects project_4
2002.10.08 10:52 B C:\alberta_learning\applets\freebodydrawer\projects\ProjectLink.class --> chris.kingsu.ab.ca /home/brian/public_html/alberta_learning/applets/freebodydrawer/projects ProjectLink.class
2002.10.08 10:52 B C:\alberta_learning\applets\freebodydrawer\projects\ProjectLoader.class --> chris.kingsu.ab.ca /home/brian/public_html/alberta_learning/applets/freebodydrawer/projects ProjectLoader.class
2002.10.08 10:52 B C:\alberta_learning\applets\freebodydrawer\projects\trialproject --> chris.kingsu.ab.ca /home/brian/public_html/alberta_learning/applets/freebodydrawer/projects trialproject
2002.10.09 16:34 B C:\matthew\applets\freebodydrawer\projects\WS_FTP.LOG <-- chris /home/brian/public_html/alberta_learning/applets/freebodydrawer/projects WS_FTP.LOG
2002.10.13 22:16 B C:\matthew\New_ALB\applets\freebodydrawer\projects\FBD --> chris.kingsu.ab.ca /home/brian/public_html/New_ALB/applets/freebodydrawer/projects FBD
2002.10.13 22:16 B C:\matthew\New_ALB\applets\freebodydrawer\projects\fig1.jpg --> chris.kingsu.ab.ca /home/brian/public_html/New_ALB/applets/freebodydrawer/projects fig1.jpg
2002.10.13 22:17 B C:\matthew\New_ALB\applets\freebodydrawer\projects\fig2.jpg --> chris.kingsu.ab.ca /home/brian/public_html/New_ALB/applets/freebodydrawer/projects fig2.jpg
2002.10.13 22:17 B C:\matthew\New_ALB\applets\freebodydrawer\projects\fig3.jpg --> chris.kingsu.ab.ca /home/brian/public_html/New_ALB/applets/freebodydrawer/projects fig3.jpg
2002.10.13 22:17 B C:\matthew\New_ALB\applets\freebodydrawer\projects\fig4.jpg --> chris.kingsu.ab.ca /home/brian/public_html/New_ALB/applets/freebodydrawer/projects fig4.jpg
2002.10.13 22:17 B C:\matthew\New_ALB\applets\freebodydrawer\projects\FunThings --> chris.kingsu.ab.ca /home/brian/public_html/New_ALB/applets/freebodydrawer/projects FunThings
2002.10.13 22:17 B C:\matthew\New_ALB\applets\freebodydrawer\projects\myproject1 --> chris.kingsu.ab.ca /home/brian/public_html/New_ALB/applets/freebodydrawer/projects myproject1
2002.10.13 22:17 B C:\matthew\New_ALB\applets\freebodydrawer\projects\project_1 --> chris.kingsu.ab.ca /home/brian/public_html/New_ALB/applets/freebodydrawer/projects project_1
2002.10.13 22:17 B C:\matthew\New_ALB\applets\freebodydrawer\projects\project_2 --> chris.kingsu.ab.ca /home/brian/public_html/New_ALB/applets/freebodydrawer/projects project_2
2002.10.13 22:17 B C:\matthew\New_ALB\applets\freebodydrawer\projects\project_2a --> chris.kingsu.ab.ca /home/brian/public_html/New_ALB/applets/freebodydrawer/projects project_2a
2002.10.13 22:17 B C:\matthew\New_ALB\applets\freebodydrawer\projects\project_3 --> chris.kingsu.ab.ca /home/brian/public_html/New_ALB/applets/freebodydrawer/projects project_3
2002.10.13 22:17 B C:\matthew\New_ALB\applets\freebodydrawer\projects\project_4 --> chris.kingsu.ab.ca /home/brian/public_html/New_ALB/applets/freebodydrawer/projects project_4
2002.10.13 22:17 B C:\matthew\New_ALB\applets\freebodydrawer\projects\ProjectLink.class --> chris.kingsu.ab.ca /home/brian/public_html/New_ALB/applets/freebodydrawer/projects ProjectLink.class
2002.10.13 22:17 B C:\matthew\New_ALB\applets\freebodydrawer\projects\ProjectLoader.class --> chris.kingsu.ab.ca /home/brian/public_html/New_ALB/applets/freebodydrawer/projects ProjectLoader.class
2002.10.13 22:17 B C:\matthew\New_ALB\applets\freebodydrawer\projects\trialproject --> chris.kingsu.ab.ca /home/brian/public_html/New_ALB/applets/freebodydrawer/projects trialproject
2002.10.28 09:22 B C:\alberta_learning\new(fall2002)\applets\freebodydrawer\projects\WS_FTP.LOG <-- chris /home/brian/public_html/New_ALB/applets/freebodydrawer/projects WS_FTP.LOG
2003.01.24 08:23 B C:\Astro\public_html\phys\alberta_learning\new(fall2002)\applets\freebodydrawer\projects\FBD --> ftp.kingsu.ab.ca /usr/home/brian/public_html/phys/alberta_learning/new(fall2002)/applets/freebodydrawer/projects FBD
2003.01.24 08:23 B C:\Astro\public_html\phys\alberta_learning\new(fall2002)\applets\freebodydrawer\projects\fig1.jpg --> ftp.kingsu.ab.ca /usr/home/brian/public_html/phys/alberta_learning/new(fall2002)/applets/freebodydrawer/projects fig1.jpg
2003.01.24 08:23 B C:\Astro\public_html\phys\alberta_learning\new(fall2002)\applets\freebodydrawer\projects\fig2.jpg --> ftp.kingsu.ab.ca /usr/home/brian/public_html/phys/alberta_learning/new(fall2002)/applets/freebodydrawer/projects fig2.jpg
2003.01.24 08:23 B C:\Astro\public_html\phys\alberta_learning\new(fall2002)\applets\freebodydrawer\projects\fig3.jpg --> ftp.kingsu.ab.ca /usr/home/brian/public_html/phys/alberta_learning/new(fall2002)/applets/freebodydrawer/projects fig3.jpg
2003.01.24 08:23 B C:\Astro\public_html\phys\alberta_learning\new(fall2002)\applets\freebodydrawer\projects\fig4.jpg --> ftp.kingsu.ab.ca /usr/home/brian/public_html/phys/alberta_learning/new(fall2002)/applets/freebodydrawer/projects fig4.jpg
2003.01.24 08:23 B C:\Astro\public_html\phys\alberta_learning\new(fall2002)\applets\freebodydrawer\projects\FunThings --> ftp.kingsu.ab.ca /usr/home/brian/public_html/phys/alberta_learning/new(fall2002)/applets/freebodydrawer/projects FunThings
2003.01.24 08:23 B C:\Astro\public_html\phys\alberta_learning\new(fall2002)\applets\freebodydrawer\projects\myproject1 --> ftp.kingsu.ab.ca /usr/home/brian/public_html/phys/alberta_learning/new(fall2002)/applets/freebodydrawer/projects myproject1
2003.01.24 08:23 B C:\Astro\public_html\phys\alberta_learning\new(fall2002)\applets\freebodydrawer\projects\project_1 --> ftp.kingsu.ab.ca /usr/home/brian/public_html/phys/alberta_learning/new(fall2002)/applets/freebodydrawer/projects project_1
2003.01.24 08:23 B C:\Astro\public_html\phys\alberta_learning\new(fall2002)\applets\freebodydrawer\projects\project_2 --> ftp.kingsu.ab.ca /usr/home/brian/public_html/phys/alberta_learning/new(fall2002)/applets/freebodydrawer/projects project_2
2003.01.24 08:23 B C:\Astro\public_html\phys\alberta_learning\new(fall2002)\applets\freebodydrawer\projects\project_2a --> ftp.kingsu.ab.ca /usr/home/brian/public_html/phys/alberta_learning/new(fall2002)/applets/freebodydrawer/projects project_2a
2003.01.24 08:23 B C:\Astro\public_html\phys\alberta_learning\new(fall2002)\applets\freebodydrawer\projects\project_3 --> ftp.kingsu.ab.ca /usr/home/brian/public_html/phys/alberta_learning/new(fall2002)/applets/freebodydrawer/projects project_3
2003.01.24 08:23 B C:\Astro\public_html\phys\alberta_learning\new(fall2002)\applets\freebodydrawer\projects\project_4 --> ftp.kingsu.ab.ca /usr/home/brian/public_html/phys/alberta_learning/new(fall2002)/applets/freebodydrawer/projects project_4
2003.01.24 08:23 B C:\Astro\public_html\phys\alberta_learning\new(fall2002)\applets\freebodydrawer\projects\ProjectLink.class --> ftp.kingsu.ab.ca /usr/home/brian/public_html/phys/alberta_learning/new(fall2002)/applets/freebodydrawer/projects ProjectLink.class
2003.01.24 08:23 B C:\Astro\public_html\phys\alberta_learning\new(fall2002)\applets\freebodydrawer\projects\ProjectLoader.class --> ftp.kingsu.ab.ca /usr/home/brian/public_html/phys/alberta_learning/new(fall2002)/applets/freebodydrawer/projects ProjectLoader.class
2003.01.24 08:23 B C:\Astro\public_html\phys\alberta_learning\new(fall2002)\applets\freebodydrawer\projects\trialproject --> ftp.kingsu.ab.ca /usr/home/brian/public_html/phys/alberta_learning/new(fall2002)/applets/freebodydrawer/projects trialproject
2019.04.02 01:23 B C:\kings\phys\alberta_learning\new(fall2002)\applets\freebodydrawer\projects\WS_FTP.LOG <-- kings /usr/home/brian/public_html/phys/alberta_learning/new(fall2002)/applets/freebodydrawer/projects WS_FTP.LOG
