2001.06.15 14:04 B C:\map\alberta_learning\applets\atwood\applethelp\applet_main_massivePulley.gif --> ednet.edc.gov.ab.ca /ltbmedia/map_north/alberta_learning/applets/atwood/applethelp applet_main_massivePulley.gif
2001.06.15 14:04 B C:\map\alberta_learning\applets\atwood\applethelp\applet_main_masslessPulley.gif --> ednet.edc.gov.ab.ca /ltbmedia/map_north/alberta_learning/applets/atwood/applethelp applet_main_masslessPulley.gif
2001.06.15 14:04 B C:\map\alberta_learning\applets\atwood\applethelp\help_atwood.html --> ednet.edc.gov.ab.ca /ltbmedia/map_north/alberta_learning/applets/atwood/applethelp help_atwood.html
2001.06.15 14:04 B C:\map\alberta_learning\applets\atwood\applethelp\help_atwood_massive.html --> ednet.edc.gov.ab.ca /ltbmedia/map_north/alberta_learning/applets/atwood/applethelp help_atwood_massive.html
2001.06.15 14:04 B C:\map\alberta_learning\applets\atwood\applethelp\help_atwood_massless.html --> ednet.edc.gov.ab.ca /ltbmedia/map_north/alberta_learning/applets/atwood/applethelp help_atwood_massless.html
2001.06.19 11:59 B C:\map\alberta_learning\applets\atwood\applethelp\applet_main_massivePulley.gif --> ftp.kingsu.ab.ca /usr/home/brian/public_html/alberta_learning/applets/atwood/applethelp applet_main_massivePulley.gif
2001.06.19 11:59 B C:\map\alberta_learning\applets\atwood\applethelp\applet_main_masslessPulley.gif --> ftp.kingsu.ab.ca /usr/home/brian/public_html/alberta_learning/applets/atwood/applethelp applet_main_masslessPulley.gif
2001.06.19 11:59 B C:\map\alberta_learning\applets\atwood\applethelp\help_atwood.html --> ftp.kingsu.ab.ca /usr/home/brian/public_html/alberta_learning/applets/atwood/applethelp help_atwood.html
2001.06.19 11:59 B C:\map\alberta_learning\applets\atwood\applethelp\help_atwood_massive.html --> ftp.kingsu.ab.ca /usr/home/brian/public_html/alberta_learning/applets/atwood/applethelp help_atwood_massive.html
2001.06.19 11:59 B C:\map\alberta_learning\applets\atwood\applethelp\help_atwood_massless.html --> ftp.kingsu.ab.ca /usr/home/brian/public_html/alberta_learning/applets/atwood/applethelp help_atwood_massless.html
2001.06.19 11:59 B C:\map\alberta_learning\applets\atwood\applethelp\WS_FTP.LOG --> ftp.kingsu.ab.ca /usr/home/brian/public_html/alberta_learning/applets/atwood/applethelp WS_FTP.LOG
2001.06.20 11:56 B C:\map\alberta_learning\applets\atwood\applethelp\WS_FTP.LOG --> ftp.kingsu.ab.ca /usr/home/brian/public_html/alberta_learning/applets/atwood/applethelp WS_FTP.LOG
2001.06.21 13:10 B C:\map\alberta_learning\applets\atwood\applethelp\applet_main_massivePulley.gif --> chris.kingsu.ab.ca /home/brian/public_html/alberta_learning/applets/atwood/applethelp applet_main_massivePulley.gif
2001.06.21 13:10 B C:\map\alberta_learning\applets\atwood\applethelp\applet_main_masslessPulley.gif --> chris.kingsu.ab.ca /home/brian/public_html/alberta_learning/applets/atwood/applethelp applet_main_masslessPulley.gif
2001.06.21 13:10 B C:\map\alberta_learning\applets\atwood\applethelp\help_atwood.html --> chris.kingsu.ab.ca /home/brian/public_html/alberta_learning/applets/atwood/applethelp help_atwood.html
2001.06.21 13:10 B C:\map\alberta_learning\applets\atwood\applethelp\help_atwood_massive.html --> chris.kingsu.ab.ca /home/brian/public_html/alberta_learning/applets/atwood/applethelp help_atwood_massive.html
2001.06.21 13:10 B C:\map\alberta_learning\applets\atwood\applethelp\help_atwood_massless.html --> chris.kingsu.ab.ca /home/brian/public_html/alberta_learning/applets/atwood/applethelp help_atwood_massless.html
2001.06.21 13:10 B C:\map\alberta_learning\applets\atwood\applethelp\WS_FTP.LOG --> chris.kingsu.ab.ca /home/brian/public_html/alberta_learning/applets/atwood/applethelp WS_FTP.LOG
2001.06.26 09:52 B C:\map\alberta_learning\applets\atwood\applethelp\WS_FTP.LOG --> ednet.edc.gov.ab.ca /ltbmedia/map_north/alberta_learning/applets/atwood/applethelp WS_FTP.LOG
2001.06.26 09:53 B C:\map\alberta_learning\applets\atwood\applethelp\WS_FTP.LOG --> ednet.edc.gov.ab.ca /ltbmedia/map_north/alberta_learning/applets/atwood/applethelp WS_FTP.LOG
2001.06.26 09:56 B C:\map\alberta_learning\applets\atwood\applethelp\WS_FTP.LOG --> ednet.edc.gov.ab.ca /ltbmedia/map_north/alberta_learning/applets/atwood/applethelp WS_FTP.LOG
2001.08.16 13:05 B C:\map\alberta_learning\applets\atwood\applethelp\WS_FTP.LOG --> ednet.edc.gov.ab.ca /ltbmedia/map_north/alberta_learning/applets/atwood/applethelp WS_FTP.LOG
2001.08.17 11:38 B C:\map\alberta_learning\applets\atwood\applethelp\WS_FTP.LOG --> chris.kingsu.ab.ca /home/brian/public_html/alberta_learning/applets/atwood/applethelp WS_FTP.LOG
2002.10.08 10:11 B C:\alberta_learning\applets\atwood\applethelp\WS_FTP.LOG <-- chris /home/brian/old_home/public_html/alberta_learning/applets/atwood/applethelp WS_FTP.LOG
2002.10.08 10:29 B C:\alberta_learning\applets\atwood\applethelp\WS_FTP.LOG --> chris.kingsu.ab.ca /home/brian/public_html/alberta_learning/applets/atwood/applethelp WS_FTP.LOG
2002.10.08 10:48 B C:\alberta_learning\applets\atwood\applethelp\applet_main_massivePulley.gif --> chris.kingsu.ab.ca /home/brian/public_html/alberta_learning/applets/atwood/applethelp applet_main_massivePulley.gif
2002.10.08 10:48 B C:\alberta_learning\applets\atwood\applethelp\applet_main_masslessPulley.gif --> chris.kingsu.ab.ca /home/brian/public_html/alberta_learning/applets/atwood/applethelp applet_main_masslessPulley.gif
2002.10.08 10:48 B C:\alberta_learning\applets\atwood\applethelp\assumptions.html --> chris.kingsu.ab.ca /home/brian/public_html/alberta_learning/applets/atwood/applethelp assumptions.html
2002.10.08 10:48 B C:\alberta_learning\applets\atwood\applethelp\atwood1_eqn1.gif --> chris.kingsu.ab.ca /home/brian/public_html/alberta_learning/applets/atwood/applethelp atwood1_eqn1.gif
2002.10.08 10:48 B C:\alberta_learning\applets\atwood\applethelp\atwood1_eqn2.gif --> chris.kingsu.ab.ca /home/brian/public_html/alberta_learning/applets/atwood/applethelp atwood1_eqn2.gif
2002.10.08 10:48 B C:\alberta_learning\applets\atwood\applethelp\atwood1_eqn3.gif --> chris.kingsu.ab.ca /home/brian/public_html/alberta_learning/applets/atwood/applethelp atwood1_eqn3.gif
2002.10.08 10:48 B C:\alberta_learning\applets\atwood\applethelp\atwood1_eqn4.gif --> chris.kingsu.ab.ca /home/brian/public_html/alberta_learning/applets/atwood/applethelp atwood1_eqn4.gif
2002.10.08 10:48 B C:\alberta_learning\applets\atwood\applethelp\atwood1_eqn5.gif --> chris.kingsu.ab.ca /home/brian/public_html/alberta_learning/applets/atwood/applethelp atwood1_eqn5.gif
2002.10.08 10:48 B C:\alberta_learning\applets\atwood\applethelp\atwood1_eqn6.gif --> chris.kingsu.ab.ca /home/brian/public_html/alberta_learning/applets/atwood/applethelp atwood1_eqn6.gif
2002.10.08 10:48 B C:\alberta_learning\applets\atwood\applethelp\fig1.png --> chris.kingsu.ab.ca /home/brian/public_html/alberta_learning/applets/atwood/applethelp fig1.png
2002.10.08 10:48 B C:\alberta_learning\applets\atwood\applethelp\fig10.png --> chris.kingsu.ab.ca /home/brian/public_html/alberta_learning/applets/atwood/applethelp fig10.png
2002.10.08 10:48 B C:\alberta_learning\applets\atwood\applethelp\fig11.png --> chris.kingsu.ab.ca /home/brian/public_html/alberta_learning/applets/atwood/applethelp fig11.png
2002.10.08 10:48 B C:\alberta_learning\applets\atwood\applethelp\fig11a.png --> chris.kingsu.ab.ca /home/brian/public_html/alberta_learning/applets/atwood/applethelp fig11a.png
2002.10.08 10:48 B C:\alberta_learning\applets\atwood\applethelp\fig12.png --> chris.kingsu.ab.ca /home/brian/public_html/alberta_learning/applets/atwood/applethelp fig12.png
2002.10.08 10:48 B C:\alberta_learning\applets\atwood\applethelp\fig13.png --> chris.kingsu.ab.ca /home/brian/public_html/alberta_learning/applets/atwood/applethelp fig13.png
2002.10.08 10:48 B C:\alberta_learning\applets\atwood\applethelp\fig13a.png --> chris.kingsu.ab.ca /home/brian/public_html/alberta_learning/applets/atwood/applethelp fig13a.png
2002.10.08 10:48 B C:\alberta_learning\applets\atwood\applethelp\fig13b.png --> chris.kingsu.ab.ca /home/brian/public_html/alberta_learning/applets/atwood/applethelp fig13b.png
2002.10.08 10:48 B C:\alberta_learning\applets\atwood\applethelp\fig14.png --> chris.kingsu.ab.ca /home/brian/public_html/alberta_learning/applets/atwood/applethelp fig14.png
2002.10.08 10:48 B C:\alberta_learning\applets\atwood\applethelp\fig15.png --> chris.kingsu.ab.ca /home/brian/public_html/alberta_learning/applets/atwood/applethelp fig15.png
2002.10.08 10:48 B C:\alberta_learning\applets\atwood\applethelp\fig15a.png --> chris.kingsu.ab.ca /home/brian/public_html/alberta_learning/applets/atwood/applethelp fig15a.png
2002.10.08 10:48 B C:\alberta_learning\applets\atwood\applethelp\fig2.png --> chris.kingsu.ab.ca /home/brian/public_html/alberta_learning/applets/atwood/applethelp fig2.png
2002.10.08 10:48 B C:\alberta_learning\applets\atwood\applethelp\fig2a.png --> chris.kingsu.ab.ca /home/brian/public_html/alberta_learning/applets/atwood/applethelp fig2a.png
2002.10.08 10:48 B C:\alberta_learning\applets\atwood\applethelp\fig2b.png --> chris.kingsu.ab.ca /home/brian/public_html/alberta_learning/applets/atwood/applethelp fig2b.png
2002.10.08 10:48 B C:\alberta_learning\applets\atwood\applethelp\fig2c.png --> chris.kingsu.ab.ca /home/brian/public_html/alberta_learning/applets/atwood/applethelp fig2c.png
2002.10.08 10:48 B C:\alberta_learning\applets\atwood\applethelp\fig2d.png --> chris.kingsu.ab.ca /home/brian/public_html/alberta_learning/applets/atwood/applethelp fig2d.png
2002.10.08 10:48 B C:\alberta_learning\applets\atwood\applethelp\fig2e.png --> chris.kingsu.ab.ca /home/brian/public_html/alberta_learning/applets/atwood/applethelp fig2e.png
2002.10.08 10:48 B C:\alberta_learning\applets\atwood\applethelp\fig2f.png --> chris.kingsu.ab.ca /home/brian/public_html/alberta_learning/applets/atwood/applethelp fig2f.png
2002.10.08 10:48 B C:\alberta_learning\applets\atwood\applethelp\fig2g.png --> chris.kingsu.ab.ca /home/brian/public_html/alberta_learning/applets/atwood/applethelp fig2g.png
2002.10.08 10:48 B C:\alberta_learning\applets\atwood\applethelp\fig3.png --> chris.kingsu.ab.ca /home/brian/public_html/alberta_learning/applets/atwood/applethelp fig3.png
2002.10.08 10:48 B C:\alberta_learning\applets\atwood\applethelp\fig4.png --> chris.kingsu.ab.ca /home/brian/public_html/alberta_learning/applets/atwood/applethelp fig4.png
2002.10.08 10:48 B C:\alberta_learning\applets\atwood\applethelp\fig5.png --> chris.kingsu.ab.ca /home/brian/public_html/alberta_learning/applets/atwood/applethelp fig5.png
2002.10.08 10:48 B C:\alberta_learning\applets\atwood\applethelp\fig6.png --> chris.kingsu.ab.ca /home/brian/public_html/alberta_learning/applets/atwood/applethelp fig6.png
2002.10.08 10:48 B C:\alberta_learning\applets\atwood\applethelp\fig7.png --> chris.kingsu.ab.ca /home/brian/public_html/alberta_learning/applets/atwood/applethelp fig7.png
2002.10.08 10:48 B C:\alberta_learning\applets\atwood\applethelp\fig7a.png --> chris.kingsu.ab.ca /home/brian/public_html/alberta_learning/applets/atwood/applethelp fig7a.png
2002.10.08 10:48 B C:\alberta_learning\applets\atwood\applethelp\fig7b.png --> chris.kingsu.ab.ca /home/brian/public_html/alberta_learning/applets/atwood/applethelp fig7b.png
2002.10.08 10:48 B C:\alberta_learning\applets\atwood\applethelp\fig7c.png --> chris.kingsu.ab.ca /home/brian/public_html/alberta_learning/applets/atwood/applethelp fig7c.png
2002.10.08 10:48 B C:\alberta_learning\applets\atwood\applethelp\fig7d.png --> chris.kingsu.ab.ca /home/brian/public_html/alberta_learning/applets/atwood/applethelp fig7d.png
2002.10.08 10:48 B C:\alberta_learning\applets\atwood\applethelp\fig7e.png --> chris.kingsu.ab.ca /home/brian/public_html/alberta_learning/applets/atwood/applethelp fig7e.png
2002.10.08 10:48 B C:\alberta_learning\applets\atwood\applethelp\fig7f.png --> chris.kingsu.ab.ca /home/brian/public_html/alberta_learning/applets/atwood/applethelp fig7f.png
2002.10.08 10:48 B C:\alberta_learning\applets\atwood\applethelp\fig8.png --> chris.kingsu.ab.ca /home/brian/public_html/alberta_learning/applets/atwood/applethelp fig8.png
2002.10.08 10:48 B C:\alberta_learning\applets\atwood\applethelp\fig9.png --> chris.kingsu.ab.ca /home/brian/public_html/alberta_learning/applets/atwood/applethelp fig9.png
2002.10.08 10:48 B C:\alberta_learning\applets\atwood\applethelp\fig9a.png --> chris.kingsu.ab.ca /home/brian/public_html/alberta_learning/applets/atwood/applethelp fig9a.png
2002.10.08 10:48 B C:\alberta_learning\applets\atwood\applethelp\frameset.html --> chris.kingsu.ab.ca /home/brian/public_html/alberta_learning/applets/atwood/applethelp frameset.html
2002.10.08 10:48 B C:\alberta_learning\applets\atwood\applethelp\help.html --> chris.kingsu.ab.ca /home/brian/public_html/alberta_learning/applets/atwood/applethelp help.html
2002.10.08 10:48 B C:\alberta_learning\applets\atwood\applethelp\help_atwood.html --> chris.kingsu.ab.ca /home/brian/public_html/alberta_learning/applets/atwood/applethelp help_atwood.html
2002.10.08 10:48 B C:\alberta_learning\applets\atwood\applethelp\help_atwood_massive.html --> chris.kingsu.ab.ca /home/brian/public_html/alberta_learning/applets/atwood/applethelp help_atwood_massive.html
2002.10.08 10:48 B C:\alberta_learning\applets\atwood\applethelp\help_atwood_massless.html --> chris.kingsu.ab.ca /home/brian/public_html/alberta_learning/applets/atwood/applethelp help_atwood_massless.html
2002.10.08 10:48 B C:\alberta_learning\applets\atwood\applethelp\intro.html --> chris.kingsu.ab.ca /home/brian/public_html/alberta_learning/applets/atwood/applethelp intro.html
2002.10.08 10:48 B C:\alberta_learning\applets\atwood\applethelp\mast.html --> chris.kingsu.ab.ca /home/brian/public_html/alberta_learning/applets/atwood/applethelp mast.html
2002.10.08 10:48 B C:\alberta_learning\applets\atwood\applethelp\navPanel.html --> chris.kingsu.ab.ca /home/brian/public_html/alberta_learning/applets/atwood/applethelp navPanel.html
2002.10.08 10:48 B C:\alberta_learning\applets\atwood\applethelp\navPanel.html.LCK --> chris.kingsu.ab.ca /home/brian/public_html/alberta_learning/applets/atwood/applethelp navPanel.html.LCK
2002.10.08 10:48 B C:\alberta_learning\applets\atwood\applethelp\showme.html --> chris.kingsu.ab.ca /home/brian/public_html/alberta_learning/applets/atwood/applethelp showme.html
2002.10.08 10:48 B C:\alberta_learning\applets\atwood\applethelp\showme.html.LCK --> chris.kingsu.ab.ca /home/brian/public_html/alberta_learning/applets/atwood/applethelp showme.html.LCK
2002.10.09 16:52 B C:\applets_oct9\applets\atwood\applethelp\WS_FTP.LOG <-- chris /home/brian/public_html/alberta_learning/applets/atwood/applethelp WS_FTP.LOG
2002.10.13 22:01 B C:\matthew\New_ALB\applets\atwood\applethelp\applet_main_massivePulley.gif --> chris.kingsu.ab.ca /home/brian/public_html/New_ALB/applets/atwood/applethelp applet_main_massivePulley.gif
2002.10.13 22:01 B C:\matthew\New_ALB\applets\atwood\applethelp\applet_main_masslessPulley.gif --> chris.kingsu.ab.ca /home/brian/public_html/New_ALB/applets/atwood/applethelp applet_main_masslessPulley.gif
2002.10.13 22:01 B C:\matthew\New_ALB\applets\atwood\applethelp\assumptions.html --> chris.kingsu.ab.ca /home/brian/public_html/New_ALB/applets/atwood/applethelp assumptions.html
2002.10.13 22:01 B C:\matthew\New_ALB\applets\atwood\applethelp\atwood1_eqn1.gif --> chris.kingsu.ab.ca /home/brian/public_html/New_ALB/applets/atwood/applethelp atwood1_eqn1.gif
2002.10.13 22:01 B C:\matthew\New_ALB\applets\atwood\applethelp\atwood1_eqn2.gif --> chris.kingsu.ab.ca /home/brian/public_html/New_ALB/applets/atwood/applethelp atwood1_eqn2.gif
2002.10.13 22:01 B C:\matthew\New_ALB\applets\atwood\applethelp\atwood1_eqn3.gif --> chris.kingsu.ab.ca /home/brian/public_html/New_ALB/applets/atwood/applethelp atwood1_eqn3.gif
2002.10.13 22:01 B C:\matthew\New_ALB\applets\atwood\applethelp\atwood1_eqn4.gif --> chris.kingsu.ab.ca /home/brian/public_html/New_ALB/applets/atwood/applethelp atwood1_eqn4.gif
2002.10.13 22:01 B C:\matthew\New_ALB\applets\atwood\applethelp\atwood1_eqn5.gif --> chris.kingsu.ab.ca /home/brian/public_html/New_ALB/applets/atwood/applethelp atwood1_eqn5.gif
2002.10.13 22:01 B C:\matthew\New_ALB\applets\atwood\applethelp\atwood1_eqn6.gif --> chris.kingsu.ab.ca /home/brian/public_html/New_ALB/applets/atwood/applethelp atwood1_eqn6.gif
2002.10.13 22:02 B C:\matthew\New_ALB\applets\atwood\applethelp\fig1.png --> chris.kingsu.ab.ca /home/brian/public_html/New_ALB/applets/atwood/applethelp fig1.png
2002.10.13 22:02 B C:\matthew\New_ALB\applets\atwood\applethelp\fig10.png --> chris.kingsu.ab.ca /home/brian/public_html/New_ALB/applets/atwood/applethelp fig10.png
2002.10.13 22:02 B C:\matthew\New_ALB\applets\atwood\applethelp\fig11.png --> chris.kingsu.ab.ca /home/brian/public_html/New_ALB/applets/atwood/applethelp fig11.png
2002.10.13 22:02 B C:\matthew\New_ALB\applets\atwood\applethelp\fig11a.png --> chris.kingsu.ab.ca /home/brian/public_html/New_ALB/applets/atwood/applethelp fig11a.png
2002.10.13 22:02 B C:\matthew\New_ALB\applets\atwood\applethelp\fig12.png --> chris.kingsu.ab.ca /home/brian/public_html/New_ALB/applets/atwood/applethelp fig12.png
2002.10.13 22:02 B C:\matthew\New_ALB\applets\atwood\applethelp\fig13.png --> chris.kingsu.ab.ca /home/brian/public_html/New_ALB/applets/atwood/applethelp fig13.png
2002.10.13 22:02 B C:\matthew\New_ALB\applets\atwood\applethelp\fig13a.png --> chris.kingsu.ab.ca /home/brian/public_html/New_ALB/applets/atwood/applethelp fig13a.png
2002.10.13 22:02 B C:\matthew\New_ALB\applets\atwood\applethelp\fig13b.png --> chris.kingsu.ab.ca /home/brian/public_html/New_ALB/applets/atwood/applethelp fig13b.png
2002.10.13 22:02 B C:\matthew\New_ALB\applets\atwood\applethelp\fig14.png --> chris.kingsu.ab.ca /home/brian/public_html/New_ALB/applets/atwood/applethelp fig14.png
2002.10.13 22:02 B C:\matthew\New_ALB\applets\atwood\applethelp\fig15.png --> chris.kingsu.ab.ca /home/brian/public_html/New_ALB/applets/atwood/applethelp fig15.png
2002.10.13 22:02 B C:\matthew\New_ALB\applets\atwood\applethelp\fig15a.png --> chris.kingsu.ab.ca /home/brian/public_html/New_ALB/applets/atwood/applethelp fig15a.png
2002.10.13 22:02 B C:\matthew\New_ALB\applets\atwood\applethelp\fig2.png --> chris.kingsu.ab.ca /home/brian/public_html/New_ALB/applets/atwood/applethelp fig2.png
2002.10.13 22:02 B C:\matthew\New_ALB\applets\atwood\applethelp\fig2a.png --> chris.kingsu.ab.ca /home/brian/public_html/New_ALB/applets/atwood/applethelp fig2a.png
2002.10.13 22:02 B C:\matthew\New_ALB\applets\atwood\applethelp\fig2b.png --> chris.kingsu.ab.ca /home/brian/public_html/New_ALB/applets/atwood/applethelp fig2b.png
2002.10.13 22:02 B C:\matthew\New_ALB\applets\atwood\applethelp\fig2c.png --> chris.kingsu.ab.ca /home/brian/public_html/New_ALB/applets/atwood/applethelp fig2c.png
2002.10.13 22:02 B C:\matthew\New_ALB\applets\atwood\applethelp\fig2d.png --> chris.kingsu.ab.ca /home/brian/public_html/New_ALB/applets/atwood/applethelp fig2d.png
2002.10.13 22:02 B C:\matthew\New_ALB\applets\atwood\applethelp\fig2e.png --> chris.kingsu.ab.ca /home/brian/public_html/New_ALB/applets/atwood/applethelp fig2e.png
2002.10.13 22:02 B C:\matthew\New_ALB\applets\atwood\applethelp\fig2f.png --> chris.kingsu.ab.ca /home/brian/public_html/New_ALB/applets/atwood/applethelp fig2f.png
2002.10.13 22:02 B C:\matthew\New_ALB\applets\atwood\applethelp\fig2g.png --> chris.kingsu.ab.ca /home/brian/public_html/New_ALB/applets/atwood/applethelp fig2g.png
2002.10.13 22:02 B C:\matthew\New_ALB\applets\atwood\applethelp\fig3.png --> chris.kingsu.ab.ca /home/brian/public_html/New_ALB/applets/atwood/applethelp fig3.png
2002.10.13 22:02 B C:\matthew\New_ALB\applets\atwood\applethelp\fig4.png --> chris.kingsu.ab.ca /home/brian/public_html/New_ALB/applets/atwood/applethelp fig4.png
2002.10.13 22:02 B C:\matthew\New_ALB\applets\atwood\applethelp\fig5.png --> chris.kingsu.ab.ca /home/brian/public_html/New_ALB/applets/atwood/applethelp fig5.png
2002.10.13 22:02 B C:\matthew\New_ALB\applets\atwood\applethelp\fig6.png --> chris.kingsu.ab.ca /home/brian/public_html/New_ALB/applets/atwood/applethelp fig6.png
2002.10.13 22:02 B C:\matthew\New_ALB\applets\atwood\applethelp\fig7.png --> chris.kingsu.ab.ca /home/brian/public_html/New_ALB/applets/atwood/applethelp fig7.png
2002.10.13 22:02 B C:\matthew\New_ALB\applets\atwood\applethelp\fig7a.png --> chris.kingsu.ab.ca /home/brian/public_html/New_ALB/applets/atwood/applethelp fig7a.png
2002.10.13 22:02 B C:\matthew\New_ALB\applets\atwood\applethelp\fig7b.png --> chris.kingsu.ab.ca /home/brian/public_html/New_ALB/applets/atwood/applethelp fig7b.png
2002.10.13 22:02 B C:\matthew\New_ALB\applets\atwood\applethelp\fig7c.png --> chris.kingsu.ab.ca /home/brian/public_html/New_ALB/applets/atwood/applethelp fig7c.png
2002.10.13 22:02 B C:\matthew\New_ALB\applets\atwood\applethelp\fig7d.png --> chris.kingsu.ab.ca /home/brian/public_html/New_ALB/applets/atwood/applethelp fig7d.png
2002.10.13 22:02 B C:\matthew\New_ALB\applets\atwood\applethelp\fig7e.png --> chris.kingsu.ab.ca /home/brian/public_html/New_ALB/applets/atwood/applethelp fig7e.png
2002.10.13 22:02 B C:\matthew\New_ALB\applets\atwood\applethelp\fig7f.png --> chris.kingsu.ab.ca /home/brian/public_html/New_ALB/applets/atwood/applethelp fig7f.png
2002.10.13 22:02 B C:\matthew\New_ALB\applets\atwood\applethelp\fig8.png --> chris.kingsu.ab.ca /home/brian/public_html/New_ALB/applets/atwood/applethelp fig8.png
2002.10.13 22:02 B C:\matthew\New_ALB\applets\atwood\applethelp\fig9.png --> chris.kingsu.ab.ca /home/brian/public_html/New_ALB/applets/atwood/applethelp fig9.png
2002.10.13 22:02 B C:\matthew\New_ALB\applets\atwood\applethelp\fig9a.png --> chris.kingsu.ab.ca /home/brian/public_html/New_ALB/applets/atwood/applethelp fig9a.png
2002.10.13 22:02 B C:\matthew\New_ALB\applets\atwood\applethelp\frameset.html --> chris.kingsu.ab.ca /home/brian/public_html/New_ALB/applets/atwood/applethelp frameset.html
2002.10.13 22:02 B C:\matthew\New_ALB\applets\atwood\applethelp\help.html --> chris.kingsu.ab.ca /home/brian/public_html/New_ALB/applets/atwood/applethelp help.html
2002.10.13 22:02 B C:\matthew\New_ALB\applets\atwood\applethelp\help_atwood.html --> chris.kingsu.ab.ca /home/brian/public_html/New_ALB/applets/atwood/applethelp help_atwood.html
2002.10.13 22:02 B C:\matthew\New_ALB\applets\atwood\applethelp\help_atwood_massive.html --> chris.kingsu.ab.ca /home/brian/public_html/New_ALB/applets/atwood/applethelp help_atwood_massive.html
2002.10.13 22:02 B C:\matthew\New_ALB\applets\atwood\applethelp\help_atwood_massless.html --> chris.kingsu.ab.ca /home/brian/public_html/New_ALB/applets/atwood/applethelp help_atwood_massless.html
2002.10.13 22:02 B C:\matthew\New_ALB\applets\atwood\applethelp\intro.html --> chris.kingsu.ab.ca /home/brian/public_html/New_ALB/applets/atwood/applethelp intro.html
2002.10.13 22:02 B C:\matthew\New_ALB\applets\atwood\applethelp\mast.html --> chris.kingsu.ab.ca /home/brian/public_html/New_ALB/applets/atwood/applethelp mast.html
2002.10.13 22:02 B C:\matthew\New_ALB\applets\atwood\applethelp\navPanel.html --> chris.kingsu.ab.ca /home/brian/public_html/New_ALB/applets/atwood/applethelp navPanel.html
2002.10.13 22:02 B C:\matthew\New_ALB\applets\atwood\applethelp\navPanel.html.LCK --> chris.kingsu.ab.ca /home/brian/public_html/New_ALB/applets/atwood/applethelp navPanel.html.LCK
2002.10.13 22:02 B C:\matthew\New_ALB\applets\atwood\applethelp\showme.html --> chris.kingsu.ab.ca /home/brian/public_html/New_ALB/applets/atwood/applethelp showme.html
2002.10.13 22:02 B C:\matthew\New_ALB\applets\atwood\applethelp\showme.html.LCK --> chris.kingsu.ab.ca /home/brian/public_html/New_ALB/applets/atwood/applethelp showme.html.LCK
2002.10.28 09:17 B C:\alberta_learning\new(fall2002)\applets\atwood\applethelp\WS_FTP.LOG <-- chris /home/brian/public_html/New_ALB/applets/atwood/applethelp WS_FTP.LOG
2003.01.24 08:20 B C:\Astro\public_html\phys\alberta_learning\new(fall2002)\applets\atwood\applethelp\applet_main_massivePulley.gif --> ftp.kingsu.ab.ca /usr/home/brian/public_html/phys/alberta_learning/new(fall2002)/applets/atwood/applethelp applet_main_massivePulley.gif
2003.01.24 08:20 B C:\Astro\public_html\phys\alberta_learning\new(fall2002)\applets\atwood\applethelp\applet_main_masslessPulley.gif --> ftp.kingsu.ab.ca /usr/home/brian/public_html/phys/alberta_learning/new(fall2002)/applets/atwood/applethelp applet_main_masslessPulley.gif
2003.01.24 08:20 B C:\Astro\public_html\phys\alberta_learning\new(fall2002)\applets\atwood\applethelp\assumptions.html --> ftp.kingsu.ab.ca /usr/home/brian/public_html/phys/alberta_learning/new(fall2002)/applets/atwood/applethelp assumptions.html
2003.01.24 08:20 B C:\Astro\public_html\phys\alberta_learning\new(fall2002)\applets\atwood\applethelp\atwood1_eqn1.gif --> ftp.kingsu.ab.ca /usr/home/brian/public_html/phys/alberta_learning/new(fall2002)/applets/atwood/applethelp atwood1_eqn1.gif
2003.01.24 08:20 B C:\Astro\public_html\phys\alberta_learning\new(fall2002)\applets\atwood\applethelp\atwood1_eqn2.gif --> ftp.kingsu.ab.ca /usr/home/brian/public_html/phys/alberta_learning/new(fall2002)/applets/atwood/applethelp atwood1_eqn2.gif
2003.01.24 08:20 B C:\Astro\public_html\phys\alberta_learning\new(fall2002)\applets\atwood\applethelp\atwood1_eqn3.gif --> ftp.kingsu.ab.ca /usr/home/brian/public_html/phys/alberta_learning/new(fall2002)/applets/atwood/applethelp atwood1_eqn3.gif
2003.01.24 08:20 B C:\Astro\public_html\phys\alberta_learning\new(fall2002)\applets\atwood\applethelp\atwood1_eqn4.gif --> ftp.kingsu.ab.ca /usr/home/brian/public_html/phys/alberta_learning/new(fall2002)/applets/atwood/applethelp atwood1_eqn4.gif
2003.01.24 08:20 B C:\Astro\public_html\phys\alberta_learning\new(fall2002)\applets\atwood\applethelp\atwood1_eqn5.gif --> ftp.kingsu.ab.ca /usr/home/brian/public_html/phys/alberta_learning/new(fall2002)/applets/atwood/applethelp atwood1_eqn5.gif
2003.01.24 08:20 B C:\Astro\public_html\phys\alberta_learning\new(fall2002)\applets\atwood\applethelp\atwood1_eqn6.gif --> ftp.kingsu.ab.ca /usr/home/brian/public_html/phys/alberta_learning/new(fall2002)/applets/atwood/applethelp atwood1_eqn6.gif
2003.01.24 08:20 B C:\Astro\public_html\phys\alberta_learning\new(fall2002)\applets\atwood\applethelp\fig1.png --> ftp.kingsu.ab.ca /usr/home/brian/public_html/phys/alberta_learning/new(fall2002)/applets/atwood/applethelp fig1.png
2003.01.24 08:20 B C:\Astro\public_html\phys\alberta_learning\new(fall2002)\applets\atwood\applethelp\fig10.png --> ftp.kingsu.ab.ca /usr/home/brian/public_html/phys/alberta_learning/new(fall2002)/applets/atwood/applethelp fig10.png
2003.01.24 08:20 B C:\Astro\public_html\phys\alberta_learning\new(fall2002)\applets\atwood\applethelp\fig11.png --> ftp.kingsu.ab.ca /usr/home/brian/public_html/phys/alberta_learning/new(fall2002)/applets/atwood/applethelp fig11.png
2003.01.24 08:20 B C:\Astro\public_html\phys\alberta_learning\new(fall2002)\applets\atwood\applethelp\fig11a.png --> ftp.kingsu.ab.ca /usr/home/brian/public_html/phys/alberta_learning/new(fall2002)/applets/atwood/applethelp fig11a.png
2003.01.24 08:20 B C:\Astro\public_html\phys\alberta_learning\new(fall2002)\applets\atwood\applethelp\fig12.png --> ftp.kingsu.ab.ca /usr/home/brian/public_html/phys/alberta_learning/new(fall2002)/applets/atwood/applethelp fig12.png
2003.01.24 08:20 B C:\Astro\public_html\phys\alberta_learning\new(fall2002)\applets\atwood\applethelp\fig13.png --> ftp.kingsu.ab.ca /usr/home/brian/public_html/phys/alberta_learning/new(fall2002)/applets/atwood/applethelp fig13.png
2003.01.24 08:20 B C:\Astro\public_html\phys\alberta_learning\new(fall2002)\applets\atwood\applethelp\fig13a.png --> ftp.kingsu.ab.ca /usr/home/brian/public_html/phys/alberta_learning/new(fall2002)/applets/atwood/applethelp fig13a.png
2003.01.24 08:20 B C:\Astro\public_html\phys\alberta_learning\new(fall2002)\applets\atwood\applethelp\fig13b.png --> ftp.kingsu.ab.ca /usr/home/brian/public_html/phys/alberta_learning/new(fall2002)/applets/atwood/applethelp fig13b.png
2003.01.24 08:20 B C:\Astro\public_html\phys\alberta_learning\new(fall2002)\applets\atwood\applethelp\fig14.png --> ftp.kingsu.ab.ca /usr/home/brian/public_html/phys/alberta_learning/new(fall2002)/applets/atwood/applethelp fig14.png
2003.01.24 08:20 B C:\Astro\public_html\phys\alberta_learning\new(fall2002)\applets\atwood\applethelp\fig15.png --> ftp.kingsu.ab.ca /usr/home/brian/public_html/phys/alberta_learning/new(fall2002)/applets/atwood/applethelp fig15.png
2003.01.24 08:20 B C:\Astro\public_html\phys\alberta_learning\new(fall2002)\applets\atwood\applethelp\fig15a.png --> ftp.kingsu.ab.ca /usr/home/brian/public_html/phys/alberta_learning/new(fall2002)/applets/atwood/applethelp fig15a.png
2003.01.24 08:20 B C:\Astro\public_html\phys\alberta_learning\new(fall2002)\applets\atwood\applethelp\fig2.png --> ftp.kingsu.ab.ca /usr/home/brian/public_html/phys/alberta_learning/new(fall2002)/applets/atwood/applethelp fig2.png
2003.01.24 08:20 B C:\Astro\public_html\phys\alberta_learning\new(fall2002)\applets\atwood\applethelp\fig2a.png --> ftp.kingsu.ab.ca /usr/home/brian/public_html/phys/alberta_learning/new(fall2002)/applets/atwood/applethelp fig2a.png
2003.01.24 08:20 B C:\Astro\public_html\phys\alberta_learning\new(fall2002)\applets\atwood\applethelp\fig2b.png --> ftp.kingsu.ab.ca /usr/home/brian/public_html/phys/alberta_learning/new(fall2002)/applets/atwood/applethelp fig2b.png
2003.01.24 08:20 B C:\Astro\public_html\phys\alberta_learning\new(fall2002)\applets\atwood\applethelp\fig2c.png --> ftp.kingsu.ab.ca /usr/home/brian/public_html/phys/alberta_learning/new(fall2002)/applets/atwood/applethelp fig2c.png
2003.01.24 08:20 B C:\Astro\public_html\phys\alberta_learning\new(fall2002)\applets\atwood\applethelp\fig2d.png --> ftp.kingsu.ab.ca /usr/home/brian/public_html/phys/alberta_learning/new(fall2002)/applets/atwood/applethelp fig2d.png
2003.01.24 08:20 B C:\Astro\public_html\phys\alberta_learning\new(fall2002)\applets\atwood\applethelp\fig2e.png --> ftp.kingsu.ab.ca /usr/home/brian/public_html/phys/alberta_learning/new(fall2002)/applets/atwood/applethelp fig2e.png
2003.01.24 08:20 B C:\Astro\public_html\phys\alberta_learning\new(fall2002)\applets\atwood\applethelp\fig2f.png --> ftp.kingsu.ab.ca /usr/home/brian/public_html/phys/alberta_learning/new(fall2002)/applets/atwood/applethelp fig2f.png
2003.01.24 08:20 B C:\Astro\public_html\phys\alberta_learning\new(fall2002)\applets\atwood\applethelp\fig2g.png --> ftp.kingsu.ab.ca /usr/home/brian/public_html/phys/alberta_learning/new(fall2002)/applets/atwood/applethelp fig2g.png
2003.01.24 08:20 B C:\Astro\public_html\phys\alberta_learning\new(fall2002)\applets\atwood\applethelp\fig3.png --> ftp.kingsu.ab.ca /usr/home/brian/public_html/phys/alberta_learning/new(fall2002)/applets/atwood/applethelp fig3.png
2003.01.24 08:20 B C:\Astro\public_html\phys\alberta_learning\new(fall2002)\applets\atwood\applethelp\fig4.png --> ftp.kingsu.ab.ca /usr/home/brian/public_html/phys/alberta_learning/new(fall2002)/applets/atwood/applethelp fig4.png
2003.01.24 08:20 B C:\Astro\public_html\phys\alberta_learning\new(fall2002)\applets\atwood\applethelp\fig5.png --> ftp.kingsu.ab.ca /usr/home/brian/public_html/phys/alberta_learning/new(fall2002)/applets/atwood/applethelp fig5.png
2003.01.24 08:20 B C:\Astro\public_html\phys\alberta_learning\new(fall2002)\applets\atwood\applethelp\fig6.png --> ftp.kingsu.ab.ca /usr/home/brian/public_html/phys/alberta_learning/new(fall2002)/applets/atwood/applethelp fig6.png
2003.01.24 08:20 B C:\Astro\public_html\phys\alberta_learning\new(fall2002)\applets\atwood\applethelp\fig7.png --> ftp.kingsu.ab.ca /usr/home/brian/public_html/phys/alberta_learning/new(fall2002)/applets/atwood/applethelp fig7.png
2003.01.24 08:20 B C:\Astro\public_html\phys\alberta_learning\new(fall2002)\applets\atwood\applethelp\fig7a.png --> ftp.kingsu.ab.ca /usr/home/brian/public_html/phys/alberta_learning/new(fall2002)/applets/atwood/applethelp fig7a.png
2003.01.24 08:20 B C:\Astro\public_html\phys\alberta_learning\new(fall2002)\applets\atwood\applethelp\fig7b.png --> ftp.kingsu.ab.ca /usr/home/brian/public_html/phys/alberta_learning/new(fall2002)/applets/atwood/applethelp fig7b.png
2003.01.24 08:20 B C:\Astro\public_html\phys\alberta_learning\new(fall2002)\applets\atwood\applethelp\fig7c.png --> ftp.kingsu.ab.ca /usr/home/brian/public_html/phys/alberta_learning/new(fall2002)/applets/atwood/applethelp fig7c.png
2003.01.24 08:20 B C:\Astro\public_html\phys\alberta_learning\new(fall2002)\applets\atwood\applethelp\fig7d.png --> ftp.kingsu.ab.ca /usr/home/brian/public_html/phys/alberta_learning/new(fall2002)/applets/atwood/applethelp fig7d.png
2003.01.24 08:20 B C:\Astro\public_html\phys\alberta_learning\new(fall2002)\applets\atwood\applethelp\fig7e.png --> ftp.kingsu.ab.ca /usr/home/brian/public_html/phys/alberta_learning/new(fall2002)/applets/atwood/applethelp fig7e.png
2003.01.24 08:20 B C:\Astro\public_html\phys\alberta_learning\new(fall2002)\applets\atwood\applethelp\fig7f.png --> ftp.kingsu.ab.ca /usr/home/brian/public_html/phys/alberta_learning/new(fall2002)/applets/atwood/applethelp fig7f.png
2003.01.24 08:20 B C:\Astro\public_html\phys\alberta_learning\new(fall2002)\applets\atwood\applethelp\fig8.png --> ftp.kingsu.ab.ca /usr/home/brian/public_html/phys/alberta_learning/new(fall2002)/applets/atwood/applethelp fig8.png
2003.01.24 08:20 B C:\Astro\public_html\phys\alberta_learning\new(fall2002)\applets\atwood\applethelp\fig9.png --> ftp.kingsu.ab.ca /usr/home/brian/public_html/phys/alberta_learning/new(fall2002)/applets/atwood/applethelp fig9.png
2003.01.24 08:20 B C:\Astro\public_html\phys\alberta_learning\new(fall2002)\applets\atwood\applethelp\fig9a.png --> ftp.kingsu.ab.ca /usr/home/brian/public_html/phys/alberta_learning/new(fall2002)/applets/atwood/applethelp fig9a.png
2003.01.24 08:20 B C:\Astro\public_html\phys\alberta_learning\new(fall2002)\applets\atwood\applethelp\frameset.html --> ftp.kingsu.ab.ca /usr/home/brian/public_html/phys/alberta_learning/new(fall2002)/applets/atwood/applethelp frameset.html
2003.01.24 08:20 B C:\Astro\public_html\phys\alberta_learning\new(fall2002)\applets\atwood\applethelp\help.html --> ftp.kingsu.ab.ca /usr/home/brian/public_html/phys/alberta_learning/new(fall2002)/applets/atwood/applethelp help.html
2003.01.24 08:20 B C:\Astro\public_html\phys\alberta_learning\new(fall2002)\applets\atwood\applethelp\help_atwood.html --> ftp.kingsu.ab.ca /usr/home/brian/public_html/phys/alberta_learning/new(fall2002)/applets/atwood/applethelp help_atwood.html
2003.01.24 08:20 B C:\Astro\public_html\phys\alberta_learning\new(fall2002)\applets\atwood\applethelp\help_atwood_massive.html --> ftp.kingsu.ab.ca /usr/home/brian/public_html/phys/alberta_learning/new(fall2002)/applets/atwood/applethelp help_atwood_massive.html
2003.01.24 08:20 B C:\Astro\public_html\phys\alberta_learning\new(fall2002)\applets\atwood\applethelp\help_atwood_massless.html --> ftp.kingsu.ab.ca /usr/home/brian/public_html/phys/alberta_learning/new(fall2002)/applets/atwood/applethelp help_atwood_massless.html
2003.01.24 08:20 B C:\Astro\public_html\phys\alberta_learning\new(fall2002)\applets\atwood\applethelp\intro.html --> ftp.kingsu.ab.ca /usr/home/brian/public_html/phys/alberta_learning/new(fall2002)/applets/atwood/applethelp intro.html
2003.01.24 08:20 B C:\Astro\public_html\phys\alberta_learning\new(fall2002)\applets\atwood\applethelp\mast.html --> ftp.kingsu.ab.ca /usr/home/brian/public_html/phys/alberta_learning/new(fall2002)/applets/atwood/applethelp mast.html
2003.01.24 08:20 B C:\Astro\public_html\phys\alberta_learning\new(fall2002)\applets\atwood\applethelp\navPanel.html --> ftp.kingsu.ab.ca /usr/home/brian/public_html/phys/alberta_learning/new(fall2002)/applets/atwood/applethelp navPanel.html
2003.01.24 08:20 B C:\Astro\public_html\phys\alberta_learning\new(fall2002)\applets\atwood\applethelp\navPanel.html.LCK --> ftp.kingsu.ab.ca /usr/home/brian/public_html/phys/alberta_learning/new(fall2002)/applets/atwood/applethelp navPanel.html.LCK
2003.01.24 08:20 B C:\Astro\public_html\phys\alberta_learning\new(fall2002)\applets\atwood\applethelp\showme.html --> ftp.kingsu.ab.ca /usr/home/brian/public_html/phys/alberta_learning/new(fall2002)/applets/atwood/applethelp showme.html
2003.01.24 08:20 B C:\Astro\public_html\phys\alberta_learning\new(fall2002)\applets\atwood\applethelp\showme.html.LCK --> ftp.kingsu.ab.ca /usr/home/brian/public_html/phys/alberta_learning/new(fall2002)/applets/atwood/applethelp showme.html.LCK
2019.04.02 01:21 B C:\kings\phys\alberta_learning\new(fall2002)\applets\atwood\applethelp\WS_FTP.LOG <-- kings /usr/home/brian/public_html/phys/alberta_learning/new(fall2002)/applets/atwood/applethelp WS_FTP.LOG
