2001.10.02 12:08 B C:\Astro\public_html\alberta_learning\applets\freebodydrawer\applethelp\help_freebodydrawer.html <-- chris /home/brian/public_html/alberta_learning/applets/freebodydrawer/applethelp help_freebodydrawer.html
2001.10.02 12:08 B C:\Astro\public_html\alberta_learning\applets\freebodydrawer\applethelp\img1.png <-- chris /home/brian/public_html/alberta_learning/applets/freebodydrawer/applethelp img1.png
2001.10.02 12:08 B C:\Astro\public_html\alberta_learning\applets\freebodydrawer\applethelp\img2.png <-- chris /home/brian/public_html/alberta_learning/applets/freebodydrawer/applethelp img2.png
2001.10.02 12:08 B C:\Astro\public_html\alberta_learning\applets\freebodydrawer\applethelp\img3.png <-- chris /home/brian/public_html/alberta_learning/applets/freebodydrawer/applethelp img3.png
2001.10.02 12:08 B C:\Astro\public_html\alberta_learning\applets\freebodydrawer\applethelp\img4.png <-- chris /home/brian/public_html/alberta_learning/applets/freebodydrawer/applethelp img4.png
2001.10.02 12:08 B C:\Astro\public_html\alberta_learning\applets\freebodydrawer\applethelp\img5.png <-- chris /home/brian/public_html/alberta_learning/applets/freebodydrawer/applethelp img5.png
2001.10.02 12:08 B C:\Astro\public_html\alberta_learning\applets\freebodydrawer\applethelp\img6.png <-- chris /home/brian/public_html/alberta_learning/applets/freebodydrawer/applethelp img6.png
2002.10.08 10:14 B C:\alberta_learning\applets\freebodydrawer\applethelp\WS_FTP.LOG <-- chris /home/brian/old_home/public_html/alberta_learning/applets/freebodydrawer/applethelp WS_FTP.LOG
2002.10.08 10:31 B C:\alberta_learning\applets\freebodydrawer\applethelp\showme.html.LCK --> chris.kingsu.ab.ca /home/brian/public_html/alberta_learning/applets/freebodydrawer/applethelp showme.html.LCK
2002.10.08 10:31 B C:\alberta_learning\applets\freebodydrawer\applethelp\WS_FTP.LOG --> chris.kingsu.ab.ca /home/brian/public_html/alberta_learning/applets/freebodydrawer/applethelp WS_FTP.LOG
2002.10.08 10:51 B C:\alberta_learning\applets\freebodydrawer\applethelp\fig1.png --> chris.kingsu.ab.ca /home/brian/public_html/alberta_learning/applets/freebodydrawer/applethelp fig1.png
2002.10.08 10:51 B C:\alberta_learning\applets\freebodydrawer\applethelp\fig10.png --> chris.kingsu.ab.ca /home/brian/public_html/alberta_learning/applets/freebodydrawer/applethelp fig10.png
2002.10.08 10:51 B C:\alberta_learning\applets\freebodydrawer\applethelp\fig2.png --> chris.kingsu.ab.ca /home/brian/public_html/alberta_learning/applets/freebodydrawer/applethelp fig2.png
2002.10.08 10:51 B C:\alberta_learning\applets\freebodydrawer\applethelp\fig2a.png --> chris.kingsu.ab.ca /home/brian/public_html/alberta_learning/applets/freebodydrawer/applethelp fig2a.png
2002.10.08 10:51 B C:\alberta_learning\applets\freebodydrawer\applethelp\fig2b.png --> chris.kingsu.ab.ca /home/brian/public_html/alberta_learning/applets/freebodydrawer/applethelp fig2b.png
2002.10.08 10:51 B C:\alberta_learning\applets\freebodydrawer\applethelp\fig2c.png --> chris.kingsu.ab.ca /home/brian/public_html/alberta_learning/applets/freebodydrawer/applethelp fig2c.png
2002.10.08 10:51 B C:\alberta_learning\applets\freebodydrawer\applethelp\fig2d.png --> chris.kingsu.ab.ca /home/brian/public_html/alberta_learning/applets/freebodydrawer/applethelp fig2d.png
2002.10.08 10:51 B C:\alberta_learning\applets\freebodydrawer\applethelp\fig3.png --> chris.kingsu.ab.ca /home/brian/public_html/alberta_learning/applets/freebodydrawer/applethelp fig3.png
2002.10.08 10:51 B C:\alberta_learning\applets\freebodydrawer\applethelp\fig3a.png --> chris.kingsu.ab.ca /home/brian/public_html/alberta_learning/applets/freebodydrawer/applethelp fig3a.png
2002.10.08 10:51 B C:\alberta_learning\applets\freebodydrawer\applethelp\fig4.png --> chris.kingsu.ab.ca /home/brian/public_html/alberta_learning/applets/freebodydrawer/applethelp fig4.png
2002.10.08 10:51 B C:\alberta_learning\applets\freebodydrawer\applethelp\fig4a.png --> chris.kingsu.ab.ca /home/brian/public_html/alberta_learning/applets/freebodydrawer/applethelp fig4a.png
2002.10.08 10:51 B C:\alberta_learning\applets\freebodydrawer\applethelp\fig4b.png --> chris.kingsu.ab.ca /home/brian/public_html/alberta_learning/applets/freebodydrawer/applethelp fig4b.png
2002.10.08 10:51 B C:\alberta_learning\applets\freebodydrawer\applethelp\fig4c.png --> chris.kingsu.ab.ca /home/brian/public_html/alberta_learning/applets/freebodydrawer/applethelp fig4c.png
2002.10.08 10:52 B C:\alberta_learning\applets\freebodydrawer\applethelp\fig5.png --> chris.kingsu.ab.ca /home/brian/public_html/alberta_learning/applets/freebodydrawer/applethelp fig5.png
2002.10.08 10:52 B C:\alberta_learning\applets\freebodydrawer\applethelp\fig6.png --> chris.kingsu.ab.ca /home/brian/public_html/alberta_learning/applets/freebodydrawer/applethelp fig6.png
2002.10.08 10:52 B C:\alberta_learning\applets\freebodydrawer\applethelp\fig6a.png --> chris.kingsu.ab.ca /home/brian/public_html/alberta_learning/applets/freebodydrawer/applethelp fig6a.png
2002.10.08 10:52 B C:\alberta_learning\applets\freebodydrawer\applethelp\fig6b.png --> chris.kingsu.ab.ca /home/brian/public_html/alberta_learning/applets/freebodydrawer/applethelp fig6b.png
2002.10.08 10:52 B C:\alberta_learning\applets\freebodydrawer\applethelp\fig6c.png --> chris.kingsu.ab.ca /home/brian/public_html/alberta_learning/applets/freebodydrawer/applethelp fig6c.png
2002.10.08 10:52 B C:\alberta_learning\applets\freebodydrawer\applethelp\fig6d.png --> chris.kingsu.ab.ca /home/brian/public_html/alberta_learning/applets/freebodydrawer/applethelp fig6d.png
2002.10.08 10:52 B C:\alberta_learning\applets\freebodydrawer\applethelp\fig7.png --> chris.kingsu.ab.ca /home/brian/public_html/alberta_learning/applets/freebodydrawer/applethelp fig7.png
2002.10.08 10:52 B C:\alberta_learning\applets\freebodydrawer\applethelp\fig8.png --> chris.kingsu.ab.ca /home/brian/public_html/alberta_learning/applets/freebodydrawer/applethelp fig8.png
2002.10.08 10:52 B C:\alberta_learning\applets\freebodydrawer\applethelp\fig8a.png --> chris.kingsu.ab.ca /home/brian/public_html/alberta_learning/applets/freebodydrawer/applethelp fig8a.png
2002.10.08 10:52 B C:\alberta_learning\applets\freebodydrawer\applethelp\fig8b.png --> chris.kingsu.ab.ca /home/brian/public_html/alberta_learning/applets/freebodydrawer/applethelp fig8b.png
2002.10.08 10:52 B C:\alberta_learning\applets\freebodydrawer\applethelp\fig8c.png --> chris.kingsu.ab.ca /home/brian/public_html/alberta_learning/applets/freebodydrawer/applethelp fig8c.png
2002.10.08 10:52 B C:\alberta_learning\applets\freebodydrawer\applethelp\fig8d.png --> chris.kingsu.ab.ca /home/brian/public_html/alberta_learning/applets/freebodydrawer/applethelp fig8d.png
2002.10.08 10:52 B C:\alberta_learning\applets\freebodydrawer\applethelp\fig8e.png --> chris.kingsu.ab.ca /home/brian/public_html/alberta_learning/applets/freebodydrawer/applethelp fig8e.png
2002.10.08 10:52 B C:\alberta_learning\applets\freebodydrawer\applethelp\fig9.png --> chris.kingsu.ab.ca /home/brian/public_html/alberta_learning/applets/freebodydrawer/applethelp fig9.png
2002.10.08 10:52 B C:\alberta_learning\applets\freebodydrawer\applethelp\fig9a.png --> chris.kingsu.ab.ca /home/brian/public_html/alberta_learning/applets/freebodydrawer/applethelp fig9a.png
2002.10.08 10:52 B C:\alberta_learning\applets\freebodydrawer\applethelp\fig9b.png --> chris.kingsu.ab.ca /home/brian/public_html/alberta_learning/applets/freebodydrawer/applethelp fig9b.png
2002.10.08 10:52 B C:\alberta_learning\applets\freebodydrawer\applethelp\fig9c.png --> chris.kingsu.ab.ca /home/brian/public_html/alberta_learning/applets/freebodydrawer/applethelp fig9c.png
2002.10.08 10:52 B C:\alberta_learning\applets\freebodydrawer\applethelp\fig9d.png --> chris.kingsu.ab.ca /home/brian/public_html/alberta_learning/applets/freebodydrawer/applethelp fig9d.png
2002.10.08 10:52 B C:\alberta_learning\applets\freebodydrawer\applethelp\frameset.html --> chris.kingsu.ab.ca /home/brian/public_html/alberta_learning/applets/freebodydrawer/applethelp frameset.html
2002.10.08 10:52 B C:\alberta_learning\applets\freebodydrawer\applethelp\help.html --> chris.kingsu.ab.ca /home/brian/public_html/alberta_learning/applets/freebodydrawer/applethelp help.html
2002.10.08 10:52 B C:\alberta_learning\applets\freebodydrawer\applethelp\help_freebodydrawer.html --> chris.kingsu.ab.ca /home/brian/public_html/alberta_learning/applets/freebodydrawer/applethelp help_freebodydrawer.html
2002.10.08 10:52 B C:\alberta_learning\applets\freebodydrawer\applethelp\img1.png --> chris.kingsu.ab.ca /home/brian/public_html/alberta_learning/applets/freebodydrawer/applethelp img1.png
2002.10.08 10:52 B C:\alberta_learning\applets\freebodydrawer\applethelp\img2.png --> chris.kingsu.ab.ca /home/brian/public_html/alberta_learning/applets/freebodydrawer/applethelp img2.png
2002.10.08 10:52 B C:\alberta_learning\applets\freebodydrawer\applethelp\img3.png --> chris.kingsu.ab.ca /home/brian/public_html/alberta_learning/applets/freebodydrawer/applethelp img3.png
2002.10.08 10:52 B C:\alberta_learning\applets\freebodydrawer\applethelp\img4.png --> chris.kingsu.ab.ca /home/brian/public_html/alberta_learning/applets/freebodydrawer/applethelp img4.png
2002.10.08 10:52 B C:\alberta_learning\applets\freebodydrawer\applethelp\img5.png --> chris.kingsu.ab.ca /home/brian/public_html/alberta_learning/applets/freebodydrawer/applethelp img5.png
2002.10.08 10:52 B C:\alberta_learning\applets\freebodydrawer\applethelp\img6.png --> chris.kingsu.ab.ca /home/brian/public_html/alberta_learning/applets/freebodydrawer/applethelp img6.png
2002.10.08 10:52 B C:\alberta_learning\applets\freebodydrawer\applethelp\intro.html --> chris.kingsu.ab.ca /home/brian/public_html/alberta_learning/applets/freebodydrawer/applethelp intro.html
2002.10.08 10:52 B C:\alberta_learning\applets\freebodydrawer\applethelp\navPanel.html --> chris.kingsu.ab.ca /home/brian/public_html/alberta_learning/applets/freebodydrawer/applethelp navPanel.html
2002.10.08 10:52 B C:\alberta_learning\applets\freebodydrawer\applethelp\showme.avi --> chris.kingsu.ab.ca /home/brian/public_html/alberta_learning/applets/freebodydrawer/applethelp showme.avi
2002.10.08 10:52 B C:\alberta_learning\applets\freebodydrawer\applethelp\showme.html --> chris.kingsu.ab.ca /home/brian/public_html/alberta_learning/applets/freebodydrawer/applethelp showme.html
2002.10.08 10:52 B C:\alberta_learning\applets\freebodydrawer\applethelp\showme.html.LCK --> chris.kingsu.ab.ca /home/brian/public_html/alberta_learning/applets/freebodydrawer/applethelp showme.html.LCK
2002.10.09 16:33 B C:\matthew\applets\freebodydrawer\applethelp\WS_FTP.LOG <-- chris /home/brian/public_html/alberta_learning/applets/freebodydrawer/applethelp WS_FTP.LOG
2002.10.13 22:13 B C:\matthew\New_ALB\applets\freebodydrawer\applethelp\fig1.png --> chris.kingsu.ab.ca /home/brian/public_html/New_ALB/applets/freebodydrawer/applethelp fig1.png
2002.10.13 22:13 B C:\matthew\New_ALB\applets\freebodydrawer\applethelp\fig10.png --> chris.kingsu.ab.ca /home/brian/public_html/New_ALB/applets/freebodydrawer/applethelp fig10.png
2002.10.13 22:13 B C:\matthew\New_ALB\applets\freebodydrawer\applethelp\fig2.png --> chris.kingsu.ab.ca /home/brian/public_html/New_ALB/applets/freebodydrawer/applethelp fig2.png
2002.10.13 22:13 B C:\matthew\New_ALB\applets\freebodydrawer\applethelp\fig2a.png --> chris.kingsu.ab.ca /home/brian/public_html/New_ALB/applets/freebodydrawer/applethelp fig2a.png
2002.10.13 22:13 B C:\matthew\New_ALB\applets\freebodydrawer\applethelp\fig2b.png --> chris.kingsu.ab.ca /home/brian/public_html/New_ALB/applets/freebodydrawer/applethelp fig2b.png
2002.10.13 22:13 B C:\matthew\New_ALB\applets\freebodydrawer\applethelp\fig2c.png --> chris.kingsu.ab.ca /home/brian/public_html/New_ALB/applets/freebodydrawer/applethelp fig2c.png
2002.10.13 22:13 B C:\matthew\New_ALB\applets\freebodydrawer\applethelp\fig2d.png --> chris.kingsu.ab.ca /home/brian/public_html/New_ALB/applets/freebodydrawer/applethelp fig2d.png
2002.10.13 22:13 B C:\matthew\New_ALB\applets\freebodydrawer\applethelp\fig3.png --> chris.kingsu.ab.ca /home/brian/public_html/New_ALB/applets/freebodydrawer/applethelp fig3.png
2002.10.13 22:13 B C:\matthew\New_ALB\applets\freebodydrawer\applethelp\fig3a.png --> chris.kingsu.ab.ca /home/brian/public_html/New_ALB/applets/freebodydrawer/applethelp fig3a.png
2002.10.13 22:13 B C:\matthew\New_ALB\applets\freebodydrawer\applethelp\fig4.png --> chris.kingsu.ab.ca /home/brian/public_html/New_ALB/applets/freebodydrawer/applethelp fig4.png
2002.10.13 22:13 B C:\matthew\New_ALB\applets\freebodydrawer\applethelp\fig4a.png --> chris.kingsu.ab.ca /home/brian/public_html/New_ALB/applets/freebodydrawer/applethelp fig4a.png
2002.10.13 22:13 B C:\matthew\New_ALB\applets\freebodydrawer\applethelp\fig4b.png --> chris.kingsu.ab.ca /home/brian/public_html/New_ALB/applets/freebodydrawer/applethelp fig4b.png
2002.10.13 22:13 B C:\matthew\New_ALB\applets\freebodydrawer\applethelp\fig4c.png --> chris.kingsu.ab.ca /home/brian/public_html/New_ALB/applets/freebodydrawer/applethelp fig4c.png
2002.10.13 22:13 B C:\matthew\New_ALB\applets\freebodydrawer\applethelp\fig5.png --> chris.kingsu.ab.ca /home/brian/public_html/New_ALB/applets/freebodydrawer/applethelp fig5.png
2002.10.13 22:13 B C:\matthew\New_ALB\applets\freebodydrawer\applethelp\fig6.png --> chris.kingsu.ab.ca /home/brian/public_html/New_ALB/applets/freebodydrawer/applethelp fig6.png
2002.10.13 22:13 B C:\matthew\New_ALB\applets\freebodydrawer\applethelp\fig6a.png --> chris.kingsu.ab.ca /home/brian/public_html/New_ALB/applets/freebodydrawer/applethelp fig6a.png
2002.10.13 22:13 B C:\matthew\New_ALB\applets\freebodydrawer\applethelp\fig6b.png --> chris.kingsu.ab.ca /home/brian/public_html/New_ALB/applets/freebodydrawer/applethelp fig6b.png
2002.10.13 22:13 B C:\matthew\New_ALB\applets\freebodydrawer\applethelp\fig6c.png --> chris.kingsu.ab.ca /home/brian/public_html/New_ALB/applets/freebodydrawer/applethelp fig6c.png
2002.10.13 22:13 B C:\matthew\New_ALB\applets\freebodydrawer\applethelp\fig6d.png --> chris.kingsu.ab.ca /home/brian/public_html/New_ALB/applets/freebodydrawer/applethelp fig6d.png
2002.10.13 22:13 B C:\matthew\New_ALB\applets\freebodydrawer\applethelp\fig7.png --> chris.kingsu.ab.ca /home/brian/public_html/New_ALB/applets/freebodydrawer/applethelp fig7.png
2002.10.13 22:13 B C:\matthew\New_ALB\applets\freebodydrawer\applethelp\fig8.png --> chris.kingsu.ab.ca /home/brian/public_html/New_ALB/applets/freebodydrawer/applethelp fig8.png
2002.10.13 22:13 B C:\matthew\New_ALB\applets\freebodydrawer\applethelp\fig8a.png --> chris.kingsu.ab.ca /home/brian/public_html/New_ALB/applets/freebodydrawer/applethelp fig8a.png
2002.10.13 22:13 B C:\matthew\New_ALB\applets\freebodydrawer\applethelp\fig8b.png --> chris.kingsu.ab.ca /home/brian/public_html/New_ALB/applets/freebodydrawer/applethelp fig8b.png
2002.10.13 22:13 B C:\matthew\New_ALB\applets\freebodydrawer\applethelp\fig8c.png --> chris.kingsu.ab.ca /home/brian/public_html/New_ALB/applets/freebodydrawer/applethelp fig8c.png
2002.10.13 22:13 B C:\matthew\New_ALB\applets\freebodydrawer\applethelp\fig8d.png --> chris.kingsu.ab.ca /home/brian/public_html/New_ALB/applets/freebodydrawer/applethelp fig8d.png
2002.10.13 22:13 B C:\matthew\New_ALB\applets\freebodydrawer\applethelp\fig8e.png --> chris.kingsu.ab.ca /home/brian/public_html/New_ALB/applets/freebodydrawer/applethelp fig8e.png
2002.10.13 22:13 B C:\matthew\New_ALB\applets\freebodydrawer\applethelp\fig9.png --> chris.kingsu.ab.ca /home/brian/public_html/New_ALB/applets/freebodydrawer/applethelp fig9.png
2002.10.13 22:13 B C:\matthew\New_ALB\applets\freebodydrawer\applethelp\fig9a.png --> chris.kingsu.ab.ca /home/brian/public_html/New_ALB/applets/freebodydrawer/applethelp fig9a.png
2002.10.13 22:13 B C:\matthew\New_ALB\applets\freebodydrawer\applethelp\fig9b.png --> chris.kingsu.ab.ca /home/brian/public_html/New_ALB/applets/freebodydrawer/applethelp fig9b.png
2002.10.13 22:13 B C:\matthew\New_ALB\applets\freebodydrawer\applethelp\fig9c.png --> chris.kingsu.ab.ca /home/brian/public_html/New_ALB/applets/freebodydrawer/applethelp fig9c.png
2002.10.13 22:13 B C:\matthew\New_ALB\applets\freebodydrawer\applethelp\fig9d.png --> chris.kingsu.ab.ca /home/brian/public_html/New_ALB/applets/freebodydrawer/applethelp fig9d.png
2002.10.13 22:13 B C:\matthew\New_ALB\applets\freebodydrawer\applethelp\frameset.html --> chris.kingsu.ab.ca /home/brian/public_html/New_ALB/applets/freebodydrawer/applethelp frameset.html
2002.10.13 22:13 B C:\matthew\New_ALB\applets\freebodydrawer\applethelp\help.html --> chris.kingsu.ab.ca /home/brian/public_html/New_ALB/applets/freebodydrawer/applethelp help.html
2002.10.13 22:13 B C:\matthew\New_ALB\applets\freebodydrawer\applethelp\help_freebodydrawer.html --> chris.kingsu.ab.ca /home/brian/public_html/New_ALB/applets/freebodydrawer/applethelp help_freebodydrawer.html
2002.10.13 22:13 B C:\matthew\New_ALB\applets\freebodydrawer\applethelp\img1.png --> chris.kingsu.ab.ca /home/brian/public_html/New_ALB/applets/freebodydrawer/applethelp img1.png
2002.10.13 22:13 B C:\matthew\New_ALB\applets\freebodydrawer\applethelp\img2.png --> chris.kingsu.ab.ca /home/brian/public_html/New_ALB/applets/freebodydrawer/applethelp img2.png
2002.10.13 22:13 B C:\matthew\New_ALB\applets\freebodydrawer\applethelp\img3.png --> chris.kingsu.ab.ca /home/brian/public_html/New_ALB/applets/freebodydrawer/applethelp img3.png
2002.10.13 22:14 B C:\matthew\New_ALB\applets\freebodydrawer\applethelp\img4.png --> chris.kingsu.ab.ca /home/brian/public_html/New_ALB/applets/freebodydrawer/applethelp img4.png
2002.10.13 22:14 B C:\matthew\New_ALB\applets\freebodydrawer\applethelp\img5.png --> chris.kingsu.ab.ca /home/brian/public_html/New_ALB/applets/freebodydrawer/applethelp img5.png
2002.10.13 22:14 B C:\matthew\New_ALB\applets\freebodydrawer\applethelp\img6.png --> chris.kingsu.ab.ca /home/brian/public_html/New_ALB/applets/freebodydrawer/applethelp img6.png
2002.10.13 22:14 B C:\matthew\New_ALB\applets\freebodydrawer\applethelp\intro.html --> chris.kingsu.ab.ca /home/brian/public_html/New_ALB/applets/freebodydrawer/applethelp intro.html
2002.10.13 22:14 B C:\matthew\New_ALB\applets\freebodydrawer\applethelp\navPanel.html --> chris.kingsu.ab.ca /home/brian/public_html/New_ALB/applets/freebodydrawer/applethelp navPanel.html
2002.10.13 22:14 B C:\matthew\New_ALB\applets\freebodydrawer\applethelp\showme.avi --> chris.kingsu.ab.ca /home/brian/public_html/New_ALB/applets/freebodydrawer/applethelp showme.avi
2002.10.13 22:14 B C:\matthew\New_ALB\applets\freebodydrawer\applethelp\showme.html --> chris.kingsu.ab.ca /home/brian/public_html/New_ALB/applets/freebodydrawer/applethelp showme.html
2002.10.13 22:14 B C:\matthew\New_ALB\applets\freebodydrawer\applethelp\showme.html.LCK --> chris.kingsu.ab.ca /home/brian/public_html/New_ALB/applets/freebodydrawer/applethelp showme.html.LCK
2002.10.28 09:21 B C:\alberta_learning\new(fall2002)\applets\freebodydrawer\applethelp\WS_FTP.LOG <-- chris /home/brian/public_html/New_ALB/applets/freebodydrawer/applethelp WS_FTP.LOG
2003.01.24 08:23 B C:\Astro\public_html\phys\alberta_learning\new(fall2002)\applets\freebodydrawer\applethelp\fig1.png --> ftp.kingsu.ab.ca /usr/home/brian/public_html/phys/alberta_learning/new(fall2002)/applets/freebodydrawer/applethelp fig1.png
2003.01.24 08:23 B C:\Astro\public_html\phys\alberta_learning\new(fall2002)\applets\freebodydrawer\applethelp\fig10.png --> ftp.kingsu.ab.ca /usr/home/brian/public_html/phys/alberta_learning/new(fall2002)/applets/freebodydrawer/applethelp fig10.png
2003.01.24 08:23 B C:\Astro\public_html\phys\alberta_learning\new(fall2002)\applets\freebodydrawer\applethelp\fig2.png --> ftp.kingsu.ab.ca /usr/home/brian/public_html/phys/alberta_learning/new(fall2002)/applets/freebodydrawer/applethelp fig2.png
2003.01.24 08:23 B C:\Astro\public_html\phys\alberta_learning\new(fall2002)\applets\freebodydrawer\applethelp\fig2a.png --> ftp.kingsu.ab.ca /usr/home/brian/public_html/phys/alberta_learning/new(fall2002)/applets/freebodydrawer/applethelp fig2a.png
2003.01.24 08:23 B C:\Astro\public_html\phys\alberta_learning\new(fall2002)\applets\freebodydrawer\applethelp\fig2b.png --> ftp.kingsu.ab.ca /usr/home/brian/public_html/phys/alberta_learning/new(fall2002)/applets/freebodydrawer/applethelp fig2b.png
2003.01.24 08:23 B C:\Astro\public_html\phys\alberta_learning\new(fall2002)\applets\freebodydrawer\applethelp\fig2c.png --> ftp.kingsu.ab.ca /usr/home/brian/public_html/phys/alberta_learning/new(fall2002)/applets/freebodydrawer/applethelp fig2c.png
2003.01.24 08:23 B C:\Astro\public_html\phys\alberta_learning\new(fall2002)\applets\freebodydrawer\applethelp\fig2d.png --> ftp.kingsu.ab.ca /usr/home/brian/public_html/phys/alberta_learning/new(fall2002)/applets/freebodydrawer/applethelp fig2d.png
2003.01.24 08:23 B C:\Astro\public_html\phys\alberta_learning\new(fall2002)\applets\freebodydrawer\applethelp\fig3.png --> ftp.kingsu.ab.ca /usr/home/brian/public_html/phys/alberta_learning/new(fall2002)/applets/freebodydrawer/applethelp fig3.png
2003.01.24 08:23 B C:\Astro\public_html\phys\alberta_learning\new(fall2002)\applets\freebodydrawer\applethelp\fig3a.png --> ftp.kingsu.ab.ca /usr/home/brian/public_html/phys/alberta_learning/new(fall2002)/applets/freebodydrawer/applethelp fig3a.png
2003.01.24 08:23 B C:\Astro\public_html\phys\alberta_learning\new(fall2002)\applets\freebodydrawer\applethelp\fig4.png --> ftp.kingsu.ab.ca /usr/home/brian/public_html/phys/alberta_learning/new(fall2002)/applets/freebodydrawer/applethelp fig4.png
2003.01.24 08:23 B C:\Astro\public_html\phys\alberta_learning\new(fall2002)\applets\freebodydrawer\applethelp\fig4a.png --> ftp.kingsu.ab.ca /usr/home/brian/public_html/phys/alberta_learning/new(fall2002)/applets/freebodydrawer/applethelp fig4a.png
2003.01.24 08:23 B C:\Astro\public_html\phys\alberta_learning\new(fall2002)\applets\freebodydrawer\applethelp\fig4b.png --> ftp.kingsu.ab.ca /usr/home/brian/public_html/phys/alberta_learning/new(fall2002)/applets/freebodydrawer/applethelp fig4b.png
2003.01.24 08:23 B C:\Astro\public_html\phys\alberta_learning\new(fall2002)\applets\freebodydrawer\applethelp\fig4c.png --> ftp.kingsu.ab.ca /usr/home/brian/public_html/phys/alberta_learning/new(fall2002)/applets/freebodydrawer/applethelp fig4c.png
2003.01.24 08:23 B C:\Astro\public_html\phys\alberta_learning\new(fall2002)\applets\freebodydrawer\applethelp\fig5.png --> ftp.kingsu.ab.ca /usr/home/brian/public_html/phys/alberta_learning/new(fall2002)/applets/freebodydrawer/applethelp fig5.png
2003.01.24 08:23 B C:\Astro\public_html\phys\alberta_learning\new(fall2002)\applets\freebodydrawer\applethelp\fig6.png --> ftp.kingsu.ab.ca /usr/home/brian/public_html/phys/alberta_learning/new(fall2002)/applets/freebodydrawer/applethelp fig6.png
2003.01.24 08:23 B C:\Astro\public_html\phys\alberta_learning\new(fall2002)\applets\freebodydrawer\applethelp\fig6a.png --> ftp.kingsu.ab.ca /usr/home/brian/public_html/phys/alberta_learning/new(fall2002)/applets/freebodydrawer/applethelp fig6a.png
2003.01.24 08:23 B C:\Astro\public_html\phys\alberta_learning\new(fall2002)\applets\freebodydrawer\applethelp\fig6b.png --> ftp.kingsu.ab.ca /usr/home/brian/public_html/phys/alberta_learning/new(fall2002)/applets/freebodydrawer/applethelp fig6b.png
2003.01.24 08:23 B C:\Astro\public_html\phys\alberta_learning\new(fall2002)\applets\freebodydrawer\applethelp\fig6c.png --> ftp.kingsu.ab.ca /usr/home/brian/public_html/phys/alberta_learning/new(fall2002)/applets/freebodydrawer/applethelp fig6c.png
2003.01.24 08:23 B C:\Astro\public_html\phys\alberta_learning\new(fall2002)\applets\freebodydrawer\applethelp\fig6d.png --> ftp.kingsu.ab.ca /usr/home/brian/public_html/phys/alberta_learning/new(fall2002)/applets/freebodydrawer/applethelp fig6d.png
2003.01.24 08:23 B C:\Astro\public_html\phys\alberta_learning\new(fall2002)\applets\freebodydrawer\applethelp\fig7.png --> ftp.kingsu.ab.ca /usr/home/brian/public_html/phys/alberta_learning/new(fall2002)/applets/freebodydrawer/applethelp fig7.png
2003.01.24 08:23 B C:\Astro\public_html\phys\alberta_learning\new(fall2002)\applets\freebodydrawer\applethelp\fig8.png --> ftp.kingsu.ab.ca /usr/home/brian/public_html/phys/alberta_learning/new(fall2002)/applets/freebodydrawer/applethelp fig8.png
2003.01.24 08:23 B C:\Astro\public_html\phys\alberta_learning\new(fall2002)\applets\freebodydrawer\applethelp\fig8a.png --> ftp.kingsu.ab.ca /usr/home/brian/public_html/phys/alberta_learning/new(fall2002)/applets/freebodydrawer/applethelp fig8a.png
2003.01.24 08:23 B C:\Astro\public_html\phys\alberta_learning\new(fall2002)\applets\freebodydrawer\applethelp\fig8b.png --> ftp.kingsu.ab.ca /usr/home/brian/public_html/phys/alberta_learning/new(fall2002)/applets/freebodydrawer/applethelp fig8b.png
2003.01.24 08:23 B C:\Astro\public_html\phys\alberta_learning\new(fall2002)\applets\freebodydrawer\applethelp\fig8c.png --> ftp.kingsu.ab.ca /usr/home/brian/public_html/phys/alberta_learning/new(fall2002)/applets/freebodydrawer/applethelp fig8c.png
2003.01.24 08:23 B C:\Astro\public_html\phys\alberta_learning\new(fall2002)\applets\freebodydrawer\applethelp\fig8d.png --> ftp.kingsu.ab.ca /usr/home/brian/public_html/phys/alberta_learning/new(fall2002)/applets/freebodydrawer/applethelp fig8d.png
2003.01.24 08:23 B C:\Astro\public_html\phys\alberta_learning\new(fall2002)\applets\freebodydrawer\applethelp\fig8e.png --> ftp.kingsu.ab.ca /usr/home/brian/public_html/phys/alberta_learning/new(fall2002)/applets/freebodydrawer/applethelp fig8e.png
2003.01.24 08:23 B C:\Astro\public_html\phys\alberta_learning\new(fall2002)\applets\freebodydrawer\applethelp\fig9.png --> ftp.kingsu.ab.ca /usr/home/brian/public_html/phys/alberta_learning/new(fall2002)/applets/freebodydrawer/applethelp fig9.png
2003.01.24 08:23 B C:\Astro\public_html\phys\alberta_learning\new(fall2002)\applets\freebodydrawer\applethelp\fig9a.png --> ftp.kingsu.ab.ca /usr/home/brian/public_html/phys/alberta_learning/new(fall2002)/applets/freebodydrawer/applethelp fig9a.png
2003.01.24 08:23 B C:\Astro\public_html\phys\alberta_learning\new(fall2002)\applets\freebodydrawer\applethelp\fig9b.png --> ftp.kingsu.ab.ca /usr/home/brian/public_html/phys/alberta_learning/new(fall2002)/applets/freebodydrawer/applethelp fig9b.png
2003.01.24 08:23 B C:\Astro\public_html\phys\alberta_learning\new(fall2002)\applets\freebodydrawer\applethelp\fig9c.png --> ftp.kingsu.ab.ca /usr/home/brian/public_html/phys/alberta_learning/new(fall2002)/applets/freebodydrawer/applethelp fig9c.png
2003.01.24 08:23 B C:\Astro\public_html\phys\alberta_learning\new(fall2002)\applets\freebodydrawer\applethelp\fig9d.png --> ftp.kingsu.ab.ca /usr/home/brian/public_html/phys/alberta_learning/new(fall2002)/applets/freebodydrawer/applethelp fig9d.png
2003.01.24 08:23 B C:\Astro\public_html\phys\alberta_learning\new(fall2002)\applets\freebodydrawer\applethelp\frameset.html --> ftp.kingsu.ab.ca /usr/home/brian/public_html/phys/alberta_learning/new(fall2002)/applets/freebodydrawer/applethelp frameset.html
2003.01.24 08:23 B C:\Astro\public_html\phys\alberta_learning\new(fall2002)\applets\freebodydrawer\applethelp\help.html --> ftp.kingsu.ab.ca /usr/home/brian/public_html/phys/alberta_learning/new(fall2002)/applets/freebodydrawer/applethelp help.html
2003.01.24 08:23 B C:\Astro\public_html\phys\alberta_learning\new(fall2002)\applets\freebodydrawer\applethelp\help_freebodydrawer.html --> ftp.kingsu.ab.ca /usr/home/brian/public_html/phys/alberta_learning/new(fall2002)/applets/freebodydrawer/applethelp help_freebodydrawer.html
2003.01.24 08:23 B C:\Astro\public_html\phys\alberta_learning\new(fall2002)\applets\freebodydrawer\applethelp\img1.png --> ftp.kingsu.ab.ca /usr/home/brian/public_html/phys/alberta_learning/new(fall2002)/applets/freebodydrawer/applethelp img1.png
2003.01.24 08:23 B C:\Astro\public_html\phys\alberta_learning\new(fall2002)\applets\freebodydrawer\applethelp\img2.png --> ftp.kingsu.ab.ca /usr/home/brian/public_html/phys/alberta_learning/new(fall2002)/applets/freebodydrawer/applethelp img2.png
2003.01.24 08:23 B C:\Astro\public_html\phys\alberta_learning\new(fall2002)\applets\freebodydrawer\applethelp\img3.png --> ftp.kingsu.ab.ca /usr/home/brian/public_html/phys/alberta_learning/new(fall2002)/applets/freebodydrawer/applethelp img3.png
2003.01.24 08:23 B C:\Astro\public_html\phys\alberta_learning\new(fall2002)\applets\freebodydrawer\applethelp\img4.png --> ftp.kingsu.ab.ca /usr/home/brian/public_html/phys/alberta_learning/new(fall2002)/applets/freebodydrawer/applethelp img4.png
2003.01.24 08:23 B C:\Astro\public_html\phys\alberta_learning\new(fall2002)\applets\freebodydrawer\applethelp\img5.png --> ftp.kingsu.ab.ca /usr/home/brian/public_html/phys/alberta_learning/new(fall2002)/applets/freebodydrawer/applethelp img5.png
2003.01.24 08:23 B C:\Astro\public_html\phys\alberta_learning\new(fall2002)\applets\freebodydrawer\applethelp\img6.png --> ftp.kingsu.ab.ca /usr/home/brian/public_html/phys/alberta_learning/new(fall2002)/applets/freebodydrawer/applethelp img6.png
2003.01.24 08:23 B C:\Astro\public_html\phys\alberta_learning\new(fall2002)\applets\freebodydrawer\applethelp\intro.html --> ftp.kingsu.ab.ca /usr/home/brian/public_html/phys/alberta_learning/new(fall2002)/applets/freebodydrawer/applethelp intro.html
2003.01.24 08:23 B C:\Astro\public_html\phys\alberta_learning\new(fall2002)\applets\freebodydrawer\applethelp\navPanel.html --> ftp.kingsu.ab.ca /usr/home/brian/public_html/phys/alberta_learning/new(fall2002)/applets/freebodydrawer/applethelp navPanel.html
2003.01.24 08:23 B C:\Astro\public_html\phys\alberta_learning\new(fall2002)\applets\freebodydrawer\applethelp\showme.avi --> ftp.kingsu.ab.ca /usr/home/brian/public_html/phys/alberta_learning/new(fall2002)/applets/freebodydrawer/applethelp showme.avi
2003.01.24 08:23 B C:\Astro\public_html\phys\alberta_learning\new(fall2002)\applets\freebodydrawer\applethelp\showme.html --> ftp.kingsu.ab.ca /usr/home/brian/public_html/phys/alberta_learning/new(fall2002)/applets/freebodydrawer/applethelp showme.html
2003.01.24 08:23 B C:\Astro\public_html\phys\alberta_learning\new(fall2002)\applets\freebodydrawer\applethelp\showme.html.LCK --> ftp.kingsu.ab.ca /usr/home/brian/public_html/phys/alberta_learning/new(fall2002)/applets/freebodydrawer/applethelp showme.html.LCK
2019.04.02 01:23 B C:\kings\phys\alberta_learning\new(fall2002)\applets\freebodydrawer\applethelp\WS_FTP.LOG <-- kings /usr/home/brian/public_html/phys/alberta_learning/new(fall2002)/applets/freebodydrawer/applethelp WS_FTP.LOG
