2001.08.07 12:01 B C:\map\alberta_learning\applets\freebodydrawer\projects\project_2a_images\fbd_1.gif --> ednet.edc.gov.ab.ca /ltbmedia/map_north/alberta_learning/applets/freebodydrawer/projects/project_2a_images fbd_1.gif
2001.08.07 12:01 B C:\map\alberta_learning\applets\freebodydrawer\projects\project_2a_images\fbd_2.gif --> ednet.edc.gov.ab.ca /ltbmedia/map_north/alberta_learning/applets/freebodydrawer/projects/project_2a_images fbd_2.gif
2001.08.07 12:01 B C:\map\alberta_learning\applets\freebodydrawer\projects\project_2a_images\fbd_3.gif --> ednet.edc.gov.ab.ca /ltbmedia/map_north/alberta_learning/applets/freebodydrawer/projects/project_2a_images fbd_3.gif
2001.08.07 12:07 B C:\map\alberta_learning\applets\freebodydrawer\projects\project_2a_images\WS_FTP.LOG --> ednet.edc.gov.ab.ca /ltbmedia/map_north/alberta_learning/applets/freebodydrawer/projects/project_2a_images WS_FTP.LOG
2001.08.17 11:39 B C:\map\alberta_learning\applets\freebodydrawer\projects\project_2a_images\fbd_1.gif --> chris.kingsu.ab.ca /home/brian/public_html/alberta_learning/applets/freebodydrawer/projects/project_2a_images fbd_1.gif
2001.08.17 11:39 B C:\map\alberta_learning\applets\freebodydrawer\projects\project_2a_images\fbd_2.gif --> chris.kingsu.ab.ca /home/brian/public_html/alberta_learning/applets/freebodydrawer/projects/project_2a_images fbd_2.gif
2001.08.17 11:39 B C:\map\alberta_learning\applets\freebodydrawer\projects\project_2a_images\fbd_3.gif --> chris.kingsu.ab.ca /home/brian/public_html/alberta_learning/applets/freebodydrawer/projects/project_2a_images fbd_3.gif
2001.08.17 11:39 B C:\map\alberta_learning\applets\freebodydrawer\projects\project_2a_images\WS_FTP.LOG --> chris.kingsu.ab.ca /home/brian/public_html/alberta_learning/applets/freebodydrawer/projects/project_2a_images WS_FTP.LOG
2002.10.08 10:15 B C:\alberta_learning\applets\freebodydrawer\projects\project_2_images\WS_FTP.LOG <-- chris /home/brian/old_home/public_html/alberta_learning/applets/freebodydrawer/projects/project_2_images WS_FTP.LOG
2002.10.08 10:31 B C:\alberta_learning\applets\freebodydrawer\projects\project_2_images\WS_FTP.LOG --> chris.kingsu.ab.ca /home/brian/public_html/alberta_learning/applets/freebodydrawer/projects/project_2_images WS_FTP.LOG
2002.10.08 10:52 B C:\alberta_learning\applets\freebodydrawer\projects\project_2_images\FBD1.jpg --> chris.kingsu.ab.ca /home/brian/public_html/alberta_learning/applets/freebodydrawer/projects/project_2_images FBD1.jpg
2002.10.08 10:52 B C:\alberta_learning\applets\freebodydrawer\projects\project_2_images\FBD10.jpg --> chris.kingsu.ab.ca /home/brian/public_html/alberta_learning/applets/freebodydrawer/projects/project_2_images FBD10.jpg
2002.10.08 10:52 B C:\alberta_learning\applets\freebodydrawer\projects\project_2_images\FBD10_Thumb.jpg --> chris.kingsu.ab.ca /home/brian/public_html/alberta_learning/applets/freebodydrawer/projects/project_2_images FBD10_Thumb.jpg
2002.10.08 10:52 B C:\alberta_learning\applets\freebodydrawer\projects\project_2_images\FBD11.jpg --> chris.kingsu.ab.ca /home/brian/public_html/alberta_learning/applets/freebodydrawer/projects/project_2_images FBD11.jpg
2002.10.08 10:52 B C:\alberta_learning\applets\freebodydrawer\projects\project_2_images\FBD11_Thumb.jpg --> chris.kingsu.ab.ca /home/brian/public_html/alberta_learning/applets/freebodydrawer/projects/project_2_images FBD11_Thumb.jpg
2002.10.08 10:52 B C:\alberta_learning\applets\freebodydrawer\projects\project_2_images\FBD12.jpg --> chris.kingsu.ab.ca /home/brian/public_html/alberta_learning/applets/freebodydrawer/projects/project_2_images FBD12.jpg
2002.10.08 10:52 B C:\alberta_learning\applets\freebodydrawer\projects\project_2_images\FBD12_Thumb.jpg --> chris.kingsu.ab.ca /home/brian/public_html/alberta_learning/applets/freebodydrawer/projects/project_2_images FBD12_Thumb.jpg
2002.10.08 10:52 B C:\alberta_learning\applets\freebodydrawer\projects\project_2_images\FBD13.jpg --> chris.kingsu.ab.ca /home/brian/public_html/alberta_learning/applets/freebodydrawer/projects/project_2_images FBD13.jpg
2002.10.08 10:52 B C:\alberta_learning\applets\freebodydrawer\projects\project_2_images\FBD13_Thumb.jpg --> chris.kingsu.ab.ca /home/brian/public_html/alberta_learning/applets/freebodydrawer/projects/project_2_images FBD13_Thumb.jpg
2002.10.08 10:52 B C:\alberta_learning\applets\freebodydrawer\projects\project_2_images\FBD14.jpg --> chris.kingsu.ab.ca /home/brian/public_html/alberta_learning/applets/freebodydrawer/projects/project_2_images FBD14.jpg
2002.10.08 10:52 B C:\alberta_learning\applets\freebodydrawer\projects\project_2_images\FBD14_Thumb.jpg --> chris.kingsu.ab.ca /home/brian/public_html/alberta_learning/applets/freebodydrawer/projects/project_2_images FBD14_Thumb.jpg
2002.10.08 10:52 B C:\alberta_learning\applets\freebodydrawer\projects\project_2_images\FBD15.jpg --> chris.kingsu.ab.ca /home/brian/public_html/alberta_learning/applets/freebodydrawer/projects/project_2_images FBD15.jpg
2002.10.08 10:52 B C:\alberta_learning\applets\freebodydrawer\projects\project_2_images\FBD15_Thumb.jpg --> chris.kingsu.ab.ca /home/brian/public_html/alberta_learning/applets/freebodydrawer/projects/project_2_images FBD15_Thumb.jpg
2002.10.08 10:52 B C:\alberta_learning\applets\freebodydrawer\projects\project_2_images\FBD16.jpg --> chris.kingsu.ab.ca /home/brian/public_html/alberta_learning/applets/freebodydrawer/projects/project_2_images FBD16.jpg
2002.10.08 10:52 B C:\alberta_learning\applets\freebodydrawer\projects\project_2_images\FBD16_Thumb.jpg --> chris.kingsu.ab.ca /home/brian/public_html/alberta_learning/applets/freebodydrawer/projects/project_2_images FBD16_Thumb.jpg
2002.10.08 10:52 B C:\alberta_learning\applets\freebodydrawer\projects\project_2_images\FBD17.jpg --> chris.kingsu.ab.ca /home/brian/public_html/alberta_learning/applets/freebodydrawer/projects/project_2_images FBD17.jpg
2002.10.08 10:52 B C:\alberta_learning\applets\freebodydrawer\projects\project_2_images\FBD17_Thumb.jpg --> chris.kingsu.ab.ca /home/brian/public_html/alberta_learning/applets/freebodydrawer/projects/project_2_images FBD17_Thumb.jpg
2002.10.08 10:52 B C:\alberta_learning\applets\freebodydrawer\projects\project_2_images\FBD18.jpg --> chris.kingsu.ab.ca /home/brian/public_html/alberta_learning/applets/freebodydrawer/projects/project_2_images FBD18.jpg
2002.10.08 10:52 B C:\alberta_learning\applets\freebodydrawer\projects\project_2_images\FBD18_Thumb.jpg --> chris.kingsu.ab.ca /home/brian/public_html/alberta_learning/applets/freebodydrawer/projects/project_2_images FBD18_Thumb.jpg
2002.10.08 10:52 B C:\alberta_learning\applets\freebodydrawer\projects\project_2_images\FBD19.jpg --> chris.kingsu.ab.ca /home/brian/public_html/alberta_learning/applets/freebodydrawer/projects/project_2_images FBD19.jpg
2002.10.08 10:52 B C:\alberta_learning\applets\freebodydrawer\projects\project_2_images\FBD19_Thumb.jpg --> chris.kingsu.ab.ca /home/brian/public_html/alberta_learning/applets/freebodydrawer/projects/project_2_images FBD19_Thumb.jpg
2002.10.08 10:52 B C:\alberta_learning\applets\freebodydrawer\projects\project_2_images\FBD1_Thumb.jpg --> chris.kingsu.ab.ca /home/brian/public_html/alberta_learning/applets/freebodydrawer/projects/project_2_images FBD1_Thumb.jpg
2002.10.08 10:52 B C:\alberta_learning\applets\freebodydrawer\projects\project_2_images\FBD2.jpg --> chris.kingsu.ab.ca /home/brian/public_html/alberta_learning/applets/freebodydrawer/projects/project_2_images FBD2.jpg
2002.10.08 10:52 B C:\alberta_learning\applets\freebodydrawer\projects\project_2_images\FBD20.jpg --> chris.kingsu.ab.ca /home/brian/public_html/alberta_learning/applets/freebodydrawer/projects/project_2_images FBD20.jpg
2002.10.08 10:52 B C:\alberta_learning\applets\freebodydrawer\projects\project_2_images\FBD20_Thumb.jpg --> chris.kingsu.ab.ca /home/brian/public_html/alberta_learning/applets/freebodydrawer/projects/project_2_images FBD20_Thumb.jpg
2002.10.08 10:52 B C:\alberta_learning\applets\freebodydrawer\projects\project_2_images\FBD21.jpg --> chris.kingsu.ab.ca /home/brian/public_html/alberta_learning/applets/freebodydrawer/projects/project_2_images FBD21.jpg
2002.10.08 10:52 B C:\alberta_learning\applets\freebodydrawer\projects\project_2_images\FBD21_Thumb.jpg --> chris.kingsu.ab.ca /home/brian/public_html/alberta_learning/applets/freebodydrawer/projects/project_2_images FBD21_Thumb.jpg
2002.10.08 10:52 B C:\alberta_learning\applets\freebodydrawer\projects\project_2_images\FBD22.jpg --> chris.kingsu.ab.ca /home/brian/public_html/alberta_learning/applets/freebodydrawer/projects/project_2_images FBD22.jpg
2002.10.08 10:52 B C:\alberta_learning\applets\freebodydrawer\projects\project_2_images\FBD22_Thumb.jpg --> chris.kingsu.ab.ca /home/brian/public_html/alberta_learning/applets/freebodydrawer/projects/project_2_images FBD22_Thumb.jpg
2002.10.08 10:52 B C:\alberta_learning\applets\freebodydrawer\projects\project_2_images\FBD23.jpg --> chris.kingsu.ab.ca /home/brian/public_html/alberta_learning/applets/freebodydrawer/projects/project_2_images FBD23.jpg
2002.10.08 10:52 B C:\alberta_learning\applets\freebodydrawer\projects\project_2_images\FBD23_Thumb.jpg --> chris.kingsu.ab.ca /home/brian/public_html/alberta_learning/applets/freebodydrawer/projects/project_2_images FBD23_Thumb.jpg
2002.10.08 10:52 B C:\alberta_learning\applets\freebodydrawer\projects\project_2_images\FBD24.jpg --> chris.kingsu.ab.ca /home/brian/public_html/alberta_learning/applets/freebodydrawer/projects/project_2_images FBD24.jpg
2002.10.08 10:52 B C:\alberta_learning\applets\freebodydrawer\projects\project_2_images\FBD24_Thumb.jpg --> chris.kingsu.ab.ca /home/brian/public_html/alberta_learning/applets/freebodydrawer/projects/project_2_images FBD24_Thumb.jpg
2002.10.08 10:52 B C:\alberta_learning\applets\freebodydrawer\projects\project_2_images\FBD25.jpg --> chris.kingsu.ab.ca /home/brian/public_html/alberta_learning/applets/freebodydrawer/projects/project_2_images FBD25.jpg
2002.10.08 10:52 B C:\alberta_learning\applets\freebodydrawer\projects\project_2_images\FBD25_Thumb.jpg --> chris.kingsu.ab.ca /home/brian/public_html/alberta_learning/applets/freebodydrawer/projects/project_2_images FBD25_Thumb.jpg
2002.10.08 10:52 B C:\alberta_learning\applets\freebodydrawer\projects\project_2_images\FBD26.jpg --> chris.kingsu.ab.ca /home/brian/public_html/alberta_learning/applets/freebodydrawer/projects/project_2_images FBD26.jpg
2002.10.08 10:52 B C:\alberta_learning\applets\freebodydrawer\projects\project_2_images\FBD26_Thumb.jpg --> chris.kingsu.ab.ca /home/brian/public_html/alberta_learning/applets/freebodydrawer/projects/project_2_images FBD26_Thumb.jpg
2002.10.08 10:52 B C:\alberta_learning\applets\freebodydrawer\projects\project_2_images\FBD27.jpg --> chris.kingsu.ab.ca /home/brian/public_html/alberta_learning/applets/freebodydrawer/projects/project_2_images FBD27.jpg
2002.10.08 10:52 B C:\alberta_learning\applets\freebodydrawer\projects\project_2_images\FBD27_Thumb.jpg --> chris.kingsu.ab.ca /home/brian/public_html/alberta_learning/applets/freebodydrawer/projects/project_2_images FBD27_Thumb.jpg
2002.10.08 10:52 B C:\alberta_learning\applets\freebodydrawer\projects\project_2_images\FBD28.jpg --> chris.kingsu.ab.ca /home/brian/public_html/alberta_learning/applets/freebodydrawer/projects/project_2_images FBD28.jpg
2002.10.08 10:52 B C:\alberta_learning\applets\freebodydrawer\projects\project_2_images\FBD28_Thumb.jpg --> chris.kingsu.ab.ca /home/brian/public_html/alberta_learning/applets/freebodydrawer/projects/project_2_images FBD28_Thumb.jpg
2002.10.08 10:52 B C:\alberta_learning\applets\freebodydrawer\projects\project_2_images\FBD29.jpg --> chris.kingsu.ab.ca /home/brian/public_html/alberta_learning/applets/freebodydrawer/projects/project_2_images FBD29.jpg
2002.10.08 10:52 B C:\alberta_learning\applets\freebodydrawer\projects\project_2_images\FBD29_Thumb.jpg --> chris.kingsu.ab.ca /home/brian/public_html/alberta_learning/applets/freebodydrawer/projects/project_2_images FBD29_Thumb.jpg
2002.10.08 10:52 B C:\alberta_learning\applets\freebodydrawer\projects\project_2_images\FBD2_Thumb.jpg --> chris.kingsu.ab.ca /home/brian/public_html/alberta_learning/applets/freebodydrawer/projects/project_2_images FBD2_Thumb.jpg
2002.10.08 10:52 B C:\alberta_learning\applets\freebodydrawer\projects\project_2_images\FBD3.jpg --> chris.kingsu.ab.ca /home/brian/public_html/alberta_learning/applets/freebodydrawer/projects/project_2_images FBD3.jpg
2002.10.08 10:52 B C:\alberta_learning\applets\freebodydrawer\projects\project_2_images\FBD30.jpg --> chris.kingsu.ab.ca /home/brian/public_html/alberta_learning/applets/freebodydrawer/projects/project_2_images FBD30.jpg
2002.10.08 10:52 B C:\alberta_learning\applets\freebodydrawer\projects\project_2_images\FBD30_Thumb.jpg --> chris.kingsu.ab.ca /home/brian/public_html/alberta_learning/applets/freebodydrawer/projects/project_2_images FBD30_Thumb.jpg
2002.10.08 10:52 B C:\alberta_learning\applets\freebodydrawer\projects\project_2_images\FBD3_Thumb.jpg --> chris.kingsu.ab.ca /home/brian/public_html/alberta_learning/applets/freebodydrawer/projects/project_2_images FBD3_Thumb.jpg
2002.10.08 10:52 B C:\alberta_learning\applets\freebodydrawer\projects\project_2_images\FBD4.jpg --> chris.kingsu.ab.ca /home/brian/public_html/alberta_learning/applets/freebodydrawer/projects/project_2_images FBD4.jpg
2002.10.08 10:52 B C:\alberta_learning\applets\freebodydrawer\projects\project_2_images\FBD4_Thumb.jpg --> chris.kingsu.ab.ca /home/brian/public_html/alberta_learning/applets/freebodydrawer/projects/project_2_images FBD4_Thumb.jpg
2002.10.08 10:52 B C:\alberta_learning\applets\freebodydrawer\projects\project_2_images\FBD5.jpg --> chris.kingsu.ab.ca /home/brian/public_html/alberta_learning/applets/freebodydrawer/projects/project_2_images FBD5.jpg
2002.10.08 10:52 B C:\alberta_learning\applets\freebodydrawer\projects\project_2_images\FBD5_Thumb.jpg --> chris.kingsu.ab.ca /home/brian/public_html/alberta_learning/applets/freebodydrawer/projects/project_2_images FBD5_Thumb.jpg
2002.10.08 10:52 B C:\alberta_learning\applets\freebodydrawer\projects\project_2_images\FBD6.jpg --> chris.kingsu.ab.ca /home/brian/public_html/alberta_learning/applets/freebodydrawer/projects/project_2_images FBD6.jpg
2002.10.08 10:52 B C:\alberta_learning\applets\freebodydrawer\projects\project_2_images\FBD6_Thumb.jpg --> chris.kingsu.ab.ca /home/brian/public_html/alberta_learning/applets/freebodydrawer/projects/project_2_images FBD6_Thumb.jpg
2002.10.08 10:52 B C:\alberta_learning\applets\freebodydrawer\projects\project_2_images\FBD7.jpg --> chris.kingsu.ab.ca /home/brian/public_html/alberta_learning/applets/freebodydrawer/projects/project_2_images FBD7.jpg
2002.10.08 10:52 B C:\alberta_learning\applets\freebodydrawer\projects\project_2_images\FBD7_Thumb.jpg --> chris.kingsu.ab.ca /home/brian/public_html/alberta_learning/applets/freebodydrawer/projects/project_2_images FBD7_Thumb.jpg
2002.10.08 10:52 B C:\alberta_learning\applets\freebodydrawer\projects\project_2_images\FBD8.jpg --> chris.kingsu.ab.ca /home/brian/public_html/alberta_learning/applets/freebodydrawer/projects/project_2_images FBD8.jpg
2002.10.08 10:52 B C:\alberta_learning\applets\freebodydrawer\projects\project_2_images\FBD8_Thumb.jpg --> chris.kingsu.ab.ca /home/brian/public_html/alberta_learning/applets/freebodydrawer/projects/project_2_images FBD8_Thumb.jpg
2002.10.08 10:52 B C:\alberta_learning\applets\freebodydrawer\projects\project_2_images\FBD9.jpg --> chris.kingsu.ab.ca /home/brian/public_html/alberta_learning/applets/freebodydrawer/projects/project_2_images FBD9.jpg
2002.10.08 10:52 B C:\alberta_learning\applets\freebodydrawer\projects\project_2_images\FBD9_Thumb.jpg --> chris.kingsu.ab.ca /home/brian/public_html/alberta_learning/applets/freebodydrawer/projects/project_2_images FBD9_Thumb.jpg
2002.10.08 10:52 B C:\alberta_learning\applets\freebodydrawer\projects\project_2_images\fbd_1.gif --> chris.kingsu.ab.ca /home/brian/public_html/alberta_learning/applets/freebodydrawer/projects/project_2_images fbd_1.gif
2002.10.08 10:52 B C:\alberta_learning\applets\freebodydrawer\projects\project_2_images\fbd_2.gif --> chris.kingsu.ab.ca /home/brian/public_html/alberta_learning/applets/freebodydrawer/projects/project_2_images fbd_2.gif
2002.10.08 10:52 B C:\alberta_learning\applets\freebodydrawer\projects\project_2_images\fbd_3.gif --> chris.kingsu.ab.ca /home/brian/public_html/alberta_learning/applets/freebodydrawer/projects/project_2_images fbd_3.gif
2002.10.08 10:52 B C:\alberta_learning\applets\freebodydrawer\projects\project_2_images\fbd_4.gif --> chris.kingsu.ab.ca /home/brian/public_html/alberta_learning/applets/freebodydrawer/projects/project_2_images fbd_4.gif
2002.10.08 10:52 B C:\alberta_learning\applets\freebodydrawer\projects\project_2_images\fbd_5.gif --> chris.kingsu.ab.ca /home/brian/public_html/alberta_learning/applets/freebodydrawer/projects/project_2_images fbd_5.gif
2002.10.08 10:52 B C:\alberta_learning\applets\freebodydrawer\projects\project_2_images\fbd_6.gif --> chris.kingsu.ab.ca /home/brian/public_html/alberta_learning/applets/freebodydrawer/projects/project_2_images fbd_6.gif
2002.10.08 10:52 B C:\alberta_learning\applets\freebodydrawer\projects\project_2_images\fbd_7.gif --> chris.kingsu.ab.ca /home/brian/public_html/alberta_learning/applets/freebodydrawer/projects/project_2_images fbd_7.gif
2002.10.08 10:52 B C:\alberta_learning\applets\freebodydrawer\projects\project_2_images\fig1.gif --> chris.kingsu.ab.ca /home/brian/public_html/alberta_learning/applets/freebodydrawer/projects/project_2_images fig1.gif
2002.10.08 10:52 B C:\alberta_learning\applets\freebodydrawer\projects\project_2_images\fig1.jpg --> chris.kingsu.ab.ca /home/brian/public_html/alberta_learning/applets/freebodydrawer/projects/project_2_images fig1.jpg
2002.10.08 10:52 B C:\alberta_learning\applets\freebodydrawer\projects\project_2_images\fig1.sdr --> chris.kingsu.ab.ca /home/brian/public_html/alberta_learning/applets/freebodydrawer/projects/project_2_images fig1.sdr
2002.10.08 10:52 B C:\alberta_learning\applets\freebodydrawer\projects\project_2_images\fig2.gif --> chris.kingsu.ab.ca /home/brian/public_html/alberta_learning/applets/freebodydrawer/projects/project_2_images fig2.gif
2002.10.08 10:52 B C:\alberta_learning\applets\freebodydrawer\projects\project_2_images\fig2.sdr --> chris.kingsu.ab.ca /home/brian/public_html/alberta_learning/applets/freebodydrawer/projects/project_2_images fig2.sdr
2002.10.08 10:52 B C:\alberta_learning\applets\freebodydrawer\projects\project_2_images\fig3.gif --> chris.kingsu.ab.ca /home/brian/public_html/alberta_learning/applets/freebodydrawer/projects/project_2_images fig3.gif
2002.10.08 10:52 B C:\alberta_learning\applets\freebodydrawer\projects\project_2_images\fig3.sdr --> chris.kingsu.ab.ca /home/brian/public_html/alberta_learning/applets/freebodydrawer/projects/project_2_images fig3.sdr
2002.10.08 10:52 B C:\alberta_learning\applets\freebodydrawer\projects\project_2_images\fig4.gif --> chris.kingsu.ab.ca /home/brian/public_html/alberta_learning/applets/freebodydrawer/projects/project_2_images fig4.gif
2002.10.08 10:52 B C:\alberta_learning\applets\freebodydrawer\projects\project_2_images\fig4.sdr --> chris.kingsu.ab.ca /home/brian/public_html/alberta_learning/applets/freebodydrawer/projects/project_2_images fig4.sdr
2002.10.08 10:52 B C:\alberta_learning\applets\freebodydrawer\projects\project_2_images\fig5.gif --> chris.kingsu.ab.ca /home/brian/public_html/alberta_learning/applets/freebodydrawer/projects/project_2_images fig5.gif
2002.10.08 10:52 B C:\alberta_learning\applets\freebodydrawer\projects\project_2_images\fig5.sdr --> chris.kingsu.ab.ca /home/brian/public_html/alberta_learning/applets/freebodydrawer/projects/project_2_images fig5.sdr
2002.10.08 10:52 B C:\alberta_learning\applets\freebodydrawer\projects\project_2_images\fig6.gif --> chris.kingsu.ab.ca /home/brian/public_html/alberta_learning/applets/freebodydrawer/projects/project_2_images fig6.gif
2002.10.08 10:52 B C:\alberta_learning\applets\freebodydrawer\projects\project_2_images\fig7.gif --> chris.kingsu.ab.ca /home/brian/public_html/alberta_learning/applets/freebodydrawer/projects/project_2_images fig7.gif
2002.10.08 10:52 B C:\alberta_learning\applets\freebodydrawer\projects\project_2_images\fig8.gif --> chris.kingsu.ab.ca /home/brian/public_html/alberta_learning/applets/freebodydrawer/projects/project_2_images fig8.gif
2002.10.08 10:52 B C:\alberta_learning\applets\freebodydrawer\projects\project_2_images\fig9.gif --> chris.kingsu.ab.ca /home/brian/public_html/alberta_learning/applets/freebodydrawer/projects/project_2_images fig9.gif
2002.10.09 16:34 B C:\matthew\applets\freebodydrawer\projects\project_2_images\WS_FTP.LOG <-- chris /home/brian/public_html/alberta_learning/applets/freebodydrawer/projects/project_2_images WS_FTP.LOG
2002.10.13 22:15 B C:\matthew\New_ALB\applets\freebodydrawer\projects\project_2_images\FBD1.jpg --> chris.kingsu.ab.ca /home/brian/public_html/New_ALB/applets/freebodydrawer/projects/project_2_images FBD1.jpg
2002.10.13 22:15 B C:\matthew\New_ALB\applets\freebodydrawer\projects\project_2_images\FBD10.jpg --> chris.kingsu.ab.ca /home/brian/public_html/New_ALB/applets/freebodydrawer/projects/project_2_images FBD10.jpg
2002.10.13 22:15 B C:\matthew\New_ALB\applets\freebodydrawer\projects\project_2_images\FBD10_Thumb.jpg --> chris.kingsu.ab.ca /home/brian/public_html/New_ALB/applets/freebodydrawer/projects/project_2_images FBD10_Thumb.jpg
2002.10.13 22:15 B C:\matthew\New_ALB\applets\freebodydrawer\projects\project_2_images\FBD11.jpg --> chris.kingsu.ab.ca /home/brian/public_html/New_ALB/applets/freebodydrawer/projects/project_2_images FBD11.jpg
2002.10.13 22:15 B C:\matthew\New_ALB\applets\freebodydrawer\projects\project_2_images\FBD11_Thumb.jpg --> chris.kingsu.ab.ca /home/brian/public_html/New_ALB/applets/freebodydrawer/projects/project_2_images FBD11_Thumb.jpg
2002.10.13 22:15 B C:\matthew\New_ALB\applets\freebodydrawer\projects\project_2_images\FBD12.jpg --> chris.kingsu.ab.ca /home/brian/public_html/New_ALB/applets/freebodydrawer/projects/project_2_images FBD12.jpg
2002.10.13 22:15 B C:\matthew\New_ALB\applets\freebodydrawer\projects\project_2_images\FBD12_Thumb.jpg --> chris.kingsu.ab.ca /home/brian/public_html/New_ALB/applets/freebodydrawer/projects/project_2_images FBD12_Thumb.jpg
2002.10.13 22:15 B C:\matthew\New_ALB\applets\freebodydrawer\projects\project_2_images\FBD13.jpg --> chris.kingsu.ab.ca /home/brian/public_html/New_ALB/applets/freebodydrawer/projects/project_2_images FBD13.jpg
2002.10.13 22:15 B C:\matthew\New_ALB\applets\freebodydrawer\projects\project_2_images\FBD13_Thumb.jpg --> chris.kingsu.ab.ca /home/brian/public_html/New_ALB/applets/freebodydrawer/projects/project_2_images FBD13_Thumb.jpg
2002.10.13 22:15 B C:\matthew\New_ALB\applets\freebodydrawer\projects\project_2_images\FBD14.jpg --> chris.kingsu.ab.ca /home/brian/public_html/New_ALB/applets/freebodydrawer/projects/project_2_images FBD14.jpg
2002.10.13 22:15 B C:\matthew\New_ALB\applets\freebodydrawer\projects\project_2_images\FBD14_Thumb.jpg --> chris.kingsu.ab.ca /home/brian/public_html/New_ALB/applets/freebodydrawer/projects/project_2_images FBD14_Thumb.jpg
2002.10.13 22:15 B C:\matthew\New_ALB\applets\freebodydrawer\projects\project_2_images\FBD15.jpg --> chris.kingsu.ab.ca /home/brian/public_html/New_ALB/applets/freebodydrawer/projects/project_2_images FBD15.jpg
2002.10.13 22:15 B C:\matthew\New_ALB\applets\freebodydrawer\projects\project_2_images\FBD15_Thumb.jpg --> chris.kingsu.ab.ca /home/brian/public_html/New_ALB/applets/freebodydrawer/projects/project_2_images FBD15_Thumb.jpg
2002.10.13 22:15 B C:\matthew\New_ALB\applets\freebodydrawer\projects\project_2_images\FBD16.jpg --> chris.kingsu.ab.ca /home/brian/public_html/New_ALB/applets/freebodydrawer/projects/project_2_images FBD16.jpg
2002.10.13 22:15 B C:\matthew\New_ALB\applets\freebodydrawer\projects\project_2_images\FBD16_Thumb.jpg --> chris.kingsu.ab.ca /home/brian/public_html/New_ALB/applets/freebodydrawer/projects/project_2_images FBD16_Thumb.jpg
2002.10.13 22:15 B C:\matthew\New_ALB\applets\freebodydrawer\projects\project_2_images\FBD17.jpg --> chris.kingsu.ab.ca /home/brian/public_html/New_ALB/applets/freebodydrawer/projects/project_2_images FBD17.jpg
2002.10.13 22:15 B C:\matthew\New_ALB\applets\freebodydrawer\projects\project_2_images\FBD17_Thumb.jpg --> chris.kingsu.ab.ca /home/brian/public_html/New_ALB/applets/freebodydrawer/projects/project_2_images FBD17_Thumb.jpg
2002.10.13 22:15 B C:\matthew\New_ALB\applets\freebodydrawer\projects\project_2_images\FBD18.jpg --> chris.kingsu.ab.ca /home/brian/public_html/New_ALB/applets/freebodydrawer/projects/project_2_images FBD18.jpg
2002.10.13 22:15 B C:\matthew\New_ALB\applets\freebodydrawer\projects\project_2_images\FBD18_Thumb.jpg --> chris.kingsu.ab.ca /home/brian/public_html/New_ALB/applets/freebodydrawer/projects/project_2_images FBD18_Thumb.jpg
2002.10.13 22:15 B C:\matthew\New_ALB\applets\freebodydrawer\projects\project_2_images\FBD19.jpg --> chris.kingsu.ab.ca /home/brian/public_html/New_ALB/applets/freebodydrawer/projects/project_2_images FBD19.jpg
2002.10.13 22:15 B C:\matthew\New_ALB\applets\freebodydrawer\projects\project_2_images\FBD19_Thumb.jpg --> chris.kingsu.ab.ca /home/brian/public_html/New_ALB/applets/freebodydrawer/projects/project_2_images FBD19_Thumb.jpg
2002.10.13 22:15 B C:\matthew\New_ALB\applets\freebodydrawer\projects\project_2_images\FBD1_Thumb.jpg --> chris.kingsu.ab.ca /home/brian/public_html/New_ALB/applets/freebodydrawer/projects/project_2_images FBD1_Thumb.jpg
2002.10.13 22:15 B C:\matthew\New_ALB\applets\freebodydrawer\projects\project_2_images\FBD2.jpg --> chris.kingsu.ab.ca /home/brian/public_html/New_ALB/applets/freebodydrawer/projects/project_2_images FBD2.jpg
2002.10.13 22:15 B C:\matthew\New_ALB\applets\freebodydrawer\projects\project_2_images\FBD20.jpg --> chris.kingsu.ab.ca /home/brian/public_html/New_ALB/applets/freebodydrawer/projects/project_2_images FBD20.jpg
2002.10.13 22:15 B C:\matthew\New_ALB\applets\freebodydrawer\projects\project_2_images\FBD20_Thumb.jpg --> chris.kingsu.ab.ca /home/brian/public_html/New_ALB/applets/freebodydrawer/projects/project_2_images FBD20_Thumb.jpg
2002.10.13 22:15 B C:\matthew\New_ALB\applets\freebodydrawer\projects\project_2_images\FBD21.jpg --> chris.kingsu.ab.ca /home/brian/public_html/New_ALB/applets/freebodydrawer/projects/project_2_images FBD21.jpg
2002.10.13 22:15 B C:\matthew\New_ALB\applets\freebodydrawer\projects\project_2_images\FBD21_Thumb.jpg --> chris.kingsu.ab.ca /home/brian/public_html/New_ALB/applets/freebodydrawer/projects/project_2_images FBD21_Thumb.jpg
2002.10.13 22:15 B C:\matthew\New_ALB\applets\freebodydrawer\projects\project_2_images\FBD22.jpg --> chris.kingsu.ab.ca /home/brian/public_html/New_ALB/applets/freebodydrawer/projects/project_2_images FBD22.jpg
2002.10.13 22:15 B C:\matthew\New_ALB\applets\freebodydrawer\projects\project_2_images\FBD22_Thumb.jpg --> chris.kingsu.ab.ca /home/brian/public_html/New_ALB/applets/freebodydrawer/projects/project_2_images FBD22_Thumb.jpg
2002.10.13 22:15 B C:\matthew\New_ALB\applets\freebodydrawer\projects\project_2_images\FBD23.jpg --> chris.kingsu.ab.ca /home/brian/public_html/New_ALB/applets/freebodydrawer/projects/project_2_images FBD23.jpg
2002.10.13 22:15 B C:\matthew\New_ALB\applets\freebodydrawer\projects\project_2_images\FBD23_Thumb.jpg --> chris.kingsu.ab.ca /home/brian/public_html/New_ALB/applets/freebodydrawer/projects/project_2_images FBD23_Thumb.jpg
2002.10.13 22:15 B C:\matthew\New_ALB\applets\freebodydrawer\projects\project_2_images\FBD24.jpg --> chris.kingsu.ab.ca /home/brian/public_html/New_ALB/applets/freebodydrawer/projects/project_2_images FBD24.jpg
2002.10.13 22:15 B C:\matthew\New_ALB\applets\freebodydrawer\projects\project_2_images\FBD24_Thumb.jpg --> chris.kingsu.ab.ca /home/brian/public_html/New_ALB/applets/freebodydrawer/projects/project_2_images FBD24_Thumb.jpg
2002.10.13 22:15 B C:\matthew\New_ALB\applets\freebodydrawer\projects\project_2_images\FBD25.jpg --> chris.kingsu.ab.ca /home/brian/public_html/New_ALB/applets/freebodydrawer/projects/project_2_images FBD25.jpg
2002.10.13 22:15 B C:\matthew\New_ALB\applets\freebodydrawer\projects\project_2_images\FBD25_Thumb.jpg --> chris.kingsu.ab.ca /home/brian/public_html/New_ALB/applets/freebodydrawer/projects/project_2_images FBD25_Thumb.jpg
2002.10.13 22:15 B C:\matthew\New_ALB\applets\freebodydrawer\projects\project_2_images\FBD26.jpg --> chris.kingsu.ab.ca /home/brian/public_html/New_ALB/applets/freebodydrawer/projects/project_2_images FBD26.jpg
2002.10.13 22:15 B C:\matthew\New_ALB\applets\freebodydrawer\projects\project_2_images\FBD26_Thumb.jpg --> chris.kingsu.ab.ca /home/brian/public_html/New_ALB/applets/freebodydrawer/projects/project_2_images FBD26_Thumb.jpg
2002.10.13 22:16 B C:\matthew\New_ALB\applets\freebodydrawer\projects\project_2_images\FBD27.jpg --> chris.kingsu.ab.ca /home/brian/public_html/New_ALB/applets/freebodydrawer/projects/project_2_images FBD27.jpg
2002.10.13 22:16 B C:\matthew\New_ALB\applets\freebodydrawer\projects\project_2_images\FBD27_Thumb.jpg --> chris.kingsu.ab.ca /home/brian/public_html/New_ALB/applets/freebodydrawer/projects/project_2_images FBD27_Thumb.jpg
2002.10.13 22:16 B C:\matthew\New_ALB\applets\freebodydrawer\projects\project_2_images\FBD28.jpg --> chris.kingsu.ab.ca /home/brian/public_html/New_ALB/applets/freebodydrawer/projects/project_2_images FBD28.jpg
2002.10.13 22:16 B C:\matthew\New_ALB\applets\freebodydrawer\projects\project_2_images\FBD28_Thumb.jpg --> chris.kingsu.ab.ca /home/brian/public_html/New_ALB/applets/freebodydrawer/projects/project_2_images FBD28_Thumb.jpg
2002.10.13 22:16 B C:\matthew\New_ALB\applets\freebodydrawer\projects\project_2_images\FBD29.jpg --> chris.kingsu.ab.ca /home/brian/public_html/New_ALB/applets/freebodydrawer/projects/project_2_images FBD29.jpg
2002.10.13 22:16 B C:\matthew\New_ALB\applets\freebodydrawer\projects\project_2_images\FBD29_Thumb.jpg --> chris.kingsu.ab.ca /home/brian/public_html/New_ALB/applets/freebodydrawer/projects/project_2_images FBD29_Thumb.jpg
2002.10.13 22:16 B C:\matthew\New_ALB\applets\freebodydrawer\projects\project_2_images\FBD2_Thumb.jpg --> chris.kingsu.ab.ca /home/brian/public_html/New_ALB/applets/freebodydrawer/projects/project_2_images FBD2_Thumb.jpg
2002.10.13 22:16 B C:\matthew\New_ALB\applets\freebodydrawer\projects\project_2_images\FBD3.jpg --> chris.kingsu.ab.ca /home/brian/public_html/New_ALB/applets/freebodydrawer/projects/project_2_images FBD3.jpg
2002.10.13 22:16 B C:\matthew\New_ALB\applets\freebodydrawer\projects\project_2_images\FBD30.jpg --> chris.kingsu.ab.ca /home/brian/public_html/New_ALB/applets/freebodydrawer/projects/project_2_images FBD30.jpg
2002.10.13 22:16 B C:\matthew\New_ALB\applets\freebodydrawer\projects\project_2_images\FBD30_Thumb.jpg --> chris.kingsu.ab.ca /home/brian/public_html/New_ALB/applets/freebodydrawer/projects/project_2_images FBD30_Thumb.jpg
2002.10.13 22:16 B C:\matthew\New_ALB\applets\freebodydrawer\projects\project_2_images\FBD3_Thumb.jpg --> chris.kingsu.ab.ca /home/brian/public_html/New_ALB/applets/freebodydrawer/projects/project_2_images FBD3_Thumb.jpg
2002.10.13 22:16 B C:\matthew\New_ALB\applets\freebodydrawer\projects\project_2_images\FBD4.jpg --> chris.kingsu.ab.ca /home/brian/public_html/New_ALB/applets/freebodydrawer/projects/project_2_images FBD4.jpg
2002.10.13 22:16 B C:\matthew\New_ALB\applets\freebodydrawer\projects\project_2_images\FBD4_Thumb.jpg --> chris.kingsu.ab.ca /home/brian/public_html/New_ALB/applets/freebodydrawer/projects/project_2_images FBD4_Thumb.jpg
2002.10.13 22:16 B C:\matthew\New_ALB\applets\freebodydrawer\projects\project_2_images\FBD5.jpg --> chris.kingsu.ab.ca /home/brian/public_html/New_ALB/applets/freebodydrawer/projects/project_2_images FBD5.jpg
2002.10.13 22:16 B C:\matthew\New_ALB\applets\freebodydrawer\projects\project_2_images\FBD5_Thumb.jpg --> chris.kingsu.ab.ca /home/brian/public_html/New_ALB/applets/freebodydrawer/projects/project_2_images FBD5_Thumb.jpg
2002.10.13 22:16 B C:\matthew\New_ALB\applets\freebodydrawer\projects\project_2_images\FBD6.jpg --> chris.kingsu.ab.ca /home/brian/public_html/New_ALB/applets/freebodydrawer/projects/project_2_images FBD6.jpg
2002.10.13 22:16 B C:\matthew\New_ALB\applets\freebodydrawer\projects\project_2_images\FBD6_Thumb.jpg --> chris.kingsu.ab.ca /home/brian/public_html/New_ALB/applets/freebodydrawer/projects/project_2_images FBD6_Thumb.jpg
2002.10.13 22:16 B C:\matthew\New_ALB\applets\freebodydrawer\projects\project_2_images\FBD7.jpg --> chris.kingsu.ab.ca /home/brian/public_html/New_ALB/applets/freebodydrawer/projects/project_2_images FBD7.jpg
2002.10.13 22:16 B C:\matthew\New_ALB\applets\freebodydrawer\projects\project_2_images\FBD7_Thumb.jpg --> chris.kingsu.ab.ca /home/brian/public_html/New_ALB/applets/freebodydrawer/projects/project_2_images FBD7_Thumb.jpg
2002.10.13 22:16 B C:\matthew\New_ALB\applets\freebodydrawer\projects\project_2_images\FBD8.jpg --> chris.kingsu.ab.ca /home/brian/public_html/New_ALB/applets/freebodydrawer/projects/project_2_images FBD8.jpg
2002.10.13 22:16 B C:\matthew\New_ALB\applets\freebodydrawer\projects\project_2_images\FBD8_Thumb.jpg --> chris.kingsu.ab.ca /home/brian/public_html/New_ALB/applets/freebodydrawer/projects/project_2_images FBD8_Thumb.jpg
2002.10.13 22:16 B C:\matthew\New_ALB\applets\freebodydrawer\projects\project_2_images\FBD9.jpg --> chris.kingsu.ab.ca /home/brian/public_html/New_ALB/applets/freebodydrawer/projects/project_2_images FBD9.jpg
2002.10.13 22:16 B C:\matthew\New_ALB\applets\freebodydrawer\projects\project_2_images\FBD9_Thumb.jpg --> chris.kingsu.ab.ca /home/brian/public_html/New_ALB/applets/freebodydrawer/projects/project_2_images FBD9_Thumb.jpg
2002.10.13 22:16 B C:\matthew\New_ALB\applets\freebodydrawer\projects\project_2_images\fbd_1.gif --> chris.kingsu.ab.ca /home/brian/public_html/New_ALB/applets/freebodydrawer/projects/project_2_images fbd_1.gif
2002.10.13 22:16 B C:\matthew\New_ALB\applets\freebodydrawer\projects\project_2_images\fbd_2.gif --> chris.kingsu.ab.ca /home/brian/public_html/New_ALB/applets/freebodydrawer/projects/project_2_images fbd_2.gif
2002.10.13 22:16 B C:\matthew\New_ALB\applets\freebodydrawer\projects\project_2_images\fbd_3.gif --> chris.kingsu.ab.ca /home/brian/public_html/New_ALB/applets/freebodydrawer/projects/project_2_images fbd_3.gif
2002.10.13 22:16 B C:\matthew\New_ALB\applets\freebodydrawer\projects\project_2_images\fbd_4.gif --> chris.kingsu.ab.ca /home/brian/public_html/New_ALB/applets/freebodydrawer/projects/project_2_images fbd_4.gif
2002.10.13 22:16 B C:\matthew\New_ALB\applets\freebodydrawer\projects\project_2_images\fbd_5.gif --> chris.kingsu.ab.ca /home/brian/public_html/New_ALB/applets/freebodydrawer/projects/project_2_images fbd_5.gif
2002.10.13 22:16 B C:\matthew\New_ALB\applets\freebodydrawer\projects\project_2_images\fbd_6.gif --> chris.kingsu.ab.ca /home/brian/public_html/New_ALB/applets/freebodydrawer/projects/project_2_images fbd_6.gif
2002.10.13 22:16 B C:\matthew\New_ALB\applets\freebodydrawer\projects\project_2_images\fbd_7.gif --> chris.kingsu.ab.ca /home/brian/public_html/New_ALB/applets/freebodydrawer/projects/project_2_images fbd_7.gif
2002.10.13 22:16 B C:\matthew\New_ALB\applets\freebodydrawer\projects\project_2_images\fig1.gif --> chris.kingsu.ab.ca /home/brian/public_html/New_ALB/applets/freebodydrawer/projects/project_2_images fig1.gif
2002.10.13 22:16 B C:\matthew\New_ALB\applets\freebodydrawer\projects\project_2_images\fig1.jpg --> chris.kingsu.ab.ca /home/brian/public_html/New_ALB/applets/freebodydrawer/projects/project_2_images fig1.jpg
2002.10.13 22:16 B C:\matthew\New_ALB\applets\freebodydrawer\projects\project_2_images\fig1.sdr --> chris.kingsu.ab.ca /home/brian/public_html/New_ALB/applets/freebodydrawer/projects/project_2_images fig1.sdr
2002.10.13 22:16 B C:\matthew\New_ALB\applets\freebodydrawer\projects\project_2_images\fig2.gif --> chris.kingsu.ab.ca /home/brian/public_html/New_ALB/applets/freebodydrawer/projects/project_2_images fig2.gif
2002.10.13 22:16 B C:\matthew\New_ALB\applets\freebodydrawer\projects\project_2_images\fig2.sdr --> chris.kingsu.ab.ca /home/brian/public_html/New_ALB/applets/freebodydrawer/projects/project_2_images fig2.sdr
2002.10.13 22:16 B C:\matthew\New_ALB\applets\freebodydrawer\projects\project_2_images\fig3.gif --> chris.kingsu.ab.ca /home/brian/public_html/New_ALB/applets/freebodydrawer/projects/project_2_images fig3.gif
2002.10.13 22:16 B C:\matthew\New_ALB\applets\freebodydrawer\projects\project_2_images\fig3.sdr --> chris.kingsu.ab.ca /home/brian/public_html/New_ALB/applets/freebodydrawer/projects/project_2_images fig3.sdr
2002.10.13 22:16 B C:\matthew\New_ALB\applets\freebodydrawer\projects\project_2_images\fig4.gif --> chris.kingsu.ab.ca /home/brian/public_html/New_ALB/applets/freebodydrawer/projects/project_2_images fig4.gif
2002.10.13 22:16 B C:\matthew\New_ALB\applets\freebodydrawer\projects\project_2_images\fig4.sdr --> chris.kingsu.ab.ca /home/brian/public_html/New_ALB/applets/freebodydrawer/projects/project_2_images fig4.sdr
2002.10.13 22:16 B C:\matthew\New_ALB\applets\freebodydrawer\projects\project_2_images\fig5.gif --> chris.kingsu.ab.ca /home/brian/public_html/New_ALB/applets/freebodydrawer/projects/project_2_images fig5.gif
2002.10.13 22:16 B C:\matthew\New_ALB\applets\freebodydrawer\projects\project_2_images\fig5.sdr --> chris.kingsu.ab.ca /home/brian/public_html/New_ALB/applets/freebodydrawer/projects/project_2_images fig5.sdr
2002.10.13 22:16 B C:\matthew\New_ALB\applets\freebodydrawer\projects\project_2_images\fig6.gif --> chris.kingsu.ab.ca /home/brian/public_html/New_ALB/applets/freebodydrawer/projects/project_2_images fig6.gif
2002.10.13 22:16 B C:\matthew\New_ALB\applets\freebodydrawer\projects\project_2_images\fig7.gif --> chris.kingsu.ab.ca /home/brian/public_html/New_ALB/applets/freebodydrawer/projects/project_2_images fig7.gif
2002.10.13 22:16 B C:\matthew\New_ALB\applets\freebodydrawer\projects\project_2_images\fig8.gif --> chris.kingsu.ab.ca /home/brian/public_html/New_ALB/applets/freebodydrawer/projects/project_2_images fig8.gif
2002.10.13 22:16 B C:\matthew\New_ALB\applets\freebodydrawer\projects\project_2_images\fig9.gif --> chris.kingsu.ab.ca /home/brian/public_html/New_ALB/applets/freebodydrawer/projects/project_2_images fig9.gif
2002.10.28 09:22 B C:\alberta_learning\new(fall2002)\applets\freebodydrawer\projects\project_2_images\WS_FTP.LOG <-- chris /home/brian/public_html/New_ALB/applets/freebodydrawer/projects/project_2_images WS_FTP.LOG
2003.01.24 08:23 B C:\Astro\public_html\phys\alberta_learning\new(fall2002)\applets\freebodydrawer\projects\project_2_images\FBD1.jpg --> ftp.kingsu.ab.ca /usr/home/brian/public_html/phys/alberta_learning/new(fall2002)/applets/freebodydrawer/projects/project_2_images FBD1.jpg
2003.01.24 08:23 B C:\Astro\public_html\phys\alberta_learning\new(fall2002)\applets\freebodydrawer\projects\project_2_images\FBD10.jpg --> ftp.kingsu.ab.ca /usr/home/brian/public_html/phys/alberta_learning/new(fall2002)/applets/freebodydrawer/projects/project_2_images FBD10.jpg
2003.01.24 08:23 B C:\Astro\public_html\phys\alberta_learning\new(fall2002)\applets\freebodydrawer\projects\project_2_images\FBD10_Thumb.jpg --> ftp.kingsu.ab.ca /usr/home/brian/public_html/phys/alberta_learning/new(fall2002)/applets/freebodydrawer/projects/project_2_images FBD10_Thumb.jpg
2003.01.24 08:23 B C:\Astro\public_html\phys\alberta_learning\new(fall2002)\applets\freebodydrawer\projects\project_2_images\FBD11.jpg --> ftp.kingsu.ab.ca /usr/home/brian/public_html/phys/alberta_learning/new(fall2002)/applets/freebodydrawer/projects/project_2_images FBD11.jpg
2003.01.24 08:23 B C:\Astro\public_html\phys\alberta_learning\new(fall2002)\applets\freebodydrawer\projects\project_2_images\FBD11_Thumb.jpg --> ftp.kingsu.ab.ca /usr/home/brian/public_html/phys/alberta_learning/new(fall2002)/applets/freebodydrawer/projects/project_2_images FBD11_Thumb.jpg
2003.01.24 08:23 B C:\Astro\public_html\phys\alberta_learning\new(fall2002)\applets\freebodydrawer\projects\project_2_images\FBD12.jpg --> ftp.kingsu.ab.ca /usr/home/brian/public_html/phys/alberta_learning/new(fall2002)/applets/freebodydrawer/projects/project_2_images FBD12.jpg
2003.01.24 08:23 B C:\Astro\public_html\phys\alberta_learning\new(fall2002)\applets\freebodydrawer\projects\project_2_images\FBD12_Thumb.jpg --> ftp.kingsu.ab.ca /usr/home/brian/public_html/phys/alberta_learning/new(fall2002)/applets/freebodydrawer/projects/project_2_images FBD12_Thumb.jpg
2003.01.24 08:23 B C:\Astro\public_html\phys\alberta_learning\new(fall2002)\applets\freebodydrawer\projects\project_2_images\FBD13.jpg --> ftp.kingsu.ab.ca /usr/home/brian/public_html/phys/alberta_learning/new(fall2002)/applets/freebodydrawer/projects/project_2_images FBD13.jpg
2003.01.24 08:23 B C:\Astro\public_html\phys\alberta_learning\new(fall2002)\applets\freebodydrawer\projects\project_2_images\FBD13_Thumb.jpg --> ftp.kingsu.ab.ca /usr/home/brian/public_html/phys/alberta_learning/new(fall2002)/applets/freebodydrawer/projects/project_2_images FBD13_Thumb.jpg
2003.01.24 08:23 B C:\Astro\public_html\phys\alberta_learning\new(fall2002)\applets\freebodydrawer\projects\project_2_images\FBD14.jpg --> ftp.kingsu.ab.ca /usr/home/brian/public_html/phys/alberta_learning/new(fall2002)/applets/freebodydrawer/projects/project_2_images FBD14.jpg
2003.01.24 08:23 B C:\Astro\public_html\phys\alberta_learning\new(fall2002)\applets\freebodydrawer\projects\project_2_images\FBD14_Thumb.jpg --> ftp.kingsu.ab.ca /usr/home/brian/public_html/phys/alberta_learning/new(fall2002)/applets/freebodydrawer/projects/project_2_images FBD14_Thumb.jpg
2003.01.24 08:23 B C:\Astro\public_html\phys\alberta_learning\new(fall2002)\applets\freebodydrawer\projects\project_2_images\FBD15.jpg --> ftp.kingsu.ab.ca /usr/home/brian/public_html/phys/alberta_learning/new(fall2002)/applets/freebodydrawer/projects/project_2_images FBD15.jpg
2003.01.24 08:23 B C:\Astro\public_html\phys\alberta_learning\new(fall2002)\applets\freebodydrawer\projects\project_2_images\FBD15_Thumb.jpg --> ftp.kingsu.ab.ca /usr/home/brian/public_html/phys/alberta_learning/new(fall2002)/applets/freebodydrawer/projects/project_2_images FBD15_Thumb.jpg
2003.01.24 08:23 B C:\Astro\public_html\phys\alberta_learning\new(fall2002)\applets\freebodydrawer\projects\project_2_images\FBD16.jpg --> ftp.kingsu.ab.ca /usr/home/brian/public_html/phys/alberta_learning/new(fall2002)/applets/freebodydrawer/projects/project_2_images FBD16.jpg
2003.01.24 08:23 B C:\Astro\public_html\phys\alberta_learning\new(fall2002)\applets\freebodydrawer\projects\project_2_images\FBD16_Thumb.jpg --> ftp.kingsu.ab.ca /usr/home/brian/public_html/phys/alberta_learning/new(fall2002)/applets/freebodydrawer/projects/project_2_images FBD16_Thumb.jpg
2003.01.24 08:23 B C:\Astro\public_html\phys\alberta_learning\new(fall2002)\applets\freebodydrawer\projects\project_2_images\FBD17.jpg --> ftp.kingsu.ab.ca /usr/home/brian/public_html/phys/alberta_learning/new(fall2002)/applets/freebodydrawer/projects/project_2_images FBD17.jpg
2003.01.24 08:23 B C:\Astro\public_html\phys\alberta_learning\new(fall2002)\applets\freebodydrawer\projects\project_2_images\FBD17_Thumb.jpg --> ftp.kingsu.ab.ca /usr/home/brian/public_html/phys/alberta_learning/new(fall2002)/applets/freebodydrawer/projects/project_2_images FBD17_Thumb.jpg
2003.01.24 08:23 B C:\Astro\public_html\phys\alberta_learning\new(fall2002)\applets\freebodydrawer\projects\project_2_images\FBD18.jpg --> ftp.kingsu.ab.ca /usr/home/brian/public_html/phys/alberta_learning/new(fall2002)/applets/freebodydrawer/projects/project_2_images FBD18.jpg
2003.01.24 08:23 B C:\Astro\public_html\phys\alberta_learning\new(fall2002)\applets\freebodydrawer\projects\project_2_images\FBD18_Thumb.jpg --> ftp.kingsu.ab.ca /usr/home/brian/public_html/phys/alberta_learning/new(fall2002)/applets/freebodydrawer/projects/project_2_images FBD18_Thumb.jpg
2003.01.24 08:23 B C:\Astro\public_html\phys\alberta_learning\new(fall2002)\applets\freebodydrawer\projects\project_2_images\FBD19.jpg --> ftp.kingsu.ab.ca /usr/home/brian/public_html/phys/alberta_learning/new(fall2002)/applets/freebodydrawer/projects/project_2_images FBD19.jpg
2003.01.24 08:23 B C:\Astro\public_html\phys\alberta_learning\new(fall2002)\applets\freebodydrawer\projects\project_2_images\FBD19_Thumb.jpg --> ftp.kingsu.ab.ca /usr/home/brian/public_html/phys/alberta_learning/new(fall2002)/applets/freebodydrawer/projects/project_2_images FBD19_Thumb.jpg
2003.01.24 08:23 B C:\Astro\public_html\phys\alberta_learning\new(fall2002)\applets\freebodydrawer\projects\project_2_images\FBD1_Thumb.jpg --> ftp.kingsu.ab.ca /usr/home/brian/public_html/phys/alberta_learning/new(fall2002)/applets/freebodydrawer/projects/project_2_images FBD1_Thumb.jpg
2003.01.24 08:23 B C:\Astro\public_html\phys\alberta_learning\new(fall2002)\applets\freebodydrawer\projects\project_2_images\FBD2.jpg --> ftp.kingsu.ab.ca /usr/home/brian/public_html/phys/alberta_learning/new(fall2002)/applets/freebodydrawer/projects/project_2_images FBD2.jpg
2003.01.24 08:23 B C:\Astro\public_html\phys\alberta_learning\new(fall2002)\applets\freebodydrawer\projects\project_2_images\FBD20.jpg --> ftp.kingsu.ab.ca /usr/home/brian/public_html/phys/alberta_learning/new(fall2002)/applets/freebodydrawer/projects/project_2_images FBD20.jpg
2003.01.24 08:23 B C:\Astro\public_html\phys\alberta_learning\new(fall2002)\applets\freebodydrawer\projects\project_2_images\FBD20_Thumb.jpg --> ftp.kingsu.ab.ca /usr/home/brian/public_html/phys/alberta_learning/new(fall2002)/applets/freebodydrawer/projects/project_2_images FBD20_Thumb.jpg
2003.01.24 08:23 B C:\Astro\public_html\phys\alberta_learning\new(fall2002)\applets\freebodydrawer\projects\project_2_images\FBD21.jpg --> ftp.kingsu.ab.ca /usr/home/brian/public_html/phys/alberta_learning/new(fall2002)/applets/freebodydrawer/projects/project_2_images FBD21.jpg
2003.01.24 08:23 B C:\Astro\public_html\phys\alberta_learning\new(fall2002)\applets\freebodydrawer\projects\project_2_images\FBD21_Thumb.jpg --> ftp.kingsu.ab.ca /usr/home/brian/public_html/phys/alberta_learning/new(fall2002)/applets/freebodydrawer/projects/project_2_images FBD21_Thumb.jpg
2003.01.24 08:23 B C:\Astro\public_html\phys\alberta_learning\new(fall2002)\applets\freebodydrawer\projects\project_2_images\FBD22.jpg --> ftp.kingsu.ab.ca /usr/home/brian/public_html/phys/alberta_learning/new(fall2002)/applets/freebodydrawer/projects/project_2_images FBD22.jpg
2003.01.24 08:23 B C:\Astro\public_html\phys\alberta_learning\new(fall2002)\applets\freebodydrawer\projects\project_2_images\FBD22_Thumb.jpg --> ftp.kingsu.ab.ca /usr/home/brian/public_html/phys/alberta_learning/new(fall2002)/applets/freebodydrawer/projects/project_2_images FBD22_Thumb.jpg
2003.01.24 08:23 B C:\Astro\public_html\phys\alberta_learning\new(fall2002)\applets\freebodydrawer\projects\project_2_images\FBD23.jpg --> ftp.kingsu.ab.ca /usr/home/brian/public_html/phys/alberta_learning/new(fall2002)/applets/freebodydrawer/projects/project_2_images FBD23.jpg
2003.01.24 08:23 B C:\Astro\public_html\phys\alberta_learning\new(fall2002)\applets\freebodydrawer\projects\project_2_images\FBD23_Thumb.jpg --> ftp.kingsu.ab.ca /usr/home/brian/public_html/phys/alberta_learning/new(fall2002)/applets/freebodydrawer/projects/project_2_images FBD23_Thumb.jpg
2003.01.24 08:23 B C:\Astro\public_html\phys\alberta_learning\new(fall2002)\applets\freebodydrawer\projects\project_2_images\FBD24.jpg --> ftp.kingsu.ab.ca /usr/home/brian/public_html/phys/alberta_learning/new(fall2002)/applets/freebodydrawer/projects/project_2_images FBD24.jpg
2003.01.24 08:23 B C:\Astro\public_html\phys\alberta_learning\new(fall2002)\applets\freebodydrawer\projects\project_2_images\FBD24_Thumb.jpg --> ftp.kingsu.ab.ca /usr/home/brian/public_html/phys/alberta_learning/new(fall2002)/applets/freebodydrawer/projects/project_2_images FBD24_Thumb.jpg
2003.01.24 08:23 B C:\Astro\public_html\phys\alberta_learning\new(fall2002)\applets\freebodydrawer\projects\project_2_images\FBD25.jpg --> ftp.kingsu.ab.ca /usr/home/brian/public_html/phys/alberta_learning/new(fall2002)/applets/freebodydrawer/projects/project_2_images FBD25.jpg
2003.01.24 08:23 B C:\Astro\public_html\phys\alberta_learning\new(fall2002)\applets\freebodydrawer\projects\project_2_images\FBD25_Thumb.jpg --> ftp.kingsu.ab.ca /usr/home/brian/public_html/phys/alberta_learning/new(fall2002)/applets/freebodydrawer/projects/project_2_images FBD25_Thumb.jpg
2003.01.24 08:23 B C:\Astro\public_html\phys\alberta_learning\new(fall2002)\applets\freebodydrawer\projects\project_2_images\FBD26.jpg --> ftp.kingsu.ab.ca /usr/home/brian/public_html/phys/alberta_learning/new(fall2002)/applets/freebodydrawer/projects/project_2_images FBD26.jpg
2003.01.24 08:23 B C:\Astro\public_html\phys\alberta_learning\new(fall2002)\applets\freebodydrawer\projects\project_2_images\FBD26_Thumb.jpg --> ftp.kingsu.ab.ca /usr/home/brian/public_html/phys/alberta_learning/new(fall2002)/applets/freebodydrawer/projects/project_2_images FBD26_Thumb.jpg
2003.01.24 08:23 B C:\Astro\public_html\phys\alberta_learning\new(fall2002)\applets\freebodydrawer\projects\project_2_images\FBD27.jpg --> ftp.kingsu.ab.ca /usr/home/brian/public_html/phys/alberta_learning/new(fall2002)/applets/freebodydrawer/projects/project_2_images FBD27.jpg
2003.01.24 08:23 B C:\Astro\public_html\phys\alberta_learning\new(fall2002)\applets\freebodydrawer\projects\project_2_images\FBD27_Thumb.jpg --> ftp.kingsu.ab.ca /usr/home/brian/public_html/phys/alberta_learning/new(fall2002)/applets/freebodydrawer/projects/project_2_images FBD27_Thumb.jpg
2003.01.24 08:23 B C:\Astro\public_html\phys\alberta_learning\new(fall2002)\applets\freebodydrawer\projects\project_2_images\FBD28.jpg --> ftp.kingsu.ab.ca /usr/home/brian/public_html/phys/alberta_learning/new(fall2002)/applets/freebodydrawer/projects/project_2_images FBD28.jpg
2003.01.24 08:23 B C:\Astro\public_html\phys\alberta_learning\new(fall2002)\applets\freebodydrawer\projects\project_2_images\FBD28_Thumb.jpg --> ftp.kingsu.ab.ca /usr/home/brian/public_html/phys/alberta_learning/new(fall2002)/applets/freebodydrawer/projects/project_2_images FBD28_Thumb.jpg
2003.01.24 08:23 B C:\Astro\public_html\phys\alberta_learning\new(fall2002)\applets\freebodydrawer\projects\project_2_images\FBD29.jpg --> ftp.kingsu.ab.ca /usr/home/brian/public_html/phys/alberta_learning/new(fall2002)/applets/freebodydrawer/projects/project_2_images FBD29.jpg
2003.01.24 08:23 B C:\Astro\public_html\phys\alberta_learning\new(fall2002)\applets\freebodydrawer\projects\project_2_images\FBD29_Thumb.jpg --> ftp.kingsu.ab.ca /usr/home/brian/public_html/phys/alberta_learning/new(fall2002)/applets/freebodydrawer/projects/project_2_images FBD29_Thumb.jpg
2003.01.24 08:23 B C:\Astro\public_html\phys\alberta_learning\new(fall2002)\applets\freebodydrawer\projects\project_2_images\FBD2_Thumb.jpg --> ftp.kingsu.ab.ca /usr/home/brian/public_html/phys/alberta_learning/new(fall2002)/applets/freebodydrawer/projects/project_2_images FBD2_Thumb.jpg
2003.01.24 08:23 B C:\Astro\public_html\phys\alberta_learning\new(fall2002)\applets\freebodydrawer\projects\project_2_images\FBD3.jpg --> ftp.kingsu.ab.ca /usr/home/brian/public_html/phys/alberta_learning/new(fall2002)/applets/freebodydrawer/projects/project_2_images FBD3.jpg
2003.01.24 08:23 B C:\Astro\public_html\phys\alberta_learning\new(fall2002)\applets\freebodydrawer\projects\project_2_images\FBD30.jpg --> ftp.kingsu.ab.ca /usr/home/brian/public_html/phys/alberta_learning/new(fall2002)/applets/freebodydrawer/projects/project_2_images FBD30.jpg
2003.01.24 08:23 B C:\Astro\public_html\phys\alberta_learning\new(fall2002)\applets\freebodydrawer\projects\project_2_images\FBD30_Thumb.jpg --> ftp.kingsu.ab.ca /usr/home/brian/public_html/phys/alberta_learning/new(fall2002)/applets/freebodydrawer/projects/project_2_images FBD30_Thumb.jpg
2003.01.24 08:23 B C:\Astro\public_html\phys\alberta_learning\new(fall2002)\applets\freebodydrawer\projects\project_2_images\FBD3_Thumb.jpg --> ftp.kingsu.ab.ca /usr/home/brian/public_html/phys/alberta_learning/new(fall2002)/applets/freebodydrawer/projects/project_2_images FBD3_Thumb.jpg
2003.01.24 08:23 B C:\Astro\public_html\phys\alberta_learning\new(fall2002)\applets\freebodydrawer\projects\project_2_images\FBD4.jpg --> ftp.kingsu.ab.ca /usr/home/brian/public_html/phys/alberta_learning/new(fall2002)/applets/freebodydrawer/projects/project_2_images FBD4.jpg
2003.01.24 08:23 B C:\Astro\public_html\phys\alberta_learning\new(fall2002)\applets\freebodydrawer\projects\project_2_images\FBD4_Thumb.jpg --> ftp.kingsu.ab.ca /usr/home/brian/public_html/phys/alberta_learning/new(fall2002)/applets/freebodydrawer/projects/project_2_images FBD4_Thumb.jpg
2003.01.24 08:23 B C:\Astro\public_html\phys\alberta_learning\new(fall2002)\applets\freebodydrawer\projects\project_2_images\FBD5.jpg --> ftp.kingsu.ab.ca /usr/home/brian/public_html/phys/alberta_learning/new(fall2002)/applets/freebodydrawer/projects/project_2_images FBD5.jpg
2003.01.24 08:23 B C:\Astro\public_html\phys\alberta_learning\new(fall2002)\applets\freebodydrawer\projects\project_2_images\FBD5_Thumb.jpg --> ftp.kingsu.ab.ca /usr/home/brian/public_html/phys/alberta_learning/new(fall2002)/applets/freebodydrawer/projects/project_2_images FBD5_Thumb.jpg
2003.01.24 08:23 B C:\Astro\public_html\phys\alberta_learning\new(fall2002)\applets\freebodydrawer\projects\project_2_images\FBD6.jpg --> ftp.kingsu.ab.ca /usr/home/brian/public_html/phys/alberta_learning/new(fall2002)/applets/freebodydrawer/projects/project_2_images FBD6.jpg
2003.01.24 08:23 B C:\Astro\public_html\phys\alberta_learning\new(fall2002)\applets\freebodydrawer\projects\project_2_images\FBD6_Thumb.jpg --> ftp.kingsu.ab.ca /usr/home/brian/public_html/phys/alberta_learning/new(fall2002)/applets/freebodydrawer/projects/project_2_images FBD6_Thumb.jpg
2003.01.24 08:23 B C:\Astro\public_html\phys\alberta_learning\new(fall2002)\applets\freebodydrawer\projects\project_2_images\FBD7.jpg --> ftp.kingsu.ab.ca /usr/home/brian/public_html/phys/alberta_learning/new(fall2002)/applets/freebodydrawer/projects/project_2_images FBD7.jpg
2003.01.24 08:23 B C:\Astro\public_html\phys\alberta_learning\new(fall2002)\applets\freebodydrawer\projects\project_2_images\FBD7_Thumb.jpg --> ftp.kingsu.ab.ca /usr/home/brian/public_html/phys/alberta_learning/new(fall2002)/applets/freebodydrawer/projects/project_2_images FBD7_Thumb.jpg
2003.01.24 08:23 B C:\Astro\public_html\phys\alberta_learning\new(fall2002)\applets\freebodydrawer\projects\project_2_images\FBD8.jpg --> ftp.kingsu.ab.ca /usr/home/brian/public_html/phys/alberta_learning/new(fall2002)/applets/freebodydrawer/projects/project_2_images FBD8.jpg
2003.01.24 08:23 B C:\Astro\public_html\phys\alberta_learning\new(fall2002)\applets\freebodydrawer\projects\project_2_images\FBD8_Thumb.jpg --> ftp.kingsu.ab.ca /usr/home/brian/public_html/phys/alberta_learning/new(fall2002)/applets/freebodydrawer/projects/project_2_images FBD8_Thumb.jpg
2003.01.24 08:23 B C:\Astro\public_html\phys\alberta_learning\new(fall2002)\applets\freebodydrawer\projects\project_2_images\FBD9.jpg --> ftp.kingsu.ab.ca /usr/home/brian/public_html/phys/alberta_learning/new(fall2002)/applets/freebodydrawer/projects/project_2_images FBD9.jpg
2003.01.24 08:23 B C:\Astro\public_html\phys\alberta_learning\new(fall2002)\applets\freebodydrawer\projects\project_2_images\FBD9_Thumb.jpg --> ftp.kingsu.ab.ca /usr/home/brian/public_html/phys/alberta_learning/new(fall2002)/applets/freebodydrawer/projects/project_2_images FBD9_Thumb.jpg
2003.01.24 08:23 B C:\Astro\public_html\phys\alberta_learning\new(fall2002)\applets\freebodydrawer\projects\project_2_images\fbd_1.gif --> ftp.kingsu.ab.ca /usr/home/brian/public_html/phys/alberta_learning/new(fall2002)/applets/freebodydrawer/projects/project_2_images fbd_1.gif
2003.01.24 08:23 B C:\Astro\public_html\phys\alberta_learning\new(fall2002)\applets\freebodydrawer\projects\project_2_images\fbd_2.gif --> ftp.kingsu.ab.ca /usr/home/brian/public_html/phys/alberta_learning/new(fall2002)/applets/freebodydrawer/projects/project_2_images fbd_2.gif
2003.01.24 08:23 B C:\Astro\public_html\phys\alberta_learning\new(fall2002)\applets\freebodydrawer\projects\project_2_images\fbd_3.gif --> ftp.kingsu.ab.ca /usr/home/brian/public_html/phys/alberta_learning/new(fall2002)/applets/freebodydrawer/projects/project_2_images fbd_3.gif
2003.01.24 08:23 B C:\Astro\public_html\phys\alberta_learning\new(fall2002)\applets\freebodydrawer\projects\project_2_images\fbd_4.gif --> ftp.kingsu.ab.ca /usr/home/brian/public_html/phys/alberta_learning/new(fall2002)/applets/freebodydrawer/projects/project_2_images fbd_4.gif
2003.01.24 08:23 B C:\Astro\public_html\phys\alberta_learning\new(fall2002)\applets\freebodydrawer\projects\project_2_images\fbd_5.gif --> ftp.kingsu.ab.ca /usr/home/brian/public_html/phys/alberta_learning/new(fall2002)/applets/freebodydrawer/projects/project_2_images fbd_5.gif
2003.01.24 08:23 B C:\Astro\public_html\phys\alberta_learning\new(fall2002)\applets\freebodydrawer\projects\project_2_images\fbd_6.gif --> ftp.kingsu.ab.ca /usr/home/brian/public_html/phys/alberta_learning/new(fall2002)/applets/freebodydrawer/projects/project_2_images fbd_6.gif
2003.01.24 08:23 B C:\Astro\public_html\phys\alberta_learning\new(fall2002)\applets\freebodydrawer\projects\project_2_images\fbd_7.gif --> ftp.kingsu.ab.ca /usr/home/brian/public_html/phys/alberta_learning/new(fall2002)/applets/freebodydrawer/projects/project_2_images fbd_7.gif
2003.01.24 08:23 B C:\Astro\public_html\phys\alberta_learning\new(fall2002)\applets\freebodydrawer\projects\project_2_images\fig1.gif --> ftp.kingsu.ab.ca /usr/home/brian/public_html/phys/alberta_learning/new(fall2002)/applets/freebodydrawer/projects/project_2_images fig1.gif
2003.01.24 08:23 B C:\Astro\public_html\phys\alberta_learning\new(fall2002)\applets\freebodydrawer\projects\project_2_images\fig1.jpg --> ftp.kingsu.ab.ca /usr/home/brian/public_html/phys/alberta_learning/new(fall2002)/applets/freebodydrawer/projects/project_2_images fig1.jpg
2003.01.24 08:23 B C:\Astro\public_html\phys\alberta_learning\new(fall2002)\applets\freebodydrawer\projects\project_2_images\fig1.sdr --> ftp.kingsu.ab.ca /usr/home/brian/public_html/phys/alberta_learning/new(fall2002)/applets/freebodydrawer/projects/project_2_images fig1.sdr
2003.01.24 08:23 B C:\Astro\public_html\phys\alberta_learning\new(fall2002)\applets\freebodydrawer\projects\project_2_images\fig2.gif --> ftp.kingsu.ab.ca /usr/home/brian/public_html/phys/alberta_learning/new(fall2002)/applets/freebodydrawer/projects/project_2_images fig2.gif
2003.01.24 08:23 B C:\Astro\public_html\phys\alberta_learning\new(fall2002)\applets\freebodydrawer\projects\project_2_images\fig2.sdr --> ftp.kingsu.ab.ca /usr/home/brian/public_html/phys/alberta_learning/new(fall2002)/applets/freebodydrawer/projects/project_2_images fig2.sdr
2003.01.24 08:23 B C:\Astro\public_html\phys\alberta_learning\new(fall2002)\applets\freebodydrawer\projects\project_2_images\fig3.gif --> ftp.kingsu.ab.ca /usr/home/brian/public_html/phys/alberta_learning/new(fall2002)/applets/freebodydrawer/projects/project_2_images fig3.gif
2003.01.24 08:23 B C:\Astro\public_html\phys\alberta_learning\new(fall2002)\applets\freebodydrawer\projects\project_2_images\fig3.sdr --> ftp.kingsu.ab.ca /usr/home/brian/public_html/phys/alberta_learning/new(fall2002)/applets/freebodydrawer/projects/project_2_images fig3.sdr
2003.01.24 08:23 B C:\Astro\public_html\phys\alberta_learning\new(fall2002)\applets\freebodydrawer\projects\project_2_images\fig4.gif --> ftp.kingsu.ab.ca /usr/home/brian/public_html/phys/alberta_learning/new(fall2002)/applets/freebodydrawer/projects/project_2_images fig4.gif
2003.01.24 08:23 B C:\Astro\public_html\phys\alberta_learning\new(fall2002)\applets\freebodydrawer\projects\project_2_images\fig4.sdr --> ftp.kingsu.ab.ca /usr/home/brian/public_html/phys/alberta_learning/new(fall2002)/applets/freebodydrawer/projects/project_2_images fig4.sdr
2003.01.24 08:23 B C:\Astro\public_html\phys\alberta_learning\new(fall2002)\applets\freebodydrawer\projects\project_2_images\fig5.gif --> ftp.kingsu.ab.ca /usr/home/brian/public_html/phys/alberta_learning/new(fall2002)/applets/freebodydrawer/projects/project_2_images fig5.gif
2003.01.24 08:23 B C:\Astro\public_html\phys\alberta_learning\new(fall2002)\applets\freebodydrawer\projects\project_2_images\fig5.sdr --> ftp.kingsu.ab.ca /usr/home/brian/public_html/phys/alberta_learning/new(fall2002)/applets/freebodydrawer/projects/project_2_images fig5.sdr
2003.01.24 08:23 B C:\Astro\public_html\phys\alberta_learning\new(fall2002)\applets\freebodydrawer\projects\project_2_images\fig6.gif --> ftp.kingsu.ab.ca /usr/home/brian/public_html/phys/alberta_learning/new(fall2002)/applets/freebodydrawer/projects/project_2_images fig6.gif
2003.01.24 08:23 B C:\Astro\public_html\phys\alberta_learning\new(fall2002)\applets\freebodydrawer\projects\project_2_images\fig7.gif --> ftp.kingsu.ab.ca /usr/home/brian/public_html/phys/alberta_learning/new(fall2002)/applets/freebodydrawer/projects/project_2_images fig7.gif
2003.01.24 08:23 B C:\Astro\public_html\phys\alberta_learning\new(fall2002)\applets\freebodydrawer\projects\project_2_images\fig8.gif --> ftp.kingsu.ab.ca /usr/home/brian/public_html/phys/alberta_learning/new(fall2002)/applets/freebodydrawer/projects/project_2_images fig8.gif
2003.01.24 08:23 B C:\Astro\public_html\phys\alberta_learning\new(fall2002)\applets\freebodydrawer\projects\project_2_images\fig9.gif --> ftp.kingsu.ab.ca /usr/home/brian/public_html/phys/alberta_learning/new(fall2002)/applets/freebodydrawer/projects/project_2_images fig9.gif
2019.04.02 01:23 B C:\kings\phys\alberta_learning\new(fall2002)\applets\freebodydrawer\projects\project_2_images\WS_FTP.LOG <-- kings /usr/home/brian/public_html/phys/alberta_learning/new(fall2002)/applets/freebodydrawer/projects/project_2_images WS_FTP.LOG
