2002.10.08 10:11 B C:\alberta_learning\applets\atwood\applethelp\lesson\atwood_lesson_eq1.gif <-- chris /home/brian/old_home/public_html/alberta_learning/applets/atwood/applethelp/lesson atwood_lesson_eq1.gif
2002.10.08 10:11 B C:\alberta_learning\applets\atwood\applethelp\lesson\atwood_lesson_eq2.gif <-- chris /home/brian/old_home/public_html/alberta_learning/applets/atwood/applethelp/lesson atwood_lesson_eq2.gif
2002.10.08 10:11 B C:\alberta_learning\applets\atwood\applethelp\lesson\atwood_lesson_eq3.gif <-- chris /home/brian/old_home/public_html/alberta_learning/applets/atwood/applethelp/lesson atwood_lesson_eq3.gif
2002.10.08 10:11 B C:\alberta_learning\applets\atwood\applethelp\lesson\atwood_lesson_eq4.gif <-- chris /home/brian/old_home/public_html/alberta_learning/applets/atwood/applethelp/lesson atwood_lesson_eq4.gif
2002.10.08 10:11 B C:\alberta_learning\applets\atwood\applethelp\lesson\atwood_lesson_eq5.gif <-- chris /home/brian/old_home/public_html/alberta_learning/applets/atwood/applethelp/lesson atwood_lesson_eq5.gif
2002.10.08 10:11 B C:\alberta_learning\applets\atwood\applethelp\lesson\fig1.png <-- chris /home/brian/old_home/public_html/alberta_learning/applets/atwood/applethelp/lesson fig1.png
2002.10.08 10:11 B C:\alberta_learning\applets\atwood\applethelp\lesson\fig2.png <-- chris /home/brian/old_home/public_html/alberta_learning/applets/atwood/applethelp/lesson fig2.png
2002.10.08 10:11 B C:\alberta_learning\applets\atwood\applethelp\lesson\lesson.html <-- chris /home/brian/old_home/public_html/alberta_learning/applets/atwood/applethelp/lesson lesson.html
2002.10.08 10:11 B C:\alberta_learning\applets\atwood\applethelp\lesson\lesson.html.LCK <-- chris /home/brian/old_home/public_html/alberta_learning/applets/atwood/applethelp/lesson lesson.html.LCK
2002.10.08 10:29 B C:\alberta_learning\applets\atwood\applethelp\lesson\lesson.html.LCK --> chris.kingsu.ab.ca /home/brian/public_html/alberta_learning/applets/atwood/applethelp/lesson lesson.html.LCK
2002.10.08 10:29 B C:\alberta_learning\applets\atwood\applethelp\lesson\WS_FTP.LOG --> chris.kingsu.ab.ca /home/brian/public_html/alberta_learning/applets/atwood/applethelp/lesson WS_FTP.LOG
2002.10.08 10:48 B C:\alberta_learning\applets\atwood\applethelp\lesson\atwood_lesson_eq1.gif --> chris.kingsu.ab.ca /home/brian/public_html/alberta_learning/applets/atwood/applethelp/lesson atwood_lesson_eq1.gif
2002.10.08 10:48 B C:\alberta_learning\applets\atwood\applethelp\lesson\atwood_lesson_eq2.gif --> chris.kingsu.ab.ca /home/brian/public_html/alberta_learning/applets/atwood/applethelp/lesson atwood_lesson_eq2.gif
2002.10.08 10:48 B C:\alberta_learning\applets\atwood\applethelp\lesson\atwood_lesson_eq3.gif --> chris.kingsu.ab.ca /home/brian/public_html/alberta_learning/applets/atwood/applethelp/lesson atwood_lesson_eq3.gif
2002.10.08 10:48 B C:\alberta_learning\applets\atwood\applethelp\lesson\atwood_lesson_eq4.gif --> chris.kingsu.ab.ca /home/brian/public_html/alberta_learning/applets/atwood/applethelp/lesson atwood_lesson_eq4.gif
2002.10.08 10:48 B C:\alberta_learning\applets\atwood\applethelp\lesson\atwood_lesson_eq5.gif --> chris.kingsu.ab.ca /home/brian/public_html/alberta_learning/applets/atwood/applethelp/lesson atwood_lesson_eq5.gif
2002.10.08 10:48 B C:\alberta_learning\applets\atwood\applethelp\lesson\fig1.png --> chris.kingsu.ab.ca /home/brian/public_html/alberta_learning/applets/atwood/applethelp/lesson fig1.png
2002.10.08 10:48 B C:\alberta_learning\applets\atwood\applethelp\lesson\fig2.png --> chris.kingsu.ab.ca /home/brian/public_html/alberta_learning/applets/atwood/applethelp/lesson fig2.png
2002.10.08 10:48 B C:\alberta_learning\applets\atwood\applethelp\lesson\lesson.html --> chris.kingsu.ab.ca /home/brian/public_html/alberta_learning/applets/atwood/applethelp/lesson lesson.html
2002.10.08 10:48 B C:\alberta_learning\applets\atwood\applethelp\lesson\lesson.html.LCK --> chris.kingsu.ab.ca /home/brian/public_html/alberta_learning/applets/atwood/applethelp/lesson lesson.html.LCK
2002.10.09 16:52 B C:\applets_oct9\applets\atwood\applethelp\lesson\WS_FTP.LOG <-- chris /home/brian/public_html/alberta_learning/applets/atwood/applethelp/lesson WS_FTP.LOG
2002.10.13 22:01 B C:\matthew\New_ALB\applets\atwood\applethelp\lesson\atwood_lesson_eq1.gif --> chris.kingsu.ab.ca /home/brian/public_html/New_ALB/applets/atwood/applethelp/lesson atwood_lesson_eq1.gif
2002.10.13 22:01 B C:\matthew\New_ALB\applets\atwood\applethelp\lesson\atwood_lesson_eq2.gif --> chris.kingsu.ab.ca /home/brian/public_html/New_ALB/applets/atwood/applethelp/lesson atwood_lesson_eq2.gif
2002.10.13 22:01 B C:\matthew\New_ALB\applets\atwood\applethelp\lesson\atwood_lesson_eq3.gif --> chris.kingsu.ab.ca /home/brian/public_html/New_ALB/applets/atwood/applethelp/lesson atwood_lesson_eq3.gif
2002.10.13 22:01 B C:\matthew\New_ALB\applets\atwood\applethelp\lesson\atwood_lesson_eq4.gif --> chris.kingsu.ab.ca /home/brian/public_html/New_ALB/applets/atwood/applethelp/lesson atwood_lesson_eq4.gif
2002.10.13 22:01 B C:\matthew\New_ALB\applets\atwood\applethelp\lesson\atwood_lesson_eq5.gif --> chris.kingsu.ab.ca /home/brian/public_html/New_ALB/applets/atwood/applethelp/lesson atwood_lesson_eq5.gif
2002.10.13 22:01 B C:\matthew\New_ALB\applets\atwood\applethelp\lesson\fig1.png --> chris.kingsu.ab.ca /home/brian/public_html/New_ALB/applets/atwood/applethelp/lesson fig1.png
2002.10.13 22:01 B C:\matthew\New_ALB\applets\atwood\applethelp\lesson\fig2.png --> chris.kingsu.ab.ca /home/brian/public_html/New_ALB/applets/atwood/applethelp/lesson fig2.png
2002.10.13 22:01 B C:\matthew\New_ALB\applets\atwood\applethelp\lesson\lesson.html --> chris.kingsu.ab.ca /home/brian/public_html/New_ALB/applets/atwood/applethelp/lesson lesson.html
2002.10.13 22:01 B C:\matthew\New_ALB\applets\atwood\applethelp\lesson\lesson.html.LCK --> chris.kingsu.ab.ca /home/brian/public_html/New_ALB/applets/atwood/applethelp/lesson lesson.html.LCK
2002.10.28 09:17 B C:\alberta_learning\new(fall2002)\applets\atwood\applethelp\lesson\WS_FTP.LOG <-- chris /home/brian/public_html/New_ALB/applets/atwood/applethelp/lesson WS_FTP.LOG
2003.01.24 08:20 B C:\Astro\public_html\phys\alberta_learning\new(fall2002)\applets\atwood\applethelp\lesson\atwood_lesson_eq1.gif --> ftp.kingsu.ab.ca /usr/home/brian/public_html/phys/alberta_learning/new(fall2002)/applets/atwood/applethelp/lesson atwood_lesson_eq1.gif
2003.01.24 08:20 B C:\Astro\public_html\phys\alberta_learning\new(fall2002)\applets\atwood\applethelp\lesson\atwood_lesson_eq2.gif --> ftp.kingsu.ab.ca /usr/home/brian/public_html/phys/alberta_learning/new(fall2002)/applets/atwood/applethelp/lesson atwood_lesson_eq2.gif
2003.01.24 08:20 B C:\Astro\public_html\phys\alberta_learning\new(fall2002)\applets\atwood\applethelp\lesson\atwood_lesson_eq3.gif --> ftp.kingsu.ab.ca /usr/home/brian/public_html/phys/alberta_learning/new(fall2002)/applets/atwood/applethelp/lesson atwood_lesson_eq3.gif
2003.01.24 08:20 B C:\Astro\public_html\phys\alberta_learning\new(fall2002)\applets\atwood\applethelp\lesson\atwood_lesson_eq4.gif --> ftp.kingsu.ab.ca /usr/home/brian/public_html/phys/alberta_learning/new(fall2002)/applets/atwood/applethelp/lesson atwood_lesson_eq4.gif
2003.01.24 08:20 B C:\Astro\public_html\phys\alberta_learning\new(fall2002)\applets\atwood\applethelp\lesson\atwood_lesson_eq5.gif --> ftp.kingsu.ab.ca /usr/home/brian/public_html/phys/alberta_learning/new(fall2002)/applets/atwood/applethelp/lesson atwood_lesson_eq5.gif
2003.01.24 08:20 B C:\Astro\public_html\phys\alberta_learning\new(fall2002)\applets\atwood\applethelp\lesson\fig1.png --> ftp.kingsu.ab.ca /usr/home/brian/public_html/phys/alberta_learning/new(fall2002)/applets/atwood/applethelp/lesson fig1.png
2003.01.24 08:20 B C:\Astro\public_html\phys\alberta_learning\new(fall2002)\applets\atwood\applethelp\lesson\fig2.png --> ftp.kingsu.ab.ca /usr/home/brian/public_html/phys/alberta_learning/new(fall2002)/applets/atwood/applethelp/lesson fig2.png
2003.01.24 08:20 B C:\Astro\public_html\phys\alberta_learning\new(fall2002)\applets\atwood\applethelp\lesson\lesson.html --> ftp.kingsu.ab.ca /usr/home/brian/public_html/phys/alberta_learning/new(fall2002)/applets/atwood/applethelp/lesson lesson.html
2003.01.24 08:20 B C:\Astro\public_html\phys\alberta_learning\new(fall2002)\applets\atwood\applethelp\lesson\lesson.html.LCK --> ftp.kingsu.ab.ca /usr/home/brian/public_html/phys/alberta_learning/new(fall2002)/applets/atwood/applethelp/lesson lesson.html.LCK
2019.04.02 01:21 B C:\kings\phys\alberta_learning\new(fall2002)\applets\atwood\applethelp\lesson\WS_FTP.LOG <-- kings /usr/home/brian/public_html/phys/alberta_learning/new(fall2002)/applets/atwood/applethelp/lesson WS_FTP.LOG
