2002.10.08 10:14 B C:\alberta_learning\applets\freebodydrawer\applethelp1\fig1.png <-- chris /home/brian/old_home/public_html/alberta_learning/applets/freebodydrawer/applethelp1 fig1.png
2002.10.08 10:14 B C:\alberta_learning\applets\freebodydrawer\applethelp1\fig10.png <-- chris /home/brian/old_home/public_html/alberta_learning/applets/freebodydrawer/applethelp1 fig10.png
2002.10.08 10:14 B C:\alberta_learning\applets\freebodydrawer\applethelp1\fig11.png <-- chris /home/brian/old_home/public_html/alberta_learning/applets/freebodydrawer/applethelp1 fig11.png
2002.10.08 10:14 B C:\alberta_learning\applets\freebodydrawer\applethelp1\fig12.png <-- chris /home/brian/old_home/public_html/alberta_learning/applets/freebodydrawer/applethelp1 fig12.png
2002.10.08 10:14 B C:\alberta_learning\applets\freebodydrawer\applethelp1\fig13.png <-- chris /home/brian/old_home/public_html/alberta_learning/applets/freebodydrawer/applethelp1 fig13.png
2002.10.08 10:14 B C:\alberta_learning\applets\freebodydrawer\applethelp1\fig14.png <-- chris /home/brian/old_home/public_html/alberta_learning/applets/freebodydrawer/applethelp1 fig14.png
2002.10.08 10:14 B C:\alberta_learning\applets\freebodydrawer\applethelp1\fig15.png <-- chris /home/brian/old_home/public_html/alberta_learning/applets/freebodydrawer/applethelp1 fig15.png
2002.10.08 10:14 B C:\alberta_learning\applets\freebodydrawer\applethelp1\fig16.png <-- chris /home/brian/old_home/public_html/alberta_learning/applets/freebodydrawer/applethelp1 fig16.png
2002.10.08 10:14 B C:\alberta_learning\applets\freebodydrawer\applethelp1\fig17.png <-- chris /home/brian/old_home/public_html/alberta_learning/applets/freebodydrawer/applethelp1 fig17.png
2002.10.08 10:14 B C:\alberta_learning\applets\freebodydrawer\applethelp1\fig2.png <-- chris /home/brian/old_home/public_html/alberta_learning/applets/freebodydrawer/applethelp1 fig2.png
2002.10.08 10:14 B C:\alberta_learning\applets\freebodydrawer\applethelp1\fig3.png <-- chris /home/brian/old_home/public_html/alberta_learning/applets/freebodydrawer/applethelp1 fig3.png
2002.10.08 10:14 B C:\alberta_learning\applets\freebodydrawer\applethelp1\fig3a.png <-- chris /home/brian/old_home/public_html/alberta_learning/applets/freebodydrawer/applethelp1 fig3a.png
2002.10.08 10:14 B C:\alberta_learning\applets\freebodydrawer\applethelp1\fig3b.png <-- chris /home/brian/old_home/public_html/alberta_learning/applets/freebodydrawer/applethelp1 fig3b.png
2002.10.08 10:14 B C:\alberta_learning\applets\freebodydrawer\applethelp1\fig4.png <-- chris /home/brian/old_home/public_html/alberta_learning/applets/freebodydrawer/applethelp1 fig4.png
2002.10.08 10:14 B C:\alberta_learning\applets\freebodydrawer\applethelp1\fig5.png <-- chris /home/brian/old_home/public_html/alberta_learning/applets/freebodydrawer/applethelp1 fig5.png
2002.10.08 10:14 B C:\alberta_learning\applets\freebodydrawer\applethelp1\fig6.png <-- chris /home/brian/old_home/public_html/alberta_learning/applets/freebodydrawer/applethelp1 fig6.png
2002.10.08 10:14 B C:\alberta_learning\applets\freebodydrawer\applethelp1\fig7.png <-- chris /home/brian/old_home/public_html/alberta_learning/applets/freebodydrawer/applethelp1 fig7.png
2002.10.08 10:14 B C:\alberta_learning\applets\freebodydrawer\applethelp1\fig8.png <-- chris /home/brian/old_home/public_html/alberta_learning/applets/freebodydrawer/applethelp1 fig8.png
2002.10.08 10:14 B C:\alberta_learning\applets\freebodydrawer\applethelp1\fig9.png <-- chris /home/brian/old_home/public_html/alberta_learning/applets/freebodydrawer/applethelp1 fig9.png
2002.10.08 10:14 B C:\alberta_learning\applets\freebodydrawer\applethelp1\fig9a.png <-- chris /home/brian/old_home/public_html/alberta_learning/applets/freebodydrawer/applethelp1 fig9a.png
2002.10.08 10:14 B C:\alberta_learning\applets\freebodydrawer\applethelp1\frameset.html <-- chris /home/brian/old_home/public_html/alberta_learning/applets/freebodydrawer/applethelp1 frameset.html
2002.10.08 10:14 B C:\alberta_learning\applets\freebodydrawer\applethelp1\help.html <-- chris /home/brian/old_home/public_html/alberta_learning/applets/freebodydrawer/applethelp1 help.html
2002.10.08 10:14 B C:\alberta_learning\applets\freebodydrawer\applethelp1\help_freebodydrawer_old.html <-- chris /home/brian/old_home/public_html/alberta_learning/applets/freebodydrawer/applethelp1 help_freebodydrawer_old.html
2002.10.08 10:14 B C:\alberta_learning\applets\freebodydrawer\applethelp1\help_freebodyeditor.html <-- chris /home/brian/old_home/public_html/alberta_learning/applets/freebodydrawer/applethelp1 help_freebodyeditor.html
2002.10.08 10:14 B C:\alberta_learning\applets\freebodydrawer\applethelp1\img1.png <-- chris /home/brian/old_home/public_html/alberta_learning/applets/freebodydrawer/applethelp1 img1.png
2002.10.08 10:14 B C:\alberta_learning\applets\freebodydrawer\applethelp1\img2.png <-- chris /home/brian/old_home/public_html/alberta_learning/applets/freebodydrawer/applethelp1 img2.png
2002.10.08 10:14 B C:\alberta_learning\applets\freebodydrawer\applethelp1\img2.png.LCK <-- chris /home/brian/old_home/public_html/alberta_learning/applets/freebodydrawer/applethelp1 img2.png.LCK
2002.10.08 10:14 B C:\alberta_learning\applets\freebodydrawer\applethelp1\img5.png <-- chris /home/brian/old_home/public_html/alberta_learning/applets/freebodydrawer/applethelp1 img5.png
2002.10.08 10:14 B C:\alberta_learning\applets\freebodydrawer\applethelp1\intro.html <-- chris /home/brian/old_home/public_html/alberta_learning/applets/freebodydrawer/applethelp1 intro.html
2002.10.08 10:14 B C:\alberta_learning\applets\freebodydrawer\applethelp1\navPanel.html <-- chris /home/brian/old_home/public_html/alberta_learning/applets/freebodydrawer/applethelp1 navPanel.html
2002.10.08 10:14 B C:\alberta_learning\applets\freebodydrawer\applethelp1\showme.html <-- chris /home/brian/old_home/public_html/alberta_learning/applets/freebodydrawer/applethelp1 showme.html
2002.10.08 10:31 B C:\alberta_learning\applets\freebodydrawer\applethelp1\img2.png.LCK --> chris.kingsu.ab.ca /home/brian/public_html/alberta_learning/applets/freebodydrawer/applethelp1 img2.png.LCK
2002.10.08 10:31 B C:\alberta_learning\applets\freebodydrawer\applethelp1\WS_FTP.LOG --> chris.kingsu.ab.ca /home/brian/public_html/alberta_learning/applets/freebodydrawer/applethelp1 WS_FTP.LOG
2002.10.08 10:52 B C:\alberta_learning\applets\freebodydrawer\applethelp1\fig1.png --> chris.kingsu.ab.ca /home/brian/public_html/alberta_learning/applets/freebodydrawer/applethelp1 fig1.png
2002.10.08 10:52 B C:\alberta_learning\applets\freebodydrawer\applethelp1\fig10.png --> chris.kingsu.ab.ca /home/brian/public_html/alberta_learning/applets/freebodydrawer/applethelp1 fig10.png
2002.10.08 10:52 B C:\alberta_learning\applets\freebodydrawer\applethelp1\fig11.png --> chris.kingsu.ab.ca /home/brian/public_html/alberta_learning/applets/freebodydrawer/applethelp1 fig11.png
2002.10.08 10:52 B C:\alberta_learning\applets\freebodydrawer\applethelp1\fig12.png --> chris.kingsu.ab.ca /home/brian/public_html/alberta_learning/applets/freebodydrawer/applethelp1 fig12.png
2002.10.08 10:52 B C:\alberta_learning\applets\freebodydrawer\applethelp1\fig13.png --> chris.kingsu.ab.ca /home/brian/public_html/alberta_learning/applets/freebodydrawer/applethelp1 fig13.png
2002.10.08 10:52 B C:\alberta_learning\applets\freebodydrawer\applethelp1\fig14.png --> chris.kingsu.ab.ca /home/brian/public_html/alberta_learning/applets/freebodydrawer/applethelp1 fig14.png
2002.10.08 10:52 B C:\alberta_learning\applets\freebodydrawer\applethelp1\fig15.png --> chris.kingsu.ab.ca /home/brian/public_html/alberta_learning/applets/freebodydrawer/applethelp1 fig15.png
2002.10.08 10:52 B C:\alberta_learning\applets\freebodydrawer\applethelp1\fig16.png --> chris.kingsu.ab.ca /home/brian/public_html/alberta_learning/applets/freebodydrawer/applethelp1 fig16.png
2002.10.08 10:52 B C:\alberta_learning\applets\freebodydrawer\applethelp1\fig17.png --> chris.kingsu.ab.ca /home/brian/public_html/alberta_learning/applets/freebodydrawer/applethelp1 fig17.png
2002.10.08 10:52 B C:\alberta_learning\applets\freebodydrawer\applethelp1\fig2.png --> chris.kingsu.ab.ca /home/brian/public_html/alberta_learning/applets/freebodydrawer/applethelp1 fig2.png
2002.10.08 10:52 B C:\alberta_learning\applets\freebodydrawer\applethelp1\fig3.png --> chris.kingsu.ab.ca /home/brian/public_html/alberta_learning/applets/freebodydrawer/applethelp1 fig3.png
2002.10.08 10:52 B C:\alberta_learning\applets\freebodydrawer\applethelp1\fig3a.png --> chris.kingsu.ab.ca /home/brian/public_html/alberta_learning/applets/freebodydrawer/applethelp1 fig3a.png
2002.10.08 10:52 B C:\alberta_learning\applets\freebodydrawer\applethelp1\fig3b.png --> chris.kingsu.ab.ca /home/brian/public_html/alberta_learning/applets/freebodydrawer/applethelp1 fig3b.png
2002.10.08 10:52 B C:\alberta_learning\applets\freebodydrawer\applethelp1\fig4.png --> chris.kingsu.ab.ca /home/brian/public_html/alberta_learning/applets/freebodydrawer/applethelp1 fig4.png
2002.10.08 10:52 B C:\alberta_learning\applets\freebodydrawer\applethelp1\fig5.png --> chris.kingsu.ab.ca /home/brian/public_html/alberta_learning/applets/freebodydrawer/applethelp1 fig5.png
2002.10.08 10:52 B C:\alberta_learning\applets\freebodydrawer\applethelp1\fig6.png --> chris.kingsu.ab.ca /home/brian/public_html/alberta_learning/applets/freebodydrawer/applethelp1 fig6.png
2002.10.08 10:52 B C:\alberta_learning\applets\freebodydrawer\applethelp1\fig7.png --> chris.kingsu.ab.ca /home/brian/public_html/alberta_learning/applets/freebodydrawer/applethelp1 fig7.png
2002.10.08 10:52 B C:\alberta_learning\applets\freebodydrawer\applethelp1\fig8.png --> chris.kingsu.ab.ca /home/brian/public_html/alberta_learning/applets/freebodydrawer/applethelp1 fig8.png
2002.10.08 10:52 B C:\alberta_learning\applets\freebodydrawer\applethelp1\fig9.png --> chris.kingsu.ab.ca /home/brian/public_html/alberta_learning/applets/freebodydrawer/applethelp1 fig9.png
2002.10.08 10:52 B C:\alberta_learning\applets\freebodydrawer\applethelp1\fig9a.png --> chris.kingsu.ab.ca /home/brian/public_html/alberta_learning/applets/freebodydrawer/applethelp1 fig9a.png
2002.10.08 10:52 B C:\alberta_learning\applets\freebodydrawer\applethelp1\frameset.html --> chris.kingsu.ab.ca /home/brian/public_html/alberta_learning/applets/freebodydrawer/applethelp1 frameset.html
2002.10.08 10:52 B C:\alberta_learning\applets\freebodydrawer\applethelp1\help.html --> chris.kingsu.ab.ca /home/brian/public_html/alberta_learning/applets/freebodydrawer/applethelp1 help.html
2002.10.08 10:52 B C:\alberta_learning\applets\freebodydrawer\applethelp1\help_freebodydrawer_old.html --> chris.kingsu.ab.ca /home/brian/public_html/alberta_learning/applets/freebodydrawer/applethelp1 help_freebodydrawer_old.html
2002.10.08 10:52 B C:\alberta_learning\applets\freebodydrawer\applethelp1\help_freebodyeditor.html --> chris.kingsu.ab.ca /home/brian/public_html/alberta_learning/applets/freebodydrawer/applethelp1 help_freebodyeditor.html
2002.10.08 10:52 B C:\alberta_learning\applets\freebodydrawer\applethelp1\img1.png --> chris.kingsu.ab.ca /home/brian/public_html/alberta_learning/applets/freebodydrawer/applethelp1 img1.png
2002.10.08 10:52 B C:\alberta_learning\applets\freebodydrawer\applethelp1\img2.png --> chris.kingsu.ab.ca /home/brian/public_html/alberta_learning/applets/freebodydrawer/applethelp1 img2.png
2002.10.08 10:52 B C:\alberta_learning\applets\freebodydrawer\applethelp1\img2.png.LCK --> chris.kingsu.ab.ca /home/brian/public_html/alberta_learning/applets/freebodydrawer/applethelp1 img2.png.LCK
2002.10.08 10:52 B C:\alberta_learning\applets\freebodydrawer\applethelp1\img5.png --> chris.kingsu.ab.ca /home/brian/public_html/alberta_learning/applets/freebodydrawer/applethelp1 img5.png
2002.10.08 10:52 B C:\alberta_learning\applets\freebodydrawer\applethelp1\intro.html --> chris.kingsu.ab.ca /home/brian/public_html/alberta_learning/applets/freebodydrawer/applethelp1 intro.html
2002.10.08 10:52 B C:\alberta_learning\applets\freebodydrawer\applethelp1\navPanel.html --> chris.kingsu.ab.ca /home/brian/public_html/alberta_learning/applets/freebodydrawer/applethelp1 navPanel.html
2002.10.08 10:52 B C:\alberta_learning\applets\freebodydrawer\applethelp1\showme.html --> chris.kingsu.ab.ca /home/brian/public_html/alberta_learning/applets/freebodydrawer/applethelp1 showme.html
2002.10.09 16:33 B C:\matthew\applets\freebodydrawer\applethelp1\WS_FTP.LOG <-- chris /home/brian/public_html/alberta_learning/applets/freebodydrawer/applethelp1 WS_FTP.LOG
2002.10.13 22:14 B C:\matthew\New_ALB\applets\freebodydrawer\applethelp1\fig1.png --> chris.kingsu.ab.ca /home/brian/public_html/New_ALB/applets/freebodydrawer/applethelp1 fig1.png
2002.10.13 22:14 B C:\matthew\New_ALB\applets\freebodydrawer\applethelp1\fig10.png --> chris.kingsu.ab.ca /home/brian/public_html/New_ALB/applets/freebodydrawer/applethelp1 fig10.png
2002.10.13 22:14 B C:\matthew\New_ALB\applets\freebodydrawer\applethelp1\fig11.png --> chris.kingsu.ab.ca /home/brian/public_html/New_ALB/applets/freebodydrawer/applethelp1 fig11.png
2002.10.13 22:14 B C:\matthew\New_ALB\applets\freebodydrawer\applethelp1\fig12.png --> chris.kingsu.ab.ca /home/brian/public_html/New_ALB/applets/freebodydrawer/applethelp1 fig12.png
2002.10.13 22:15 B C:\matthew\New_ALB\applets\freebodydrawer\applethelp1\fig13.png --> chris.kingsu.ab.ca /home/brian/public_html/New_ALB/applets/freebodydrawer/applethelp1 fig13.png
2002.10.13 22:15 B C:\matthew\New_ALB\applets\freebodydrawer\applethelp1\fig14.png --> chris.kingsu.ab.ca /home/brian/public_html/New_ALB/applets/freebodydrawer/applethelp1 fig14.png
2002.10.13 22:15 B C:\matthew\New_ALB\applets\freebodydrawer\applethelp1\fig15.png --> chris.kingsu.ab.ca /home/brian/public_html/New_ALB/applets/freebodydrawer/applethelp1 fig15.png
2002.10.13 22:15 B C:\matthew\New_ALB\applets\freebodydrawer\applethelp1\fig16.png --> chris.kingsu.ab.ca /home/brian/public_html/New_ALB/applets/freebodydrawer/applethelp1 fig16.png
2002.10.13 22:15 B C:\matthew\New_ALB\applets\freebodydrawer\applethelp1\fig17.png --> chris.kingsu.ab.ca /home/brian/public_html/New_ALB/applets/freebodydrawer/applethelp1 fig17.png
2002.10.13 22:15 B C:\matthew\New_ALB\applets\freebodydrawer\applethelp1\fig2.png --> chris.kingsu.ab.ca /home/brian/public_html/New_ALB/applets/freebodydrawer/applethelp1 fig2.png
2002.10.13 22:15 B C:\matthew\New_ALB\applets\freebodydrawer\applethelp1\fig3.png --> chris.kingsu.ab.ca /home/brian/public_html/New_ALB/applets/freebodydrawer/applethelp1 fig3.png
2002.10.13 22:15 B C:\matthew\New_ALB\applets\freebodydrawer\applethelp1\fig3a.png --> chris.kingsu.ab.ca /home/brian/public_html/New_ALB/applets/freebodydrawer/applethelp1 fig3a.png
2002.10.13 22:15 B C:\matthew\New_ALB\applets\freebodydrawer\applethelp1\fig3b.png --> chris.kingsu.ab.ca /home/brian/public_html/New_ALB/applets/freebodydrawer/applethelp1 fig3b.png
2002.10.13 22:15 B C:\matthew\New_ALB\applets\freebodydrawer\applethelp1\fig4.png --> chris.kingsu.ab.ca /home/brian/public_html/New_ALB/applets/freebodydrawer/applethelp1 fig4.png
2002.10.13 22:15 B C:\matthew\New_ALB\applets\freebodydrawer\applethelp1\fig5.png --> chris.kingsu.ab.ca /home/brian/public_html/New_ALB/applets/freebodydrawer/applethelp1 fig5.png
2002.10.13 22:15 B C:\matthew\New_ALB\applets\freebodydrawer\applethelp1\fig6.png --> chris.kingsu.ab.ca /home/brian/public_html/New_ALB/applets/freebodydrawer/applethelp1 fig6.png
2002.10.13 22:15 B C:\matthew\New_ALB\applets\freebodydrawer\applethelp1\fig7.png --> chris.kingsu.ab.ca /home/brian/public_html/New_ALB/applets/freebodydrawer/applethelp1 fig7.png
2002.10.13 22:15 B C:\matthew\New_ALB\applets\freebodydrawer\applethelp1\fig8.png --> chris.kingsu.ab.ca /home/brian/public_html/New_ALB/applets/freebodydrawer/applethelp1 fig8.png
2002.10.13 22:15 B C:\matthew\New_ALB\applets\freebodydrawer\applethelp1\fig9.png --> chris.kingsu.ab.ca /home/brian/public_html/New_ALB/applets/freebodydrawer/applethelp1 fig9.png
2002.10.13 22:15 B C:\matthew\New_ALB\applets\freebodydrawer\applethelp1\fig9a.png --> chris.kingsu.ab.ca /home/brian/public_html/New_ALB/applets/freebodydrawer/applethelp1 fig9a.png
2002.10.13 22:15 B C:\matthew\New_ALB\applets\freebodydrawer\applethelp1\frameset.html --> chris.kingsu.ab.ca /home/brian/public_html/New_ALB/applets/freebodydrawer/applethelp1 frameset.html
2002.10.13 22:15 B C:\matthew\New_ALB\applets\freebodydrawer\applethelp1\help.html --> chris.kingsu.ab.ca /home/brian/public_html/New_ALB/applets/freebodydrawer/applethelp1 help.html
2002.10.13 22:15 B C:\matthew\New_ALB\applets\freebodydrawer\applethelp1\help_freebodydrawer_old.html --> chris.kingsu.ab.ca /home/brian/public_html/New_ALB/applets/freebodydrawer/applethelp1 help_freebodydrawer_old.html
2002.10.13 22:15 B C:\matthew\New_ALB\applets\freebodydrawer\applethelp1\help_freebodyeditor.html --> chris.kingsu.ab.ca /home/brian/public_html/New_ALB/applets/freebodydrawer/applethelp1 help_freebodyeditor.html
2002.10.13 22:15 B C:\matthew\New_ALB\applets\freebodydrawer\applethelp1\img1.png --> chris.kingsu.ab.ca /home/brian/public_html/New_ALB/applets/freebodydrawer/applethelp1 img1.png
2002.10.13 22:15 B C:\matthew\New_ALB\applets\freebodydrawer\applethelp1\img2.png --> chris.kingsu.ab.ca /home/brian/public_html/New_ALB/applets/freebodydrawer/applethelp1 img2.png
2002.10.13 22:15 B C:\matthew\New_ALB\applets\freebodydrawer\applethelp1\img2.png.LCK --> chris.kingsu.ab.ca /home/brian/public_html/New_ALB/applets/freebodydrawer/applethelp1 img2.png.LCK
2002.10.13 22:15 B C:\matthew\New_ALB\applets\freebodydrawer\applethelp1\img5.png --> chris.kingsu.ab.ca /home/brian/public_html/New_ALB/applets/freebodydrawer/applethelp1 img5.png
2002.10.13 22:15 B C:\matthew\New_ALB\applets\freebodydrawer\applethelp1\intro.html --> chris.kingsu.ab.ca /home/brian/public_html/New_ALB/applets/freebodydrawer/applethelp1 intro.html
2002.10.13 22:15 B C:\matthew\New_ALB\applets\freebodydrawer\applethelp1\navPanel.html --> chris.kingsu.ab.ca /home/brian/public_html/New_ALB/applets/freebodydrawer/applethelp1 navPanel.html
2002.10.13 22:15 B C:\matthew\New_ALB\applets\freebodydrawer\applethelp1\showme.html --> chris.kingsu.ab.ca /home/brian/public_html/New_ALB/applets/freebodydrawer/applethelp1 showme.html
2002.10.28 09:22 B C:\alberta_learning\new(fall2002)\applets\freebodydrawer\applethelp1\WS_FTP.LOG <-- chris /home/brian/public_html/New_ALB/applets/freebodydrawer/applethelp1 WS_FTP.LOG
2003.01.24 08:23 B C:\Astro\public_html\phys\alberta_learning\new(fall2002)\applets\freebodydrawer\applethelp1\fig1.png --> ftp.kingsu.ab.ca /usr/home/brian/public_html/phys/alberta_learning/new(fall2002)/applets/freebodydrawer/applethelp1 fig1.png
2003.01.24 08:23 B C:\Astro\public_html\phys\alberta_learning\new(fall2002)\applets\freebodydrawer\applethelp1\fig10.png --> ftp.kingsu.ab.ca /usr/home/brian/public_html/phys/alberta_learning/new(fall2002)/applets/freebodydrawer/applethelp1 fig10.png
2003.01.24 08:23 B C:\Astro\public_html\phys\alberta_learning\new(fall2002)\applets\freebodydrawer\applethelp1\fig11.png --> ftp.kingsu.ab.ca /usr/home/brian/public_html/phys/alberta_learning/new(fall2002)/applets/freebodydrawer/applethelp1 fig11.png
2003.01.24 08:23 B C:\Astro\public_html\phys\alberta_learning\new(fall2002)\applets\freebodydrawer\applethelp1\fig12.png --> ftp.kingsu.ab.ca /usr/home/brian/public_html/phys/alberta_learning/new(fall2002)/applets/freebodydrawer/applethelp1 fig12.png
2003.01.24 08:23 B C:\Astro\public_html\phys\alberta_learning\new(fall2002)\applets\freebodydrawer\applethelp1\fig13.png --> ftp.kingsu.ab.ca /usr/home/brian/public_html/phys/alberta_learning/new(fall2002)/applets/freebodydrawer/applethelp1 fig13.png
2003.01.24 08:23 B C:\Astro\public_html\phys\alberta_learning\new(fall2002)\applets\freebodydrawer\applethelp1\fig14.png --> ftp.kingsu.ab.ca /usr/home/brian/public_html/phys/alberta_learning/new(fall2002)/applets/freebodydrawer/applethelp1 fig14.png
2003.01.24 08:23 B C:\Astro\public_html\phys\alberta_learning\new(fall2002)\applets\freebodydrawer\applethelp1\fig15.png --> ftp.kingsu.ab.ca /usr/home/brian/public_html/phys/alberta_learning/new(fall2002)/applets/freebodydrawer/applethelp1 fig15.png
2003.01.24 08:23 B C:\Astro\public_html\phys\alberta_learning\new(fall2002)\applets\freebodydrawer\applethelp1\fig16.png --> ftp.kingsu.ab.ca /usr/home/brian/public_html/phys/alberta_learning/new(fall2002)/applets/freebodydrawer/applethelp1 fig16.png
2003.01.24 08:23 B C:\Astro\public_html\phys\alberta_learning\new(fall2002)\applets\freebodydrawer\applethelp1\fig17.png --> ftp.kingsu.ab.ca /usr/home/brian/public_html/phys/alberta_learning/new(fall2002)/applets/freebodydrawer/applethelp1 fig17.png
2003.01.24 08:23 B C:\Astro\public_html\phys\alberta_learning\new(fall2002)\applets\freebodydrawer\applethelp1\fig2.png --> ftp.kingsu.ab.ca /usr/home/brian/public_html/phys/alberta_learning/new(fall2002)/applets/freebodydrawer/applethelp1 fig2.png
2003.01.24 08:23 B C:\Astro\public_html\phys\alberta_learning\new(fall2002)\applets\freebodydrawer\applethelp1\fig3.png --> ftp.kingsu.ab.ca /usr/home/brian/public_html/phys/alberta_learning/new(fall2002)/applets/freebodydrawer/applethelp1 fig3.png
2003.01.24 08:23 B C:\Astro\public_html\phys\alberta_learning\new(fall2002)\applets\freebodydrawer\applethelp1\fig3a.png --> ftp.kingsu.ab.ca /usr/home/brian/public_html/phys/alberta_learning/new(fall2002)/applets/freebodydrawer/applethelp1 fig3a.png
2003.01.24 08:23 B C:\Astro\public_html\phys\alberta_learning\new(fall2002)\applets\freebodydrawer\applethelp1\fig3b.png --> ftp.kingsu.ab.ca /usr/home/brian/public_html/phys/alberta_learning/new(fall2002)/applets/freebodydrawer/applethelp1 fig3b.png
2003.01.24 08:23 B C:\Astro\public_html\phys\alberta_learning\new(fall2002)\applets\freebodydrawer\applethelp1\fig4.png --> ftp.kingsu.ab.ca /usr/home/brian/public_html/phys/alberta_learning/new(fall2002)/applets/freebodydrawer/applethelp1 fig4.png
2003.01.24 08:23 B C:\Astro\public_html\phys\alberta_learning\new(fall2002)\applets\freebodydrawer\applethelp1\fig5.png --> ftp.kingsu.ab.ca /usr/home/brian/public_html/phys/alberta_learning/new(fall2002)/applets/freebodydrawer/applethelp1 fig5.png
2003.01.24 08:23 B C:\Astro\public_html\phys\alberta_learning\new(fall2002)\applets\freebodydrawer\applethelp1\fig6.png --> ftp.kingsu.ab.ca /usr/home/brian/public_html/phys/alberta_learning/new(fall2002)/applets/freebodydrawer/applethelp1 fig6.png
2003.01.24 08:23 B C:\Astro\public_html\phys\alberta_learning\new(fall2002)\applets\freebodydrawer\applethelp1\fig7.png --> ftp.kingsu.ab.ca /usr/home/brian/public_html/phys/alberta_learning/new(fall2002)/applets/freebodydrawer/applethelp1 fig7.png
2003.01.24 08:23 B C:\Astro\public_html\phys\alberta_learning\new(fall2002)\applets\freebodydrawer\applethelp1\fig8.png --> ftp.kingsu.ab.ca /usr/home/brian/public_html/phys/alberta_learning/new(fall2002)/applets/freebodydrawer/applethelp1 fig8.png
2003.01.24 08:23 B C:\Astro\public_html\phys\alberta_learning\new(fall2002)\applets\freebodydrawer\applethelp1\fig9.png --> ftp.kingsu.ab.ca /usr/home/brian/public_html/phys/alberta_learning/new(fall2002)/applets/freebodydrawer/applethelp1 fig9.png
2003.01.24 08:23 B C:\Astro\public_html\phys\alberta_learning\new(fall2002)\applets\freebodydrawer\applethelp1\fig9a.png --> ftp.kingsu.ab.ca /usr/home/brian/public_html/phys/alberta_learning/new(fall2002)/applets/freebodydrawer/applethelp1 fig9a.png
2003.01.24 08:23 B C:\Astro\public_html\phys\alberta_learning\new(fall2002)\applets\freebodydrawer\applethelp1\frameset.html --> ftp.kingsu.ab.ca /usr/home/brian/public_html/phys/alberta_learning/new(fall2002)/applets/freebodydrawer/applethelp1 frameset.html
2003.01.24 08:23 B C:\Astro\public_html\phys\alberta_learning\new(fall2002)\applets\freebodydrawer\applethelp1\help.html --> ftp.kingsu.ab.ca /usr/home/brian/public_html/phys/alberta_learning/new(fall2002)/applets/freebodydrawer/applethelp1 help.html
2003.01.24 08:23 B C:\Astro\public_html\phys\alberta_learning\new(fall2002)\applets\freebodydrawer\applethelp1\help_freebodydrawer_old.html --> ftp.kingsu.ab.ca /usr/home/brian/public_html/phys/alberta_learning/new(fall2002)/applets/freebodydrawer/applethelp1 help_freebodydrawer_old.html
2003.01.24 08:23 B C:\Astro\public_html\phys\alberta_learning\new(fall2002)\applets\freebodydrawer\applethelp1\help_freebodyeditor.html --> ftp.kingsu.ab.ca /usr/home/brian/public_html/phys/alberta_learning/new(fall2002)/applets/freebodydrawer/applethelp1 help_freebodyeditor.html
2003.01.24 08:23 B C:\Astro\public_html\phys\alberta_learning\new(fall2002)\applets\freebodydrawer\applethelp1\img1.png --> ftp.kingsu.ab.ca /usr/home/brian/public_html/phys/alberta_learning/new(fall2002)/applets/freebodydrawer/applethelp1 img1.png
2003.01.24 08:23 B C:\Astro\public_html\phys\alberta_learning\new(fall2002)\applets\freebodydrawer\applethelp1\img2.png --> ftp.kingsu.ab.ca /usr/home/brian/public_html/phys/alberta_learning/new(fall2002)/applets/freebodydrawer/applethelp1 img2.png
2003.01.24 08:23 B C:\Astro\public_html\phys\alberta_learning\new(fall2002)\applets\freebodydrawer\applethelp1\img2.png.LCK --> ftp.kingsu.ab.ca /usr/home/brian/public_html/phys/alberta_learning/new(fall2002)/applets/freebodydrawer/applethelp1 img2.png.LCK
2003.01.24 08:23 B C:\Astro\public_html\phys\alberta_learning\new(fall2002)\applets\freebodydrawer\applethelp1\img5.png --> ftp.kingsu.ab.ca /usr/home/brian/public_html/phys/alberta_learning/new(fall2002)/applets/freebodydrawer/applethelp1 img5.png
2003.01.24 08:23 B C:\Astro\public_html\phys\alberta_learning\new(fall2002)\applets\freebodydrawer\applethelp1\intro.html --> ftp.kingsu.ab.ca /usr/home/brian/public_html/phys/alberta_learning/new(fall2002)/applets/freebodydrawer/applethelp1 intro.html
2003.01.24 08:23 B C:\Astro\public_html\phys\alberta_learning\new(fall2002)\applets\freebodydrawer\applethelp1\navPanel.html --> ftp.kingsu.ab.ca /usr/home/brian/public_html/phys/alberta_learning/new(fall2002)/applets/freebodydrawer/applethelp1 navPanel.html
2003.01.24 08:23 B C:\Astro\public_html\phys\alberta_learning\new(fall2002)\applets\freebodydrawer\applethelp1\showme.html --> ftp.kingsu.ab.ca /usr/home/brian/public_html/phys/alberta_learning/new(fall2002)/applets/freebodydrawer/applethelp1 showme.html
2019.04.02 01:23 B C:\kings\phys\alberta_learning\new(fall2002)\applets\freebodydrawer\applethelp1\WS_FTP.LOG <-- kings /usr/home/brian/public_html/phys/alberta_learning/new(fall2002)/applets/freebodydrawer/applethelp1 WS_FTP.LOG
