2002.10.08 10:14 B C:\alberta_learning\applets\freebodydrawer\applethelp\lesson\FBD_lesson_eq1.gif <-- chris /home/brian/old_home/public_html/alberta_learning/applets/freebodydrawer/applethelp/lesson FBD_lesson_eq1.gif
2002.10.08 10:14 B C:\alberta_learning\applets\freebodydrawer\applethelp\lesson\FBD_lesson_eq2.gif <-- chris /home/brian/old_home/public_html/alberta_learning/applets/freebodydrawer/applethelp/lesson FBD_lesson_eq2.gif
2002.10.08 10:14 B C:\alberta_learning\applets\freebodydrawer\applethelp\lesson\FBD_lesson_eq3.gif <-- chris /home/brian/old_home/public_html/alberta_learning/applets/freebodydrawer/applethelp/lesson FBD_lesson_eq3.gif
2002.10.08 10:14 B C:\alberta_learning\applets\freebodydrawer\applethelp\lesson\FBD_lesson_eq4.gif <-- chris /home/brian/old_home/public_html/alberta_learning/applets/freebodydrawer/applethelp/lesson FBD_lesson_eq4.gif
2002.10.08 10:14 B C:\alberta_learning\applets\freebodydrawer\applethelp\lesson\FBD_lesson_eq5.gif <-- chris /home/brian/old_home/public_html/alberta_learning/applets/freebodydrawer/applethelp/lesson FBD_lesson_eq5.gif
2002.10.08 10:14 B C:\alberta_learning\applets\freebodydrawer\applethelp\lesson\fig1.png <-- chris /home/brian/old_home/public_html/alberta_learning/applets/freebodydrawer/applethelp/lesson fig1.png
2002.10.08 10:14 B C:\alberta_learning\applets\freebodydrawer\applethelp\lesson\fig10.png <-- chris /home/brian/old_home/public_html/alberta_learning/applets/freebodydrawer/applethelp/lesson fig10.png
2002.10.08 10:14 B C:\alberta_learning\applets\freebodydrawer\applethelp\lesson\fig11.png <-- chris /home/brian/old_home/public_html/alberta_learning/applets/freebodydrawer/applethelp/lesson fig11.png
2002.10.08 10:14 B C:\alberta_learning\applets\freebodydrawer\applethelp\lesson\fig12.png <-- chris /home/brian/old_home/public_html/alberta_learning/applets/freebodydrawer/applethelp/lesson fig12.png
2002.10.08 10:14 B C:\alberta_learning\applets\freebodydrawer\applethelp\lesson\fig13.png <-- chris /home/brian/old_home/public_html/alberta_learning/applets/freebodydrawer/applethelp/lesson fig13.png
2002.10.08 10:14 B C:\alberta_learning\applets\freebodydrawer\applethelp\lesson\fig2.png <-- chris /home/brian/old_home/public_html/alberta_learning/applets/freebodydrawer/applethelp/lesson fig2.png
2002.10.08 10:14 B C:\alberta_learning\applets\freebodydrawer\applethelp\lesson\fig3.png <-- chris /home/brian/old_home/public_html/alberta_learning/applets/freebodydrawer/applethelp/lesson fig3.png
2002.10.08 10:14 B C:\alberta_learning\applets\freebodydrawer\applethelp\lesson\fig4.png <-- chris /home/brian/old_home/public_html/alberta_learning/applets/freebodydrawer/applethelp/lesson fig4.png
2002.10.08 10:14 B C:\alberta_learning\applets\freebodydrawer\applethelp\lesson\fig5.png <-- chris /home/brian/old_home/public_html/alberta_learning/applets/freebodydrawer/applethelp/lesson fig5.png
2002.10.08 10:14 B C:\alberta_learning\applets\freebodydrawer\applethelp\lesson\fig6.png <-- chris /home/brian/old_home/public_html/alberta_learning/applets/freebodydrawer/applethelp/lesson fig6.png
2002.10.08 10:14 B C:\alberta_learning\applets\freebodydrawer\applethelp\lesson\fig7.png <-- chris /home/brian/old_home/public_html/alberta_learning/applets/freebodydrawer/applethelp/lesson fig7.png
2002.10.08 10:14 B C:\alberta_learning\applets\freebodydrawer\applethelp\lesson\fig8.png <-- chris /home/brian/old_home/public_html/alberta_learning/applets/freebodydrawer/applethelp/lesson fig8.png
2002.10.08 10:14 B C:\alberta_learning\applets\freebodydrawer\applethelp\lesson\fig9.png <-- chris /home/brian/old_home/public_html/alberta_learning/applets/freebodydrawer/applethelp/lesson fig9.png
2002.10.08 10:14 B C:\alberta_learning\applets\freebodydrawer\applethelp\lesson\lesson.html <-- chris /home/brian/old_home/public_html/alberta_learning/applets/freebodydrawer/applethelp/lesson lesson.html
2002.10.08 10:14 B C:\alberta_learning\applets\freebodydrawer\applethelp\lesson\MT847379.TMP <-- chris /home/brian/old_home/public_html/alberta_learning/applets/freebodydrawer/applethelp/lesson MT847379.TMP
2002.10.08 10:31 B C:\alberta_learning\applets\freebodydrawer\applethelp\lesson\WS_FTP.LOG --> chris.kingsu.ab.ca /home/brian/public_html/alberta_learning/applets/freebodydrawer/applethelp/lesson WS_FTP.LOG
2002.10.08 10:51 B C:\alberta_learning\applets\freebodydrawer\applethelp\lesson\FBD_lesson_eq1.gif --> chris.kingsu.ab.ca /home/brian/public_html/alberta_learning/applets/freebodydrawer/applethelp/lesson FBD_lesson_eq1.gif
2002.10.08 10:51 B C:\alberta_learning\applets\freebodydrawer\applethelp\lesson\FBD_lesson_eq2.gif --> chris.kingsu.ab.ca /home/brian/public_html/alberta_learning/applets/freebodydrawer/applethelp/lesson FBD_lesson_eq2.gif
2002.10.08 10:51 B C:\alberta_learning\applets\freebodydrawer\applethelp\lesson\FBD_lesson_eq3.gif --> chris.kingsu.ab.ca /home/brian/public_html/alberta_learning/applets/freebodydrawer/applethelp/lesson FBD_lesson_eq3.gif
2002.10.08 10:51 B C:\alberta_learning\applets\freebodydrawer\applethelp\lesson\FBD_lesson_eq4.gif --> chris.kingsu.ab.ca /home/brian/public_html/alberta_learning/applets/freebodydrawer/applethelp/lesson FBD_lesson_eq4.gif
2002.10.08 10:51 B C:\alberta_learning\applets\freebodydrawer\applethelp\lesson\FBD_lesson_eq5.gif --> chris.kingsu.ab.ca /home/brian/public_html/alberta_learning/applets/freebodydrawer/applethelp/lesson FBD_lesson_eq5.gif
2002.10.08 10:51 B C:\alberta_learning\applets\freebodydrawer\applethelp\lesson\fig1.png --> chris.kingsu.ab.ca /home/brian/public_html/alberta_learning/applets/freebodydrawer/applethelp/lesson fig1.png
2002.10.08 10:51 B C:\alberta_learning\applets\freebodydrawer\applethelp\lesson\fig10.png --> chris.kingsu.ab.ca /home/brian/public_html/alberta_learning/applets/freebodydrawer/applethelp/lesson fig10.png
2002.10.08 10:51 B C:\alberta_learning\applets\freebodydrawer\applethelp\lesson\fig11.png --> chris.kingsu.ab.ca /home/brian/public_html/alberta_learning/applets/freebodydrawer/applethelp/lesson fig11.png
2002.10.08 10:51 B C:\alberta_learning\applets\freebodydrawer\applethelp\lesson\fig12.png --> chris.kingsu.ab.ca /home/brian/public_html/alberta_learning/applets/freebodydrawer/applethelp/lesson fig12.png
2002.10.08 10:51 B C:\alberta_learning\applets\freebodydrawer\applethelp\lesson\fig13.png --> chris.kingsu.ab.ca /home/brian/public_html/alberta_learning/applets/freebodydrawer/applethelp/lesson fig13.png
2002.10.08 10:51 B C:\alberta_learning\applets\freebodydrawer\applethelp\lesson\fig2.png --> chris.kingsu.ab.ca /home/brian/public_html/alberta_learning/applets/freebodydrawer/applethelp/lesson fig2.png
2002.10.08 10:51 B C:\alberta_learning\applets\freebodydrawer\applethelp\lesson\fig3.png --> chris.kingsu.ab.ca /home/brian/public_html/alberta_learning/applets/freebodydrawer/applethelp/lesson fig3.png
2002.10.08 10:51 B C:\alberta_learning\applets\freebodydrawer\applethelp\lesson\fig4.png --> chris.kingsu.ab.ca /home/brian/public_html/alberta_learning/applets/freebodydrawer/applethelp/lesson fig4.png
2002.10.08 10:51 B C:\alberta_learning\applets\freebodydrawer\applethelp\lesson\fig5.png --> chris.kingsu.ab.ca /home/brian/public_html/alberta_learning/applets/freebodydrawer/applethelp/lesson fig5.png
2002.10.08 10:51 B C:\alberta_learning\applets\freebodydrawer\applethelp\lesson\fig6.png --> chris.kingsu.ab.ca /home/brian/public_html/alberta_learning/applets/freebodydrawer/applethelp/lesson fig6.png
2002.10.08 10:51 B C:\alberta_learning\applets\freebodydrawer\applethelp\lesson\fig7.png --> chris.kingsu.ab.ca /home/brian/public_html/alberta_learning/applets/freebodydrawer/applethelp/lesson fig7.png
2002.10.08 10:51 B C:\alberta_learning\applets\freebodydrawer\applethelp\lesson\fig8.png --> chris.kingsu.ab.ca /home/brian/public_html/alberta_learning/applets/freebodydrawer/applethelp/lesson fig8.png
2002.10.08 10:51 B C:\alberta_learning\applets\freebodydrawer\applethelp\lesson\fig9.png --> chris.kingsu.ab.ca /home/brian/public_html/alberta_learning/applets/freebodydrawer/applethelp/lesson fig9.png
2002.10.08 10:51 B C:\alberta_learning\applets\freebodydrawer\applethelp\lesson\lesson.html --> chris.kingsu.ab.ca /home/brian/public_html/alberta_learning/applets/freebodydrawer/applethelp/lesson lesson.html
2002.10.08 10:51 B C:\alberta_learning\applets\freebodydrawer\applethelp\lesson\MT847379.TMP --> chris.kingsu.ab.ca /home/brian/public_html/alberta_learning/applets/freebodydrawer/applethelp/lesson MT847379.TMP
2002.10.09 16:32 B C:\matthew\applets\freebodydrawer\applethelp\lesson\WS_FTP.LOG <-- chris /home/brian/public_html/alberta_learning/applets/freebodydrawer/applethelp/lesson WS_FTP.LOG
2002.10.13 22:13 B C:\matthew\New_ALB\applets\freebodydrawer\applethelp\lesson\FBD_lesson_eq1.gif --> chris.kingsu.ab.ca /home/brian/public_html/New_ALB/applets/freebodydrawer/applethelp/lesson FBD_lesson_eq1.gif
2002.10.13 22:13 B C:\matthew\New_ALB\applets\freebodydrawer\applethelp\lesson\FBD_lesson_eq2.gif --> chris.kingsu.ab.ca /home/brian/public_html/New_ALB/applets/freebodydrawer/applethelp/lesson FBD_lesson_eq2.gif
2002.10.13 22:13 B C:\matthew\New_ALB\applets\freebodydrawer\applethelp\lesson\FBD_lesson_eq3.gif --> chris.kingsu.ab.ca /home/brian/public_html/New_ALB/applets/freebodydrawer/applethelp/lesson FBD_lesson_eq3.gif
2002.10.13 22:13 B C:\matthew\New_ALB\applets\freebodydrawer\applethelp\lesson\FBD_lesson_eq4.gif --> chris.kingsu.ab.ca /home/brian/public_html/New_ALB/applets/freebodydrawer/applethelp/lesson FBD_lesson_eq4.gif
2002.10.13 22:13 B C:\matthew\New_ALB\applets\freebodydrawer\applethelp\lesson\FBD_lesson_eq5.gif --> chris.kingsu.ab.ca /home/brian/public_html/New_ALB/applets/freebodydrawer/applethelp/lesson FBD_lesson_eq5.gif
2002.10.13 22:13 B C:\matthew\New_ALB\applets\freebodydrawer\applethelp\lesson\fig1.png --> chris.kingsu.ab.ca /home/brian/public_html/New_ALB/applets/freebodydrawer/applethelp/lesson fig1.png
2002.10.13 22:13 B C:\matthew\New_ALB\applets\freebodydrawer\applethelp\lesson\fig10.png --> chris.kingsu.ab.ca /home/brian/public_html/New_ALB/applets/freebodydrawer/applethelp/lesson fig10.png
2002.10.13 22:13 B C:\matthew\New_ALB\applets\freebodydrawer\applethelp\lesson\fig11.png --> chris.kingsu.ab.ca /home/brian/public_html/New_ALB/applets/freebodydrawer/applethelp/lesson fig11.png
2002.10.13 22:13 B C:\matthew\New_ALB\applets\freebodydrawer\applethelp\lesson\fig12.png --> chris.kingsu.ab.ca /home/brian/public_html/New_ALB/applets/freebodydrawer/applethelp/lesson fig12.png
2002.10.13 22:13 B C:\matthew\New_ALB\applets\freebodydrawer\applethelp\lesson\fig13.png --> chris.kingsu.ab.ca /home/brian/public_html/New_ALB/applets/freebodydrawer/applethelp/lesson fig13.png
2002.10.13 22:13 B C:\matthew\New_ALB\applets\freebodydrawer\applethelp\lesson\fig2.png --> chris.kingsu.ab.ca /home/brian/public_html/New_ALB/applets/freebodydrawer/applethelp/lesson fig2.png
2002.10.13 22:13 B C:\matthew\New_ALB\applets\freebodydrawer\applethelp\lesson\fig3.png --> chris.kingsu.ab.ca /home/brian/public_html/New_ALB/applets/freebodydrawer/applethelp/lesson fig3.png
2002.10.13 22:13 B C:\matthew\New_ALB\applets\freebodydrawer\applethelp\lesson\fig4.png --> chris.kingsu.ab.ca /home/brian/public_html/New_ALB/applets/freebodydrawer/applethelp/lesson fig4.png
2002.10.13 22:13 B C:\matthew\New_ALB\applets\freebodydrawer\applethelp\lesson\fig5.png --> chris.kingsu.ab.ca /home/brian/public_html/New_ALB/applets/freebodydrawer/applethelp/lesson fig5.png
2002.10.13 22:13 B C:\matthew\New_ALB\applets\freebodydrawer\applethelp\lesson\fig6.png --> chris.kingsu.ab.ca /home/brian/public_html/New_ALB/applets/freebodydrawer/applethelp/lesson fig6.png
2002.10.13 22:13 B C:\matthew\New_ALB\applets\freebodydrawer\applethelp\lesson\fig7.png --> chris.kingsu.ab.ca /home/brian/public_html/New_ALB/applets/freebodydrawer/applethelp/lesson fig7.png
2002.10.13 22:13 B C:\matthew\New_ALB\applets\freebodydrawer\applethelp\lesson\fig8.png --> chris.kingsu.ab.ca /home/brian/public_html/New_ALB/applets/freebodydrawer/applethelp/lesson fig8.png
2002.10.13 22:13 B C:\matthew\New_ALB\applets\freebodydrawer\applethelp\lesson\fig9.png --> chris.kingsu.ab.ca /home/brian/public_html/New_ALB/applets/freebodydrawer/applethelp/lesson fig9.png
2002.10.13 22:13 B C:\matthew\New_ALB\applets\freebodydrawer\applethelp\lesson\lesson.html --> chris.kingsu.ab.ca /home/brian/public_html/New_ALB/applets/freebodydrawer/applethelp/lesson lesson.html
2002.10.13 22:13 B C:\matthew\New_ALB\applets\freebodydrawer\applethelp\lesson\MT847379.TMP --> chris.kingsu.ab.ca /home/brian/public_html/New_ALB/applets/freebodydrawer/applethelp/lesson MT847379.TMP
2002.10.28 09:21 B C:\alberta_learning\new(fall2002)\applets\freebodydrawer\applethelp\lesson\WS_FTP.LOG <-- chris /home/brian/public_html/New_ALB/applets/freebodydrawer/applethelp/lesson WS_FTP.LOG
2003.01.24 08:22 B C:\Astro\public_html\phys\alberta_learning\new(fall2002)\applets\freebodydrawer\applethelp\lesson\FBD_lesson_eq1.gif --> ftp.kingsu.ab.ca /usr/home/brian/public_html/phys/alberta_learning/new(fall2002)/applets/freebodydrawer/applethelp/lesson FBD_lesson_eq1.gif
2003.01.24 08:22 B C:\Astro\public_html\phys\alberta_learning\new(fall2002)\applets\freebodydrawer\applethelp\lesson\FBD_lesson_eq2.gif --> ftp.kingsu.ab.ca /usr/home/brian/public_html/phys/alberta_learning/new(fall2002)/applets/freebodydrawer/applethelp/lesson FBD_lesson_eq2.gif
2003.01.24 08:22 B C:\Astro\public_html\phys\alberta_learning\new(fall2002)\applets\freebodydrawer\applethelp\lesson\FBD_lesson_eq3.gif --> ftp.kingsu.ab.ca /usr/home/brian/public_html/phys/alberta_learning/new(fall2002)/applets/freebodydrawer/applethelp/lesson FBD_lesson_eq3.gif
2003.01.24 08:22 B C:\Astro\public_html\phys\alberta_learning\new(fall2002)\applets\freebodydrawer\applethelp\lesson\FBD_lesson_eq4.gif --> ftp.kingsu.ab.ca /usr/home/brian/public_html/phys/alberta_learning/new(fall2002)/applets/freebodydrawer/applethelp/lesson FBD_lesson_eq4.gif
2003.01.24 08:22 B C:\Astro\public_html\phys\alberta_learning\new(fall2002)\applets\freebodydrawer\applethelp\lesson\FBD_lesson_eq5.gif --> ftp.kingsu.ab.ca /usr/home/brian/public_html/phys/alberta_learning/new(fall2002)/applets/freebodydrawer/applethelp/lesson FBD_lesson_eq5.gif
2003.01.24 08:22 B C:\Astro\public_html\phys\alberta_learning\new(fall2002)\applets\freebodydrawer\applethelp\lesson\fig1.png --> ftp.kingsu.ab.ca /usr/home/brian/public_html/phys/alberta_learning/new(fall2002)/applets/freebodydrawer/applethelp/lesson fig1.png
2003.01.24 08:22 B C:\Astro\public_html\phys\alberta_learning\new(fall2002)\applets\freebodydrawer\applethelp\lesson\fig10.png --> ftp.kingsu.ab.ca /usr/home/brian/public_html/phys/alberta_learning/new(fall2002)/applets/freebodydrawer/applethelp/lesson fig10.png
2003.01.24 08:22 B C:\Astro\public_html\phys\alberta_learning\new(fall2002)\applets\freebodydrawer\applethelp\lesson\fig11.png --> ftp.kingsu.ab.ca /usr/home/brian/public_html/phys/alberta_learning/new(fall2002)/applets/freebodydrawer/applethelp/lesson fig11.png
2003.01.24 08:22 B C:\Astro\public_html\phys\alberta_learning\new(fall2002)\applets\freebodydrawer\applethelp\lesson\fig12.png --> ftp.kingsu.ab.ca /usr/home/brian/public_html/phys/alberta_learning/new(fall2002)/applets/freebodydrawer/applethelp/lesson fig12.png
2003.01.24 08:22 B C:\Astro\public_html\phys\alberta_learning\new(fall2002)\applets\freebodydrawer\applethelp\lesson\fig13.png --> ftp.kingsu.ab.ca /usr/home/brian/public_html/phys/alberta_learning/new(fall2002)/applets/freebodydrawer/applethelp/lesson fig13.png
2003.01.24 08:22 B C:\Astro\public_html\phys\alberta_learning\new(fall2002)\applets\freebodydrawer\applethelp\lesson\fig2.png --> ftp.kingsu.ab.ca /usr/home/brian/public_html/phys/alberta_learning/new(fall2002)/applets/freebodydrawer/applethelp/lesson fig2.png
2003.01.24 08:22 B C:\Astro\public_html\phys\alberta_learning\new(fall2002)\applets\freebodydrawer\applethelp\lesson\fig3.png --> ftp.kingsu.ab.ca /usr/home/brian/public_html/phys/alberta_learning/new(fall2002)/applets/freebodydrawer/applethelp/lesson fig3.png
2003.01.24 08:22 B C:\Astro\public_html\phys\alberta_learning\new(fall2002)\applets\freebodydrawer\applethelp\lesson\fig4.png --> ftp.kingsu.ab.ca /usr/home/brian/public_html/phys/alberta_learning/new(fall2002)/applets/freebodydrawer/applethelp/lesson fig4.png
2003.01.24 08:22 B C:\Astro\public_html\phys\alberta_learning\new(fall2002)\applets\freebodydrawer\applethelp\lesson\fig5.png --> ftp.kingsu.ab.ca /usr/home/brian/public_html/phys/alberta_learning/new(fall2002)/applets/freebodydrawer/applethelp/lesson fig5.png
2003.01.24 08:22 B C:\Astro\public_html\phys\alberta_learning\new(fall2002)\applets\freebodydrawer\applethelp\lesson\fig6.png --> ftp.kingsu.ab.ca /usr/home/brian/public_html/phys/alberta_learning/new(fall2002)/applets/freebodydrawer/applethelp/lesson fig6.png
2003.01.24 08:22 B C:\Astro\public_html\phys\alberta_learning\new(fall2002)\applets\freebodydrawer\applethelp\lesson\fig7.png --> ftp.kingsu.ab.ca /usr/home/brian/public_html/phys/alberta_learning/new(fall2002)/applets/freebodydrawer/applethelp/lesson fig7.png
2003.01.24 08:22 B C:\Astro\public_html\phys\alberta_learning\new(fall2002)\applets\freebodydrawer\applethelp\lesson\fig8.png --> ftp.kingsu.ab.ca /usr/home/brian/public_html/phys/alberta_learning/new(fall2002)/applets/freebodydrawer/applethelp/lesson fig8.png
2003.01.24 08:22 B C:\Astro\public_html\phys\alberta_learning\new(fall2002)\applets\freebodydrawer\applethelp\lesson\fig9.png --> ftp.kingsu.ab.ca /usr/home/brian/public_html/phys/alberta_learning/new(fall2002)/applets/freebodydrawer/applethelp/lesson fig9.png
2003.01.24 08:22 B C:\Astro\public_html\phys\alberta_learning\new(fall2002)\applets\freebodydrawer\applethelp\lesson\lesson.html --> ftp.kingsu.ab.ca /usr/home/brian/public_html/phys/alberta_learning/new(fall2002)/applets/freebodydrawer/applethelp/lesson lesson.html
2003.01.24 08:22 B C:\Astro\public_html\phys\alberta_learning\new(fall2002)\applets\freebodydrawer\applethelp\lesson\MT847379.TMP --> ftp.kingsu.ab.ca /usr/home/brian/public_html/phys/alberta_learning/new(fall2002)/applets/freebodydrawer/applethelp/lesson MT847379.TMP
2019.04.02 01:22 B C:\kings\phys\alberta_learning\new(fall2002)\applets\freebodydrawer\applethelp\lesson\WS_FTP.LOG <-- kings /usr/home/brian/public_html/phys/alberta_learning/new(fall2002)/applets/freebodydrawer/applethelp/lesson WS_FTP.LOG
