2001.06.15 14:04 B C:\map\alberta_learning\applets\bankedroad\applethelp\appletInfo.gif --> ednet.edc.gov.ab.ca /ltbmedia/map_north/alberta_learning/applets/bankedroad/applethelp appletInfo.gif
2001.06.15 14:04 B C:\map\alberta_learning\applets\bankedroad\applethelp\help_bankedroad.html --> ednet.edc.gov.ab.ca /ltbmedia/map_north/alberta_learning/applets/bankedroad/applethelp help_bankedroad.html
2001.06.19 11:59 B C:\map\alberta_learning\applets\bankedroad\applethelp\appletInfo.gif --> ftp.kingsu.ab.ca /usr/home/brian/public_html/alberta_learning/applets/bankedroad/applethelp appletInfo.gif
2001.06.19 11:59 B C:\map\alberta_learning\applets\bankedroad\applethelp\help_bankedroad.html --> ftp.kingsu.ab.ca /usr/home/brian/public_html/alberta_learning/applets/bankedroad/applethelp help_bankedroad.html
2001.06.19 11:59 B C:\map\alberta_learning\applets\bankedroad\applethelp\WS_FTP.LOG --> ftp.kingsu.ab.ca /usr/home/brian/public_html/alberta_learning/applets/bankedroad/applethelp WS_FTP.LOG
2001.06.20 11:57 B C:\map\alberta_learning\applets\bankedroad\applethelp\WS_FTP.LOG --> ftp.kingsu.ab.ca /usr/home/brian/public_html/alberta_learning/applets/bankedroad/applethelp WS_FTP.LOG
2001.06.21 13:10 B C:\map\alberta_learning\applets\bankedroad\applethelp\appletInfo.gif --> chris.kingsu.ab.ca /home/brian/public_html/alberta_learning/applets/bankedroad/applethelp appletInfo.gif
2001.06.21 13:10 B C:\map\alberta_learning\applets\bankedroad\applethelp\help_bankedroad.html --> chris.kingsu.ab.ca /home/brian/public_html/alberta_learning/applets/bankedroad/applethelp help_bankedroad.html
2001.06.21 13:10 B C:\map\alberta_learning\applets\bankedroad\applethelp\WS_FTP.LOG --> chris.kingsu.ab.ca /home/brian/public_html/alberta_learning/applets/bankedroad/applethelp WS_FTP.LOG
2001.06.26 09:52 B C:\map\alberta_learning\applets\bankedroad\applethelp\WS_FTP.LOG --> ednet.edc.gov.ab.ca /ltbmedia/map_north/alberta_learning/applets/bankedroad/applethelp WS_FTP.LOG
2001.06.26 09:53 B C:\map\alberta_learning\applets\bankedroad\applethelp\WS_FTP.LOG --> ednet.edc.gov.ab.ca /ltbmedia/map_north/alberta_learning/applets/bankedroad/applethelp WS_FTP.LOG
2001.06.26 09:56 B C:\map\alberta_learning\applets\bankedroad\applethelp\WS_FTP.LOG --> ednet.edc.gov.ab.ca /ltbmedia/map_north/alberta_learning/applets/bankedroad/applethelp WS_FTP.LOG
2002.06.07 20:25 B C:\alberta_learning\applets\bankedroad\applethelp\WS_FTP.LOG <-- chris /home/brian/public_html/alberta_learning/applets/bankedroad/applethelp WS_FTP.LOG
2002.10.13 22:04 B C:\matthew\New_ALB\applets\bankedroad\applethelp\appletInfo.gif --> chris.kingsu.ab.ca /home/brian/public_html/New_ALB/applets/bankedroad/applethelp appletInfo.gif
2002.10.13 22:04 B C:\matthew\New_ALB\applets\bankedroad\applethelp\blank.html --> chris.kingsu.ab.ca /home/brian/public_html/New_ALB/applets/bankedroad/applethelp blank.html
2002.10.13 22:04 B C:\matthew\New_ALB\applets\bankedroad\applethelp\fig1.png --> chris.kingsu.ab.ca /home/brian/public_html/New_ALB/applets/bankedroad/applethelp fig1.png
2002.10.13 22:04 B C:\matthew\New_ALB\applets\bankedroad\applethelp\fig10.png --> chris.kingsu.ab.ca /home/brian/public_html/New_ALB/applets/bankedroad/applethelp fig10.png
2002.10.13 22:04 B C:\matthew\New_ALB\applets\bankedroad\applethelp\fig11.png --> chris.kingsu.ab.ca /home/brian/public_html/New_ALB/applets/bankedroad/applethelp fig11.png
2002.10.13 22:04 B C:\matthew\New_ALB\applets\bankedroad\applethelp\fig1a.png --> chris.kingsu.ab.ca /home/brian/public_html/New_ALB/applets/bankedroad/applethelp fig1a.png
2002.10.13 22:04 B C:\matthew\New_ALB\applets\bankedroad\applethelp\fig1b.png --> chris.kingsu.ab.ca /home/brian/public_html/New_ALB/applets/bankedroad/applethelp fig1b.png
2002.10.13 22:04 B C:\matthew\New_ALB\applets\bankedroad\applethelp\fig2.png --> chris.kingsu.ab.ca /home/brian/public_html/New_ALB/applets/bankedroad/applethelp fig2.png
2002.10.13 22:04 B C:\matthew\New_ALB\applets\bankedroad\applethelp\fig2a.png --> chris.kingsu.ab.ca /home/brian/public_html/New_ALB/applets/bankedroad/applethelp fig2a.png
2002.10.13 22:04 B C:\matthew\New_ALB\applets\bankedroad\applethelp\fig2b.png --> chris.kingsu.ab.ca /home/brian/public_html/New_ALB/applets/bankedroad/applethelp fig2b.png
2002.10.13 22:04 B C:\matthew\New_ALB\applets\bankedroad\applethelp\fig2c.png --> chris.kingsu.ab.ca /home/brian/public_html/New_ALB/applets/bankedroad/applethelp fig2c.png
2002.10.13 22:04 B C:\matthew\New_ALB\applets\bankedroad\applethelp\fig3.png --> chris.kingsu.ab.ca /home/brian/public_html/New_ALB/applets/bankedroad/applethelp fig3.png
2002.10.13 22:04 B C:\matthew\New_ALB\applets\bankedroad\applethelp\fig4a.png --> chris.kingsu.ab.ca /home/brian/public_html/New_ALB/applets/bankedroad/applethelp fig4a.png
2002.10.13 22:04 B C:\matthew\New_ALB\applets\bankedroad\applethelp\fig4b.png --> chris.kingsu.ab.ca /home/brian/public_html/New_ALB/applets/bankedroad/applethelp fig4b.png
2002.10.13 22:04 B C:\matthew\New_ALB\applets\bankedroad\applethelp\fig4c.png --> chris.kingsu.ab.ca /home/brian/public_html/New_ALB/applets/bankedroad/applethelp fig4c.png
2002.10.13 22:04 B C:\matthew\New_ALB\applets\bankedroad\applethelp\fig4d.png --> chris.kingsu.ab.ca /home/brian/public_html/New_ALB/applets/bankedroad/applethelp fig4d.png
2002.10.13 22:04 B C:\matthew\New_ALB\applets\bankedroad\applethelp\fig4e.png --> chris.kingsu.ab.ca /home/brian/public_html/New_ALB/applets/bankedroad/applethelp fig4e.png
2002.10.13 22:04 B C:\matthew\New_ALB\applets\bankedroad\applethelp\fig4f.png --> chris.kingsu.ab.ca /home/brian/public_html/New_ALB/applets/bankedroad/applethelp fig4f.png
2002.10.13 22:04 B C:\matthew\New_ALB\applets\bankedroad\applethelp\fig5.png --> chris.kingsu.ab.ca /home/brian/public_html/New_ALB/applets/bankedroad/applethelp fig5.png
2002.10.13 22:04 B C:\matthew\New_ALB\applets\bankedroad\applethelp\fig6.png --> chris.kingsu.ab.ca /home/brian/public_html/New_ALB/applets/bankedroad/applethelp fig6.png
2002.10.13 22:04 B C:\matthew\New_ALB\applets\bankedroad\applethelp\fig6a.png --> chris.kingsu.ab.ca /home/brian/public_html/New_ALB/applets/bankedroad/applethelp fig6a.png
2002.10.13 22:04 B C:\matthew\New_ALB\applets\bankedroad\applethelp\fig7a.png --> chris.kingsu.ab.ca /home/brian/public_html/New_ALB/applets/bankedroad/applethelp fig7a.png
2002.10.13 22:04 B C:\matthew\New_ALB\applets\bankedroad\applethelp\fig7b.png --> chris.kingsu.ab.ca /home/brian/public_html/New_ALB/applets/bankedroad/applethelp fig7b.png
2002.10.13 22:04 B C:\matthew\New_ALB\applets\bankedroad\applethelp\fig7c.png --> chris.kingsu.ab.ca /home/brian/public_html/New_ALB/applets/bankedroad/applethelp fig7c.png
2002.10.13 22:04 B C:\matthew\New_ALB\applets\bankedroad\applethelp\fig8a.png --> chris.kingsu.ab.ca /home/brian/public_html/New_ALB/applets/bankedroad/applethelp fig8a.png
2002.10.13 22:04 B C:\matthew\New_ALB\applets\bankedroad\applethelp\fig8b.png --> chris.kingsu.ab.ca /home/brian/public_html/New_ALB/applets/bankedroad/applethelp fig8b.png
2002.10.13 22:04 B C:\matthew\New_ALB\applets\bankedroad\applethelp\fig8c.png --> chris.kingsu.ab.ca /home/brian/public_html/New_ALB/applets/bankedroad/applethelp fig8c.png
2002.10.13 22:04 B C:\matthew\New_ALB\applets\bankedroad\applethelp\fig8d.png --> chris.kingsu.ab.ca /home/brian/public_html/New_ALB/applets/bankedroad/applethelp fig8d.png
2002.10.13 22:05 B C:\matthew\New_ALB\applets\bankedroad\applethelp\fig8e.png --> chris.kingsu.ab.ca /home/brian/public_html/New_ALB/applets/bankedroad/applethelp fig8e.png
2002.10.13 22:05 B C:\matthew\New_ALB\applets\bankedroad\applethelp\fig9a.png --> chris.kingsu.ab.ca /home/brian/public_html/New_ALB/applets/bankedroad/applethelp fig9a.png
2002.10.13 22:05 B C:\matthew\New_ALB\applets\bankedroad\applethelp\fig9b.png --> chris.kingsu.ab.ca /home/brian/public_html/New_ALB/applets/bankedroad/applethelp fig9b.png
2002.10.13 22:05 B C:\matthew\New_ALB\applets\bankedroad\applethelp\frameset.html --> chris.kingsu.ab.ca /home/brian/public_html/New_ALB/applets/bankedroad/applethelp frameset.html
2002.10.13 22:05 B C:\matthew\New_ALB\applets\bankedroad\applethelp\help.html --> chris.kingsu.ab.ca /home/brian/public_html/New_ALB/applets/bankedroad/applethelp help.html
2002.10.13 22:05 B C:\matthew\New_ALB\applets\bankedroad\applethelp\help_bankedroad.html --> chris.kingsu.ab.ca /home/brian/public_html/New_ALB/applets/bankedroad/applethelp help_bankedroad.html
2002.10.13 22:05 B C:\matthew\New_ALB\applets\bankedroad\applethelp\intro.html --> chris.kingsu.ab.ca /home/brian/public_html/New_ALB/applets/bankedroad/applethelp intro.html
2002.10.13 22:05 B C:\matthew\New_ALB\applets\bankedroad\applethelp\lesson.html --> chris.kingsu.ab.ca /home/brian/public_html/New_ALB/applets/bankedroad/applethelp lesson.html
2002.10.13 22:05 B C:\matthew\New_ALB\applets\bankedroad\applethelp\mast.html --> chris.kingsu.ab.ca /home/brian/public_html/New_ALB/applets/bankedroad/applethelp mast.html
2002.10.13 22:05 B C:\matthew\New_ALB\applets\bankedroad\applethelp\navPanel.html --> chris.kingsu.ab.ca /home/brian/public_html/New_ALB/applets/bankedroad/applethelp navPanel.html
2002.10.13 22:05 B C:\matthew\New_ALB\applets\bankedroad\applethelp\showme.html --> chris.kingsu.ab.ca /home/brian/public_html/New_ALB/applets/bankedroad/applethelp showme.html
2002.10.28 09:18 B C:\alberta_learning\new(fall2002)\applets\bankedroad\applethelp\WS_FTP.LOG <-- chris /home/brian/public_html/New_ALB/applets/bankedroad/applethelp WS_FTP.LOG
2003.01.24 08:21 B C:\Astro\public_html\phys\alberta_learning\new(fall2002)\applets\bankedroad\applethelp\appletInfo.gif --> ftp.kingsu.ab.ca /usr/home/brian/public_html/phys/alberta_learning/new(fall2002)/applets/bankedroad/applethelp appletInfo.gif
2003.01.24 08:21 B C:\Astro\public_html\phys\alberta_learning\new(fall2002)\applets\bankedroad\applethelp\blank.html --> ftp.kingsu.ab.ca /usr/home/brian/public_html/phys/alberta_learning/new(fall2002)/applets/bankedroad/applethelp blank.html
2003.01.24 08:21 B C:\Astro\public_html\phys\alberta_learning\new(fall2002)\applets\bankedroad\applethelp\fig1.png --> ftp.kingsu.ab.ca /usr/home/brian/public_html/phys/alberta_learning/new(fall2002)/applets/bankedroad/applethelp fig1.png
2003.01.24 08:21 B C:\Astro\public_html\phys\alberta_learning\new(fall2002)\applets\bankedroad\applethelp\fig10.png --> ftp.kingsu.ab.ca /usr/home/brian/public_html/phys/alberta_learning/new(fall2002)/applets/bankedroad/applethelp fig10.png
2003.01.24 08:21 B C:\Astro\public_html\phys\alberta_learning\new(fall2002)\applets\bankedroad\applethelp\fig11.png --> ftp.kingsu.ab.ca /usr/home/brian/public_html/phys/alberta_learning/new(fall2002)/applets/bankedroad/applethelp fig11.png
2003.01.24 08:21 B C:\Astro\public_html\phys\alberta_learning\new(fall2002)\applets\bankedroad\applethelp\fig1a.png --> ftp.kingsu.ab.ca /usr/home/brian/public_html/phys/alberta_learning/new(fall2002)/applets/bankedroad/applethelp fig1a.png
2003.01.24 08:21 B C:\Astro\public_html\phys\alberta_learning\new(fall2002)\applets\bankedroad\applethelp\fig1b.png --> ftp.kingsu.ab.ca /usr/home/brian/public_html/phys/alberta_learning/new(fall2002)/applets/bankedroad/applethelp fig1b.png
2003.01.24 08:21 B C:\Astro\public_html\phys\alberta_learning\new(fall2002)\applets\bankedroad\applethelp\fig2.png --> ftp.kingsu.ab.ca /usr/home/brian/public_html/phys/alberta_learning/new(fall2002)/applets/bankedroad/applethelp fig2.png
2003.01.24 08:21 B C:\Astro\public_html\phys\alberta_learning\new(fall2002)\applets\bankedroad\applethelp\fig2a.png --> ftp.kingsu.ab.ca /usr/home/brian/public_html/phys/alberta_learning/new(fall2002)/applets/bankedroad/applethelp fig2a.png
2003.01.24 08:21 B C:\Astro\public_html\phys\alberta_learning\new(fall2002)\applets\bankedroad\applethelp\fig2b.png --> ftp.kingsu.ab.ca /usr/home/brian/public_html/phys/alberta_learning/new(fall2002)/applets/bankedroad/applethelp fig2b.png
2003.01.24 08:21 B C:\Astro\public_html\phys\alberta_learning\new(fall2002)\applets\bankedroad\applethelp\fig2c.png --> ftp.kingsu.ab.ca /usr/home/brian/public_html/phys/alberta_learning/new(fall2002)/applets/bankedroad/applethelp fig2c.png
2003.01.24 08:21 B C:\Astro\public_html\phys\alberta_learning\new(fall2002)\applets\bankedroad\applethelp\fig3.png --> ftp.kingsu.ab.ca /usr/home/brian/public_html/phys/alberta_learning/new(fall2002)/applets/bankedroad/applethelp fig3.png
2003.01.24 08:21 B C:\Astro\public_html\phys\alberta_learning\new(fall2002)\applets\bankedroad\applethelp\fig4a.png --> ftp.kingsu.ab.ca /usr/home/brian/public_html/phys/alberta_learning/new(fall2002)/applets/bankedroad/applethelp fig4a.png
2003.01.24 08:21 B C:\Astro\public_html\phys\alberta_learning\new(fall2002)\applets\bankedroad\applethelp\fig4b.png --> ftp.kingsu.ab.ca /usr/home/brian/public_html/phys/alberta_learning/new(fall2002)/applets/bankedroad/applethelp fig4b.png
2003.01.24 08:21 B C:\Astro\public_html\phys\alberta_learning\new(fall2002)\applets\bankedroad\applethelp\fig4c.png --> ftp.kingsu.ab.ca /usr/home/brian/public_html/phys/alberta_learning/new(fall2002)/applets/bankedroad/applethelp fig4c.png
2003.01.24 08:21 B C:\Astro\public_html\phys\alberta_learning\new(fall2002)\applets\bankedroad\applethelp\fig4d.png --> ftp.kingsu.ab.ca /usr/home/brian/public_html/phys/alberta_learning/new(fall2002)/applets/bankedroad/applethelp fig4d.png
2003.01.24 08:21 B C:\Astro\public_html\phys\alberta_learning\new(fall2002)\applets\bankedroad\applethelp\fig4e.png --> ftp.kingsu.ab.ca /usr/home/brian/public_html/phys/alberta_learning/new(fall2002)/applets/bankedroad/applethelp fig4e.png
2003.01.24 08:21 B C:\Astro\public_html\phys\alberta_learning\new(fall2002)\applets\bankedroad\applethelp\fig4f.png --> ftp.kingsu.ab.ca /usr/home/brian/public_html/phys/alberta_learning/new(fall2002)/applets/bankedroad/applethelp fig4f.png
2003.01.24 08:21 B C:\Astro\public_html\phys\alberta_learning\new(fall2002)\applets\bankedroad\applethelp\fig5.png --> ftp.kingsu.ab.ca /usr/home/brian/public_html/phys/alberta_learning/new(fall2002)/applets/bankedroad/applethelp fig5.png
2003.01.24 08:21 B C:\Astro\public_html\phys\alberta_learning\new(fall2002)\applets\bankedroad\applethelp\fig6.png --> ftp.kingsu.ab.ca /usr/home/brian/public_html/phys/alberta_learning/new(fall2002)/applets/bankedroad/applethelp fig6.png
2003.01.24 08:21 B C:\Astro\public_html\phys\alberta_learning\new(fall2002)\applets\bankedroad\applethelp\fig6a.png --> ftp.kingsu.ab.ca /usr/home/brian/public_html/phys/alberta_learning/new(fall2002)/applets/bankedroad/applethelp fig6a.png
2003.01.24 08:21 B C:\Astro\public_html\phys\alberta_learning\new(fall2002)\applets\bankedroad\applethelp\fig7a.png --> ftp.kingsu.ab.ca /usr/home/brian/public_html/phys/alberta_learning/new(fall2002)/applets/bankedroad/applethelp fig7a.png
2003.01.24 08:21 B C:\Astro\public_html\phys\alberta_learning\new(fall2002)\applets\bankedroad\applethelp\fig7b.png --> ftp.kingsu.ab.ca /usr/home/brian/public_html/phys/alberta_learning/new(fall2002)/applets/bankedroad/applethelp fig7b.png
2003.01.24 08:21 B C:\Astro\public_html\phys\alberta_learning\new(fall2002)\applets\bankedroad\applethelp\fig7c.png --> ftp.kingsu.ab.ca /usr/home/brian/public_html/phys/alberta_learning/new(fall2002)/applets/bankedroad/applethelp fig7c.png
2003.01.24 08:21 B C:\Astro\public_html\phys\alberta_learning\new(fall2002)\applets\bankedroad\applethelp\fig8a.png --> ftp.kingsu.ab.ca /usr/home/brian/public_html/phys/alberta_learning/new(fall2002)/applets/bankedroad/applethelp fig8a.png
2003.01.24 08:21 B C:\Astro\public_html\phys\alberta_learning\new(fall2002)\applets\bankedroad\applethelp\fig8b.png --> ftp.kingsu.ab.ca /usr/home/brian/public_html/phys/alberta_learning/new(fall2002)/applets/bankedroad/applethelp fig8b.png
2003.01.24 08:21 B C:\Astro\public_html\phys\alberta_learning\new(fall2002)\applets\bankedroad\applethelp\fig8c.png --> ftp.kingsu.ab.ca /usr/home/brian/public_html/phys/alberta_learning/new(fall2002)/applets/bankedroad/applethelp fig8c.png
2003.01.24 08:21 B C:\Astro\public_html\phys\alberta_learning\new(fall2002)\applets\bankedroad\applethelp\fig8d.png --> ftp.kingsu.ab.ca /usr/home/brian/public_html/phys/alberta_learning/new(fall2002)/applets/bankedroad/applethelp fig8d.png
2003.01.24 08:21 B C:\Astro\public_html\phys\alberta_learning\new(fall2002)\applets\bankedroad\applethelp\fig8e.png --> ftp.kingsu.ab.ca /usr/home/brian/public_html/phys/alberta_learning/new(fall2002)/applets/bankedroad/applethelp fig8e.png
2003.01.24 08:21 B C:\Astro\public_html\phys\alberta_learning\new(fall2002)\applets\bankedroad\applethelp\fig9a.png --> ftp.kingsu.ab.ca /usr/home/brian/public_html/phys/alberta_learning/new(fall2002)/applets/bankedroad/applethelp fig9a.png
2003.01.24 08:21 B C:\Astro\public_html\phys\alberta_learning\new(fall2002)\applets\bankedroad\applethelp\fig9b.png --> ftp.kingsu.ab.ca /usr/home/brian/public_html/phys/alberta_learning/new(fall2002)/applets/bankedroad/applethelp fig9b.png
2003.01.24 08:21 B C:\Astro\public_html\phys\alberta_learning\new(fall2002)\applets\bankedroad\applethelp\frameset.html --> ftp.kingsu.ab.ca /usr/home/brian/public_html/phys/alberta_learning/new(fall2002)/applets/bankedroad/applethelp frameset.html
2003.01.24 08:21 B C:\Astro\public_html\phys\alberta_learning\new(fall2002)\applets\bankedroad\applethelp\help.html --> ftp.kingsu.ab.ca /usr/home/brian/public_html/phys/alberta_learning/new(fall2002)/applets/bankedroad/applethelp help.html
2003.01.24 08:21 B C:\Astro\public_html\phys\alberta_learning\new(fall2002)\applets\bankedroad\applethelp\help_bankedroad.html --> ftp.kingsu.ab.ca /usr/home/brian/public_html/phys/alberta_learning/new(fall2002)/applets/bankedroad/applethelp help_bankedroad.html
2003.01.24 08:21 B C:\Astro\public_html\phys\alberta_learning\new(fall2002)\applets\bankedroad\applethelp\intro.html --> ftp.kingsu.ab.ca /usr/home/brian/public_html/phys/alberta_learning/new(fall2002)/applets/bankedroad/applethelp intro.html
2003.01.24 08:21 B C:\Astro\public_html\phys\alberta_learning\new(fall2002)\applets\bankedroad\applethelp\lesson.html --> ftp.kingsu.ab.ca /usr/home/brian/public_html/phys/alberta_learning/new(fall2002)/applets/bankedroad/applethelp lesson.html
2003.01.24 08:21 B C:\Astro\public_html\phys\alberta_learning\new(fall2002)\applets\bankedroad\applethelp\mast.html --> ftp.kingsu.ab.ca /usr/home/brian/public_html/phys/alberta_learning/new(fall2002)/applets/bankedroad/applethelp mast.html
2003.01.24 08:21 B C:\Astro\public_html\phys\alberta_learning\new(fall2002)\applets\bankedroad\applethelp\navPanel.html --> ftp.kingsu.ab.ca /usr/home/brian/public_html/phys/alberta_learning/new(fall2002)/applets/bankedroad/applethelp navPanel.html
2003.01.24 08:21 B C:\Astro\public_html\phys\alberta_learning\new(fall2002)\applets\bankedroad\applethelp\showme.html --> ftp.kingsu.ab.ca /usr/home/brian/public_html/phys/alberta_learning/new(fall2002)/applets/bankedroad/applethelp showme.html
2019.04.02 01:22 B C:\kings\phys\alberta_learning\new(fall2002)\applets\bankedroad\applethelp\WS_FTP.LOG <-- kings /usr/home/brian/public_html/phys/alberta_learning/new(fall2002)/applets/bankedroad/applethelp WS_FTP.LOG
