2002.10.08 10:14 B C:\alberta_learning\applets\freebodydrawer\projects\FBD_images\FBD1.jpg <-- chris /home/brian/old_home/public_html/alberta_learning/applets/freebodydrawer/projects/FBD_images FBD1.jpg
2002.10.08 10:14 B C:\alberta_learning\applets\freebodydrawer\projects\FBD_images\FBD10.jpg <-- chris /home/brian/old_home/public_html/alberta_learning/applets/freebodydrawer/projects/FBD_images FBD10.jpg
2002.10.08 10:14 B C:\alberta_learning\applets\freebodydrawer\projects\FBD_images\FBD11.jpg <-- chris /home/brian/old_home/public_html/alberta_learning/applets/freebodydrawer/projects/FBD_images FBD11.jpg
2002.10.08 10:14 B C:\alberta_learning\applets\freebodydrawer\projects\FBD_images\FBD18.jpg <-- chris /home/brian/old_home/public_html/alberta_learning/applets/freebodydrawer/projects/FBD_images FBD18.jpg
2002.10.08 10:14 B C:\alberta_learning\applets\freebodydrawer\projects\FBD_images\FBD2.jpg <-- chris /home/brian/old_home/public_html/alberta_learning/applets/freebodydrawer/projects/FBD_images FBD2.jpg
2002.10.08 10:14 B C:\alberta_learning\applets\freebodydrawer\projects\FBD_images\FBD24.jpg <-- chris /home/brian/old_home/public_html/alberta_learning/applets/freebodydrawer/projects/FBD_images FBD24.jpg
2002.10.08 10:14 B C:\alberta_learning\applets\freebodydrawer\projects\FBD_images\FBD25.jpg <-- chris /home/brian/old_home/public_html/alberta_learning/applets/freebodydrawer/projects/FBD_images FBD25.jpg
2002.10.08 10:14 B C:\alberta_learning\applets\freebodydrawer\projects\FBD_images\FBD28.jpg <-- chris /home/brian/old_home/public_html/alberta_learning/applets/freebodydrawer/projects/FBD_images FBD28.jpg
2002.10.08 10:14 B C:\alberta_learning\applets\freebodydrawer\projects\FBD_images\FBD29.jpg <-- chris /home/brian/old_home/public_html/alberta_learning/applets/freebodydrawer/projects/FBD_images FBD29.jpg
2002.10.08 10:14 B C:\alberta_learning\applets\freebodydrawer\projects\FBD_images\FBD3.jpg <-- chris /home/brian/old_home/public_html/alberta_learning/applets/freebodydrawer/projects/FBD_images FBD3.jpg
2002.10.08 10:14 B C:\alberta_learning\applets\freebodydrawer\projects\FBD_images\FBD5.jpg <-- chris /home/brian/old_home/public_html/alberta_learning/applets/freebodydrawer/projects/FBD_images FBD5.jpg
2002.10.08 10:31 B C:\alberta_learning\applets\freebodydrawer\projects\FBD_images\WS_FTP.LOG --> chris.kingsu.ab.ca /home/brian/public_html/alberta_learning/applets/freebodydrawer/projects/FBD_images WS_FTP.LOG
2002.10.08 10:52 B C:\alberta_learning\applets\freebodydrawer\projects\FBD_images\FBD1.jpg --> chris.kingsu.ab.ca /home/brian/public_html/alberta_learning/applets/freebodydrawer/projects/FBD_images FBD1.jpg
2002.10.08 10:52 B C:\alberta_learning\applets\freebodydrawer\projects\FBD_images\FBD10.jpg --> chris.kingsu.ab.ca /home/brian/public_html/alberta_learning/applets/freebodydrawer/projects/FBD_images FBD10.jpg
2002.10.08 10:52 B C:\alberta_learning\applets\freebodydrawer\projects\FBD_images\FBD11.jpg --> chris.kingsu.ab.ca /home/brian/public_html/alberta_learning/applets/freebodydrawer/projects/FBD_images FBD11.jpg
2002.10.08 10:52 B C:\alberta_learning\applets\freebodydrawer\projects\FBD_images\FBD18.jpg --> chris.kingsu.ab.ca /home/brian/public_html/alberta_learning/applets/freebodydrawer/projects/FBD_images FBD18.jpg
2002.10.08 10:52 B C:\alberta_learning\applets\freebodydrawer\projects\FBD_images\FBD2.jpg --> chris.kingsu.ab.ca /home/brian/public_html/alberta_learning/applets/freebodydrawer/projects/FBD_images FBD2.jpg
2002.10.08 10:52 B C:\alberta_learning\applets\freebodydrawer\projects\FBD_images\FBD24.jpg --> chris.kingsu.ab.ca /home/brian/public_html/alberta_learning/applets/freebodydrawer/projects/FBD_images FBD24.jpg
2002.10.08 10:52 B C:\alberta_learning\applets\freebodydrawer\projects\FBD_images\FBD25.jpg --> chris.kingsu.ab.ca /home/brian/public_html/alberta_learning/applets/freebodydrawer/projects/FBD_images FBD25.jpg
2002.10.08 10:52 B C:\alberta_learning\applets\freebodydrawer\projects\FBD_images\FBD28.jpg --> chris.kingsu.ab.ca /home/brian/public_html/alberta_learning/applets/freebodydrawer/projects/FBD_images FBD28.jpg
2002.10.08 10:52 B C:\alberta_learning\applets\freebodydrawer\projects\FBD_images\FBD29.jpg --> chris.kingsu.ab.ca /home/brian/public_html/alberta_learning/applets/freebodydrawer/projects/FBD_images FBD29.jpg
2002.10.08 10:52 B C:\alberta_learning\applets\freebodydrawer\projects\FBD_images\FBD3.jpg --> chris.kingsu.ab.ca /home/brian/public_html/alberta_learning/applets/freebodydrawer/projects/FBD_images FBD3.jpg
2002.10.08 10:52 B C:\alberta_learning\applets\freebodydrawer\projects\FBD_images\FBD5.jpg --> chris.kingsu.ab.ca /home/brian/public_html/alberta_learning/applets/freebodydrawer/projects/FBD_images FBD5.jpg
2002.10.09 16:33 B C:\matthew\applets\freebodydrawer\projects\FBD_images\WS_FTP.LOG <-- chris /home/brian/public_html/alberta_learning/applets/freebodydrawer/projects/FBD_images WS_FTP.LOG
2002.10.13 22:15 B C:\matthew\New_ALB\applets\freebodydrawer\projects\FBD_images\FBD1.jpg --> chris.kingsu.ab.ca /home/brian/public_html/New_ALB/applets/freebodydrawer/projects/FBD_images FBD1.jpg
2002.10.13 22:15 B C:\matthew\New_ALB\applets\freebodydrawer\projects\FBD_images\FBD10.jpg --> chris.kingsu.ab.ca /home/brian/public_html/New_ALB/applets/freebodydrawer/projects/FBD_images FBD10.jpg
2002.10.13 22:15 B C:\matthew\New_ALB\applets\freebodydrawer\projects\FBD_images\FBD11.jpg --> chris.kingsu.ab.ca /home/brian/public_html/New_ALB/applets/freebodydrawer/projects/FBD_images FBD11.jpg
2002.10.13 22:15 B C:\matthew\New_ALB\applets\freebodydrawer\projects\FBD_images\FBD18.jpg --> chris.kingsu.ab.ca /home/brian/public_html/New_ALB/applets/freebodydrawer/projects/FBD_images FBD18.jpg
2002.10.13 22:15 B C:\matthew\New_ALB\applets\freebodydrawer\projects\FBD_images\FBD2.jpg --> chris.kingsu.ab.ca /home/brian/public_html/New_ALB/applets/freebodydrawer/projects/FBD_images FBD2.jpg
2002.10.13 22:15 B C:\matthew\New_ALB\applets\freebodydrawer\projects\FBD_images\FBD24.jpg --> chris.kingsu.ab.ca /home/brian/public_html/New_ALB/applets/freebodydrawer/projects/FBD_images FBD24.jpg
2002.10.13 22:15 B C:\matthew\New_ALB\applets\freebodydrawer\projects\FBD_images\FBD25.jpg --> chris.kingsu.ab.ca /home/brian/public_html/New_ALB/applets/freebodydrawer/projects/FBD_images FBD25.jpg
2002.10.13 22:15 B C:\matthew\New_ALB\applets\freebodydrawer\projects\FBD_images\FBD28.jpg --> chris.kingsu.ab.ca /home/brian/public_html/New_ALB/applets/freebodydrawer/projects/FBD_images FBD28.jpg
2002.10.13 22:15 B C:\matthew\New_ALB\applets\freebodydrawer\projects\FBD_images\FBD29.jpg --> chris.kingsu.ab.ca /home/brian/public_html/New_ALB/applets/freebodydrawer/projects/FBD_images FBD29.jpg
2002.10.13 22:15 B C:\matthew\New_ALB\applets\freebodydrawer\projects\FBD_images\FBD3.jpg --> chris.kingsu.ab.ca /home/brian/public_html/New_ALB/applets/freebodydrawer/projects/FBD_images FBD3.jpg
2002.10.13 22:15 B C:\matthew\New_ALB\applets\freebodydrawer\projects\FBD_images\FBD5.jpg --> chris.kingsu.ab.ca /home/brian/public_html/New_ALB/applets/freebodydrawer/projects/FBD_images FBD5.jpg
2002.10.28 09:22 B C:\alberta_learning\new(fall2002)\applets\freebodydrawer\projects\FBD_images\WS_FTP.LOG <-- chris /home/brian/public_html/New_ALB/applets/freebodydrawer/projects/FBD_images WS_FTP.LOG
2003.01.24 08:23 B C:\Astro\public_html\phys\alberta_learning\new(fall2002)\applets\freebodydrawer\projects\FBD_images\FBD1.jpg --> ftp.kingsu.ab.ca /usr/home/brian/public_html/phys/alberta_learning/new(fall2002)/applets/freebodydrawer/projects/FBD_images FBD1.jpg
2003.01.24 08:23 B C:\Astro\public_html\phys\alberta_learning\new(fall2002)\applets\freebodydrawer\projects\FBD_images\FBD10.jpg --> ftp.kingsu.ab.ca /usr/home/brian/public_html/phys/alberta_learning/new(fall2002)/applets/freebodydrawer/projects/FBD_images FBD10.jpg
2003.01.24 08:23 B C:\Astro\public_html\phys\alberta_learning\new(fall2002)\applets\freebodydrawer\projects\FBD_images\FBD11.jpg --> ftp.kingsu.ab.ca /usr/home/brian/public_html/phys/alberta_learning/new(fall2002)/applets/freebodydrawer/projects/FBD_images FBD11.jpg
2003.01.24 08:23 B C:\Astro\public_html\phys\alberta_learning\new(fall2002)\applets\freebodydrawer\projects\FBD_images\FBD18.jpg --> ftp.kingsu.ab.ca /usr/home/brian/public_html/phys/alberta_learning/new(fall2002)/applets/freebodydrawer/projects/FBD_images FBD18.jpg
2003.01.24 08:23 B C:\Astro\public_html\phys\alberta_learning\new(fall2002)\applets\freebodydrawer\projects\FBD_images\FBD2.jpg --> ftp.kingsu.ab.ca /usr/home/brian/public_html/phys/alberta_learning/new(fall2002)/applets/freebodydrawer/projects/FBD_images FBD2.jpg
2003.01.24 08:23 B C:\Astro\public_html\phys\alberta_learning\new(fall2002)\applets\freebodydrawer\projects\FBD_images\FBD24.jpg --> ftp.kingsu.ab.ca /usr/home/brian/public_html/phys/alberta_learning/new(fall2002)/applets/freebodydrawer/projects/FBD_images FBD24.jpg
2003.01.24 08:23 B C:\Astro\public_html\phys\alberta_learning\new(fall2002)\applets\freebodydrawer\projects\FBD_images\FBD25.jpg --> ftp.kingsu.ab.ca /usr/home/brian/public_html/phys/alberta_learning/new(fall2002)/applets/freebodydrawer/projects/FBD_images FBD25.jpg
2003.01.24 08:23 B C:\Astro\public_html\phys\alberta_learning\new(fall2002)\applets\freebodydrawer\projects\FBD_images\FBD28.jpg --> ftp.kingsu.ab.ca /usr/home/brian/public_html/phys/alberta_learning/new(fall2002)/applets/freebodydrawer/projects/FBD_images FBD28.jpg
2003.01.24 08:23 B C:\Astro\public_html\phys\alberta_learning\new(fall2002)\applets\freebodydrawer\projects\FBD_images\FBD29.jpg --> ftp.kingsu.ab.ca /usr/home/brian/public_html/phys/alberta_learning/new(fall2002)/applets/freebodydrawer/projects/FBD_images FBD29.jpg
2003.01.24 08:23 B C:\Astro\public_html\phys\alberta_learning\new(fall2002)\applets\freebodydrawer\projects\FBD_images\FBD3.jpg --> ftp.kingsu.ab.ca /usr/home/brian/public_html/phys/alberta_learning/new(fall2002)/applets/freebodydrawer/projects/FBD_images FBD3.jpg
2003.01.24 08:23 B C:\Astro\public_html\phys\alberta_learning\new(fall2002)\applets\freebodydrawer\projects\FBD_images\FBD5.jpg --> ftp.kingsu.ab.ca /usr/home/brian/public_html/phys/alberta_learning/new(fall2002)/applets/freebodydrawer/projects/FBD_images FBD5.jpg
2019.04.02 01:23 B C:\kings\phys\alberta_learning\new(fall2002)\applets\freebodydrawer\projects\FBD_images\WS_FTP.LOG <-- kings /usr/home/brian/public_html/phys/alberta_learning/new(fall2002)/applets/freebodydrawer/projects/FBD_images WS_FTP.LOG
